2025-08-13 04:50:26,757 - root - DEBUG - [test.py:36] - :NEW.IN_PREP_IND = 'Y'
2025-08-13 04:50:26,757 - root - DEBUG - [test.py:36] - :NEW.PORTF_PROJ_CD <> 'Y'
2025-08-13 04:50:26,757 - root - DEBUG - [test.py:36] - :NEW.STATUS_DESC <> 'CLOSED' AND V_IS_ADMIN_CNT = 0
2025-08-13 04:50:26,757 - root - DEBUG - [test.py:36] - :NEW.MOLECULE_ID IS NULL
2025-08-13 04:50:26,758 - root - DEBUG - [test.py:36] - :NEW.MOLECULE_ID IS NOT NULL
2025-08-13 04:50:26,758 - root - DEBUG - [test.py:36] - V_MOLECULE_RG_NO IS NULL
2025-08-13 04:50:26,758 - root - DEBUG - [test.py:36] - V_COMPARATOR_IND = 'Y'
2025-08-13 04:50:26,758 - root - DEBUG - [test.py:36] - :NEW.STATUS_DESC IS NOT NULL
2025-08-13 04:50:26,760 - root - DEBUG - [test.py:36] - :NEW.DBA_DESC_CONCAT IS NOT NULL
2025-08-13 04:50:26,760 - root - DEBUG - [test.py:36] - :NEW.OFFICIAL_IND = 'N'
2025-08-13 04:50:26,760 - root - DEBUG - [test.py:36] - :NEW.MANUAL_SHORT_DESC IS NULL AND LENGTH(V_THEME_DESC_PROPOSAL) > 30
2025-08-13 04:50:26,760 - root - DEBUG - [test.py:36] - INSERTING
2025-08-13 04:50:26,760 - root - DEBUG - [test.py:36] - UPDATING
2025-08-13 04:50:26,760 - root - DEBUG - [test.py:36] - DELETING
2025-08-13 04:50:26,760 - root - DEBUG - [test.py:36] - :NEW.IN_PREP_IND = 'N' AND V_IS_ADMIN_CNT = 0
2025-08-13 04:50:26,760 - root - DEBUG - [test.py:36] - :NEW.PORTF_PROJ_CD = 'Y' AND :NEW.MOLECULE_ID IS NULL
2025-08-13 04:50:26,760 - root - DEBUG - [test.py:36] - NVL(:NEW.MANUAL_SHORT_DESC, :NEW.THEME_DESC_PROPOSAL) IS NULL
2025-08-13 04:50:26,760 - root - DEBUG - [test.py:36] - LENGTH(:NEW.THEME_NO)
2025-08-13 04:50:26,760 - root - DEBUG - [test.py:36] - 4
2025-08-13 04:50:26,760 - root - DEBUG - [test.py:36] - 5
2025-08-13 04:50:26,760 - root - DEBUG - [test.py:36] - SUBSTR(:NEW.THEME_NO, 1, 1) NOT BETWEEN 0 AND 9 OR SUBSTR(:NEW.THEME_NO, 2, 1) NOT BETWEEN 0 AND 9 OR SUBSTR(:NEW.THEME_NO, 3, 1) NOT BETWEEN 0 AND 9 OR SUBSTR(:NEW.THEME_NO, 4, 1) NOT BETWEEN 0 AND 9
2025-08-13 04:50:26,760 - root - DEBUG - [test.py:36] - SUBSTR(:NEW.THEME_NO, 1, 1) NOT BETWEEN 0 AND 9 OR SUBSTR(:NEW.THEME_NO, 2, 1) NOT BETWEEN 0 AND 9 OR SUBSTR(:NEW.THEME_NO, 3, 1) NOT BETWEEN 0 AND 9 OR SUBSTR(:NEW.THEME_NO, 4, 1) NOT BETWEEN 0 AND 9 OR SUBSTR(:NEW.THEME_NO, 5, 1) NOT BETWEEN 0 AND 9
2025-08-13 04:50:26,760 - root - DEBUG - [test.py:36] - V_COUNTER > 0
2025-08-13 04:50:26,760 - root - DEBUG - [test.py:36] - :NEW.OFFICIAL_IND = 'N'
2025-08-13 04:50:26,761 - root - DEBUG - [test.py:36] - UPPER(:NEW.PORTF_PROJ_CD) = 'N'
2025-08-13 04:50:26,761 - root - DEBUG - [test.py:36] - :NEW.THEME_DESC IS NULL OR LENGTH(:NEW.THEME_DESC) = 0
2025-08-13 04:50:26,761 - root - DEBUG - [test.py:36] - UPPER(:NEW.PORTF_PROJ_CD) = 'Y'
2025-08-13 04:50:26,761 - root - DEBUG - [test.py:36] - LENGTH(V_DESCRIPTION) > 90
2025-08-13 04:50:26,761 - root - DEBUG - [test.py:36] - V_COUNTER > 0
2025-08-13 04:50:26,761 - root - DEBUG - [test.py:36] - :OLD.MOLECULE_ID IS NULL AND :NEW.MOLECULE_ID IS NOT NULL
2025-08-13 04:50:26,761 - root - DEBUG - [test.py:36] - (:OLD.IN_PREP_IND = 'N' OR (:OLD.IN_PREP_IND = 'Y' AND :NEW.IN_PREP_IND = 'N')) AND V_IS_ADMIN_CNT = 0
2025-08-13 04:50:26,761 - root - DEBUG - [test.py:36] - :NEW.THEME_NO <> :OLD.THEME_NO
2025-08-13 04:50:26,761 - root - DEBUG - [test.py:36] - :NEW.OFFICIAL_IND = 'N'
2025-08-13 04:50:26,761 - root - DEBUG - [test.py:36] - UPPER(:NEW.PORTF_PROJ_CD) = 'Y' AND(V_STATUS_CD <> 'C' OR:NEW.IN_PREP_IND = 'Y')) UPPER(:NEW.PORTF_PROJ_CD
2025-08-13 04:50:26,761 - root - DEBUG - [test.py:36] - :NEW.THEME_DESC IS NULL OR LENGTH(:NEW.THEME_DESC) = 0
2025-08-13 04:50:26,761 - root - DEBUG - [test.py:36] - LENGTH(V_DESCRIPTION) > 90
2025-08-13 04:50:26,761 - root - DEBUG - [test.py:36] - V_COUNTER > 0
2025-08-13 04:50:26,761 - root - DEBUG - [test.py:36] - :NEW.OFFICIAL_IND = 'N'
2025-08-13 04:50:26,761 - root - DEBUG - [test.py:36] - V_COUNTER > 0
2025-08-13 04:50:26,761 - root - DEBUG - [test.py:36] - 
2025-08-13 04:50:26,761 - root - DEBUG - [test.py:36] - :OLD.MOLECULE_ID IS NULL AND :NEW.MOLECULE_ID IS NOT NULL
2025-08-13 04:50:26,761 - root - DEBUG - [test.py:36] - :OLD.MOLECULE_ID IS NOT NULL AND :NEW.MOLECULE_ID IS NOT NULL
2025-08-13 04:50:26,761 - root - DEBUG - [test.py:36] - :OLD.MOLECULE_ID IS NOT NULL AND :NEW.MOLECULE_ID IS NULL
2025-08-13 04:50:26,761 - root - DEBUG - [test.py:36] - V_SEC_MOL_CNT > 0
2025-08-13 04:50:26,761 - root - DEBUG - [test.py:36] - (:OLD.IN_PREP_IND = 'N') AND V_IS_ADMIN_CNT = 0
2025-08-13 04:50:26,762 - root - DEBUG - [test.py:36] - TRUNC(TO_DATE(:OLD.REGISTRAT_DATE, 'DD-MM-YYYY')) = TRUNC(SYSDATE)
2025-08-13 04:50:26,762 - root - DEBUG - [test.py:36] - INSERTING OR UPDATING
2025-08-13 04:50:26,762 - root - DEBUG - [test.py:36] - :NEW.PROPOSAL_ID IS NOT NULL AND :OLD.PROPOSAL_ID IS NULL
2025-08-13 04:50:26,762 - root - DEBUG - [test.py:36] - V_EVOLVED_NMP_CNT = 0
2025-08-13 04:50:26,762 - root - DEBUG - [test.py:36] - :NEW.PROPOSAL_ID IS NULL AND :OLD.PROPOSAL_ID IS NOT NULL
2025-08-13 04:50:26,762 - root - DEBUG - [test.py:36] - :NEW.PROPOSAL_ID IS NOT NULL AND :OLD.PROPOSAL_ID IS NOT NULL AND :NEW.PROPOSAL_ID <> :OLD.PROPOSAL_ID
2025-08-13 04:50:26,762 - root - DEBUG - [test.py:36] - NVL(:NEW.PROPOSAL_ID, 0) = NVL(:OLD.PROPOSAL_ID, 0) AND NVL(:OLD.SHORT_NAME, '-') <> NVL(V_SHORT_NAME, '-')
2025-08-13 04:50:26,762 - root - DEBUG - [test.py:36] - V_EVOLVED_NMP_CNT > 0
2025-08-13 04:50:26,762 - root - DEBUG - [test.py:36] - INSERTING AND :NEW.THEME_NO IS NOT NULL AND GMD_UTIL_THEMES.GET_THEMES_RANGE_AUTOMATIC_NMP(:NEW.THEME_NO) = 'Y'
2025-08-13 04:50:26,762 - root - DEBUG - [test.py:36] - :NEW.PROPOSAL_ID IS NOT NULL
2025-08-13 04:50:26,762 - root - DEBUG - [test.py:36] - :NEW.PROPOSAL_ID IS NULL OR (:NEW.PROPOSAL_ID IS NOT NULL AND V_EVOLVED_NMP_CNT = 0)
2025-08-13 04:50:26,762 - root - DEBUG - [test.py:36] - :NEW.MOLECULE_ID IS NOT NULL
2025-08-13 04:50:26,762 - root - DEBUG - [test.py:143] - IF-ELSEIF-ELSE parsing complete
2025-08-13 04:50:26,762 - root - DEBUG - [test.py:36] - :NEW.IN_PREP_IND = 'Y'
2025-08-13 04:50:26,762 - root - DEBUG - [test.py:36] - :NEW.PORTF_PROJ_CD <> 'Y'
2025-08-13 04:50:26,762 - root - DEBUG - [test.py:36] - :NEW.STATUS_DESC <> 'CLOSED' AND V_IS_ADMIN_CNT = 0
2025-08-13 04:50:26,762 - root - DEBUG - [test.py:36] - :NEW.MOLECULE_ID IS NULL
2025-08-13 04:50:26,762 - root - DEBUG - [test.py:36] - :NEW.MOLECULE_ID IS NOT NULL
2025-08-13 04:50:26,762 - root - DEBUG - [test.py:36] - V_MOLECULE_RG_NO IS NULL
2025-08-13 04:50:26,762 - root - DEBUG - [test.py:36] - V_COMPARATOR_IND = 'Y'
2025-08-13 04:50:26,762 - root - DEBUG - [test.py:36] - :NEW.STATUS_DESC IS NOT NULL
2025-08-13 04:50:26,762 - root - DEBUG - [test.py:36] - :NEW.DBA_DESC_CONCAT IS NOT NULL
2025-08-13 04:50:26,762 - root - DEBUG - [test.py:36] - :NEW.OFFICIAL_IND = 'N'
2025-08-13 04:50:26,763 - root - DEBUG - [test.py:36] - :NEW.MANUAL_SHORT_DESC IS NULL AND LENGTH(V_THEME_DESC_PROPOSAL) > 30
2025-08-13 04:50:26,763 - root - DEBUG - [test.py:36] - INSERTING
2025-08-13 04:50:26,763 - root - DEBUG - [test.py:36] - UPDATING
2025-08-13 04:50:26,763 - root - DEBUG - [test.py:36] - DELETING
2025-08-13 04:50:26,763 - root - DEBUG - [test.py:36] - :NEW.IN_PREP_IND = 'N' AND V_IS_ADMIN_CNT = 0
2025-08-13 04:50:26,763 - root - DEBUG - [test.py:36] - :NEW.PORTF_PROJ_CD = 'Y' AND :NEW.MOLECULE_ID IS NULL
2025-08-13 04:50:26,763 - root - DEBUG - [test.py:36] - NVL(:NEW.MANUAL_SHORT_DESC, :NEW.THEME_DESC_PROPOSAL) IS NULL
2025-08-13 04:50:26,763 - root - DEBUG - [test.py:36] - LENGTH(:NEW.THEME_NO)
2025-08-13 04:50:26,763 - root - DEBUG - [test.py:36] - 4
2025-08-13 04:50:26,763 - root - DEBUG - [test.py:36] - 5
2025-08-13 04:50:26,763 - root - DEBUG - [test.py:36] - SUBSTR(:NEW.THEME_NO, 1, 1) NOT BETWEEN 0 AND 9 OR SUBSTR(:NEW.THEME_NO, 2, 1) NOT BETWEEN 0 AND 9 OR SUBSTR(:NEW.THEME_NO, 3, 1) NOT BETWEEN 0 AND 9 OR SUBSTR(:NEW.THEME_NO, 4, 1) NOT BETWEEN 0 AND 9
2025-08-13 04:50:26,763 - root - DEBUG - [test.py:36] - SUBSTR(:NEW.THEME_NO, 1, 1) NOT BETWEEN 0 AND 9 OR SUBSTR(:NEW.THEME_NO, 2, 1) NOT BETWEEN 0 AND 9 OR SUBSTR(:NEW.THEME_NO, 3, 1) NOT BETWEEN 0 AND 9 OR SUBSTR(:NEW.THEME_NO, 4, 1) NOT BETWEEN 0 AND 9 OR SUBSTR(:NEW.THEME_NO, 5, 1) NOT BETWEEN 0 AND 9
2025-08-13 04:50:26,763 - root - DEBUG - [test.py:36] - V_COUNTER > 0
2025-08-13 04:50:26,763 - root - DEBUG - [test.py:36] - :NEW.OFFICIAL_IND = 'N'
2025-08-13 04:50:26,763 - root - DEBUG - [test.py:36] - UPPER(:NEW.PORTF_PROJ_CD) = 'N'
2025-08-13 04:50:26,763 - root - DEBUG - [test.py:36] - :NEW.THEME_DESC IS NULL OR LENGTH(:NEW.THEME_DESC) = 0
2025-08-13 04:50:26,763 - root - DEBUG - [test.py:36] - UPPER(:NEW.PORTF_PROJ_CD) = 'Y'
2025-08-13 04:50:26,763 - root - DEBUG - [test.py:36] - LENGTH(V_DESCRIPTION) > 90
2025-08-13 04:50:26,763 - root - DEBUG - [test.py:36] - V_COUNTER > 0
2025-08-13 04:50:26,763 - root - DEBUG - [test.py:36] - :OLD.MOLECULE_ID IS NULL AND :NEW.MOLECULE_ID IS NOT NULL
2025-08-13 04:50:26,763 - root - DEBUG - [test.py:36] - (:OLD.IN_PREP_IND = 'N' OR (:OLD.IN_PREP_IND = 'Y' AND :NEW.IN_PREP_IND = 'N')) AND V_IS_ADMIN_CNT = 0
2025-08-13 04:50:26,763 - root - DEBUG - [test.py:36] - :NEW.THEME_NO <> :OLD.THEME_NO
2025-08-13 04:50:26,764 - root - DEBUG - [test.py:36] - :NEW.OFFICIAL_IND = 'N'
2025-08-13 04:50:26,764 - root - DEBUG - [test.py:36] - UPPER(:NEW.PORTF_PROJ_CD) = 'Y' AND(V_STATUS_CD <> 'C' OR:NEW.IN_PREP_IND = 'Y')) UPPER(:NEW.PORTF_PROJ_CD
2025-08-13 04:50:26,764 - root - DEBUG - [test.py:36] - :NEW.THEME_DESC IS NULL OR LENGTH(:NEW.THEME_DESC) = 0
2025-08-13 04:50:26,764 - root - DEBUG - [test.py:36] - LENGTH(V_DESCRIPTION) > 90
2025-08-13 04:50:26,764 - root - DEBUG - [test.py:36] - V_COUNTER > 0
2025-08-13 04:50:26,764 - root - DEBUG - [test.py:36] - :NEW.OFFICIAL_IND = 'N'
2025-08-13 04:50:26,764 - root - DEBUG - [test.py:36] - V_COUNTER > 0
2025-08-13 04:50:26,764 - root - DEBUG - [test.py:36] - 
2025-08-13 04:50:26,764 - root - DEBUG - [test.py:36] - :OLD.MOLECULE_ID IS NULL AND :NEW.MOLECULE_ID IS NOT NULL
2025-08-13 04:50:26,764 - root - DEBUG - [test.py:36] - :OLD.MOLECULE_ID IS NOT NULL AND :NEW.MOLECULE_ID IS NOT NULL
2025-08-13 04:50:26,764 - root - DEBUG - [test.py:36] - :OLD.MOLECULE_ID IS NOT NULL AND :NEW.MOLECULE_ID IS NULL
2025-08-13 04:50:26,764 - root - DEBUG - [test.py:36] - V_SEC_MOL_CNT > 0
2025-08-13 04:50:26,764 - root - DEBUG - [test.py:36] - (:OLD.IN_PREP_IND = 'N') AND V_IS_ADMIN_CNT = 0
2025-08-13 04:50:26,764 - root - DEBUG - [test.py:36] - TRUNC(TO_DATE(:OLD.REGISTRAT_DATE, 'DD-MM-YYYY')) = TRUNC(SYSDATE)
2025-08-13 04:50:26,764 - root - DEBUG - [test.py:36] - INSERTING OR UPDATING
2025-08-13 04:50:26,764 - root - DEBUG - [test.py:36] - :NEW.PROPOSAL_ID IS NOT NULL AND :OLD.PROPOSAL_ID IS NULL
2025-08-13 04:50:26,764 - root - DEBUG - [test.py:36] - V_EVOLVED_NMP_CNT = 0
2025-08-13 04:50:26,764 - root - DEBUG - [test.py:36] - :NEW.PROPOSAL_ID IS NULL AND :OLD.PROPOSAL_ID IS NOT NULL
2025-08-13 04:50:26,764 - root - DEBUG - [test.py:36] - :NEW.PROPOSAL_ID IS NOT NULL AND :OLD.PROPOSAL_ID IS NOT NULL AND :NEW.PROPOSAL_ID <> :OLD.PROPOSAL_ID
2025-08-13 04:50:26,764 - root - DEBUG - [test.py:36] - NVL(:NEW.PROPOSAL_ID, 0) = NVL(:OLD.PROPOSAL_ID, 0) AND NVL(:OLD.SHORT_NAME, '-') <> NVL(V_SHORT_NAME, '-')
2025-08-13 04:50:26,764 - root - DEBUG - [test.py:36] - V_EVOLVED_NMP_CNT > 0
2025-08-13 04:50:26,764 - root - DEBUG - [test.py:36] - INSERTING AND :NEW.THEME_NO IS NOT NULL AND GMD_UTIL_THEMES.GET_THEMES_RANGE_AUTOMATIC_NMP(:NEW.THEME_NO) = 'Y'
2025-08-13 04:50:26,764 - root - DEBUG - [test.py:36] - :NEW.PROPOSAL_ID IS NOT NULL
2025-08-13 04:50:26,764 - root - DEBUG - [test.py:36] - :NEW.PROPOSAL_ID IS NULL OR (:NEW.PROPOSAL_ID IS NOT NULL AND V_EVOLVED_NMP_CNT = 0)
2025-08-13 04:50:26,765 - root - DEBUG - [test.py:36] - :NEW.MOLECULE_ID IS NOT NULL
2025-08-13 04:50:26,765 - root - DEBUG - [test.py:143] - IF-ELSEIF-ELSE parsing complete
2025-08-13 04:50:26,765 - root - DEBUG - [test.py:36] - :NEW.IN_PREP_IND = 'Y'
2025-08-13 04:50:26,765 - root - DEBUG - [test.py:36] - :NEW.PORTF_PROJ_CD <> 'Y'
2025-08-13 04:50:26,765 - root - DEBUG - [test.py:36] - :NEW.STATUS_DESC <> 'CLOSED' AND V_IS_ADMIN_CNT = 0
2025-08-13 04:50:26,765 - root - DEBUG - [test.py:36] - :NEW.MOLECULE_ID IS NULL
2025-08-13 04:50:26,765 - root - DEBUG - [test.py:36] - :NEW.MOLECULE_ID IS NOT NULL
2025-08-13 04:50:26,765 - root - DEBUG - [test.py:36] - V_MOLECULE_RG_NO IS NULL
2025-08-13 04:50:26,765 - root - DEBUG - [test.py:36] - V_COMPARATOR_IND = 'Y'
2025-08-13 04:50:26,765 - root - DEBUG - [test.py:36] - :NEW.STATUS_DESC IS NOT NULL
2025-08-13 04:50:26,765 - root - DEBUG - [test.py:36] - :NEW.DBA_DESC_CONCAT IS NOT NULL
2025-08-13 04:50:26,765 - root - DEBUG - [test.py:36] - :NEW.OFFICIAL_IND = 'N'
2025-08-13 04:50:26,765 - root - DEBUG - [test.py:36] - :NEW.MANUAL_SHORT_DESC IS NULL AND LENGTH(V_THEME_DESC_PROPOSAL) > 30
2025-08-13 04:50:26,765 - root - DEBUG - [test.py:36] - INSERTING
2025-08-13 04:50:26,765 - root - DEBUG - [test.py:36] - UPDATING
2025-08-13 04:50:26,765 - root - DEBUG - [test.py:36] - DELETING
2025-08-13 04:50:26,765 - root - DEBUG - [test.py:36] - :NEW.IN_PREP_IND = 'N' AND V_IS_ADMIN_CNT = 0
2025-08-13 04:50:26,765 - root - DEBUG - [test.py:36] - :NEW.PORTF_PROJ_CD = 'Y' AND :NEW.MOLECULE_ID IS NULL
2025-08-13 04:50:26,765 - root - DEBUG - [test.py:36] - NVL(:NEW.MANUAL_SHORT_DESC, :NEW.THEME_DESC_PROPOSAL) IS NULL
2025-08-13 04:50:26,765 - root - DEBUG - [test.py:36] - LENGTH(:NEW.THEME_NO)
2025-08-13 04:50:26,765 - root - DEBUG - [test.py:36] - 4
2025-08-13 04:50:26,765 - root - DEBUG - [test.py:36] - 5
2025-08-13 04:50:26,765 - root - DEBUG - [test.py:36] - SUBSTR(:NEW.THEME_NO, 1, 1) NOT BETWEEN 0 AND 9 OR SUBSTR(:NEW.THEME_NO, 2, 1) NOT BETWEEN 0 AND 9 OR SUBSTR(:NEW.THEME_NO, 3, 1) NOT BETWEEN 0 AND 9 OR SUBSTR(:NEW.THEME_NO, 4, 1) NOT BETWEEN 0 AND 9
2025-08-13 04:50:26,766 - root - DEBUG - [test.py:36] - SUBSTR(:NEW.THEME_NO, 1, 1) NOT BETWEEN 0 AND 9 OR SUBSTR(:NEW.THEME_NO, 2, 1) NOT BETWEEN 0 AND 9 OR SUBSTR(:NEW.THEME_NO, 3, 1) NOT BETWEEN 0 AND 9 OR SUBSTR(:NEW.THEME_NO, 4, 1) NOT BETWEEN 0 AND 9 OR SUBSTR(:NEW.THEME_NO, 5, 1) NOT BETWEEN 0 AND 9
2025-08-13 04:50:26,766 - root - DEBUG - [test.py:36] - V_COUNTER > 0
2025-08-13 04:50:26,766 - root - DEBUG - [test.py:36] - :NEW.OFFICIAL_IND = 'N'
2025-08-13 04:50:26,766 - root - DEBUG - [test.py:36] - UPPER(:NEW.PORTF_PROJ_CD) = 'N'
2025-08-13 04:50:26,766 - root - DEBUG - [test.py:36] - :NEW.THEME_DESC IS NULL OR LENGTH(:NEW.THEME_DESC) = 0
2025-08-13 04:50:26,766 - root - DEBUG - [test.py:36] - UPPER(:NEW.PORTF_PROJ_CD) = 'Y'
2025-08-13 04:50:26,766 - root - DEBUG - [test.py:36] - LENGTH(V_DESCRIPTION) > 90
2025-08-13 04:50:26,766 - root - DEBUG - [test.py:36] - V_COUNTER > 0
2025-08-13 04:50:26,766 - root - DEBUG - [test.py:36] - :OLD.MOLECULE_ID IS NULL AND :NEW.MOLECULE_ID IS NOT NULL
2025-08-13 04:50:26,766 - root - DEBUG - [test.py:36] - (:OLD.IN_PREP_IND = 'N' OR (:OLD.IN_PREP_IND = 'Y' AND :NEW.IN_PREP_IND = 'N')) AND V_IS_ADMIN_CNT = 0
2025-08-13 04:50:26,766 - root - DEBUG - [test.py:36] - :NEW.THEME_NO <> :OLD.THEME_NO
2025-08-13 04:50:26,766 - root - DEBUG - [test.py:36] - :NEW.OFFICIAL_IND = 'N'
2025-08-13 04:50:26,766 - root - DEBUG - [test.py:36] - UPPER(:NEW.PORTF_PROJ_CD) = 'Y' AND(V_STATUS_CD <> 'C' OR:NEW.IN_PREP_IND = 'Y')) UPPER(:NEW.PORTF_PROJ_CD
2025-08-13 04:50:26,766 - root - DEBUG - [test.py:36] - :NEW.THEME_DESC IS NULL OR LENGTH(:NEW.THEME_DESC) = 0
2025-08-13 04:50:26,766 - root - DEBUG - [test.py:36] - LENGTH(V_DESCRIPTION) > 90
2025-08-13 04:50:26,766 - root - DEBUG - [test.py:36] - V_COUNTER > 0
2025-08-13 04:50:26,766 - root - DEBUG - [test.py:36] - :NEW.OFFICIAL_IND = 'N'
2025-08-13 04:50:26,766 - root - DEBUG - [test.py:36] - V_COUNTER > 0
2025-08-13 04:50:26,767 - root - DEBUG - [test.py:36] - 
2025-08-13 04:50:26,767 - root - DEBUG - [test.py:36] - :OLD.MOLECULE_ID IS NULL AND :NEW.MOLECULE_ID IS NOT NULL
2025-08-13 04:50:26,767 - root - DEBUG - [test.py:36] - :OLD.MOLECULE_ID IS NOT NULL AND :NEW.MOLECULE_ID IS NOT NULL
2025-08-13 04:50:26,767 - root - DEBUG - [test.py:36] - :OLD.MOLECULE_ID IS NOT NULL AND :NEW.MOLECULE_ID IS NULL
2025-08-13 04:50:26,767 - root - DEBUG - [test.py:36] - V_SEC_MOL_CNT > 0
2025-08-13 04:50:26,767 - root - DEBUG - [test.py:36] - (:OLD.IN_PREP_IND = 'N') AND V_IS_ADMIN_CNT = 0
2025-08-13 04:50:26,767 - root - DEBUG - [test.py:36] - TRUNC(TO_DATE(:OLD.REGISTRAT_DATE, 'DD-MM-YYYY')) = TRUNC(SYSDATE)
2025-08-13 04:50:26,767 - root - DEBUG - [test.py:36] - INSERTING OR UPDATING
2025-08-13 04:50:26,767 - root - DEBUG - [test.py:36] - :NEW.PROPOSAL_ID IS NOT NULL AND :OLD.PROPOSAL_ID IS NULL
2025-08-13 04:50:26,767 - root - DEBUG - [test.py:36] - V_EVOLVED_NMP_CNT = 0
2025-08-13 04:50:26,767 - root - DEBUG - [test.py:36] - :NEW.PROPOSAL_ID IS NULL AND :OLD.PROPOSAL_ID IS NOT NULL
2025-08-13 04:50:26,767 - root - DEBUG - [test.py:36] - :NEW.PROPOSAL_ID IS NOT NULL AND :OLD.PROPOSAL_ID IS NOT NULL AND :NEW.PROPOSAL_ID <> :OLD.PROPOSAL_ID
2025-08-13 04:50:26,768 - root - DEBUG - [test.py:36] - NVL(:NEW.PROPOSAL_ID, 0) = NVL(:OLD.PROPOSAL_ID, 0) AND NVL(:OLD.SHORT_NAME, '-') <> NVL(V_SHORT_NAME, '-')
2025-08-13 04:50:26,768 - root - DEBUG - [test.py:36] - V_EVOLVED_NMP_CNT > 0
2025-08-13 04:50:26,768 - root - DEBUG - [test.py:36] - INSERTING AND :NEW.THEME_NO IS NOT NULL AND GMD_UTIL_THEMES.GET_THEMES_RANGE_AUTOMATIC_NMP(:NEW.THEME_NO) = 'Y'
2025-08-13 04:50:26,768 - root - DEBUG - [test.py:36] - :NEW.PROPOSAL_ID IS NOT NULL
2025-08-13 04:50:26,768 - root - DEBUG - [test.py:36] - :NEW.PROPOSAL_ID IS NULL OR (:NEW.PROPOSAL_ID IS NOT NULL AND V_EVOLVED_NMP_CNT = 0)
2025-08-13 04:50:26,768 - root - DEBUG - [test.py:36] - :NEW.MOLECULE_ID IS NOT NULL
2025-08-13 04:50:26,768 - root - DEBUG - [test.py:143] - IF-ELSEIF-ELSE parsing complete
2025-08-13 04:50:26,771 - root - DEBUG - [test.py:36] - :NEW.IN_PREP_IND = 'Y'
2025-08-13 04:50:26,771 - root - DEBUG - [test.py:36] - :NEW.PORTF_PROJ_CD <> 'Y'
2025-08-13 04:50:26,771 - root - DEBUG - [test.py:36] - :NEW.STATUS_DESC <> 'CLOSED' AND V_IS_ADMIN_CNT = 0
2025-08-13 04:50:26,771 - root - DEBUG - [test.py:36] - :NEW.MOLECULE_ID IS NULL
2025-08-13 04:50:26,771 - root - DEBUG - [test.py:36] - :NEW.MOLECULE_ID IS NOT NULL
2025-08-13 04:50:26,771 - root - DEBUG - [test.py:36] - V_MOLECULE_RG_NO IS NULL
2025-08-13 04:50:26,772 - root - DEBUG - [test.py:36] - V_COMPARATOR_IND = 'Y'
2025-08-13 04:50:26,772 - root - DEBUG - [test.py:36] - :NEW.STATUS_DESC IS NOT NULL
2025-08-13 04:50:26,772 - root - DEBUG - [test.py:36] - :NEW.DBA_DESC_CONCAT IS NOT NULL
2025-08-13 04:50:26,772 - root - DEBUG - [test.py:36] - :NEW.OFFICIAL_IND = 'N'
2025-08-13 04:50:26,772 - root - DEBUG - [test.py:36] - :NEW.MANUAL_SHORT_DESC IS NULL AND LENGTH(V_THEME_DESC_PROPOSAL) > 30
2025-08-13 04:50:26,772 - root - DEBUG - [test.py:36] - INSERTING
2025-08-13 04:50:26,772 - root - DEBUG - [test.py:36] - UPDATING
2025-08-13 04:50:26,772 - root - DEBUG - [test.py:36] - DELETING
2025-08-13 04:50:26,772 - root - DEBUG - [test.py:36] - :NEW.IN_PREP_IND = 'N' AND V_IS_ADMIN_CNT = 0
2025-08-13 04:50:26,772 - root - DEBUG - [test.py:36] - :NEW.PORTF_PROJ_CD = 'Y' AND :NEW.MOLECULE_ID IS NULL
2025-08-13 04:50:26,772 - root - DEBUG - [test.py:36] - NVL(:NEW.MANUAL_SHORT_DESC, :NEW.THEME_DESC_PROPOSAL) IS NULL
2025-08-13 04:50:26,772 - root - DEBUG - [test.py:36] - LENGTH(:NEW.THEME_NO)
2025-08-13 04:50:26,772 - root - DEBUG - [test.py:36] - 4
2025-08-13 04:50:26,772 - root - DEBUG - [test.py:36] - 5
2025-08-13 04:50:26,772 - root - DEBUG - [test.py:36] - SUBSTR(:NEW.THEME_NO, 1, 1) NOT BETWEEN 0 AND 9 OR SUBSTR(:NEW.THEME_NO, 2, 1) NOT BETWEEN 0 AND 9 OR SUBSTR(:NEW.THEME_NO, 3, 1) NOT BETWEEN 0 AND 9 OR SUBSTR(:NEW.THEME_NO, 4, 1) NOT BETWEEN 0 AND 9
2025-08-13 04:50:26,773 - root - DEBUG - [test.py:36] - SUBSTR(:NEW.THEME_NO, 1, 1) NOT BETWEEN 0 AND 9 OR SUBSTR(:NEW.THEME_NO, 2, 1) NOT BETWEEN 0 AND 9 OR SUBSTR(:NEW.THEME_NO, 3, 1) NOT BETWEEN 0 AND 9 OR SUBSTR(:NEW.THEME_NO, 4, 1) NOT BETWEEN 0 AND 9 OR SUBSTR(:NEW.THEME_NO, 5, 1) NOT BETWEEN 0 AND 9
2025-08-13 04:50:26,773 - root - DEBUG - [test.py:36] - V_COUNTER > 0
2025-08-13 04:50:26,773 - root - DEBUG - [test.py:36] - :NEW.OFFICIAL_IND = 'N'
2025-08-13 04:50:26,773 - root - DEBUG - [test.py:36] - UPPER(:NEW.PORTF_PROJ_CD) = 'N'
2025-08-13 04:50:26,773 - root - DEBUG - [test.py:36] - :NEW.THEME_DESC IS NULL OR LENGTH(:NEW.THEME_DESC) = 0
2025-08-13 04:50:26,773 - root - DEBUG - [test.py:36] - UPPER(:NEW.PORTF_PROJ_CD) = 'Y'
2025-08-13 04:50:26,773 - root - DEBUG - [test.py:36] - LENGTH(V_DESCRIPTION) > 90
2025-08-13 04:50:26,773 - root - DEBUG - [test.py:36] - V_COUNTER > 0
2025-08-13 04:50:26,773 - root - DEBUG - [test.py:36] - :OLD.MOLECULE_ID IS NULL AND :NEW.MOLECULE_ID IS NOT NULL
2025-08-13 04:50:26,773 - root - DEBUG - [test.py:36] - (:OLD.IN_PREP_IND = 'N' OR (:OLD.IN_PREP_IND = 'Y' AND :NEW.IN_PREP_IND = 'N')) AND V_IS_ADMIN_CNT = 0
2025-08-13 04:50:26,773 - root - DEBUG - [test.py:36] - :NEW.THEME_NO <> :OLD.THEME_NO
2025-08-13 04:50:26,773 - root - DEBUG - [test.py:36] - :NEW.OFFICIAL_IND = 'N'
2025-08-13 04:50:26,773 - root - DEBUG - [test.py:36] - UPPER(:NEW.PORTF_PROJ_CD) = 'Y' AND(V_STATUS_CD <> 'C' OR:NEW.IN_PREP_IND = 'Y')) UPPER(:NEW.PORTF_PROJ_CD
2025-08-13 04:50:26,773 - root - DEBUG - [test.py:36] - :NEW.THEME_DESC IS NULL OR LENGTH(:NEW.THEME_DESC) = 0
2025-08-13 04:50:26,773 - root - DEBUG - [test.py:36] - LENGTH(V_DESCRIPTION) > 90
2025-08-13 04:50:26,774 - root - DEBUG - [test.py:36] - V_COUNTER > 0
2025-08-13 04:50:26,774 - root - DEBUG - [test.py:36] - :NEW.OFFICIAL_IND = 'N'
2025-08-13 04:50:26,774 - root - DEBUG - [test.py:36] - V_COUNTER > 0
2025-08-13 04:50:26,774 - root - DEBUG - [test.py:36] - 
2025-08-13 04:50:26,774 - root - DEBUG - [test.py:36] - :OLD.MOLECULE_ID IS NULL AND :NEW.MOLECULE_ID IS NOT NULL
2025-08-13 04:50:26,774 - root - DEBUG - [test.py:36] - :OLD.MOLECULE_ID IS NOT NULL AND :NEW.MOLECULE_ID IS NOT NULL
2025-08-13 04:50:26,774 - root - DEBUG - [test.py:36] - :OLD.MOLECULE_ID IS NOT NULL AND :NEW.MOLECULE_ID IS NULL
2025-08-13 04:50:26,774 - root - DEBUG - [test.py:36] - V_SEC_MOL_CNT > 0
2025-08-13 04:50:26,774 - root - DEBUG - [test.py:36] - (:OLD.IN_PREP_IND = 'N') AND V_IS_ADMIN_CNT = 0
2025-08-13 04:50:26,774 - root - DEBUG - [test.py:36] - TRUNC(TO_DATE(:OLD.REGISTRAT_DATE, 'DD-MM-YYYY')) = TRUNC(SYSDATE)
2025-08-13 04:50:26,774 - root - DEBUG - [test.py:36] - INSERTING OR UPDATING
2025-08-13 04:50:26,774 - root - DEBUG - [test.py:36] - :NEW.PROPOSAL_ID IS NOT NULL AND :OLD.PROPOSAL_ID IS NULL
2025-08-13 04:50:26,774 - root - DEBUG - [test.py:36] - V_EVOLVED_NMP_CNT = 0
2025-08-13 04:50:26,774 - root - DEBUG - [test.py:36] - :NEW.PROPOSAL_ID IS NULL AND :OLD.PROPOSAL_ID IS NOT NULL
2025-08-13 04:50:26,774 - root - DEBUG - [test.py:36] - :NEW.PROPOSAL_ID IS NOT NULL AND :OLD.PROPOSAL_ID IS NOT NULL AND :NEW.PROPOSAL_ID <> :OLD.PROPOSAL_ID
2025-08-13 04:50:26,774 - root - DEBUG - [test.py:36] - NVL(:NEW.PROPOSAL_ID, 0) = NVL(:OLD.PROPOSAL_ID, 0) AND NVL(:OLD.SHORT_NAME, '-') <> NVL(V_SHORT_NAME, '-')
2025-08-13 04:50:26,775 - root - DEBUG - [test.py:36] - V_EVOLVED_NMP_CNT > 0
2025-08-13 04:50:26,775 - root - DEBUG - [test.py:36] - INSERTING AND :NEW.THEME_NO IS NOT NULL AND GMD_UTIL_THEMES.GET_THEMES_RANGE_AUTOMATIC_NMP(:NEW.THEME_NO) = 'Y'
2025-08-13 04:50:26,775 - root - DEBUG - [test.py:36] - :NEW.PROPOSAL_ID IS NOT NULL
2025-08-13 04:50:26,775 - root - DEBUG - [test.py:36] - :NEW.PROPOSAL_ID IS NULL OR (:NEW.PROPOSAL_ID IS NOT NULL AND V_EVOLVED_NMP_CNT = 0)
2025-08-13 04:50:26,775 - root - DEBUG - [test.py:36] - :NEW.MOLECULE_ID IS NOT NULL
2025-08-13 04:50:26,775 - root - DEBUG - [test.py:143] - IF-ELSEIF-ELSE parsing complete
2025-08-13 04:50:26,775 - root - DEBUG - [test.py:36] - :NEW.IN_PREP_IND = 'Y'
2025-08-13 04:50:26,775 - root - DEBUG - [test.py:36] - :NEW.PORTF_PROJ_CD <> 'Y'
2025-08-13 04:50:26,775 - root - DEBUG - [test.py:36] - :NEW.STATUS_DESC <> 'CLOSED' AND V_IS_ADMIN_CNT = 0
2025-08-13 04:50:26,775 - root - DEBUG - [test.py:36] - :NEW.MOLECULE_ID IS NULL
2025-08-13 04:50:26,775 - root - DEBUG - [test.py:36] - :NEW.MOLECULE_ID IS NOT NULL
2025-08-13 04:50:26,775 - root - DEBUG - [test.py:36] - V_MOLECULE_RG_NO IS NULL
2025-08-13 04:50:26,775 - root - DEBUG - [test.py:36] - V_COMPARATOR_IND = 'Y'
2025-08-13 04:50:26,775 - root - DEBUG - [test.py:36] - :NEW.STATUS_DESC IS NOT NULL
2025-08-13 04:50:26,776 - root - DEBUG - [test.py:36] - :NEW.DBA_DESC_CONCAT IS NOT NULL
2025-08-13 04:50:26,776 - root - DEBUG - [test.py:36] - :NEW.OFFICIAL_IND = 'N'
2025-08-13 04:50:26,776 - root - DEBUG - [test.py:36] - :NEW.MANUAL_SHORT_DESC IS NULL AND LENGTH(V_THEME_DESC_PROPOSAL) > 30
2025-08-13 04:50:26,776 - root - DEBUG - [test.py:36] - INSERTING
2025-08-13 04:50:26,776 - root - DEBUG - [test.py:36] - UPDATING
2025-08-13 04:50:26,776 - root - DEBUG - [test.py:36] - DELETING
2025-08-13 04:50:26,776 - root - DEBUG - [test.py:36] - :NEW.IN_PREP_IND = 'N' AND V_IS_ADMIN_CNT = 0
2025-08-13 04:50:26,776 - root - DEBUG - [test.py:36] - :NEW.PORTF_PROJ_CD = 'Y' AND :NEW.MOLECULE_ID IS NULL
2025-08-13 04:50:26,776 - root - DEBUG - [test.py:36] - NVL(:NEW.MANUAL_SHORT_DESC, :NEW.THEME_DESC_PROPOSAL) IS NULL
2025-08-13 04:50:26,776 - root - DEBUG - [test.py:36] - LENGTH(:NEW.THEME_NO)
2025-08-13 04:50:26,776 - root - DEBUG - [test.py:36] - 4
2025-08-13 04:50:26,776 - root - DEBUG - [test.py:36] - 5
2025-08-13 04:50:26,777 - root - DEBUG - [test.py:36] - SUBSTR(:NEW.THEME_NO, 1, 1) NOT BETWEEN 0 AND 9 OR SUBSTR(:NEW.THEME_NO, 2, 1) NOT BETWEEN 0 AND 9 OR SUBSTR(:NEW.THEME_NO, 3, 1) NOT BETWEEN 0 AND 9 OR SUBSTR(:NEW.THEME_NO, 4, 1) NOT BETWEEN 0 AND 9
2025-08-13 04:50:26,777 - root - DEBUG - [test.py:36] - SUBSTR(:NEW.THEME_NO, 1, 1) NOT BETWEEN 0 AND 9 OR SUBSTR(:NEW.THEME_NO, 2, 1) NOT BETWEEN 0 AND 9 OR SUBSTR(:NEW.THEME_NO, 3, 1) NOT BETWEEN 0 AND 9 OR SUBSTR(:NEW.THEME_NO, 4, 1) NOT BETWEEN 0 AND 9 OR SUBSTR(:NEW.THEME_NO, 5, 1) NOT BETWEEN 0 AND 9
2025-08-13 04:50:26,777 - root - DEBUG - [test.py:36] - V_COUNTER > 0
2025-08-13 04:50:26,777 - root - DEBUG - [test.py:36] - :NEW.OFFICIAL_IND = 'N'
2025-08-13 04:50:26,777 - root - DEBUG - [test.py:36] - UPPER(:NEW.PORTF_PROJ_CD) = 'N'
2025-08-13 04:50:26,777 - root - DEBUG - [test.py:36] - :NEW.THEME_DESC IS NULL OR LENGTH(:NEW.THEME_DESC) = 0
2025-08-13 04:50:26,777 - root - DEBUG - [test.py:36] - UPPER(:NEW.PORTF_PROJ_CD) = 'Y'
2025-08-13 04:50:26,777 - root - DEBUG - [test.py:36] - LENGTH(V_DESCRIPTION) > 90
2025-08-13 04:50:26,777 - root - DEBUG - [test.py:36] - V_COUNTER > 0
2025-08-13 04:50:26,778 - root - DEBUG - [test.py:36] - :OLD.MOLECULE_ID IS NULL AND :NEW.MOLECULE_ID IS NOT NULL
2025-08-13 04:50:26,778 - root - DEBUG - [test.py:36] - (:OLD.IN_PREP_IND = 'N' OR (:OLD.IN_PREP_IND = 'Y' AND :NEW.IN_PREP_IND = 'N')) AND V_IS_ADMIN_CNT = 0
2025-08-13 04:50:26,778 - root - DEBUG - [test.py:36] - :NEW.THEME_NO <> :OLD.THEME_NO
2025-08-13 04:50:26,778 - root - DEBUG - [test.py:36] - :NEW.OFFICIAL_IND = 'N'
2025-08-13 04:50:26,778 - root - DEBUG - [test.py:36] - UPPER(:NEW.PORTF_PROJ_CD) = 'Y' AND(V_STATUS_CD <> 'C' OR:NEW.IN_PREP_IND = 'Y')) UPPER(:NEW.PORTF_PROJ_CD
2025-08-13 04:50:26,778 - root - DEBUG - [test.py:36] - :NEW.THEME_DESC IS NULL OR LENGTH(:NEW.THEME_DESC) = 0
2025-08-13 04:50:26,778 - root - DEBUG - [test.py:36] - LENGTH(V_DESCRIPTION) > 90
2025-08-13 04:50:26,778 - root - DEBUG - [test.py:36] - V_COUNTER > 0
2025-08-13 04:50:26,778 - root - DEBUG - [test.py:36] - :NEW.OFFICIAL_IND = 'N'
2025-08-13 04:50:26,778 - root - DEBUG - [test.py:36] - V_COUNTER > 0
2025-08-13 04:50:26,778 - root - DEBUG - [test.py:36] - 
2025-08-13 04:50:26,779 - root - DEBUG - [test.py:36] - :OLD.MOLECULE_ID IS NULL AND :NEW.MOLECULE_ID IS NOT NULL
2025-08-13 04:50:26,779 - root - DEBUG - [test.py:36] - :OLD.MOLECULE_ID IS NOT NULL AND :NEW.MOLECULE_ID IS NOT NULL
2025-08-13 04:50:26,779 - root - DEBUG - [test.py:36] - :OLD.MOLECULE_ID IS NOT NULL AND :NEW.MOLECULE_ID IS NULL
2025-08-13 04:50:26,779 - root - DEBUG - [test.py:36] - V_SEC_MOL_CNT > 0
2025-08-13 04:50:26,779 - root - DEBUG - [test.py:36] - (:OLD.IN_PREP_IND = 'N') AND V_IS_ADMIN_CNT = 0
2025-08-13 04:50:26,779 - root - DEBUG - [test.py:36] - TRUNC(TO_DATE(:OLD.REGISTRAT_DATE, 'DD-MM-YYYY')) = TRUNC(SYSDATE)
2025-08-13 04:50:26,779 - root - DEBUG - [test.py:36] - INSERTING OR UPDATING
2025-08-13 04:50:26,779 - root - DEBUG - [test.py:36] - :NEW.PROPOSAL_ID IS NOT NULL AND :OLD.PROPOSAL_ID IS NULL
2025-08-13 04:50:26,779 - root - DEBUG - [test.py:36] - V_EVOLVED_NMP_CNT = 0
2025-08-13 04:50:26,779 - root - DEBUG - [test.py:36] - :NEW.PROPOSAL_ID IS NULL AND :OLD.PROPOSAL_ID IS NOT NULL
2025-08-13 04:50:26,780 - root - DEBUG - [test.py:36] - :NEW.PROPOSAL_ID IS NOT NULL AND :OLD.PROPOSAL_ID IS NOT NULL AND :NEW.PROPOSAL_ID <> :OLD.PROPOSAL_ID
2025-08-13 04:50:26,780 - root - DEBUG - [test.py:36] - NVL(:NEW.PROPOSAL_ID, 0) = NVL(:OLD.PROPOSAL_ID, 0) AND NVL(:OLD.SHORT_NAME, '-') <> NVL(V_SHORT_NAME, '-')
2025-08-13 04:50:26,780 - root - DEBUG - [test.py:36] - V_EVOLVED_NMP_CNT > 0
2025-08-13 04:50:26,780 - root - DEBUG - [test.py:36] - INSERTING AND :NEW.THEME_NO IS NOT NULL AND GMD_UTIL_THEMES.GET_THEMES_RANGE_AUTOMATIC_NMP(:NEW.THEME_NO) = 'Y'
2025-08-13 04:50:26,780 - root - DEBUG - [test.py:36] - :NEW.PROPOSAL_ID IS NOT NULL
2025-08-13 04:50:26,780 - root - DEBUG - [test.py:36] - :NEW.PROPOSAL_ID IS NULL OR (:NEW.PROPOSAL_ID IS NOT NULL AND V_EVOLVED_NMP_CNT = 0)
2025-08-13 04:50:26,780 - root - DEBUG - [test.py:36] - :NEW.MOLECULE_ID IS NOT NULL
2025-08-13 04:50:26,780 - root - DEBUG - [test.py:143] - IF-ELSEIF-ELSE parsing complete
2025-08-13 04:50:26,780 - root - DEBUG - [test.py:36] - :NEW.IN_PREP_IND = 'Y'
2025-08-13 04:50:26,780 - root - DEBUG - [test.py:36] - :NEW.PORTF_PROJ_CD <> 'Y'
2025-08-13 04:50:26,780 - root - DEBUG - [test.py:36] - :NEW.STATUS_DESC <> 'CLOSED' AND V_IS_ADMIN_CNT = 0
2025-08-13 04:50:26,780 - root - DEBUG - [test.py:36] - :NEW.MOLECULE_ID IS NULL
2025-08-13 04:50:26,780 - root - DEBUG - [test.py:36] - :NEW.MOLECULE_ID IS NOT NULL
2025-08-13 04:50:26,780 - root - DEBUG - [test.py:36] - V_MOLECULE_RG_NO IS NULL
2025-08-13 04:50:26,780 - root - DEBUG - [test.py:36] - V_COMPARATOR_IND = 'Y'
2025-08-13 04:50:26,780 - root - DEBUG - [test.py:36] - :NEW.STATUS_DESC IS NOT NULL
2025-08-13 04:50:26,781 - root - DEBUG - [test.py:36] - :NEW.DBA_DESC_CONCAT IS NOT NULL
2025-08-13 04:50:26,781 - root - DEBUG - [test.py:36] - :NEW.OFFICIAL_IND = 'N'
2025-08-13 04:50:26,781 - root - DEBUG - [test.py:36] - :NEW.MANUAL_SHORT_DESC IS NULL AND LENGTH(V_THEME_DESC_PROPOSAL) > 30
2025-08-13 04:50:26,781 - root - DEBUG - [test.py:36] - INSERTING
2025-08-13 04:50:26,781 - root - DEBUG - [test.py:36] - UPDATING
2025-08-13 04:50:26,781 - root - DEBUG - [test.py:36] - DELETING
2025-08-13 04:50:26,781 - root - DEBUG - [test.py:36] - :NEW.IN_PREP_IND = 'N' AND V_IS_ADMIN_CNT = 0
2025-08-13 04:50:26,781 - root - DEBUG - [test.py:36] - :NEW.PORTF_PROJ_CD = 'Y' AND :NEW.MOLECULE_ID IS NULL
2025-08-13 04:50:26,781 - root - DEBUG - [test.py:36] - NVL(:NEW.MANUAL_SHORT_DESC, :NEW.THEME_DESC_PROPOSAL) IS NULL
2025-08-13 04:50:26,781 - root - DEBUG - [test.py:36] - LENGTH(:NEW.THEME_NO)
2025-08-13 04:50:26,781 - root - DEBUG - [test.py:36] - 4
2025-08-13 04:50:26,781 - root - DEBUG - [test.py:36] - 5
2025-08-13 04:50:26,781 - root - DEBUG - [test.py:36] - SUBSTR(:NEW.THEME_NO, 1, 1) NOT BETWEEN 0 AND 9 OR SUBSTR(:NEW.THEME_NO, 2, 1) NOT BETWEEN 0 AND 9 OR SUBSTR(:NEW.THEME_NO, 3, 1) NOT BETWEEN 0 AND 9 OR SUBSTR(:NEW.THEME_NO, 4, 1) NOT BETWEEN 0 AND 9
2025-08-13 04:50:26,781 - root - DEBUG - [test.py:36] - SUBSTR(:NEW.THEME_NO, 1, 1) NOT BETWEEN 0 AND 9 OR SUBSTR(:NEW.THEME_NO, 2, 1) NOT BETWEEN 0 AND 9 OR SUBSTR(:NEW.THEME_NO, 3, 1) NOT BETWEEN 0 AND 9 OR SUBSTR(:NEW.THEME_NO, 4, 1) NOT BETWEEN 0 AND 9 OR SUBSTR(:NEW.THEME_NO, 5, 1) NOT BETWEEN 0 AND 9
2025-08-13 04:50:26,781 - root - DEBUG - [test.py:36] - V_COUNTER > 0
2025-08-13 04:50:26,781 - root - DEBUG - [test.py:36] - :NEW.OFFICIAL_IND = 'N'
2025-08-13 04:50:26,781 - root - DEBUG - [test.py:36] - UPPER(:NEW.PORTF_PROJ_CD) = 'N'
2025-08-13 04:50:26,781 - root - DEBUG - [test.py:36] - :NEW.THEME_DESC IS NULL OR LENGTH(:NEW.THEME_DESC) = 0
2025-08-13 04:50:26,781 - root - DEBUG - [test.py:36] - UPPER(:NEW.PORTF_PROJ_CD) = 'Y'
2025-08-13 04:50:26,781 - root - DEBUG - [test.py:36] - LENGTH(V_DESCRIPTION) > 90
2025-08-13 04:50:26,782 - root - DEBUG - [test.py:36] - V_COUNTER > 0
2025-08-13 04:50:26,782 - root - DEBUG - [test.py:36] - :OLD.MOLECULE_ID IS NULL AND :NEW.MOLECULE_ID IS NOT NULL
2025-08-13 04:50:26,782 - root - DEBUG - [test.py:36] - (:OLD.IN_PREP_IND = 'N' OR (:OLD.IN_PREP_IND = 'Y' AND :NEW.IN_PREP_IND = 'N')) AND V_IS_ADMIN_CNT = 0
2025-08-13 04:50:26,782 - root - DEBUG - [test.py:36] - :NEW.THEME_NO <> :OLD.THEME_NO
2025-08-13 04:50:26,782 - root - DEBUG - [test.py:36] - :NEW.OFFICIAL_IND = 'N'
2025-08-13 04:50:26,782 - root - DEBUG - [test.py:36] - UPPER(:NEW.PORTF_PROJ_CD) = 'Y' AND(V_STATUS_CD <> 'C' OR:NEW.IN_PREP_IND = 'Y')) UPPER(:NEW.PORTF_PROJ_CD
2025-08-13 04:50:26,782 - root - DEBUG - [test.py:36] - :NEW.THEME_DESC IS NULL OR LENGTH(:NEW.THEME_DESC) = 0
2025-08-13 04:50:26,782 - root - DEBUG - [test.py:36] - LENGTH(V_DESCRIPTION) > 90
2025-08-13 04:50:26,782 - root - DEBUG - [test.py:36] - V_COUNTER > 0
2025-08-13 04:50:26,782 - root - DEBUG - [test.py:36] - :NEW.OFFICIAL_IND = 'N'
2025-08-13 04:50:26,782 - root - DEBUG - [test.py:36] - V_COUNTER > 0
2025-08-13 04:50:26,782 - root - DEBUG - [test.py:36] - 
2025-08-13 04:50:26,782 - root - DEBUG - [test.py:36] - :OLD.MOLECULE_ID IS NULL AND :NEW.MOLECULE_ID IS NOT NULL
2025-08-13 04:50:26,782 - root - DEBUG - [test.py:36] - :OLD.MOLECULE_ID IS NOT NULL AND :NEW.MOLECULE_ID IS NOT NULL
2025-08-13 04:50:26,782 - root - DEBUG - [test.py:36] - :OLD.MOLECULE_ID IS NOT NULL AND :NEW.MOLECULE_ID IS NULL
2025-08-13 04:50:26,782 - root - DEBUG - [test.py:36] - V_SEC_MOL_CNT > 0
2025-08-13 04:50:26,782 - root - DEBUG - [test.py:36] - (:OLD.IN_PREP_IND = 'N') AND V_IS_ADMIN_CNT = 0
2025-08-13 04:50:26,782 - root - DEBUG - [test.py:36] - TRUNC(TO_DATE(:OLD.REGISTRAT_DATE, 'DD-MM-YYYY')) = TRUNC(SYSDATE)
2025-08-13 04:50:26,782 - root - DEBUG - [test.py:36] - INSERTING OR UPDATING
2025-08-13 04:50:26,782 - root - DEBUG - [test.py:36] - :NEW.PROPOSAL_ID IS NOT NULL AND :OLD.PROPOSAL_ID IS NULL
2025-08-13 04:50:26,782 - root - DEBUG - [test.py:36] - V_EVOLVED_NMP_CNT = 0
2025-08-13 04:50:26,782 - root - DEBUG - [test.py:36] - :NEW.PROPOSAL_ID IS NULL AND :OLD.PROPOSAL_ID IS NOT NULL
2025-08-13 04:50:26,783 - root - DEBUG - [test.py:36] - :NEW.PROPOSAL_ID IS NOT NULL AND :OLD.PROPOSAL_ID IS NOT NULL AND :NEW.PROPOSAL_ID <> :OLD.PROPOSAL_ID
2025-08-13 04:50:26,783 - root - DEBUG - [test.py:36] - NVL(:NEW.PROPOSAL_ID, 0) = NVL(:OLD.PROPOSAL_ID, 0) AND NVL(:OLD.SHORT_NAME, '-') <> NVL(V_SHORT_NAME, '-')
2025-08-13 04:50:26,783 - root - DEBUG - [test.py:36] - V_EVOLVED_NMP_CNT > 0
2025-08-13 04:50:26,783 - root - DEBUG - [test.py:36] - INSERTING AND :NEW.THEME_NO IS NOT NULL AND GMD_UTIL_THEMES.GET_THEMES_RANGE_AUTOMATIC_NMP(:NEW.THEME_NO) = 'Y'
2025-08-13 04:50:26,783 - root - DEBUG - [test.py:36] - :NEW.PROPOSAL_ID IS NOT NULL
2025-08-13 04:50:26,783 - root - DEBUG - [test.py:36] - :NEW.PROPOSAL_ID IS NULL OR (:NEW.PROPOSAL_ID IS NOT NULL AND V_EVOLVED_NMP_CNT = 0)
2025-08-13 04:50:26,783 - root - DEBUG - [test.py:36] - :NEW.MOLECULE_ID IS NOT NULL
2025-08-13 04:50:26,783 - root - DEBUG - [test.py:143] - IF-ELSEIF-ELSE parsing complete
2025-08-13 04:50:26,786 - root - DEBUG - [test.py:36] - DELETING
2025-08-13 04:50:26,787 - root - DEBUG - [test.py:36] - INSERTING OR UPDATING
2025-08-13 04:50:26,787 - root - DEBUG - [test.py:36] - :NEW.MOLECULE_ID IS NULL
2025-08-13 04:50:26,787 - root - DEBUG - [test.py:36] - UPDATING
2025-08-13 04:50:26,787 - root - DEBUG - [test.py:36] - :NEW.MOLECULE_SEQ_NO > V_COUNT_T_MAPPINGS
2025-08-13 04:50:26,787 - root - DEBUG - [test.py:36] - :NEW.MOLECULE_ID <> NVL (:OLD.MOLECULE_ID, '-1')
2025-08-13 04:50:26,787 - root - DEBUG - [test.py:36] - V_COUNT_T_MOL_MAP > 0
2025-08-13 04:50:26,787 - root - DEBUG - [test.py:36] - V_COUNT_T_MOL_MAP > 0
2025-08-13 04:50:26,787 - root - DEBUG - [test.py:36] - INSERTING
2025-08-13 04:50:26,787 - root - DEBUG - [test.py:36] - 
2025-08-13 04:50:26,787 - root - DEBUG - [test.py:36] - :NEW.MOLECULE_SEQ_NO = V_COUNT_T_MAPPINGS + 1
2025-08-13 04:50:26,787 - root - DEBUG - [test.py:36] - :NEW.MOLECULE_SEQ_NO < V_COUNT_T_MAPPINGS + 1
2025-08-13 04:50:26,787 - root - DEBUG - [test.py:36] - INVALID_MAPPING_EXISTS
2025-08-13 04:50:26,787 - root - DEBUG - [test.py:36] - INVALID_MAPPING_EXISTS
2025-08-13 04:50:26,787 - root - DEBUG - [test.py:36] - UPDATING
2025-08-13 04:50:26,787 - root - DEBUG - [test.py:36] - :NEW.MOLECULE_ID IS NOT NULL
2025-08-13 04:50:26,787 - root - DEBUG - [test.py:36] - :NEW.MOLECULE_ID = :OLD.MOLECULE_ID AND :NEW.MOLECULE_SEQ_NO = :OLD.MOLECULE_SEQ_NO AND :NEW.MOLECULE_MAP_CHAR <> :OLD.MOLECULE_MAP_CHAR
2025-08-13 04:50:26,787 - root - DEBUG - [test.py:36] - :NEW.MOLECULE_ID = :OLD.MOLECULE_ID AND :NEW.MOLECULE_SEQ_NO <> :OLD.MOLECULE_SEQ_NO
2025-08-13 04:50:26,788 - root - DEBUG - [test.py:36] - :OLD.MOLECULE_SEQ_NO < :NEW.MOLECULE_SEQ_NO
2025-08-13 04:50:26,788 - root - DEBUG - [test.py:36] - INVALID_MAPPING_EXISTS
2025-08-13 04:50:26,788 - root - DEBUG - [test.py:36] - :NEW.MOLECULE_ID <> :OLD.MOLECULE_ID AND :NEW.MOLECULE_SEQ_NO <> :OLD.MOLECULE_SEQ_NO
2025-08-13 04:50:26,788 - root - DEBUG - [test.py:36] - INVALID_MAPPING_EXISTS
2025-08-13 04:50:26,788 - root - DEBUG - [test.py:36] - (:NEW.MOLECULE_ID <> :OLD.MOLECULE_ID) AND :NEW.MOLECULE_SEQ_NO = :OLD.MOLECULE_SEQ_NO
2025-08-13 04:50:26,788 - root - DEBUG - [test.py:36] - INVALID_MAPPING_EXISTS
2025-08-13 04:50:26,788 - root - DEBUG - [test.py:36] - V_SEQ_NO_DUPLICATE_CNT > 0
2025-08-13 04:50:26,788 - root - DEBUG - [test.py:143] - IF-ELSEIF-ELSE parsing complete
2025-08-13 04:50:26,788 - root - DEBUG - [test.py:36] - DELETING
2025-08-13 04:50:26,788 - root - DEBUG - [test.py:36] - INSERTING OR UPDATING
2025-08-13 04:50:26,788 - root - DEBUG - [test.py:36] - :NEW.MOLECULE_ID IS NULL
2025-08-13 04:50:26,788 - root - DEBUG - [test.py:36] - UPDATING
2025-08-13 04:50:26,789 - root - DEBUG - [test.py:36] - :NEW.MOLECULE_SEQ_NO > V_COUNT_T_MAPPINGS
2025-08-13 04:50:26,789 - root - DEBUG - [test.py:36] - :NEW.MOLECULE_ID <> NVL (:OLD.MOLECULE_ID, '-1')
2025-08-13 04:50:26,789 - root - DEBUG - [test.py:36] - V_COUNT_T_MOL_MAP > 0
2025-08-13 04:50:26,789 - root - DEBUG - [test.py:36] - V_COUNT_T_MOL_MAP > 0
2025-08-13 04:50:26,789 - root - DEBUG - [test.py:36] - INSERTING
2025-08-13 04:50:26,789 - root - DEBUG - [test.py:36] - 
2025-08-13 04:50:26,789 - root - DEBUG - [test.py:36] - :NEW.MOLECULE_SEQ_NO = V_COUNT_T_MAPPINGS + 1
2025-08-13 04:50:26,789 - root - DEBUG - [test.py:36] - :NEW.MOLECULE_SEQ_NO < V_COUNT_T_MAPPINGS + 1
2025-08-13 04:50:26,789 - root - DEBUG - [test.py:36] - INVALID_MAPPING_EXISTS
2025-08-13 04:50:26,789 - root - DEBUG - [test.py:36] - INVALID_MAPPING_EXISTS
2025-08-13 04:50:26,789 - root - DEBUG - [test.py:36] - UPDATING
2025-08-13 04:50:26,789 - root - DEBUG - [test.py:36] - :NEW.MOLECULE_ID IS NOT NULL
2025-08-13 04:50:26,789 - root - DEBUG - [test.py:36] - :NEW.MOLECULE_ID = :OLD.MOLECULE_ID AND :NEW.MOLECULE_SEQ_NO = :OLD.MOLECULE_SEQ_NO AND :NEW.MOLECULE_MAP_CHAR <> :OLD.MOLECULE_MAP_CHAR
2025-08-13 04:50:26,789 - root - DEBUG - [test.py:36] - :NEW.MOLECULE_ID = :OLD.MOLECULE_ID AND :NEW.MOLECULE_SEQ_NO <> :OLD.MOLECULE_SEQ_NO
2025-08-13 04:50:26,789 - root - DEBUG - [test.py:36] - :OLD.MOLECULE_SEQ_NO < :NEW.MOLECULE_SEQ_NO
2025-08-13 04:50:26,789 - root - DEBUG - [test.py:36] - INVALID_MAPPING_EXISTS
2025-08-13 04:50:26,789 - root - DEBUG - [test.py:36] - :NEW.MOLECULE_ID <> :OLD.MOLECULE_ID AND :NEW.MOLECULE_SEQ_NO <> :OLD.MOLECULE_SEQ_NO
2025-08-13 04:50:26,789 - root - DEBUG - [test.py:36] - INVALID_MAPPING_EXISTS
2025-08-13 04:50:26,789 - root - DEBUG - [test.py:36] - (:NEW.MOLECULE_ID <> :OLD.MOLECULE_ID) AND :NEW.MOLECULE_SEQ_NO = :OLD.MOLECULE_SEQ_NO
2025-08-13 04:50:26,789 - root - DEBUG - [test.py:36] - INVALID_MAPPING_EXISTS
2025-08-13 04:50:26,789 - root - DEBUG - [test.py:36] - V_SEQ_NO_DUPLICATE_CNT > 0
2025-08-13 04:50:26,790 - root - DEBUG - [test.py:143] - IF-ELSEIF-ELSE parsing complete
2025-08-13 04:50:26,790 - root - DEBUG - [test.py:36] - DELETING
2025-08-13 04:50:26,790 - root - DEBUG - [test.py:36] - INSERTING OR UPDATING
2025-08-13 04:50:26,790 - root - DEBUG - [test.py:36] - :NEW.MOLECULE_ID IS NULL
2025-08-13 04:50:26,790 - root - DEBUG - [test.py:36] - UPDATING
2025-08-13 04:50:26,790 - root - DEBUG - [test.py:36] - :NEW.MOLECULE_SEQ_NO > V_COUNT_T_MAPPINGS
2025-08-13 04:50:26,790 - root - DEBUG - [test.py:36] - :NEW.MOLECULE_ID <> NVL (:OLD.MOLECULE_ID, '-1')
2025-08-13 04:50:26,790 - root - DEBUG - [test.py:36] - V_COUNT_T_MOL_MAP > 0
2025-08-13 04:50:26,790 - root - DEBUG - [test.py:36] - V_COUNT_T_MOL_MAP > 0
2025-08-13 04:50:26,790 - root - DEBUG - [test.py:36] - INSERTING
2025-08-13 04:50:26,790 - root - DEBUG - [test.py:36] - 
2025-08-13 04:50:26,790 - root - DEBUG - [test.py:36] - :NEW.MOLECULE_SEQ_NO = V_COUNT_T_MAPPINGS + 1
2025-08-13 04:50:26,790 - root - DEBUG - [test.py:36] - :NEW.MOLECULE_SEQ_NO < V_COUNT_T_MAPPINGS + 1
2025-08-13 04:50:26,790 - root - DEBUG - [test.py:36] - INVALID_MAPPING_EXISTS
2025-08-13 04:50:26,790 - root - DEBUG - [test.py:36] - INVALID_MAPPING_EXISTS
2025-08-13 04:50:26,790 - root - DEBUG - [test.py:36] - UPDATING
2025-08-13 04:50:26,790 - root - DEBUG - [test.py:36] - :NEW.MOLECULE_ID IS NOT NULL
2025-08-13 04:50:26,790 - root - DEBUG - [test.py:36] - :NEW.MOLECULE_ID = :OLD.MOLECULE_ID AND :NEW.MOLECULE_SEQ_NO = :OLD.MOLECULE_SEQ_NO AND :NEW.MOLECULE_MAP_CHAR <> :OLD.MOLECULE_MAP_CHAR
2025-08-13 04:50:26,790 - root - DEBUG - [test.py:36] - :NEW.MOLECULE_ID = :OLD.MOLECULE_ID AND :NEW.MOLECULE_SEQ_NO <> :OLD.MOLECULE_SEQ_NO
2025-08-13 04:50:26,790 - root - DEBUG - [test.py:36] - :OLD.MOLECULE_SEQ_NO < :NEW.MOLECULE_SEQ_NO
2025-08-13 04:50:26,790 - root - DEBUG - [test.py:36] - INVALID_MAPPING_EXISTS
2025-08-13 04:50:26,790 - root - DEBUG - [test.py:36] - :NEW.MOLECULE_ID <> :OLD.MOLECULE_ID AND :NEW.MOLECULE_SEQ_NO <> :OLD.MOLECULE_SEQ_NO
2025-08-13 04:50:26,790 - root - DEBUG - [test.py:36] - INVALID_MAPPING_EXISTS
2025-08-13 04:50:26,790 - root - DEBUG - [test.py:36] - (:NEW.MOLECULE_ID <> :OLD.MOLECULE_ID) AND :NEW.MOLECULE_SEQ_NO = :OLD.MOLECULE_SEQ_NO
2025-08-13 04:50:26,791 - root - DEBUG - [test.py:36] - INVALID_MAPPING_EXISTS
2025-08-13 04:50:26,791 - root - DEBUG - [test.py:36] - V_SEQ_NO_DUPLICATE_CNT > 0
2025-08-13 04:50:26,791 - root - DEBUG - [test.py:143] - IF-ELSEIF-ELSE parsing complete
2025-08-13 04:50:26,791 - root - DEBUG - [test.py:36] - DELETING
2025-08-13 04:50:26,791 - root - DEBUG - [test.py:36] - INSERTING OR UPDATING
2025-08-13 04:50:26,791 - root - DEBUG - [test.py:36] - :NEW.MOLECULE_ID IS NULL
2025-08-13 04:50:26,791 - root - DEBUG - [test.py:36] - UPDATING
2025-08-13 04:50:26,791 - root - DEBUG - [test.py:36] - :NEW.MOLECULE_SEQ_NO > V_COUNT_T_MAPPINGS
2025-08-13 04:50:26,791 - root - DEBUG - [test.py:36] - :NEW.MOLECULE_ID <> NVL (:OLD.MOLECULE_ID, '-1')
2025-08-13 04:50:26,792 - root - DEBUG - [test.py:36] - V_COUNT_T_MOL_MAP > 0
2025-08-13 04:50:26,792 - root - DEBUG - [test.py:36] - V_COUNT_T_MOL_MAP > 0
2025-08-13 04:50:26,792 - root - DEBUG - [test.py:36] - INSERTING
2025-08-13 04:50:26,792 - root - DEBUG - [test.py:36] - 
2025-08-13 04:50:26,792 - root - DEBUG - [test.py:36] - :NEW.MOLECULE_SEQ_NO = V_COUNT_T_MAPPINGS + 1
2025-08-13 04:50:26,792 - root - DEBUG - [test.py:36] - :NEW.MOLECULE_SEQ_NO < V_COUNT_T_MAPPINGS + 1
2025-08-13 04:50:26,792 - root - DEBUG - [test.py:36] - INVALID_MAPPING_EXISTS
2025-08-13 04:50:26,792 - root - DEBUG - [test.py:36] - INVALID_MAPPING_EXISTS
2025-08-13 04:50:26,792 - root - DEBUG - [test.py:36] - UPDATING
2025-08-13 04:50:26,792 - root - DEBUG - [test.py:36] - :NEW.MOLECULE_ID IS NOT NULL
2025-08-13 04:50:26,792 - root - DEBUG - [test.py:36] - :NEW.MOLECULE_ID = :OLD.MOLECULE_ID AND :NEW.MOLECULE_SEQ_NO = :OLD.MOLECULE_SEQ_NO AND :NEW.MOLECULE_MAP_CHAR <> :OLD.MOLECULE_MAP_CHAR
2025-08-13 04:50:26,792 - root - DEBUG - [test.py:36] - :NEW.MOLECULE_ID = :OLD.MOLECULE_ID AND :NEW.MOLECULE_SEQ_NO <> :OLD.MOLECULE_SEQ_NO
2025-08-13 04:50:26,792 - root - DEBUG - [test.py:36] - :OLD.MOLECULE_SEQ_NO < :NEW.MOLECULE_SEQ_NO
2025-08-13 04:50:26,792 - root - DEBUG - [test.py:36] - INVALID_MAPPING_EXISTS
2025-08-13 04:50:26,792 - root - DEBUG - [test.py:36] - :NEW.MOLECULE_ID <> :OLD.MOLECULE_ID AND :NEW.MOLECULE_SEQ_NO <> :OLD.MOLECULE_SEQ_NO
2025-08-13 04:50:26,792 - root - DEBUG - [test.py:36] - INVALID_MAPPING_EXISTS
2025-08-13 04:50:26,792 - root - DEBUG - [test.py:36] - (:NEW.MOLECULE_ID <> :OLD.MOLECULE_ID) AND :NEW.MOLECULE_SEQ_NO = :OLD.MOLECULE_SEQ_NO
2025-08-13 04:50:26,792 - root - DEBUG - [test.py:36] - INVALID_MAPPING_EXISTS
2025-08-13 04:50:26,792 - root - DEBUG - [test.py:36] - V_SEQ_NO_DUPLICATE_CNT > 0
2025-08-13 04:50:26,792 - root - DEBUG - [test.py:143] - IF-ELSEIF-ELSE parsing complete
2025-08-13 04:50:26,792 - root - DEBUG - [test.py:36] - DELETING
2025-08-13 04:50:26,793 - root - DEBUG - [test.py:36] - INSERTING OR UPDATING
2025-08-13 04:50:26,793 - root - DEBUG - [test.py:36] - :NEW.MOLECULE_ID IS NULL
2025-08-13 04:50:26,793 - root - DEBUG - [test.py:36] - UPDATING
2025-08-13 04:50:26,793 - root - DEBUG - [test.py:36] - :NEW.MOLECULE_SEQ_NO > V_COUNT_T_MAPPINGS
2025-08-13 04:50:26,793 - root - DEBUG - [test.py:36] - :NEW.MOLECULE_ID <> NVL (:OLD.MOLECULE_ID, '-1')
2025-08-13 04:50:26,793 - root - DEBUG - [test.py:36] - V_COUNT_T_MOL_MAP > 0
2025-08-13 04:50:26,793 - root - DEBUG - [test.py:36] - V_COUNT_T_MOL_MAP > 0
2025-08-13 04:50:26,793 - root - DEBUG - [test.py:36] - INSERTING
2025-08-13 04:50:26,793 - root - DEBUG - [test.py:36] - 
2025-08-13 04:50:26,793 - root - DEBUG - [test.py:36] - :NEW.MOLECULE_SEQ_NO = V_COUNT_T_MAPPINGS + 1
2025-08-13 04:50:26,793 - root - DEBUG - [test.py:36] - :NEW.MOLECULE_SEQ_NO < V_COUNT_T_MAPPINGS + 1
2025-08-13 04:50:26,793 - root - DEBUG - [test.py:36] - INVALID_MAPPING_EXISTS
2025-08-13 04:50:26,793 - root - DEBUG - [test.py:36] - INVALID_MAPPING_EXISTS
2025-08-13 04:50:26,793 - root - DEBUG - [test.py:36] - UPDATING
2025-08-13 04:50:26,793 - root - DEBUG - [test.py:36] - :NEW.MOLECULE_ID IS NOT NULL
2025-08-13 04:50:26,793 - root - DEBUG - [test.py:36] - :NEW.MOLECULE_ID = :OLD.MOLECULE_ID AND :NEW.MOLECULE_SEQ_NO = :OLD.MOLECULE_SEQ_NO AND :NEW.MOLECULE_MAP_CHAR <> :OLD.MOLECULE_MAP_CHAR
2025-08-13 04:50:26,793 - root - DEBUG - [test.py:36] - :NEW.MOLECULE_ID = :OLD.MOLECULE_ID AND :NEW.MOLECULE_SEQ_NO <> :OLD.MOLECULE_SEQ_NO
2025-08-13 04:50:26,793 - root - DEBUG - [test.py:36] - :OLD.MOLECULE_SEQ_NO < :NEW.MOLECULE_SEQ_NO
2025-08-13 04:50:26,793 - root - DEBUG - [test.py:36] - INVALID_MAPPING_EXISTS
2025-08-13 04:50:26,793 - root - DEBUG - [test.py:36] - :NEW.MOLECULE_ID <> :OLD.MOLECULE_ID AND :NEW.MOLECULE_SEQ_NO <> :OLD.MOLECULE_SEQ_NO
2025-08-13 04:50:26,793 - root - DEBUG - [test.py:36] - INVALID_MAPPING_EXISTS
2025-08-13 04:50:26,793 - root - DEBUG - [test.py:36] - (:NEW.MOLECULE_ID <> :OLD.MOLECULE_ID) AND :NEW.MOLECULE_SEQ_NO = :OLD.MOLECULE_SEQ_NO
2025-08-13 04:50:26,793 - root - DEBUG - [test.py:36] - INVALID_MAPPING_EXISTS
2025-08-13 04:50:26,794 - root - DEBUG - [test.py:36] - V_SEQ_NO_DUPLICATE_CNT > 0
2025-08-13 04:50:26,794 - root - DEBUG - [test.py:143] - IF-ELSEIF-ELSE parsing complete
2025-08-13 04:50:26,794 - root - DEBUG - [test.py:36] - DELETING
2025-08-13 04:50:26,794 - root - DEBUG - [test.py:36] - INSERTING OR UPDATING
2025-08-13 04:50:26,794 - root - DEBUG - [test.py:36] - :NEW.MOLECULE_ID IS NULL
2025-08-13 04:50:26,794 - root - DEBUG - [test.py:36] - UPDATING
2025-08-13 04:50:26,794 - root - DEBUG - [test.py:36] - :NEW.MOLECULE_SEQ_NO > V_COUNT_T_MAPPINGS
2025-08-13 04:50:26,794 - root - DEBUG - [test.py:36] - :NEW.MOLECULE_ID <> NVL (:OLD.MOLECULE_ID, '-1')
2025-08-13 04:50:26,794 - root - DEBUG - [test.py:36] - V_COUNT_T_MOL_MAP > 0
2025-08-13 04:50:26,794 - root - DEBUG - [test.py:36] - V_COUNT_T_MOL_MAP > 0
2025-08-13 04:50:26,794 - root - DEBUG - [test.py:36] - INSERTING
2025-08-13 04:50:26,794 - root - DEBUG - [test.py:36] - 
2025-08-13 04:50:26,794 - root - DEBUG - [test.py:36] - :NEW.MOLECULE_SEQ_NO = V_COUNT_T_MAPPINGS + 1
2025-08-13 04:50:26,794 - root - DEBUG - [test.py:36] - :NEW.MOLECULE_SEQ_NO < V_COUNT_T_MAPPINGS + 1
2025-08-13 04:50:26,794 - root - DEBUG - [test.py:36] - INVALID_MAPPING_EXISTS
2025-08-13 04:50:26,794 - root - DEBUG - [test.py:36] - INVALID_MAPPING_EXISTS
2025-08-13 04:50:26,794 - root - DEBUG - [test.py:36] - UPDATING
2025-08-13 04:50:26,794 - root - DEBUG - [test.py:36] - :NEW.MOLECULE_ID IS NOT NULL
2025-08-13 04:50:26,794 - root - DEBUG - [test.py:36] - :NEW.MOLECULE_ID = :OLD.MOLECULE_ID AND :NEW.MOLECULE_SEQ_NO = :OLD.MOLECULE_SEQ_NO AND :NEW.MOLECULE_MAP_CHAR <> :OLD.MOLECULE_MAP_CHAR
2025-08-13 04:50:26,794 - root - DEBUG - [test.py:36] - :NEW.MOLECULE_ID = :OLD.MOLECULE_ID AND :NEW.MOLECULE_SEQ_NO <> :OLD.MOLECULE_SEQ_NO
2025-08-13 04:50:26,794 - root - DEBUG - [test.py:36] - :OLD.MOLECULE_SEQ_NO < :NEW.MOLECULE_SEQ_NO
2025-08-13 04:50:26,794 - root - DEBUG - [test.py:36] - INVALID_MAPPING_EXISTS
2025-08-13 04:50:26,794 - root - DEBUG - [test.py:36] - :NEW.MOLECULE_ID <> :OLD.MOLECULE_ID AND :NEW.MOLECULE_SEQ_NO <> :OLD.MOLECULE_SEQ_NO
2025-08-13 04:50:26,795 - root - DEBUG - [test.py:36] - INVALID_MAPPING_EXISTS
2025-08-13 04:50:26,795 - root - DEBUG - [test.py:36] - (:NEW.MOLECULE_ID <> :OLD.MOLECULE_ID) AND :NEW.MOLECULE_SEQ_NO = :OLD.MOLECULE_SEQ_NO
2025-08-13 04:50:26,795 - root - DEBUG - [test.py:36] - INVALID_MAPPING_EXISTS
2025-08-13 04:50:26,795 - root - DEBUG - [test.py:36] - V_SEQ_NO_DUPLICATE_CNT > 0
2025-08-13 04:50:26,795 - root - DEBUG - [test.py:143] - IF-ELSEIF-ELSE parsing complete
2025-08-13 04:50:26,796 - root - DEBUG - [test.py:36] - INSERTING
2025-08-13 04:50:26,797 - root - DEBUG - [test.py:36] - CNTR > 0
2025-08-13 04:50:26,797 - root - DEBUG - [test.py:36] - INSERTING OR UPDATING
2025-08-13 04:50:26,797 - root - DEBUG - [test.py:36] - V_COMPANY_TYPE_CD NOT IN ('L', 'A') AND NVL(:NEW.ADDRESS_TYPE_CD, :OLD.ADDRESS_TYPE_CD) IN ('L')
2025-08-13 04:50:26,797 - root - DEBUG - [test.py:36] - NVL(:NEW.ADDRESS_TYPE_CD, :OLD.ADDRESS_TYPE_CD) IN ( 'P', 'L')
2025-08-13 04:50:26,797 - root - DEBUG - [test.py:36] - NVL(:OLD.VALID_FROM, TRUNC(SYSDATE)) = NVL(:NEW.VALID_FROM, TRUNC(SYSDATE)) AND :OLD.COUNTRY_ID <> :NEW.COUNTRY_ID
2025-08-13 04:50:26,797 - root - DEBUG - [test.py:36] - CNTR = 0
2025-08-13 04:50:26,797 - root - DEBUG - [test.py:36] - NVL(:OLD.VALID_FROM, TRUNC(SYSDATE)) <> NVL(:NEW.VALID_FROM, TRUNC(SYSDATE)) AND :OLD.COUNTRY_ID <> :NEW.COUNTRY_ID
2025-08-13 04:50:26,797 - root - DEBUG - [test.py:36] - :NEW.ADDRESS_TYPE_CD = 'P' AND CNTR > 0
2025-08-13 04:50:26,797 - root - DEBUG - [test.py:36] - TO_CHAR(:NEW.VALID_FROM, 'dd.mm') = '01.01'
2025-08-13 04:50:26,797 - root - DEBUG - [test.py:36] - V_COMPANY_TYPE_CD = 'L'
2025-08-13 04:50:26,797 - root - DEBUG - [test.py:36] - NVL(:NEW.ADDRESS_TYPE_CD, :OLD.ADDRESS_TYPE_CD) NOT IN ( 'P', 'L')
2025-08-13 04:50:26,798 - root - DEBUG - [test.py:36] - CNTR = 0
2025-08-13 04:50:26,798 - root - DEBUG - [test.py:36] - DELETING
2025-08-13 04:50:26,798 - root - DEBUG - [test.py:36] - NVL(:NEW.ADDRESS_TYPE_CD, :OLD.ADDRESS_TYPE_CD) IN ('L', 'P')
2025-08-13 04:50:26,798 - root - DEBUG - [test.py:143] - IF-ELSEIF-ELSE parsing complete
2025-08-13 04:50:26,798 - root - DEBUG - [test.py:36] - INSERTING
2025-08-13 04:50:26,798 - root - DEBUG - [test.py:36] - CNTR > 0
2025-08-13 04:50:26,798 - root - DEBUG - [test.py:36] - INSERTING OR UPDATING
2025-08-13 04:50:26,798 - root - DEBUG - [test.py:36] - V_COMPANY_TYPE_CD NOT IN ('L', 'A') AND NVL(:NEW.ADDRESS_TYPE_CD, :OLD.ADDRESS_TYPE_CD) IN ('L')
2025-08-13 04:50:26,798 - root - DEBUG - [test.py:36] - NVL(:NEW.ADDRESS_TYPE_CD, :OLD.ADDRESS_TYPE_CD) IN ( 'P', 'L')
2025-08-13 04:50:26,798 - root - DEBUG - [test.py:36] - NVL(:OLD.VALID_FROM, TRUNC(SYSDATE)) = NVL(:NEW.VALID_FROM, TRUNC(SYSDATE)) AND :OLD.COUNTRY_ID <> :NEW.COUNTRY_ID
2025-08-13 04:50:26,798 - root - DEBUG - [test.py:36] - CNTR = 0
2025-08-13 04:50:26,799 - root - DEBUG - [test.py:36] - NVL(:OLD.VALID_FROM, TRUNC(SYSDATE)) <> NVL(:NEW.VALID_FROM, TRUNC(SYSDATE)) AND :OLD.COUNTRY_ID <> :NEW.COUNTRY_ID
2025-08-13 04:50:26,799 - root - DEBUG - [test.py:36] - :NEW.ADDRESS_TYPE_CD = 'P' AND CNTR > 0
2025-08-13 04:50:26,799 - root - DEBUG - [test.py:36] - TO_CHAR(:NEW.VALID_FROM, 'dd.mm') = '01.01'
2025-08-13 04:50:26,799 - root - DEBUG - [test.py:36] - V_COMPANY_TYPE_CD = 'L'
2025-08-13 04:50:26,799 - root - DEBUG - [test.py:36] - NVL(:NEW.ADDRESS_TYPE_CD, :OLD.ADDRESS_TYPE_CD) NOT IN ( 'P', 'L')
2025-08-13 04:50:26,799 - root - DEBUG - [test.py:36] - CNTR = 0
2025-08-13 04:50:26,799 - root - DEBUG - [test.py:36] - DELETING
2025-08-13 04:50:26,799 - root - DEBUG - [test.py:36] - NVL(:NEW.ADDRESS_TYPE_CD, :OLD.ADDRESS_TYPE_CD) IN ('L', 'P')
2025-08-13 04:50:26,799 - root - DEBUG - [test.py:143] - IF-ELSEIF-ELSE parsing complete
2025-08-13 04:50:26,799 - root - DEBUG - [test.py:36] - INSERTING
2025-08-13 04:50:26,799 - root - DEBUG - [test.py:36] - CNTR > 0
2025-08-13 04:50:26,799 - root - DEBUG - [test.py:36] - INSERTING OR UPDATING
2025-08-13 04:50:26,799 - root - DEBUG - [test.py:36] - V_COMPANY_TYPE_CD NOT IN ('L', 'A') AND NVL(:NEW.ADDRESS_TYPE_CD, :OLD.ADDRESS_TYPE_CD) IN ('L')
2025-08-13 04:50:26,800 - root - DEBUG - [test.py:36] - NVL(:NEW.ADDRESS_TYPE_CD, :OLD.ADDRESS_TYPE_CD) IN ( 'P', 'L')
2025-08-13 04:50:26,800 - root - DEBUG - [test.py:36] - NVL(:OLD.VALID_FROM, TRUNC(SYSDATE)) = NVL(:NEW.VALID_FROM, TRUNC(SYSDATE)) AND :OLD.COUNTRY_ID <> :NEW.COUNTRY_ID
2025-08-13 04:50:26,800 - root - DEBUG - [test.py:36] - CNTR = 0
2025-08-13 04:50:26,800 - root - DEBUG - [test.py:36] - NVL(:OLD.VALID_FROM, TRUNC(SYSDATE)) <> NVL(:NEW.VALID_FROM, TRUNC(SYSDATE)) AND :OLD.COUNTRY_ID <> :NEW.COUNTRY_ID
2025-08-13 04:50:26,800 - root - DEBUG - [test.py:36] - :NEW.ADDRESS_TYPE_CD = 'P' AND CNTR > 0
2025-08-13 04:50:26,800 - root - DEBUG - [test.py:36] - TO_CHAR(:NEW.VALID_FROM, 'dd.mm') = '01.01'
2025-08-13 04:50:26,800 - root - DEBUG - [test.py:36] - V_COMPANY_TYPE_CD = 'L'
2025-08-13 04:50:26,800 - root - DEBUG - [test.py:36] - NVL(:NEW.ADDRESS_TYPE_CD, :OLD.ADDRESS_TYPE_CD) NOT IN ( 'P', 'L')
2025-08-13 04:50:26,800 - root - DEBUG - [test.py:36] - CNTR = 0
2025-08-13 04:50:26,800 - root - DEBUG - [test.py:36] - DELETING
2025-08-13 04:50:26,800 - root - DEBUG - [test.py:36] - NVL(:NEW.ADDRESS_TYPE_CD, :OLD.ADDRESS_TYPE_CD) IN ('L', 'P')
2025-08-13 04:50:26,800 - root - DEBUG - [test.py:143] - IF-ELSEIF-ELSE parsing complete
2025-08-13 04:50:26,801 - root - DEBUG - [test.py:36] - INSERTING
2025-08-13 04:50:26,801 - root - DEBUG - [test.py:36] - CNTR > 0
2025-08-13 04:50:26,801 - root - DEBUG - [test.py:36] - INSERTING OR UPDATING
2025-08-13 04:50:26,801 - root - DEBUG - [test.py:36] - V_COMPANY_TYPE_CD NOT IN ('L', 'A') AND NVL(:NEW.ADDRESS_TYPE_CD, :OLD.ADDRESS_TYPE_CD) IN ('L')
2025-08-13 04:50:26,801 - root - DEBUG - [test.py:36] - NVL(:NEW.ADDRESS_TYPE_CD, :OLD.ADDRESS_TYPE_CD) IN ( 'P', 'L')
2025-08-13 04:50:26,801 - root - DEBUG - [test.py:36] - NVL(:OLD.VALID_FROM, TRUNC(SYSDATE)) = NVL(:NEW.VALID_FROM, TRUNC(SYSDATE)) AND :OLD.COUNTRY_ID <> :NEW.COUNTRY_ID
2025-08-13 04:50:26,801 - root - DEBUG - [test.py:36] - CNTR = 0
2025-08-13 04:50:26,801 - root - DEBUG - [test.py:36] - NVL(:OLD.VALID_FROM, TRUNC(SYSDATE)) <> NVL(:NEW.VALID_FROM, TRUNC(SYSDATE)) AND :OLD.COUNTRY_ID <> :NEW.COUNTRY_ID
2025-08-13 04:50:26,801 - root - DEBUG - [test.py:36] - :NEW.ADDRESS_TYPE_CD = 'P' AND CNTR > 0
2025-08-13 04:50:26,801 - root - DEBUG - [test.py:36] - TO_CHAR(:NEW.VALID_FROM, 'dd.mm') = '01.01'
2025-08-13 04:50:26,801 - root - DEBUG - [test.py:36] - V_COMPANY_TYPE_CD = 'L'
2025-08-13 04:50:26,801 - root - DEBUG - [test.py:36] - NVL(:NEW.ADDRESS_TYPE_CD, :OLD.ADDRESS_TYPE_CD) NOT IN ( 'P', 'L')
2025-08-13 04:50:26,801 - root - DEBUG - [test.py:36] - CNTR = 0
2025-08-13 04:50:26,801 - root - DEBUG - [test.py:36] - DELETING
2025-08-13 04:50:26,801 - root - DEBUG - [test.py:36] - NVL(:NEW.ADDRESS_TYPE_CD, :OLD.ADDRESS_TYPE_CD) IN ('L', 'P')
2025-08-13 04:50:26,801 - root - DEBUG - [test.py:143] - IF-ELSEIF-ELSE parsing complete
2025-08-13 04:50:26,801 - root - DEBUG - [test.py:36] - INSERTING
2025-08-13 04:50:26,801 - root - DEBUG - [test.py:36] - CNTR > 0
2025-08-13 04:50:26,802 - root - DEBUG - [test.py:36] - INSERTING OR UPDATING
2025-08-13 04:50:26,802 - root - DEBUG - [test.py:36] - V_COMPANY_TYPE_CD NOT IN ('L', 'A') AND NVL(:NEW.ADDRESS_TYPE_CD, :OLD.ADDRESS_TYPE_CD) IN ('L')
2025-08-13 04:50:26,802 - root - DEBUG - [test.py:36] - NVL(:NEW.ADDRESS_TYPE_CD, :OLD.ADDRESS_TYPE_CD) IN ( 'P', 'L')
2025-08-13 04:50:26,802 - root - DEBUG - [test.py:36] - NVL(:OLD.VALID_FROM, TRUNC(SYSDATE)) = NVL(:NEW.VALID_FROM, TRUNC(SYSDATE)) AND :OLD.COUNTRY_ID <> :NEW.COUNTRY_ID
2025-08-13 04:50:26,802 - root - DEBUG - [test.py:36] - CNTR = 0
2025-08-13 04:50:26,802 - root - DEBUG - [test.py:36] - NVL(:OLD.VALID_FROM, TRUNC(SYSDATE)) <> NVL(:NEW.VALID_FROM, TRUNC(SYSDATE)) AND :OLD.COUNTRY_ID <> :NEW.COUNTRY_ID
2025-08-13 04:50:26,802 - root - DEBUG - [test.py:36] - :NEW.ADDRESS_TYPE_CD = 'P' AND CNTR > 0
2025-08-13 04:50:26,802 - root - DEBUG - [test.py:36] - TO_CHAR(:NEW.VALID_FROM, 'dd.mm') = '01.01'
2025-08-13 04:50:26,802 - root - DEBUG - [test.py:36] - V_COMPANY_TYPE_CD = 'L'
2025-08-13 04:50:26,802 - root - DEBUG - [test.py:36] - NVL(:NEW.ADDRESS_TYPE_CD, :OLD.ADDRESS_TYPE_CD) NOT IN ( 'P', 'L')
2025-08-13 04:50:26,802 - root - DEBUG - [test.py:36] - CNTR = 0
2025-08-13 04:50:26,802 - root - DEBUG - [test.py:36] - DELETING
2025-08-13 04:50:26,802 - root - DEBUG - [test.py:36] - NVL(:NEW.ADDRESS_TYPE_CD, :OLD.ADDRESS_TYPE_CD) IN ('L', 'P')
2025-08-13 04:50:26,802 - root - DEBUG - [test.py:143] - IF-ELSEIF-ELSE parsing complete
2025-08-13 04:50:26,802 - root - DEBUG - [test.py:36] - INSERTING
2025-08-13 04:50:26,802 - root - DEBUG - [test.py:36] - CNTR > 0
2025-08-13 04:50:26,802 - root - DEBUG - [test.py:36] - INSERTING OR UPDATING
2025-08-13 04:50:26,802 - root - DEBUG - [test.py:36] - V_COMPANY_TYPE_CD NOT IN ('L', 'A') AND NVL(:NEW.ADDRESS_TYPE_CD, :OLD.ADDRESS_TYPE_CD) IN ('L')
2025-08-13 04:50:26,802 - root - DEBUG - [test.py:36] - NVL(:NEW.ADDRESS_TYPE_CD, :OLD.ADDRESS_TYPE_CD) IN ( 'P', 'L')
2025-08-13 04:50:26,802 - root - DEBUG - [test.py:36] - NVL(:OLD.VALID_FROM, TRUNC(SYSDATE)) = NVL(:NEW.VALID_FROM, TRUNC(SYSDATE)) AND :OLD.COUNTRY_ID <> :NEW.COUNTRY_ID
2025-08-13 04:50:26,802 - root - DEBUG - [test.py:36] - CNTR = 0
2025-08-13 04:50:26,802 - root - DEBUG - [test.py:36] - NVL(:OLD.VALID_FROM, TRUNC(SYSDATE)) <> NVL(:NEW.VALID_FROM, TRUNC(SYSDATE)) AND :OLD.COUNTRY_ID <> :NEW.COUNTRY_ID
2025-08-13 04:50:26,803 - root - DEBUG - [test.py:36] - :NEW.ADDRESS_TYPE_CD = 'P' AND CNTR > 0
2025-08-13 04:50:26,803 - root - DEBUG - [test.py:36] - TO_CHAR(:NEW.VALID_FROM, 'dd.mm') = '01.01'
2025-08-13 04:50:26,803 - root - DEBUG - [test.py:36] - V_COMPANY_TYPE_CD = 'L'
2025-08-13 04:50:26,803 - root - DEBUG - [test.py:36] - NVL(:NEW.ADDRESS_TYPE_CD, :OLD.ADDRESS_TYPE_CD) NOT IN ( 'P', 'L')
2025-08-13 04:50:26,803 - root - DEBUG - [test.py:36] - CNTR = 0
2025-08-13 04:50:26,803 - root - DEBUG - [test.py:36] - DELETING
2025-08-13 04:50:26,803 - root - DEBUG - [test.py:36] - NVL(:NEW.ADDRESS_TYPE_CD, :OLD.ADDRESS_TYPE_CD) IN ('L', 'P')
2025-08-13 04:50:26,803 - root - DEBUG - [test.py:143] - IF-ELSEIF-ELSE parsing complete
2025-08-13 04:50:26,805 - root - DEBUG - [test.py:36] - TG_OP = 'INSERT'
2025-08-13 04:50:26,805 - root - DEBUG - [test.py:36] - TG_OP = 'UPDATE'
2025-08-13 04:50:26,805 - root - DEBUG - [test.py:36] - TG_OP = 'DELETE'
2025-08-13 04:50:26,805 - root - DEBUG - [test.py:143] - IF-ELSEIF-ELSE parsing complete
2025-08-13 04:50:26,805 - root - DEBUG - [test.py:36] - TG_OP = 'INSERT'
2025-08-13 04:50:26,805 - root - DEBUG - [test.py:36] - TG_OP = 'UPDATE'
2025-08-13 04:50:26,805 - root - DEBUG - [test.py:36] - TG_OP = 'DELETE'
2025-08-13 04:50:26,805 - root - DEBUG - [test.py:143] - IF-ELSEIF-ELSE parsing complete
2025-08-13 04:50:26,805 - root - DEBUG - [test.py:36] - TG_OP = 'INSERT'
2025-08-13 04:50:26,805 - root - DEBUG - [test.py:36] - TG_OP = 'UPDATE'
2025-08-13 04:50:26,805 - root - DEBUG - [test.py:36] - TG_OP = 'DELETE'
2025-08-13 04:50:26,805 - root - DEBUG - [test.py:143] - IF-ELSEIF-ELSE parsing complete
2025-08-13 04:50:26,805 - root - DEBUG - [test.py:36] - TG_OP = 'INSERT'
2025-08-13 04:50:26,806 - root - DEBUG - [test.py:36] - TG_OP = 'UPDATE'
2025-08-13 04:50:26,806 - root - DEBUG - [test.py:36] - TG_OP = 'DELETE'
2025-08-13 04:50:26,806 - root - DEBUG - [test.py:143] - IF-ELSEIF-ELSE parsing complete
2025-08-13 04:50:26,806 - root - DEBUG - [test.py:36] - TG_OP = 'INSERT'
2025-08-13 04:50:26,806 - root - DEBUG - [test.py:36] - TG_OP = 'UPDATE'
2025-08-13 04:50:26,806 - root - DEBUG - [test.py:36] - TG_OP = 'DELETE'
2025-08-13 04:50:26,806 - root - DEBUG - [test.py:143] - IF-ELSEIF-ELSE parsing complete
2025-08-13 04:50:26,806 - root - DEBUG - [test.py:36] - TG_OP = 'INSERT'
2025-08-13 04:50:26,806 - root - DEBUG - [test.py:36] - TG_OP = 'UPDATE'
2025-08-13 04:50:26,806 - root - DEBUG - [test.py:36] - TG_OP = 'DELETE'
2025-08-13 04:50:26,806 - root - DEBUG - [test.py:143] - IF-ELSEIF-ELSE parsing complete
2025-08-13 04:50:26,807 - root - DEBUG - [test.py:36] - TG_OP = 'UPDATE'
2025-08-13 04:50:26,807 - root - DEBUG - [test.py:36] - COALESCE (OLD.PROD_FAM_NAME_STATUS_CD, 'X') <> COALESCE (NEW.PROD_FAM_NAME_STATUS_CD, 'X') OR OLD.PROD_FAM_NAME <> NEW.PROD_FAM_NAME OR COALESCE(OLD.ACT_SUBSTANCE_NAME, 'X') <> COALESCE(NEW.ACT_SUBSTANCE_NAME, 'X')
2025-08-13 04:50:26,807 - root - DEBUG - [test.py:36] - 
2025-08-13 04:50:26,807 - root - DEBUG - [test.py:36] - NEW.PROD_FAM_NAME_STATUS_CD IN ('T', 'R')
2025-08-13 04:50:26,808 - root - DEBUG - [test.py:36] - NEW.PROD_FAM_NAME_STATUS_CD IN ('G', 'I')
2025-08-13 04:50:26,809 - root - DEBUG - [test.py:143] - IF-ELSEIF-ELSE parsing complete
2025-08-13 04:50:26,809 - root - DEBUG - [test.py:36] - TG_OP = 'UPDATE'
2025-08-13 04:50:26,809 - root - DEBUG - [test.py:36] - COALESCE (OLD.PROD_FAM_NAME_STATUS_CD, 'X') <> COALESCE (NEW.PROD_FAM_NAME_STATUS_CD, 'X') OR OLD.PROD_FAM_NAME <> NEW.PROD_FAM_NAME OR COALESCE(OLD.ACT_SUBSTANCE_NAME, 'X') <> COALESCE(NEW.ACT_SUBSTANCE_NAME, 'X')
2025-08-13 04:50:26,809 - root - DEBUG - [test.py:36] - 
2025-08-13 04:50:26,809 - root - DEBUG - [test.py:36] - NEW.PROD_FAM_NAME_STATUS_CD IN ('T', 'R')
2025-08-13 04:50:26,809 - root - DEBUG - [test.py:36] - NEW.PROD_FAM_NAME_STATUS_CD IN ('G', 'I')
2025-08-13 04:50:26,809 - root - DEBUG - [test.py:143] - IF-ELSEIF-ELSE parsing complete
2025-08-13 04:50:26,810 - root - DEBUG - [test.py:36] - TG_OP = 'UPDATE'
2025-08-13 04:50:26,810 - root - DEBUG - [test.py:36] - COALESCE (OLD.PROD_FAM_NAME_STATUS_CD, 'X') <> COALESCE (NEW.PROD_FAM_NAME_STATUS_CD, 'X') OR OLD.PROD_FAM_NAME <> NEW.PROD_FAM_NAME OR COALESCE(OLD.ACT_SUBSTANCE_NAME, 'X') <> COALESCE(NEW.ACT_SUBSTANCE_NAME, 'X')
2025-08-13 04:50:26,810 - root - DEBUG - [test.py:36] - 
2025-08-13 04:50:26,810 - root - DEBUG - [test.py:36] - NEW.PROD_FAM_NAME_STATUS_CD IN ('T', 'R')
2025-08-13 04:50:26,810 - root - DEBUG - [test.py:36] - NEW.PROD_FAM_NAME_STATUS_CD IN ('G', 'I')
2025-08-13 04:50:26,810 - root - DEBUG - [test.py:143] - IF-ELSEIF-ELSE parsing complete
2025-08-13 04:50:26,811 - root - DEBUG - [test.py:36] - TG_OP = 'UPDATE'
2025-08-13 04:50:26,811 - root - DEBUG - [test.py:36] - COALESCE (OLD.PROD_FAM_NAME_STATUS_CD, 'X') <> COALESCE (NEW.PROD_FAM_NAME_STATUS_CD, 'X') OR OLD.PROD_FAM_NAME <> NEW.PROD_FAM_NAME OR COALESCE(OLD.ACT_SUBSTANCE_NAME, 'X') <> COALESCE(NEW.ACT_SUBSTANCE_NAME, 'X')
2025-08-13 04:50:26,811 - root - DEBUG - [test.py:36] - 
2025-08-13 04:50:26,811 - root - DEBUG - [test.py:36] - NEW.PROD_FAM_NAME_STATUS_CD IN ('T', 'R')
2025-08-13 04:50:26,811 - root - DEBUG - [test.py:36] - NEW.PROD_FAM_NAME_STATUS_CD IN ('G', 'I')
2025-08-13 04:50:26,811 - root - DEBUG - [test.py:143] - IF-ELSEIF-ELSE parsing complete
2025-08-13 04:50:26,811 - root - DEBUG - [test.py:36] - TG_OP = 'UPDATE'
2025-08-13 04:50:26,811 - root - DEBUG - [test.py:36] - COALESCE (OLD.PROD_FAM_NAME_STATUS_CD, 'X') <> COALESCE (NEW.PROD_FAM_NAME_STATUS_CD, 'X') OR OLD.PROD_FAM_NAME <> NEW.PROD_FAM_NAME OR COALESCE(OLD.ACT_SUBSTANCE_NAME, 'X') <> COALESCE(NEW.ACT_SUBSTANCE_NAME, 'X')
2025-08-13 04:50:26,811 - root - DEBUG - [test.py:36] - 
2025-08-13 04:50:26,811 - root - DEBUG - [test.py:36] - NEW.PROD_FAM_NAME_STATUS_CD IN ('T', 'R')
2025-08-13 04:50:26,811 - root - DEBUG - [test.py:36] - NEW.PROD_FAM_NAME_STATUS_CD IN ('G', 'I')
2025-08-13 04:50:26,811 - root - DEBUG - [test.py:143] - IF-ELSEIF-ELSE parsing complete
2025-08-13 04:50:26,812 - root - DEBUG - [test.py:36] - TG_OP = 'UPDATE'
2025-08-13 04:50:26,812 - root - DEBUG - [test.py:36] - COALESCE (OLD.PROD_FAM_NAME_STATUS_CD, 'X') <> COALESCE (NEW.PROD_FAM_NAME_STATUS_CD, 'X') OR OLD.PROD_FAM_NAME <> NEW.PROD_FAM_NAME OR COALESCE(OLD.ACT_SUBSTANCE_NAME, 'X') <> COALESCE(NEW.ACT_SUBSTANCE_NAME, 'X')
2025-08-13 04:50:26,812 - root - DEBUG - [test.py:36] - 
2025-08-13 04:50:26,812 - root - DEBUG - [test.py:36] - NEW.PROD_FAM_NAME_STATUS_CD IN ('T', 'R')
2025-08-13 04:50:26,812 - root - DEBUG - [test.py:36] - NEW.PROD_FAM_NAME_STATUS_CD IN ('G', 'I')
2025-08-13 04:50:26,812 - root - DEBUG - [test.py:143] - IF-ELSEIF-ELSE parsing complete
2025-08-13 04:50:26,813 - root - DEBUG - [test.py:36] - :NEW.PROPOSAL_STATUS_CD = C_PROPOSAL_STATUS_EVOLVED AND(:NEW.EVOLVED_THEME_NO IS NULL OR :NEW.EVOLVED_THEME_NO = :OLD.EVOLVED_THEME_NO) AND :NEW.MOLECULE_TYPE_ID = :OLD.MOLECULE_TYPE_ID AND :NEW.PHARMACOLOGICAL_TYPE_ID = :OLD.PHARMACOLOGICAL_TYPE_ID AND :NEW.PROPOSAL_NAME = :OLD.PROPOSAL_NAME
2025-08-13 04:50:26,813 - root - DEBUG - [test.py:36] - :NEW.PROPOSAL_STATUS_CD = C_PROPOSAL_STATUS_TERMINATED AND :OLD.PROPOSAL_STATUS_CD = C_PROPOSAL_STATUS_EVOLVED
2025-08-13 04:50:26,813 - root - DEBUG - [test.py:36] - :NEW.PROPOSAL_STATUS_CD = C_PROPOSAL_STATUS_ACTIVE AND :OLD.EVOLVED_THEME_NO IS NOT NULL
2025-08-13 04:50:26,813 - root - DEBUG - [test.py:36] - :NEW.EXPLORATORY_THEME_NO IS NULL AND :OLD.EXPLORATORY_THEME_NO IS NOT NULL
2025-08-13 04:50:26,813 - root - DEBUG - [test.py:36] - INSERTING
2025-08-13 04:50:26,814 - root - DEBUG - [test.py:36] - UPDATING
2025-08-13 04:50:26,814 - root - DEBUG - [test.py:36] - :NEW.PARTNER_ID IS NOT NULL
2025-08-13 04:50:26,814 - root - DEBUG - [test.py:36] - NVL(:OLD.PARTNER_ID, 'NULL') <> NVL(:NEW.PARTNER_ID, 'NULL')
2025-08-13 04:50:26,814 - root - DEBUG - [test.py:143] - IF-ELSEIF-ELSE parsing complete
2025-08-13 04:50:26,814 - root - DEBUG - [test.py:36] - :NEW.PROPOSAL_STATUS_CD = C_PROPOSAL_STATUS_EVOLVED AND(:NEW.EVOLVED_THEME_NO IS NULL OR :NEW.EVOLVED_THEME_NO = :OLD.EVOLVED_THEME_NO) AND :NEW.MOLECULE_TYPE_ID = :OLD.MOLECULE_TYPE_ID AND :NEW.PHARMACOLOGICAL_TYPE_ID = :OLD.PHARMACOLOGICAL_TYPE_ID AND :NEW.PROPOSAL_NAME = :OLD.PROPOSAL_NAME
2025-08-13 04:50:26,814 - root - DEBUG - [test.py:36] - :NEW.PROPOSAL_STATUS_CD = C_PROPOSAL_STATUS_TERMINATED AND :OLD.PROPOSAL_STATUS_CD = C_PROPOSAL_STATUS_EVOLVED
2025-08-13 04:50:26,814 - root - DEBUG - [test.py:36] - :NEW.PROPOSAL_STATUS_CD = C_PROPOSAL_STATUS_ACTIVE AND :OLD.EVOLVED_THEME_NO IS NOT NULL
2025-08-13 04:50:26,814 - root - DEBUG - [test.py:36] - :NEW.EXPLORATORY_THEME_NO IS NULL AND :OLD.EXPLORATORY_THEME_NO IS NOT NULL
2025-08-13 04:50:26,814 - root - DEBUG - [test.py:36] - INSERTING
2025-08-13 04:50:26,814 - root - DEBUG - [test.py:36] - UPDATING
2025-08-13 04:50:26,814 - root - DEBUG - [test.py:36] - :NEW.PARTNER_ID IS NOT NULL
2025-08-13 04:50:26,814 - root - DEBUG - [test.py:36] - NVL(:OLD.PARTNER_ID, 'NULL') <> NVL(:NEW.PARTNER_ID, 'NULL')
2025-08-13 04:50:26,814 - root - DEBUG - [test.py:143] - IF-ELSEIF-ELSE parsing complete
2025-08-13 04:50:26,814 - root - DEBUG - [test.py:36] - :NEW.PROPOSAL_STATUS_CD = C_PROPOSAL_STATUS_EVOLVED AND(:NEW.EVOLVED_THEME_NO IS NULL OR :NEW.EVOLVED_THEME_NO = :OLD.EVOLVED_THEME_NO) AND :NEW.MOLECULE_TYPE_ID = :OLD.MOLECULE_TYPE_ID AND :NEW.PHARMACOLOGICAL_TYPE_ID = :OLD.PHARMACOLOGICAL_TYPE_ID AND :NEW.PROPOSAL_NAME = :OLD.PROPOSAL_NAME
2025-08-13 04:50:26,814 - root - DEBUG - [test.py:36] - :NEW.PROPOSAL_STATUS_CD = C_PROPOSAL_STATUS_TERMINATED AND :OLD.PROPOSAL_STATUS_CD = C_PROPOSAL_STATUS_EVOLVED
2025-08-13 04:50:26,814 - root - DEBUG - [test.py:36] - :NEW.PROPOSAL_STATUS_CD = C_PROPOSAL_STATUS_ACTIVE AND :OLD.EVOLVED_THEME_NO IS NOT NULL
2025-08-13 04:50:26,814 - root - DEBUG - [test.py:36] - :NEW.EXPLORATORY_THEME_NO IS NULL AND :OLD.EXPLORATORY_THEME_NO IS NOT NULL
2025-08-13 04:50:26,814 - root - DEBUG - [test.py:36] - INSERTING
2025-08-13 04:50:26,814 - root - DEBUG - [test.py:36] - UPDATING
2025-08-13 04:50:26,814 - root - DEBUG - [test.py:36] - :NEW.PARTNER_ID IS NOT NULL
2025-08-13 04:50:26,814 - root - DEBUG - [test.py:36] - NVL(:OLD.PARTNER_ID, 'NULL') <> NVL(:NEW.PARTNER_ID, 'NULL')
2025-08-13 04:50:26,815 - root - DEBUG - [test.py:143] - IF-ELSEIF-ELSE parsing complete
2025-08-13 04:50:26,815 - root - DEBUG - [test.py:36] - :NEW.PROPOSAL_STATUS_CD = C_PROPOSAL_STATUS_EVOLVED AND(:NEW.EVOLVED_THEME_NO IS NULL OR :NEW.EVOLVED_THEME_NO = :OLD.EVOLVED_THEME_NO) AND :NEW.MOLECULE_TYPE_ID = :OLD.MOLECULE_TYPE_ID AND :NEW.PHARMACOLOGICAL_TYPE_ID = :OLD.PHARMACOLOGICAL_TYPE_ID AND :NEW.PROPOSAL_NAME = :OLD.PROPOSAL_NAME
2025-08-13 04:50:26,815 - root - DEBUG - [test.py:36] - :NEW.PROPOSAL_STATUS_CD = C_PROPOSAL_STATUS_TERMINATED AND :OLD.PROPOSAL_STATUS_CD = C_PROPOSAL_STATUS_EVOLVED
2025-08-13 04:50:26,815 - root - DEBUG - [test.py:36] - :NEW.PROPOSAL_STATUS_CD = C_PROPOSAL_STATUS_ACTIVE AND :OLD.EVOLVED_THEME_NO IS NOT NULL
2025-08-13 04:50:26,815 - root - DEBUG - [test.py:36] - :NEW.EXPLORATORY_THEME_NO IS NULL AND :OLD.EXPLORATORY_THEME_NO IS NOT NULL
2025-08-13 04:50:26,815 - root - DEBUG - [test.py:36] - INSERTING
2025-08-13 04:50:26,815 - root - DEBUG - [test.py:36] - UPDATING
2025-08-13 04:50:26,815 - root - DEBUG - [test.py:36] - :NEW.PARTNER_ID IS NOT NULL
2025-08-13 04:50:26,815 - root - DEBUG - [test.py:36] - NVL(:OLD.PARTNER_ID, 'NULL') <> NVL(:NEW.PARTNER_ID, 'NULL')
2025-08-13 04:50:26,815 - root - DEBUG - [test.py:143] - IF-ELSEIF-ELSE parsing complete
2025-08-13 04:50:26,815 - root - DEBUG - [test.py:36] - :NEW.PROPOSAL_STATUS_CD = C_PROPOSAL_STATUS_EVOLVED AND(:NEW.EVOLVED_THEME_NO IS NULL OR :NEW.EVOLVED_THEME_NO = :OLD.EVOLVED_THEME_NO) AND :NEW.MOLECULE_TYPE_ID = :OLD.MOLECULE_TYPE_ID AND :NEW.PHARMACOLOGICAL_TYPE_ID = :OLD.PHARMACOLOGICAL_TYPE_ID AND :NEW.PROPOSAL_NAME = :OLD.PROPOSAL_NAME
2025-08-13 04:50:26,815 - root - DEBUG - [test.py:36] - :NEW.PROPOSAL_STATUS_CD = C_PROPOSAL_STATUS_TERMINATED AND :OLD.PROPOSAL_STATUS_CD = C_PROPOSAL_STATUS_EVOLVED
2025-08-13 04:50:26,815 - root - DEBUG - [test.py:36] - :NEW.PROPOSAL_STATUS_CD = C_PROPOSAL_STATUS_ACTIVE AND :OLD.EVOLVED_THEME_NO IS NOT NULL
2025-08-13 04:50:26,815 - root - DEBUG - [test.py:36] - :NEW.EXPLORATORY_THEME_NO IS NULL AND :OLD.EXPLORATORY_THEME_NO IS NOT NULL
2025-08-13 04:50:26,815 - root - DEBUG - [test.py:36] - INSERTING
2025-08-13 04:50:26,815 - root - DEBUG - [test.py:36] - UPDATING
2025-08-13 04:50:26,816 - root - DEBUG - [test.py:36] - :NEW.PARTNER_ID IS NOT NULL
2025-08-13 04:50:26,816 - root - DEBUG - [test.py:36] - NVL(:OLD.PARTNER_ID, 'NULL') <> NVL(:NEW.PARTNER_ID, 'NULL')
2025-08-13 04:50:26,816 - root - DEBUG - [test.py:143] - IF-ELSEIF-ELSE parsing complete
2025-08-13 04:50:26,816 - root - DEBUG - [test.py:36] - :NEW.PROPOSAL_STATUS_CD = C_PROPOSAL_STATUS_EVOLVED AND(:NEW.EVOLVED_THEME_NO IS NULL OR :NEW.EVOLVED_THEME_NO = :OLD.EVOLVED_THEME_NO) AND :NEW.MOLECULE_TYPE_ID = :OLD.MOLECULE_TYPE_ID AND :NEW.PHARMACOLOGICAL_TYPE_ID = :OLD.PHARMACOLOGICAL_TYPE_ID AND :NEW.PROPOSAL_NAME = :OLD.PROPOSAL_NAME
2025-08-13 04:50:26,816 - root - DEBUG - [test.py:36] - :NEW.PROPOSAL_STATUS_CD = C_PROPOSAL_STATUS_TERMINATED AND :OLD.PROPOSAL_STATUS_CD = C_PROPOSAL_STATUS_EVOLVED
2025-08-13 04:50:26,816 - root - DEBUG - [test.py:36] - :NEW.PROPOSAL_STATUS_CD = C_PROPOSAL_STATUS_ACTIVE AND :OLD.EVOLVED_THEME_NO IS NOT NULL
2025-08-13 04:50:26,816 - root - DEBUG - [test.py:36] - :NEW.EXPLORATORY_THEME_NO IS NULL AND :OLD.EXPLORATORY_THEME_NO IS NOT NULL
2025-08-13 04:50:26,816 - root - DEBUG - [test.py:36] - INSERTING
2025-08-13 04:50:26,816 - root - DEBUG - [test.py:36] - UPDATING
2025-08-13 04:50:26,816 - root - DEBUG - [test.py:36] - :NEW.PARTNER_ID IS NOT NULL
2025-08-13 04:50:26,816 - root - DEBUG - [test.py:36] - NVL(:OLD.PARTNER_ID, 'NULL') <> NVL(:NEW.PARTNER_ID, 'NULL')
2025-08-13 04:50:26,816 - root - DEBUG - [test.py:143] - IF-ELSEIF-ELSE parsing complete
