2025-08-13 04:44:32,065 - root - DEBUG - [test.py:51] - main
2025-08-13 04:44:32,065 - root - DEBUG - [test.py:51] - main.begin_end_statements
2025-08-13 04:44:32,065 - root - DEBUG - [test.py:36] - :NEW.IN_PREP_IND = 'Y'
2025-08-13 04:44:32,065 - root - DEBUG - [test.py:51] - main.begin_end_statements.then_statements
2025-08-13 04:44:32,065 - root - DEBUG - [test.py:36] - :NEW.PORTF_PROJ_CD <> 'Y'
2025-08-13 04:44:32,065 - root - DEBUG - [test.py:51] - main.begin_end_statements.then_statements.then_statements
2025-08-13 04:44:32,065 - root - DEBUG - [test.py:51] - main.begin_end_statements.then_statements.else_statements
2025-08-13 04:44:32,065 - root - DEBUG - [test.py:36] - :NEW.STATUS_DESC <> 'CLOSED' AND V_IS_ADMIN_CNT = 0
2025-08-13 04:44:32,123 - root - DEBUG - [test.py:51] - main.begin_end_statements.then_statements.then_statements
2025-08-13 04:44:32,123 - root - DEBUG - [test.py:51] - main.begin_end_statements.then_statements.else_statements
2025-08-13 04:44:32,123 - root - DEBUG - [test.py:36] - :NEW.MOLECULE_ID IS NULL
2025-08-13 04:44:32,123 - root - DEBUG - [test.py:51] - main.begin_end_statements.then_statements.then_statements
2025-08-13 04:44:32,123 - root - DEBUG - [test.py:51] - main.begin_end_statements.then_statements.else_statements
2025-08-13 04:44:32,123 - root - DEBUG - [test.py:51] - main.begin_end_statements.else_statements
2025-08-13 04:44:32,123 - root - DEBUG - [test.py:36] - :NEW.MOLECULE_ID IS NOT NULL
2025-08-13 04:44:32,124 - root - DEBUG - [test.py:51] - main.begin_end_statements.then_statements
2025-08-13 04:44:32,124 - root - DEBUG - [test.py:51] - main.begin_end_statements.then_statements.begin_end_statements
2025-08-13 04:44:32,124 - root - DEBUG - [test.py:51] - main.begin_end_statements.then_statements.exception_statements
2025-08-13 04:44:32,124 - root - DEBUG - [test.py:36] - V_MOLECULE_RG_NO IS NULL
2025-08-13 04:44:32,124 - root - DEBUG - [test.py:51] - main.begin_end_statements.then_statements.then_statements
2025-08-13 04:44:32,124 - root - DEBUG - [test.py:36] - V_COMPARATOR_IND = 'Y'
2025-08-13 04:44:32,124 - root - DEBUG - [test.py:51] - main.begin_end_statements.then_statements.then_statements.then_statements
2025-08-13 04:44:32,124 - root - DEBUG - [test.py:51] - main.begin_end_statements.then_statements.then_statements.else_statements
2025-08-13 04:44:32,124 - root - DEBUG - [test.py:51] - main.begin_end_statements.then_statements.else_statements
2025-08-13 04:44:32,124 - root - DEBUG - [test.py:51] - main.begin_end_statements.else_statements
2025-08-13 04:44:32,124 - root - DEBUG - [test.py:36] - :NEW.STATUS_DESC IS NOT NULL
2025-08-13 04:44:32,124 - root - DEBUG - [test.py:51] - main.begin_end_statements.then_statements
2025-08-13 04:44:32,124 - root - DEBUG - [test.py:51] - main.begin_end_statements.else_statements
2025-08-13 04:44:32,124 - root - DEBUG - [test.py:36] - :NEW.DBA_DESC_CONCAT IS NOT NULL
2025-08-13 04:44:32,124 - root - DEBUG - [test.py:51] - main.begin_end_statements.then_statements
2025-08-13 04:44:32,124 - root - DEBUG - [test.py:51] - main.begin_end_statements.else_statements
2025-08-13 04:44:32,124 - root - DEBUG - [test.py:36] - :NEW.OFFICIAL_IND = 'N'
2025-08-13 04:44:32,124 - root - DEBUG - [test.py:51] - main.begin_end_statements.then_statements
2025-08-13 04:44:32,124 - root - DEBUG - [test.py:51] - main.begin_end_statements.else_statements
2025-08-13 04:44:32,124 - root - DEBUG - [test.py:36] - :NEW.MANUAL_SHORT_DESC IS NULL AND LENGTH(V_THEME_DESC_PROPOSAL) > 30
2025-08-13 04:44:32,124 - root - DEBUG - [test.py:51] - main.begin_end_statements.then_statements
2025-08-13 04:44:32,124 - root - DEBUG - [test.py:51] - main.begin_end_statements.else_statements
2025-08-13 04:44:32,124 - root - DEBUG - [test.py:36] - INSERTING
2025-08-13 04:44:32,124 - root - DEBUG - [test.py:36] - UPDATING
2025-08-13 04:44:32,124 - root - DEBUG - [test.py:36] - DELETING
2025-08-13 04:44:32,124 - root - DEBUG - [test.py:51] - main.begin_end_statements.then_statements
2025-08-13 04:44:32,124 - root - DEBUG - [test.py:36] - :NEW.IN_PREP_IND = 'N' AND V_IS_ADMIN_CNT = 0
2025-08-13 04:44:32,125 - root - DEBUG - [test.py:51] - main.begin_end_statements.then_statements.then_statements
2025-08-13 04:44:32,125 - root - DEBUG - [test.py:51] - main.begin_end_statements.then_statements.else_statements
2025-08-13 04:44:32,125 - root - DEBUG - [test.py:36] - :NEW.PORTF_PROJ_CD = 'Y' AND :NEW.MOLECULE_ID IS NULL
2025-08-13 04:44:32,125 - root - DEBUG - [test.py:51] - main.begin_end_statements.then_statements.then_statements
2025-08-13 04:44:32,125 - root - DEBUG - [test.py:36] - NVL(:NEW.MANUAL_SHORT_DESC, :NEW.THEME_DESC_PROPOSAL) IS NULL
2025-08-13 04:44:32,125 - root - DEBUG - [test.py:51] - main.begin_end_statements.then_statements.then_statements.then_statements
2025-08-13 04:44:32,125 - root - DEBUG - [test.py:51] - main.begin_end_statements.then_statements.then_statements.else_statements
2025-08-13 04:44:32,125 - root - DEBUG - [test.py:51] - main.begin_end_statements.then_statements.else_statements
2025-08-13 04:44:32,125 - root - DEBUG - [test.py:36] - LENGTH(:NEW.THEME_NO)
