2025-08-11 08:36:02,139 - root - INFO - Starting batch conversion: SQL -> JSON -> SQL (Logging to output\oracle_conversion_20250811_083602.log)
2025-08-11 08:36:02,139 - root - INFO - Processing files from 'files/oracle' to 'files/format_json'
2025-08-11 08:36:02,140 - root - DEBUG - Found 3 files matching pattern: ['trigger1.sql', 'trigger2.sql', 'trigger3.sql']
2025-08-11 08:36:02,140 - root - DEBUG - Processing file: trigger1.sql
2025-08-11 08:36:02,140 - root - DEBUG - Extracted trigger number: 1
2025-08-11 08:36:02,140 - root - DEBUG - Read 29058 characters from files/oracle\trigger1.sql
2025-08-11 08:36:02,140 - root - DEBUG - Initializing OracleTriggerAnalyzer with 29058 characters of SQL
2025-08-11 08:36:02,141 - root - DEBUG - Starting SQL section parsing
2025-08-11 08:36:02,141 - root - DEBUG - Converting SQL content to structured lines
2025-08-11 08:36:02,142 - root - DEBUG - Structured lines conversion complete: 750 total, 213 with semicolons, 69 empty lines skipped
2025-08-11 08:36:02,142 - root - DEBUG - Block comment stripping complete: 0 comments extracted, 750 lines cleaned
2025-08-11 08:36:02,142 - root - DEBUG - Removed block comments from main section
2025-08-11 08:36:02,143 - root - DEBUG - Inline comment stripping complete: 63 comments extracted, 697 lines cleaned
2025-08-11 08:36:02,143 - root - DEBUG - Removed inline comments from main section
2025-08-11 08:36:02,143 - root - DEBUG - Found DECLARE at line 1
2025-08-11 08:36:02,143 - root - DEBUG - Found BEGIN at line 51
2025-08-11 08:36:02,143 - root - DEBUG - DECLARE section: lines 1-50
2025-08-11 08:36:02,143 - root - DEBUG - Main section: lines 51-819
2025-08-11 08:36:02,143 - root - DEBUG - Starting declaration parsing
2025-08-11 08:36:02,143 - root - DEBUG - Processed exception: INVALID_THEME_NO
2025-08-11 08:36:02,144 - root - DEBUG - Processed exception: DELETE_NO_MORE_POSSIBLE
2025-08-11 08:36:02,144 - root - DEBUG - Processed exception: THEME_NO_ONLY_INSERT
2025-08-11 08:36:02,144 - root - DEBUG - Processed exception: DESCRIPTION_TOO_LONG
2025-08-11 08:36:02,144 - root - DEBUG - Processed exception: THEME_DESC_PROPOSAL_TOO_LONG
2025-08-11 08:36:02,144 - root - DEBUG - Processed exception: THEME_DESC_ALT_TOO_LONG
2025-08-11 08:36:02,144 - root - DEBUG - Processed exception: THEME_NO_CANNOT_BE_INSERTED
2025-08-11 08:36:02,144 - root - DEBUG - Processed exception: ONLYONEOFFICIALCHANGEPERDAY
2025-08-11 08:36:02,144 - root - DEBUG - Processed exception: INSERTSMUSTBEOFFICIAL
2025-08-11 08:36:02,144 - root - DEBUG - Processed exception: THEMEDESCRIPTIONMANDATORY
2025-08-11 08:36:02,144 - root - DEBUG - Processed exception: THEME_DESC_NOT_UNIQUE
2025-08-11 08:36:02,144 - root - DEBUG - Processed exception: IN_PREP_NOT_PORTF_PROJ
2025-08-11 08:36:02,144 - root - DEBUG - Processed exception: IN_PREP_NOT_CLOSED
2025-08-11 08:36:02,144 - root - DEBUG - Processed exception: INVALID_MOLECULE_ID
2025-08-11 08:36:02,144 - root - DEBUG - Processed exception: SEC_MOL_LIST_NOT_EMPTY
2025-08-11 08:36:02,144 - root - DEBUG - Processed exception: ADMIN_UPDATE_ONLY
2025-08-11 08:36:02,144 - root - DEBUG - Processed exception: PORTF_PROJ_MOL_CRE_ERR
2025-08-11 08:36:02,144 - root - DEBUG - Processed exception: DEBUGGING
2025-08-11 08:36:02,144 - root - DEBUG - Processed variable: V_COUNTER
2025-08-11 08:36:02,144 - root - DEBUG - Processed variable: V_CODE
2025-08-11 08:36:02,144 - root - DEBUG - Processed variable: V_ODG_NO
2025-08-11 08:36:02,145 - root - DEBUG - Processed variable: V_RESGRP_CD
2025-08-11 08:36:02,145 - root - DEBUG - Processed variable: V_RESLIN_CD
2025-08-11 08:36:02,145 - root - DEBUG - Processed variable: V_STATUS_CD
2025-08-11 08:36:02,145 - root - DEBUG - Processed variable: V_DBA_CD
2025-08-11 08:36:02,145 - root - DEBUG - Processed variable: V_PORTF_PROJ_CD
2025-08-11 08:36:02,145 - root - DEBUG - Processed variable: V_DESCRIPTION
2025-08-11 08:36:02,145 - root - DEBUG - Processed variable: V_RESLIN_DESC
2025-08-11 08:36:02,145 - root - DEBUG - Processed variable: V_THEME_DESC_LENGTH
2025-08-11 08:36:02,145 - root - DEBUG - Processed variable: V_D_REGISTRAT_DATE
2025-08-11 08:36:02,145 - root - DEBUG - Processed variable: V_D_INS_DATE
2025-08-11 08:36:02,145 - root - DEBUG - Processed variable: V_FUTURE_REGISTRAT
2025-08-11 08:36:02,145 - root - DEBUG - Processed variable: V_VALID_TO
2025-08-11 08:36:02,145 - root - DEBUG - Processed variable: V_USERID
2025-08-11 08:36:02,145 - root - DEBUG - Processed variable: V_IS_ADMIN_CNT
2025-08-11 08:36:02,145 - root - DEBUG - Processed variable: V_SEC_MOL_CNT
2025-08-11 08:36:02,145 - root - DEBUG - Processed variable: V_MOLECULE_ID
2025-08-11 08:36:02,145 - root - DEBUG - Processed variable: V_MOLECULE_RG_NO
2025-08-11 08:36:02,145 - root - DEBUG - Processed variable: V_MOLEC_IN_LIC_PRTNR
2025-08-11 08:36:02,145 - root - DEBUG - Processed variable: V_NEW_RG_NO
2025-08-11 08:36:02,145 - root - DEBUG - Processed variable: V_COMPARATOR_IND
2025-08-11 08:36:02,145 - root - DEBUG - Processed variable: V_THEME_DESC_PROPOSAL
2025-08-11 08:36:02,145 - root - DEBUG - Processed variable: V_SHORT_NAME
2025-08-11 08:36:02,146 - root - DEBUG - Processed constant: C_MOLECULE_TYPE_ID
2025-08-11 08:36:02,146 - root - DEBUG - Processed constant: C_PHARMACOLOGICAL_TYPE_ID
2025-08-11 08:36:02,146 - root - DEBUG - Processed variable: V_EVOLVED_NMP_CNT
2025-08-11 08:36:02,146 - root - DEBUG - Processed variable: V_TRADEMARK_NO
2025-08-11 08:36:02,146 - root - DEBUG - Processed variable: V_MOLECULE_TYPE_ID
2025-08-11 08:36:02,146 - root - DEBUG - Processed variable: V_PHARMACOLOGICAL_TYPE_ID
2025-08-11 08:36:02,146 - root - DEBUG - Processing main section from lines 51-819
2025-08-11 08:36:02,146 - root - DEBUG - Main section processing complete: 0 lines extracted
2025-08-11 08:36:02,146 - root - DEBUG - Parsing BEGIN blocks for JSON conversion
2025-08-11 08:36:02,146 - root - DEBUG - Starting BEGIN block parsing
2025-08-11 08:36:02,146 - root - DEBUG - No main section lines to parse
2025-08-11 08:36:02,146 - root - DEBUG - Starting rule validation
2025-08-11 08:36:02,146 - root - DEBUG - Rule validation complete: found 0 violations
2025-08-11 08:36:02,147 - root - DEBUG - Generating JSON analysis...
2025-08-11 08:36:02,147 - root - INFO - JSON conversion complete: 29 vars, 2 consts, 18 excs, 0 main_blocks, 63 comments
2025-08-11 08:36:02,147 - root - DEBUG - Generated JSON with keys: ['declarations', 'main', 'sql_comments', 'conversion_stats', 'metadata']
2025-08-11 08:36:02,149 - root - DEBUG - Wrote analysis JSON to files/format_json\trigger1_analysis.json
2025-08-11 08:36:02,149 - root - INFO - Created trigger1_analysis.json
2025-08-11 08:36:02,149 - root - DEBUG - Processing file: trigger2.sql
2025-08-11 08:36:02,149 - root - DEBUG - Extracted trigger number: 2
2025-08-11 08:36:02,150 - root - DEBUG - Read 18805 characters from files/oracle\trigger2.sql
2025-08-11 08:36:02,150 - root - DEBUG - Initializing OracleTriggerAnalyzer with 18805 characters of SQL
2025-08-11 08:36:02,150 - root - DEBUG - Starting SQL section parsing
2025-08-11 08:36:02,150 - root - DEBUG - Converting SQL content to structured lines
2025-08-11 08:36:02,150 - root - DEBUG - Structured lines conversion complete: 422 total, 89 with semicolons, 43 empty lines skipped
2025-08-11 08:36:02,151 - root - DEBUG - Block comment stripping complete: 6 comments extracted, 364 lines cleaned
2025-08-11 08:36:02,151 - root - DEBUG - Removed block comments from main section
2025-08-11 08:36:02,151 - root - DEBUG - Inline comment stripping complete: 67 comments extracted, 315 lines cleaned
2025-08-11 08:36:02,152 - root - DEBUG - Removed inline comments from main section
2025-08-11 08:36:02,152 - root - DEBUG - Found DECLARE at line 1
2025-08-11 08:36:02,152 - root - DEBUG - Found BEGIN at line 18
2025-08-11 08:36:02,152 - root - DEBUG - DECLARE section: lines 1-17
2025-08-11 08:36:02,152 - root - DEBUG - Main section: lines 18-465
2025-08-11 08:36:02,152 - root - DEBUG - Starting declaration parsing
2025-08-11 08:36:02,153 - root - DEBUG - Processed exception: ERR_MAP_EXISTS
2025-08-11 08:36:02,153 - root - DEBUG - Processed exception: ERR_MOLEC_ID_MISSING
2025-08-11 08:36:02,153 - root - DEBUG - Processed exception: ERR_NO_PORTF_MOLECULE_LEFT
2025-08-11 08:36:02,153 - root - DEBUG - Processed exception: ERR_UPD_INV_MAP
2025-08-11 08:36:02,153 - root - DEBUG - Processed exception: ERR_INS_INV_MAP
2025-08-11 08:36:02,153 - root - DEBUG - Processed exception: ERR_INV_MOL_SEQUENCE
2025-08-11 08:36:02,153 - root - DEBUG - Processed exception: UPDATE_UPD
2025-08-11 08:36:02,153 - root - DEBUG - Processed variable: V_COUNT_T_MAPPINGS
2025-08-11 08:36:02,153 - root - DEBUG - Processed variable: V_COUNT_T_MOL_MAP
2025-08-11 08:36:02,154 - root - DEBUG - Processed variable: V_MOLECULE_SEQ_NO
2025-08-11 08:36:02,154 - root - DEBUG - Processed variable: V_SEQ_NO_DUPLICATE_CNT
2025-08-11 08:36:02,154 - root - DEBUG - Processed variable: INVALID_MAPPING_EXISTS
2025-08-11 08:36:02,154 - root - DEBUG - Processed variable: V_MANUAL_SHORT_DESC
2025-08-11 08:36:02,154 - root - DEBUG - Processing main section from lines 18-465
2025-08-11 08:36:02,154 - root - DEBUG - Main section processing complete: 0 lines extracted
2025-08-11 08:36:02,154 - root - DEBUG - Parsing BEGIN blocks for JSON conversion
2025-08-11 08:36:02,154 - root - DEBUG - Starting BEGIN block parsing
2025-08-11 08:36:02,154 - root - DEBUG - No main section lines to parse
2025-08-11 08:36:02,154 - root - DEBUG - Starting rule validation
2025-08-11 08:36:02,154 - root - DEBUG - Rule validation complete: found 0 violations
2025-08-11 08:36:02,154 - root - DEBUG - Generating JSON analysis...
2025-08-11 08:36:02,154 - root - INFO - JSON conversion complete: 6 vars, 0 consts, 7 excs, 0 main_blocks, 73 comments
2025-08-11 08:36:02,155 - root - DEBUG - Generated JSON with keys: ['declarations', 'main', 'sql_comments', 'conversion_stats', 'metadata']
2025-08-11 08:36:02,156 - root - DEBUG - Wrote analysis JSON to files/format_json\trigger2_analysis.json
2025-08-11 08:36:02,156 - root - INFO - Created trigger2_analysis.json
2025-08-11 08:36:02,156 - root - DEBUG - Processing file: trigger3.sql
2025-08-11 08:36:02,156 - root - DEBUG - Extracted trigger number: 3
2025-08-11 08:36:02,156 - root - DEBUG - Read 12985 characters from files/oracle\trigger3.sql
2025-08-11 08:36:02,156 - root - DEBUG - Initializing OracleTriggerAnalyzer with 12985 characters of SQL
2025-08-11 08:36:02,156 - root - DEBUG - Starting SQL section parsing
2025-08-11 08:36:02,156 - root - DEBUG - Converting SQL content to structured lines
2025-08-11 08:36:02,157 - root - DEBUG - Structured lines conversion complete: 244 total, 58 with semicolons, 21 empty lines skipped
2025-08-11 08:36:02,157 - root - DEBUG - Block comment stripping complete: 0 comments extracted, 244 lines cleaned
2025-08-11 08:36:02,157 - root - DEBUG - Removed block comments from main section
2025-08-11 08:36:02,157 - root - DEBUG - Inline comment stripping complete: 17 comments extracted, 227 lines cleaned
2025-08-11 08:36:02,157 - root - DEBUG - Removed inline comments from main section
2025-08-11 08:36:02,157 - root - DEBUG - Found DECLARE at line 1
2025-08-11 08:36:02,157 - root - DEBUG - Found BEGIN at line 14
2025-08-11 08:36:02,157 - root - DEBUG - DECLARE section: lines 1-13
2025-08-11 08:36:02,157 - root - DEBUG - Main section: lines 14-265
2025-08-11 08:36:02,157 - root - DEBUG - Starting declaration parsing
2025-08-11 08:36:02,157 - root - DEBUG - Processed variable: V_TRIGGER_NAME
2025-08-11 08:36:02,157 - root - DEBUG - Processed variable: CNTR
2025-08-11 08:36:02,157 - root - DEBUG - Processed exception: ERR_UPD
2025-08-11 08:36:02,157 - root - DEBUG - Processed exception: ERR_INS
2025-08-11 08:36:02,157 - root - DEBUG - Processed exception: ERR_CTRY_CHG
2025-08-11 08:36:02,157 - root - DEBUG - Processed exception: ERR_NOT_ALLOWED_TO_INVALIDATE
2025-08-11 08:36:02,158 - root - DEBUG - Processed variable: V_USERID
2025-08-11 08:36:02,158 - root - DEBUG - Processed exception: TEST_ERR
2025-08-11 08:36:02,158 - root - DEBUG - Processed variable: V_COUNTRY_CD
2025-08-11 08:36:02,158 - root - DEBUG - Processed variable: V_COMPANY_TYPE_CD
2025-08-11 08:36:02,158 - root - DEBUG - Processed exception: ERR_INS_LEGAL_ADDR
2025-08-11 08:36:02,158 - root - DEBUG - Processed variable: V_VALID_FROM
2025-08-11 08:36:02,158 - root - DEBUG - Processing main section from lines 14-265
2025-08-11 08:36:02,158 - root - DEBUG - Main section processing complete: 0 lines extracted
2025-08-11 08:36:02,158 - root - DEBUG - Parsing BEGIN blocks for JSON conversion
2025-08-11 08:36:02,158 - root - DEBUG - Starting BEGIN block parsing
2025-08-11 08:36:02,158 - root - DEBUG - No main section lines to parse
2025-08-11 08:36:02,158 - root - DEBUG - Starting rule validation
2025-08-11 08:36:02,158 - root - DEBUG - Rule validation complete: found 0 violations
2025-08-11 08:36:02,158 - root - DEBUG - Generating JSON analysis...
2025-08-11 08:36:02,158 - root - INFO - JSON conversion complete: 6 vars, 0 consts, 6 excs, 0 main_blocks, 17 comments
2025-08-11 08:36:02,158 - root - DEBUG - Generated JSON with keys: ['declarations', 'main', 'sql_comments', 'conversion_stats', 'metadata']
2025-08-11 08:36:02,159 - root - DEBUG - Wrote analysis JSON to files/format_json\trigger3_analysis.json
2025-08-11 08:36:02,159 - root - INFO - Created trigger3_analysis.json
2025-08-11 08:36:02,159 - root - INFO - JSON conversion complete!
