2025-08-28 06:51:19,826 - root - DEBUG - [common.py:105] - Loading function_mappings from Excel file: utilities/oracle_postgresql_mappings.xlsx
2025-08-28 06:51:20,163 - root - DEBUG - [common.py:105] - Loaded 116 function_mappings mappings from Excel
2025-08-28 06:51:20,163 - root - DEBUG - [common.py:105] - Loading data_type_mappings from Excel file: utilities/oracle_postgresql_mappings.xlsx
2025-08-28 06:51:20,176 - root - DEBUG - [common.py:105] - Loaded 42 data_type_mappings mappings from Excel
2025-08-28 06:51:20,176 - root - DEBUG - [common.py:105] - Loading exception_mappings from Excel file: utilities/oracle_postgresql_mappings.xlsx
2025-08-28 06:51:20,189 - root - DEBUG - [common.py:105] - Loaded 52 exception_mappings mappings from Excel
2025-08-28 06:51:20,190 - utilities.FormatSQL - DEBUG - [FormatSQL.py:92] - FORMATOracleTriggerAnalyzer initialized successfully
2025-08-28 06:51:20,192 - root - DEBUG - [common.py:105] - Loading function_mappings from Excel file: utilities/oracle_postgresql_mappings.xlsx
2025-08-28 06:51:20,204 - root - DEBUG - [common.py:105] - Loaded 116 function_mappings mappings from Excel
2025-08-28 06:51:20,204 - root - DEBUG - [common.py:105] - Loading data_type_mappings from Excel file: utilities/oracle_postgresql_mappings.xlsx
2025-08-28 06:51:20,221 - root - DEBUG - [common.py:105] - Loaded 42 data_type_mappings mappings from Excel
2025-08-28 06:51:20,221 - root - DEBUG - [common.py:105] - Loading exception_mappings from Excel file: utilities/oracle_postgresql_mappings.xlsx
2025-08-28 06:51:20,238 - root - DEBUG - [common.py:105] - Loaded 52 exception_mappings mappings from Excel
2025-08-28 06:51:20,238 - utilities.FormatSQL - DEBUG - [FormatSQL.py:92] - FORMATOracleTriggerAnalyzer initialized successfully
2025-08-28 06:51:20,238 - utilities.FormatSQL - DEBUG - [FormatSQL.py:242] - SQL generation: Converting JSON analysis to formatted Oracle SQL
2025-08-28 06:51:20,238 - root - DEBUG - [common.py:105] - Analysis contains 1 variables, 0 constants, 0 exceptions
2025-08-28 06:51:20,238 - root - DEBUG - [common.py:105] - Adding header comments with timestamp for Oracle
2025-08-28 06:51:20,239 - root - DEBUG - [common.py:105] - Starting declarations section rendering
2025-08-28 06:51:20,239 - utilities.FormatSQL - DEBUG - [FormatSQL.py:299] - === Rendering Oracle declarations ===
2025-08-28 06:51:20,239 - utilities.FormatSQL - DEBUG - [FormatSQL.py:309] - Rendering 1 variables
2025-08-28 06:51:20,239 - utilities.FormatSQL - DEBUG - [FormatSQL.py:390] - === Oracle declarations complete ===
2025-08-28 06:51:20,239 - root - DEBUG - [common.py:105] - Generated 2 lines of declarations
2025-08-28 06:51:20,239 - root - DEBUG - [common.py:105] - Declarations rendering took 0.000s
2025-08-28 06:51:20,239 - root - DEBUG - [common.py:105] - Starting main execution block rendering
2025-08-28 06:51:20,239 - utilities.FormatSQL - DEBUG - [FormatSQL.py:409] - === Rendering main block for Oracle ===
2025-08-28 06:51:20,239 - utilities.FormatSQL - DEBUG - [FormatSQL.py:418] - Processing 1 statements in main block
2025-08-28 06:51:20,239 - utilities.FormatSQL - DEBUG - [FormatSQL.py:468] - Rendering statement type: assignment
2025-08-28 06:51:20,239 - utilities.FormatSQL - DEBUG - [FormatSQL.py:438] - === Main block complete for Oracle ===
2025-08-28 06:51:20,239 - root - DEBUG - [common.py:105] - Generated 3 lines in main execution block
2025-08-28 06:51:20,239 - root - DEBUG - [common.py:105] - Main block rendering took 0.000s
2025-08-28 06:51:20,239 - root - DEBUG - [common.py:105] - Adding footer comments
2025-08-28 06:51:20,239 - root - DEBUG - [common.py:105] - Final SQL contains 11 lines, 181 characters
2025-08-28 06:51:20,239 - root - DEBUG - [common.py:105] - Oracle SQL generation: 11 lines generated in 0.001s
2025-08-28 06:51:20,240 - root - DEBUG - [common.py:105] - Loading function_mappings from Excel file: utilities/oracle_postgresql_mappings.xlsx
2025-08-28 06:51:20,257 - root - DEBUG - [common.py:105] - Loaded 116 function_mappings mappings from Excel
2025-08-28 06:51:20,257 - root - DEBUG - [common.py:105] - Loading data_type_mappings from Excel file: utilities/oracle_postgresql_mappings.xlsx
2025-08-28 06:51:20,275 - root - DEBUG - [common.py:105] - Loaded 42 data_type_mappings mappings from Excel
2025-08-28 06:51:20,275 - root - DEBUG - [common.py:105] - Loading exception_mappings from Excel file: utilities/oracle_postgresql_mappings.xlsx
2025-08-28 06:51:20,295 - root - DEBUG - [common.py:105] - Loaded 52 exception_mappings mappings from Excel
2025-08-28 06:51:20,295 - utilities.FormatSQL - DEBUG - [FormatSQL.py:92] - FORMATOracleTriggerAnalyzer initialized successfully
2025-08-28 06:51:20,295 - utilities.FormatSQL - DEBUG - [FormatSQL.py:242] - SQL generation: Converting JSON analysis to formatted PostgreSQL SQL
2025-08-28 06:51:20,295 - root - DEBUG - [common.py:105] - Analysis contains 1 variables, 0 constants, 0 exceptions
2025-08-28 06:51:20,295 - root - DEBUG - [common.py:105] - Adding header comments with timestamp for PostgreSQL
2025-08-28 06:51:20,295 - root - DEBUG - [common.py:105] - Starting declarations section rendering
2025-08-28 06:51:20,295 - utilities.FormatSQL - DEBUG - [FormatSQL.py:299] - === Rendering PostgreSQL declarations ===
2025-08-28 06:51:20,295 - utilities.FormatSQL - DEBUG - [FormatSQL.py:351] - Rendering 1 variables
2025-08-28 06:51:20,295 - utilities.FormatSQL - DEBUG - [FormatSQL.py:390] - === PostgreSQL declarations complete ===
2025-08-28 06:51:20,296 - root - DEBUG - [common.py:105] - Generated 3 lines of declarations
2025-08-28 06:51:20,296 - root - DEBUG - [common.py:105] - Declarations rendering took 0.000s
2025-08-28 06:51:20,296 - root - DEBUG - [common.py:105] - Starting main execution block rendering
2025-08-28 06:51:20,296 - utilities.FormatSQL - DEBUG - [FormatSQL.py:409] - === Rendering main block for PostgreSQL ===
2025-08-28 06:51:20,296 - utilities.FormatSQL - DEBUG - [FormatSQL.py:418] - Processing 1 statements in main block
2025-08-28 06:51:20,296 - utilities.FormatSQL - DEBUG - [FormatSQL.py:468] - Rendering statement type: assignment
2025-08-28 06:51:20,300 - utilities.FormatSQL - ERROR - [FormatSQL.py:503] - Error rendering statement type 'assignment': decoding to str: need a bytes-like object, float found
2025-08-28 06:51:20,300 - utilities.FormatSQL - DEBUG - [FormatSQL.py:438] - === Main block complete for PostgreSQL ===
2025-08-28 06:51:20,300 - root - DEBUG - [common.py:105] - Generated 4 lines in main execution block
2025-08-28 06:51:20,300 - root - DEBUG - [common.py:105] - Main block rendering took 0.005s
2025-08-28 06:51:20,300 - root - DEBUG - [common.py:105] - Adding footer comments
2025-08-28 06:51:20,300 - root - DEBUG - [common.py:105] - Final SQL contains 13 lines, 282 characters
2025-08-28 06:51:20,301 - root - DEBUG - [common.py:105] - PostgreSQL SQL generation: 13 lines generated in 0.005s
