2025-08-22 05:52:08,707 - root - DEBUG - [common.py:104] - Starting main conversion workflow
2025-08-22 05:52:08,708 - root - INFO - [common.py:109] - === Starting Oracle Trigger Conversion Process ===
2025-08-22 05:52:08,708 - root - INFO - [common.py:109] - Logging to: output\oracle_conversion_20250822_055208.log
2025-08-22 05:52:08,709 - root - DEBUG - [common.py:104] - Logging system initialized
2025-08-22 05:52:08,709 - root - INFO - [common.py:109] - Step 1: Converting Oracle SQL files to JSON analysis...
2025-08-22 05:52:08,709 - root - DEBUG - [common.py:104] - Starting Step 1: Oracle SQL → JSON conversion
2025-08-22 05:52:08,709 - root - INFO - [common.py:109] - === Starting Oracle triggers to JSON conversion ===
2025-08-22 05:52:08,711 - root - DEBUG - [common.py:104] - Workflow Phase 1: Convert Oracle SQL files to JSON analysis structure
2025-08-22 05:52:08,711 - root - DEBUG - [common.py:104] - Source directory: files/oracle
2025-08-22 05:52:08,711 - root - DEBUG - [common.py:104] - Target directory: files/format_json
2025-08-22 05:52:08,711 - root - INFO - [common.py:109] - === Starting file processing ===
2025-08-22 05:52:08,711 - root - INFO - [common.py:109] - Source directory: 'files/oracle'
2025-08-22 05:52:08,711 - root - INFO - [common.py:109] - Target directory: 'files/format_json'
2025-08-22 05:52:08,711 - root - INFO - [common.py:109] - File pattern: '.sql'
2025-08-22 05:52:08,711 - root - INFO - [common.py:109] - Output suffix: '_analysis.json'
2025-08-22 05:52:08,712 - root - DEBUG - [common.py:104] - Ensuring target directory exists...
2025-08-22 05:52:08,712 - root - DEBUG - [common.py:104] - Directory already exists: files/format_json
2025-08-22 05:52:08,712 - root - DEBUG - [common.py:104] - Found 8 files in source directory
2025-08-22 05:52:08,712 - root - DEBUG - [common.py:104] - Files matching pattern '.sql': ['aaa.sql', 'bbb.sql', 'trigger1.sql', 'trigger2.sql', 'trigger3.sql', 'trigger4.sql', 'trigger5.sql', 'trigger6.sql']
2025-08-22 05:52:08,712 - root - DEBUG - [common.py:104] - === Processing file 1/8: aaa.sql ===
2025-08-22 05:52:08,712 - root - DEBUG - [common.py:104] - Source path: files/oracle\aaa.sql
2025-08-22 05:52:08,712 - root - DEBUG - [common.py:104] - Output path: files/format_json\aaa_analysis.json
2025-08-22 05:52:08,713 - root - DEBUG - [common.py:104] - === SQL to JSON processing for trigger aaa.sql ===
2025-08-22 05:52:08,713 - root - DEBUG - [common.py:104] - Reading SQL file: files/oracle\aaa.sql
2025-08-22 05:52:08,713 - root - DEBUG - [common.py:104] - Successfully read 15624 characters from files/oracle\aaa.sql
2025-08-22 05:52:08,713 - root - DEBUG - [common.py:104] - Creating OracleTriggerAnalyzer instance...
2025-08-22 05:52:08,713 - root - DEBUG - [common.py:104] - Initializing OracleTriggerAnalyzer with 15624 characters of SQL
2025-08-22 05:52:08,713 - root - DEBUG - [OracleTriggerAnalyzer.py:68] - structured lines conversion 0 lines processed
2025-08-22 05:52:08,713 - root - DEBUG - [OracleTriggerAnalyzer.py:73] - SQL section parsing
2025-08-22 05:52:08,713 - root - DEBUG - [OracleTriggerAnalyzer.py:287] - structured lines conversion
2025-08-22 05:52:08,714 - root - DEBUG - [common.py:104] - Converting SQL content to structured lines
2025-08-22 05:52:08,714 - root - DEBUG - [common.py:104] - Structured lines conversion complete: 334 total, 98 with semicolons, 35 empty lines skipped
2025-08-22 05:52:08,714 - root - DEBUG - [OracleTriggerAnalyzer.py:289] - structured lines conversion
2025-08-22 05:52:08,715 - root - DEBUG - [OracleTriggerAnalyzer.py:218] - Block comment stripping complete: 0 comments extracted, 334 lines cleaned
2025-08-22 05:52:08,715 - root - DEBUG - [OracleTriggerAnalyzer.py:293] - Removed block comments from main section
2025-08-22 05:52:08,715 - root - DEBUG - [OracleTriggerAnalyzer.py:266] - Inline comment stripping complete: 19 comments extracted, 317 lines cleaned
2025-08-22 05:52:08,715 - root - DEBUG - [OracleTriggerAnalyzer.py:297] - Removed inline comments from main section
2025-08-22 05:52:08,715 - root - DEBUG - [OracleTriggerAnalyzer.py:310] - Found DECLARE at line 1
2025-08-22 05:52:08,715 - root - DEBUG - [OracleTriggerAnalyzer.py:314] - Found BEGIN at line 23
2025-08-22 05:52:08,715 - root - DEBUG - [OracleTriggerAnalyzer.py:318] - Found END at line 29
2025-08-22 05:52:08,715 - root - DEBUG - [OracleTriggerAnalyzer.py:318] - Found END at line 369
2025-08-22 05:52:08,715 - root - DEBUG - [OracleTriggerAnalyzer.py:324] - DECLARE section: lines 1-22
2025-08-22 05:52:08,715 - root - DEBUG - [OracleTriggerAnalyzer.py:331] - Main section: lines 23-369
2025-08-22 05:52:08,715 - root - DEBUG - [OracleTriggerAnalyzer.py:359] - Starting declaration parsing
2025-08-22 05:52:08,715 - root - DEBUG - [OracleTriggerAnalyzer.py:419] - Processed constant: V_TRIGGER_NAME
2025-08-22 05:52:08,715 - root - DEBUG - [OracleTriggerAnalyzer.py:403] - Processed variable: CNTR
2025-08-22 05:52:08,716 - root - DEBUG - [OracleTriggerAnalyzer.py:435] - Processed exception: ERR_INS
2025-08-22 05:52:08,716 - root - DEBUG - [OracleTriggerAnalyzer.py:435] - Processed exception: ERR_DEL
2025-08-22 05:52:08,716 - root - DEBUG - [OracleTriggerAnalyzer.py:435] - Processed exception: ERR_UPD
2025-08-22 05:52:08,716 - root - DEBUG - [OracleTriggerAnalyzer.py:403] - Processed variable: V_USERID
2025-08-22 05:52:08,716 - root - DEBUG - [OracleTriggerAnalyzer.py:403] - Processed variable: V_REPORTING_ENTITY_CD
2025-08-22 05:52:08,716 - root - DEBUG - [OracleTriggerAnalyzer.py:403] - Processed variable: V_LEGAL_COMPANY_CD
2025-08-22 05:52:08,716 - root - DEBUG - [OracleTriggerAnalyzer.py:403] - Processed variable: V_OLD_LEGAL_COMPANY_CD
2025-08-22 05:52:08,716 - root - DEBUG - [OracleTriggerAnalyzer.py:403] - Processed variable: V_REP_CBC_FLAG
2025-08-22 05:52:08,716 - root - DEBUG - [OracleTriggerAnalyzer.py:435] - Processed exception: ERR_VALID_FROM_DATE
2025-08-22 05:52:08,716 - root - DEBUG - [OracleTriggerAnalyzer.py:435] - Processed exception: RU_NOT_IN_CBC_SCOPE
2025-08-22 05:52:08,716 - root - DEBUG - [OracleTriggerAnalyzer.py:435] - Processed exception: ERR_NO_ADR
2025-08-22 05:52:08,716 - root - DEBUG - [OracleTriggerAnalyzer.py:435] - Processed exception: ERR_CPY_STILL_IN_SCOPE
2025-08-22 05:52:08,716 - root - DEBUG - [OracleTriggerAnalyzer.py:435] - Processed exception: CPY_IN_USE
2025-08-22 05:52:08,716 - root - DEBUG - [OracleTriggerAnalyzer.py:435] - Processed exception: INVALID_LEGAL_COMP
2025-08-22 05:52:08,716 - root - DEBUG - [OracleTriggerAnalyzer.py:435] - Processed exception: ERR_CPY_STILL_IN_MFR
2025-08-22 05:52:08,716 - root - DEBUG - [OracleTriggerAnalyzer.py:435] - Processed exception: ERR_ASSOC_ENT_NOT_ALLOWED_FOR_CBC
2025-08-22 05:52:08,716 - root - DEBUG - [OracleTriggerAnalyzer.py:403] - Processed variable: V_ADDR_VALID_FROM_DATE
2025-08-22 05:52:08,716 - root - DEBUG - [OracleTriggerAnalyzer.py:403] - Processed variable: V_COUNTRY_CD
2025-08-22 05:52:08,716 - root - DEBUG - [OracleTriggerAnalyzer.py:403] - Processed variable: V_COMPANY_CODES_LIST
2025-08-22 05:52:08,716 - root - DEBUG - [common.py:104] - Processing main section from lines 23 to 369
2025-08-22 05:52:08,717 - root - DEBUG - [OracleTriggerAnalyzer.py:695] - Starting top-level BEGIN blocks parsing
2025-08-22 05:52:08,717 - root - DEBUG - [OracleTriggerAnalyzer.py:745] - Begin line: {'indent': 4, 'line': '    BEGIN', 'line_no': 24, 'is_end_semicolon': False} 0
2025-08-22 05:52:08,717 - root - DEBUG - [OracleTriggerAnalyzer.py:752] - Exception line: {'indent': 4, 'line': '    EXCEPTION', 'line_no': 26, 'is_end_semicolon': False} 2
2025-08-22 05:52:08,717 - root - DEBUG - [OracleTriggerAnalyzer.py:758] - End line: {'indent': 4, 'line': '    END;', 'line_no': 29, 'is_end_semicolon': True} 5
2025-08-22 05:52:08,717 - root - DEBUG - [OracleTriggerAnalyzer.py:75] - SQL section parsing
2025-08-22 05:52:08,717 - root - DEBUG - [OracleTriggerAnalyzer.py:78] - OracleTriggerAnalyzer initialization 0.0039861202239990234 seconds
2025-08-22 05:52:08,717 - root - DEBUG - [common.py:104] - OracleTriggerAnalyzer created successfully
2025-08-22 05:52:08,717 - root - DEBUG - [common.py:104] - Generating JSON analysis...
2025-08-22 05:52:08,717 - root - DEBUG - [OracleTriggerAnalyzer.py:882] - JSON conversion complete: 9 vars, 1 consts, 11 excs, 19 comments
2025-08-22 05:52:08,717 - root - DEBUG - [common.py:104] - JSON analysis generated successfully
2025-08-22 05:52:08,718 - root - DEBUG - [common.py:104] - Generated JSON with keys: ['declarations', 'main', 'sql_comments', 'rest_strings', 'conversion_stats', 'metadata']
2025-08-22 05:52:08,718 - root - DEBUG - [common.py:104] - Analysis statistics: 9 vars, 1 consts, 11 excs, 19 comments
2025-08-22 05:52:08,718 - root - DEBUG - [common.py:104] - Writing analysis JSON to: files/format_json\aaa_analysis.json
2025-08-22 05:52:08,726 - root - DEBUG - [common.py:104] - Successfully wrote analysis JSON to files/format_json\aaa_analysis.json
2025-08-22 05:52:08,726 - root - DEBUG - [common.py:104] - === SQL to JSON processing complete for trigger aaa.sql ===
2025-08-22 05:52:08,726 - root - DEBUG - [common.py:104] - ✓ Created aaa_analysis.json
2025-08-22 05:52:08,726 - root - DEBUG - [common.py:104] - === Processing file 2/8: bbb.sql ===
2025-08-22 05:52:08,726 - root - DEBUG - [common.py:104] - Source path: files/oracle\bbb.sql
2025-08-22 05:52:08,726 - root - DEBUG - [common.py:104] - Output path: files/format_json\bbb_analysis.json
2025-08-22 05:52:08,726 - root - DEBUG - [common.py:104] - === SQL to JSON processing for trigger bbb.sql ===
2025-08-22 05:52:08,726 - root - DEBUG - [common.py:104] - Reading SQL file: files/oracle\bbb.sql
2025-08-22 05:52:08,727 - root - DEBUG - [common.py:104] - Successfully read 13275 characters from files/oracle\bbb.sql
2025-08-22 05:52:08,727 - root - DEBUG - [common.py:104] - Creating OracleTriggerAnalyzer instance...
2025-08-22 05:52:08,727 - root - DEBUG - [common.py:104] - Initializing OracleTriggerAnalyzer with 13275 characters of SQL
2025-08-22 05:52:08,727 - root - DEBUG - [OracleTriggerAnalyzer.py:68] - structured lines conversion 0 lines processed
2025-08-22 05:52:08,727 - root - DEBUG - [OracleTriggerAnalyzer.py:73] - SQL section parsing
2025-08-22 05:52:08,727 - root - DEBUG - [OracleTriggerAnalyzer.py:287] - structured lines conversion
2025-08-22 05:52:08,727 - root - DEBUG - [common.py:104] - Converting SQL content to structured lines
2025-08-22 05:52:08,728 - root - DEBUG - [common.py:104] - Structured lines conversion complete: 252 total, 58 with semicolons, 21 empty lines skipped
2025-08-22 05:52:08,728 - root - DEBUG - [OracleTriggerAnalyzer.py:289] - structured lines conversion
2025-08-22 05:52:08,728 - root - DEBUG - [OracleTriggerAnalyzer.py:218] - Block comment stripping complete: 0 comments extracted, 252 lines cleaned
2025-08-22 05:52:08,728 - root - DEBUG - [OracleTriggerAnalyzer.py:293] - Removed block comments from main section
2025-08-22 05:52:08,729 - root - DEBUG - [OracleTriggerAnalyzer.py:266] - Inline comment stripping complete: 17 comments extracted, 235 lines cleaned
2025-08-22 05:52:08,729 - root - DEBUG - [OracleTriggerAnalyzer.py:297] - Removed inline comments from main section
2025-08-22 05:52:08,729 - root - DEBUG - [OracleTriggerAnalyzer.py:310] - Found DECLARE at line 1
2025-08-22 05:52:08,729 - root - DEBUG - [OracleTriggerAnalyzer.py:314] - Found BEGIN at line 14
2025-08-22 05:52:08,729 - root - DEBUG - [OracleTriggerAnalyzer.py:318] - Found END at line 20
2025-08-22 05:52:08,729 - root - DEBUG - [OracleTriggerAnalyzer.py:318] - Found END at line 273
2025-08-22 05:52:08,729 - root - DEBUG - [OracleTriggerAnalyzer.py:324] - DECLARE section: lines 1-13
2025-08-22 05:52:08,729 - root - DEBUG - [OracleTriggerAnalyzer.py:331] - Main section: lines 14-273
2025-08-22 05:52:08,730 - root - DEBUG - [OracleTriggerAnalyzer.py:359] - Starting declaration parsing
2025-08-22 05:52:08,730 - root - DEBUG - [OracleTriggerAnalyzer.py:403] - Processed variable: V_TRIGGER_NAME
2025-08-22 05:52:08,730 - root - DEBUG - [OracleTriggerAnalyzer.py:403] - Processed variable: CNTR
2025-08-22 05:52:08,730 - root - DEBUG - [OracleTriggerAnalyzer.py:435] - Processed exception: ERR_UPD
2025-08-22 05:52:08,730 - root - DEBUG - [OracleTriggerAnalyzer.py:435] - Processed exception: ERR_INS
2025-08-22 05:52:08,730 - root - DEBUG - [OracleTriggerAnalyzer.py:435] - Processed exception: ERR_CTRY_CHG
2025-08-22 05:52:08,730 - root - DEBUG - [OracleTriggerAnalyzer.py:435] - Processed exception: ERR_NOT_ALLOWED_TO_INVALIDATE
2025-08-22 05:52:08,730 - root - DEBUG - [OracleTriggerAnalyzer.py:403] - Processed variable: V_USERID
2025-08-22 05:52:08,730 - root - DEBUG - [OracleTriggerAnalyzer.py:435] - Processed exception: TEST_ERR
2025-08-22 05:52:08,730 - root - DEBUG - [OracleTriggerAnalyzer.py:403] - Processed variable: V_COUNTRY_CD
2025-08-22 05:52:08,730 - root - DEBUG - [OracleTriggerAnalyzer.py:403] - Processed variable: V_COMPANY_TYPE_CD
2025-08-22 05:52:08,730 - root - DEBUG - [OracleTriggerAnalyzer.py:435] - Processed exception: ERR_INS_LEGAL_ADDR
2025-08-22 05:52:08,730 - root - DEBUG - [OracleTriggerAnalyzer.py:403] - Processed variable: V_VALID_FROM
2025-08-22 05:52:08,730 - root - DEBUG - [common.py:104] - Processing main section from lines 14 to 273
2025-08-22 05:52:08,730 - root - DEBUG - [OracleTriggerAnalyzer.py:695] - Starting top-level BEGIN blocks parsing
2025-08-22 05:52:08,730 - root - DEBUG - [OracleTriggerAnalyzer.py:745] - Begin line: {'indent': 4, 'line': '    BEGIN', 'line_no': 15, 'is_end_semicolon': False} 0
2025-08-22 05:52:08,730 - root - DEBUG - [OracleTriggerAnalyzer.py:752] - Exception line: {'indent': 4, 'line': '    EXCEPTION', 'line_no': 17, 'is_end_semicolon': False} 2
2025-08-22 05:52:08,731 - root - DEBUG - [OracleTriggerAnalyzer.py:758] - End line: {'indent': 4, 'line': '    END;', 'line_no': 20, 'is_end_semicolon': True} 5
2025-08-22 05:52:08,731 - root - DEBUG - [OracleTriggerAnalyzer.py:75] - SQL section parsing
2025-08-22 05:52:08,731 - root - DEBUG - [OracleTriggerAnalyzer.py:78] - OracleTriggerAnalyzer initialization 0.0040130615234375 seconds
2025-08-22 05:52:08,731 - root - DEBUG - [common.py:104] - OracleTriggerAnalyzer created successfully
2025-08-22 05:52:08,731 - root - DEBUG - [common.py:104] - Generating JSON analysis...
2025-08-22 05:52:08,731 - root - DEBUG - [OracleTriggerAnalyzer.py:882] - JSON conversion complete: 6 vars, 0 consts, 6 excs, 17 comments
2025-08-22 05:52:08,731 - root - DEBUG - [common.py:104] - JSON analysis generated successfully
2025-08-22 05:52:08,731 - root - DEBUG - [common.py:104] - Generated JSON with keys: ['declarations', 'main', 'sql_comments', 'rest_strings', 'conversion_stats', 'metadata']
2025-08-22 05:52:08,732 - root - DEBUG - [common.py:104] - Analysis statistics: 6 vars, 0 consts, 6 excs, 17 comments
2025-08-22 05:52:08,732 - root - DEBUG - [common.py:104] - Writing analysis JSON to: files/format_json\bbb_analysis.json
2025-08-22 05:52:08,736 - root - DEBUG - [common.py:104] - Successfully wrote analysis JSON to files/format_json\bbb_analysis.json
2025-08-22 05:52:08,736 - root - DEBUG - [common.py:104] - === SQL to JSON processing complete for trigger bbb.sql ===
2025-08-22 05:52:08,736 - root - DEBUG - [common.py:104] - ✓ Created bbb_analysis.json
2025-08-22 05:52:08,736 - root - DEBUG - [common.py:104] - === Processing file 3/8: trigger1.sql ===
2025-08-22 05:52:08,736 - root - DEBUG - [common.py:104] - Source path: files/oracle\trigger1.sql
2025-08-22 05:52:08,736 - root - DEBUG - [common.py:104] - Output path: files/format_json\trigger1_analysis.json
2025-08-22 05:52:08,736 - root - DEBUG - [common.py:104] - === SQL to JSON processing for trigger trigger1.sql ===
2025-08-22 05:52:08,736 - root - DEBUG - [common.py:104] - Reading SQL file: files/oracle\trigger1.sql
2025-08-22 05:52:08,737 - root - DEBUG - [common.py:104] - Successfully read 29712 characters from files/oracle\trigger1.sql
2025-08-22 05:52:08,737 - root - DEBUG - [common.py:104] - Creating OracleTriggerAnalyzer instance...
2025-08-22 05:52:08,737 - root - DEBUG - [common.py:104] - Initializing OracleTriggerAnalyzer with 29712 characters of SQL
2025-08-22 05:52:08,737 - root - DEBUG - [OracleTriggerAnalyzer.py:68] - structured lines conversion 0 lines processed
2025-08-22 05:52:08,737 - root - DEBUG - [OracleTriggerAnalyzer.py:73] - SQL section parsing
2025-08-22 05:52:08,737 - root - DEBUG - [OracleTriggerAnalyzer.py:287] - structured lines conversion
2025-08-22 05:52:08,737 - root - DEBUG - [common.py:104] - Converting SQL content to structured lines
2025-08-22 05:52:08,738 - root - DEBUG - [common.py:104] - Structured lines conversion complete: 800 total, 213 with semicolons, 69 empty lines skipped
2025-08-22 05:52:08,738 - root - DEBUG - [OracleTriggerAnalyzer.py:289] - structured lines conversion
2025-08-22 05:52:08,739 - root - DEBUG - [OracleTriggerAnalyzer.py:218] - Block comment stripping complete: 0 comments extracted, 800 lines cleaned
2025-08-22 05:52:08,739 - root - DEBUG - [OracleTriggerAnalyzer.py:293] - Removed block comments from main section
2025-08-22 05:52:08,739 - root - DEBUG - [OracleTriggerAnalyzer.py:266] - Inline comment stripping complete: 63 comments extracted, 747 lines cleaned
2025-08-22 05:52:08,739 - root - DEBUG - [OracleTriggerAnalyzer.py:297] - Removed inline comments from main section
2025-08-22 05:52:08,739 - root - DEBUG - [OracleTriggerAnalyzer.py:310] - Found DECLARE at line 1
2025-08-22 05:52:08,739 - root - DEBUG - [OracleTriggerAnalyzer.py:314] - Found BEGIN at line 51
2025-08-22 05:52:08,739 - root - DEBUG - [OracleTriggerAnalyzer.py:318] - Found END at line 129
2025-08-22 05:52:08,740 - root - DEBUG - [OracleTriggerAnalyzer.py:318] - Found END at line 783
2025-08-22 05:52:08,740 - root - DEBUG - [OracleTriggerAnalyzer.py:318] - Found END at line 822
2025-08-22 05:52:08,740 - root - DEBUG - [OracleTriggerAnalyzer.py:318] - Found END at line 869
2025-08-22 05:52:08,740 - root - DEBUG - [OracleTriggerAnalyzer.py:324] - DECLARE section: lines 1-50
2025-08-22 05:52:08,740 - root - DEBUG - [OracleTriggerAnalyzer.py:331] - Main section: lines 51-869
2025-08-22 05:52:08,740 - root - DEBUG - [OracleTriggerAnalyzer.py:359] - Starting declaration parsing
2025-08-22 05:52:08,741 - root - DEBUG - [OracleTriggerAnalyzer.py:435] - Processed exception: INVALID_THEME_NO
2025-08-22 05:52:08,741 - root - DEBUG - [OracleTriggerAnalyzer.py:435] - Processed exception: DELETE_NO_MORE_POSSIBLE
2025-08-22 05:52:08,741 - root - DEBUG - [OracleTriggerAnalyzer.py:435] - Processed exception: THEME_NO_ONLY_INSERT
2025-08-22 05:52:08,741 - root - DEBUG - [OracleTriggerAnalyzer.py:435] - Processed exception: DESCRIPTION_TOO_LONG
2025-08-22 05:52:08,741 - root - DEBUG - [OracleTriggerAnalyzer.py:435] - Processed exception: THEME_DESC_PROPOSAL_TOO_LONG
2025-08-22 05:52:08,741 - root - DEBUG - [OracleTriggerAnalyzer.py:435] - Processed exception: THEME_DESC_ALT_TOO_LONG
2025-08-22 05:52:08,741 - root - DEBUG - [OracleTriggerAnalyzer.py:435] - Processed exception: THEME_NO_CANNOT_BE_INSERTED
2025-08-22 05:52:08,741 - root - DEBUG - [OracleTriggerAnalyzer.py:435] - Processed exception: ONLYONEOFFICIALCHANGEPERDAY
2025-08-22 05:52:08,741 - root - DEBUG - [OracleTriggerAnalyzer.py:435] - Processed exception: INSERTSMUSTBEOFFICIAL
2025-08-22 05:52:08,741 - root - DEBUG - [OracleTriggerAnalyzer.py:435] - Processed exception: THEMEDESCRIPTIONMANDATORY
2025-08-22 05:52:08,741 - root - DEBUG - [OracleTriggerAnalyzer.py:435] - Processed exception: THEME_DESC_NOT_UNIQUE
2025-08-22 05:52:08,741 - root - DEBUG - [OracleTriggerAnalyzer.py:435] - Processed exception: IN_PREP_NOT_PORTF_PROJ
2025-08-22 05:52:08,741 - root - DEBUG - [OracleTriggerAnalyzer.py:435] - Processed exception: IN_PREP_NOT_CLOSED
2025-08-22 05:52:08,741 - root - DEBUG - [OracleTriggerAnalyzer.py:435] - Processed exception: INVALID_MOLECULE_ID
2025-08-22 05:52:08,741 - root - DEBUG - [OracleTriggerAnalyzer.py:435] - Processed exception: SEC_MOL_LIST_NOT_EMPTY
2025-08-22 05:52:08,742 - root - DEBUG - [OracleTriggerAnalyzer.py:435] - Processed exception: ADMIN_UPDATE_ONLY
2025-08-22 05:52:08,742 - root - DEBUG - [OracleTriggerAnalyzer.py:435] - Processed exception: PORTF_PROJ_MOL_CRE_ERR
2025-08-22 05:52:08,742 - root - DEBUG - [OracleTriggerAnalyzer.py:435] - Processed exception: DEBUGGING
2025-08-22 05:52:08,742 - root - DEBUG - [OracleTriggerAnalyzer.py:403] - Processed variable: V_COUNTER
2025-08-22 05:52:08,742 - root - DEBUG - [OracleTriggerAnalyzer.py:403] - Processed variable: V_CODE
2025-08-22 05:52:08,742 - root - DEBUG - [OracleTriggerAnalyzer.py:403] - Processed variable: V_ODG_NO
2025-08-22 05:52:08,742 - root - DEBUG - [OracleTriggerAnalyzer.py:403] - Processed variable: V_RESGRP_CD
2025-08-22 05:52:08,742 - root - DEBUG - [OracleTriggerAnalyzer.py:403] - Processed variable: V_RESLIN_CD
2025-08-22 05:52:08,742 - root - DEBUG - [OracleTriggerAnalyzer.py:403] - Processed variable: V_STATUS_CD
2025-08-22 05:52:08,742 - root - DEBUG - [OracleTriggerAnalyzer.py:403] - Processed variable: V_DBA_CD
2025-08-22 05:52:08,742 - root - DEBUG - [OracleTriggerAnalyzer.py:403] - Processed variable: V_PORTF_PROJ_CD
2025-08-22 05:52:08,742 - root - DEBUG - [OracleTriggerAnalyzer.py:403] - Processed variable: V_DESCRIPTION
2025-08-22 05:52:08,742 - root - DEBUG - [OracleTriggerAnalyzer.py:403] - Processed variable: V_RESLIN_DESC
2025-08-22 05:52:08,742 - root - DEBUG - [OracleTriggerAnalyzer.py:403] - Processed variable: V_THEME_DESC_LENGTH
2025-08-22 05:52:08,742 - root - DEBUG - [OracleTriggerAnalyzer.py:403] - Processed variable: V_D_REGISTRAT_DATE
2025-08-22 05:52:08,742 - root - DEBUG - [OracleTriggerAnalyzer.py:403] - Processed variable: V_D_INS_DATE
2025-08-22 05:52:08,742 - root - DEBUG - [OracleTriggerAnalyzer.py:403] - Processed variable: V_FUTURE_REGISTRAT
2025-08-22 05:52:08,742 - root - DEBUG - [OracleTriggerAnalyzer.py:403] - Processed variable: V_VALID_TO
2025-08-22 05:52:08,742 - root - DEBUG - [OracleTriggerAnalyzer.py:403] - Processed variable: V_USERID
2025-08-22 05:52:08,742 - root - DEBUG - [OracleTriggerAnalyzer.py:403] - Processed variable: V_IS_ADMIN_CNT
2025-08-22 05:52:08,743 - root - DEBUG - [OracleTriggerAnalyzer.py:403] - Processed variable: V_SEC_MOL_CNT
2025-08-22 05:52:08,743 - root - DEBUG - [OracleTriggerAnalyzer.py:403] - Processed variable: V_MOLECULE_ID
2025-08-22 05:52:08,743 - root - DEBUG - [OracleTriggerAnalyzer.py:403] - Processed variable: V_MOLECULE_RG_NO
2025-08-22 05:52:08,743 - root - DEBUG - [OracleTriggerAnalyzer.py:403] - Processed variable: V_MOLEC_IN_LIC_PRTNR
2025-08-22 05:52:08,743 - root - DEBUG - [OracleTriggerAnalyzer.py:403] - Processed variable: V_NEW_RG_NO
2025-08-22 05:52:08,743 - root - DEBUG - [OracleTriggerAnalyzer.py:403] - Processed variable: V_COMPARATOR_IND
2025-08-22 05:52:08,743 - root - DEBUG - [OracleTriggerAnalyzer.py:403] - Processed variable: V_THEME_DESC_PROPOSAL
2025-08-22 05:52:08,743 - root - DEBUG - [OracleTriggerAnalyzer.py:403] - Processed variable: V_SHORT_NAME
2025-08-22 05:52:08,743 - root - DEBUG - [OracleTriggerAnalyzer.py:419] - Processed constant: C_MOLECULE_TYPE_ID
2025-08-22 05:52:08,743 - root - DEBUG - [OracleTriggerAnalyzer.py:419] - Processed constant: C_PHARMACOLOGICAL_TYPE_ID
2025-08-22 05:52:08,743 - root - DEBUG - [OracleTriggerAnalyzer.py:403] - Processed variable: V_EVOLVED_NMP_CNT
2025-08-22 05:52:08,743 - root - DEBUG - [OracleTriggerAnalyzer.py:403] - Processed variable: V_TRADEMARK_NO
2025-08-22 05:52:08,743 - root - DEBUG - [OracleTriggerAnalyzer.py:403] - Processed variable: V_MOLECULE_TYPE_ID
2025-08-22 05:52:08,743 - root - DEBUG - [OracleTriggerAnalyzer.py:403] - Processed variable: V_PHARMACOLOGICAL_TYPE_ID
2025-08-22 05:52:08,743 - root - DEBUG - [common.py:104] - Processing main section from lines 51 to 869
2025-08-22 05:52:08,743 - root - DEBUG - [OracleTriggerAnalyzer.py:695] - Starting top-level BEGIN blocks parsing
2025-08-22 05:52:08,744 - root - DEBUG - [OracleTriggerAnalyzer.py:745] - Begin line: {'indent': 6, 'line': '      BEGIN', 'line_no': 116, 'is_end_semicolon': False} 52
2025-08-22 05:52:08,744 - root - DEBUG - [OracleTriggerAnalyzer.py:752] - Exception line: {'indent': 6, 'line': '      EXCEPTION', 'line_no': 126, 'is_end_semicolon': False} 62
2025-08-22 05:52:08,744 - root - DEBUG - [OracleTriggerAnalyzer.py:758] - End line: {'indent': 6, 'line': '      END;', 'line_no': 129, 'is_end_semicolon': True} 65
2025-08-22 05:52:08,745 - root - DEBUG - [OracleTriggerAnalyzer.py:745] - Begin line: {'indent': 12, 'line': '            BEGIN', 'line_no': 770, 'is_end_semicolon': False} 601
2025-08-22 05:52:08,745 - root - DEBUG - [OracleTriggerAnalyzer.py:752] - Exception line: {'indent': 12, 'line': '            EXCEPTION', 'line_no': 780, 'is_end_semicolon': False} 611
2025-08-22 05:52:08,745 - root - DEBUG - [OracleTriggerAnalyzer.py:758] - End line: {'indent': 12, 'line': '            END;', 'line_no': 783, 'is_end_semicolon': True} 614
2025-08-22 05:52:08,745 - root - DEBUG - [OracleTriggerAnalyzer.py:745] - Begin line: {'indent': 3, 'line': '   BEGIN', 'line_no': 804, 'is_end_semicolon': False} 633
2025-08-22 05:52:08,746 - root - DEBUG - [OracleTriggerAnalyzer.py:75] - SQL section parsing
2025-08-22 05:52:08,746 - root - DEBUG - [OracleTriggerAnalyzer.py:78] - OracleTriggerAnalyzer initialization 0.008770465850830078 seconds
2025-08-22 05:52:08,746 - root - DEBUG - [common.py:104] - OracleTriggerAnalyzer created successfully
2025-08-22 05:52:08,746 - root - DEBUG - [common.py:104] - Generating JSON analysis...
2025-08-22 05:52:08,746 - root - DEBUG - [OracleTriggerAnalyzer.py:882] - JSON conversion complete: 29 vars, 2 consts, 18 excs, 63 comments
2025-08-22 05:52:08,746 - root - DEBUG - [common.py:104] - JSON analysis generated successfully
2025-08-22 05:52:08,746 - root - DEBUG - [common.py:104] - Generated JSON with keys: ['declarations', 'main', 'sql_comments', 'rest_strings', 'conversion_stats', 'metadata']
2025-08-22 05:52:08,746 - root - DEBUG - [common.py:104] - Analysis statistics: 29 vars, 2 consts, 18 excs, 63 comments
2025-08-22 05:52:08,746 - root - DEBUG - [common.py:104] - Writing analysis JSON to: files/format_json\trigger1_analysis.json
2025-08-22 05:52:08,763 - root - DEBUG - [common.py:104] - Successfully wrote analysis JSON to files/format_json\trigger1_analysis.json
2025-08-22 05:52:08,763 - root - DEBUG - [common.py:104] - === SQL to JSON processing complete for trigger trigger1.sql ===
2025-08-22 05:52:08,763 - root - DEBUG - [common.py:104] - ✓ Created trigger1_analysis.json
2025-08-22 05:52:08,763 - root - DEBUG - [common.py:104] - === Processing file 4/8: trigger2.sql ===
2025-08-22 05:52:08,763 - root - DEBUG - [common.py:104] - Source path: files/oracle\trigger2.sql
2025-08-22 05:52:08,763 - root - DEBUG - [common.py:104] - Output path: files/format_json\trigger2_analysis.json
2025-08-22 05:52:08,763 - root - DEBUG - [common.py:104] - === SQL to JSON processing for trigger trigger2.sql ===
2025-08-22 05:52:08,764 - root - DEBUG - [common.py:104] - Reading SQL file: files/oracle\trigger2.sql
2025-08-22 05:52:08,764 - root - DEBUG - [common.py:104] - Successfully read 18805 characters from files/oracle\trigger2.sql
2025-08-22 05:52:08,764 - root - DEBUG - [common.py:104] - Creating OracleTriggerAnalyzer instance...
2025-08-22 05:52:08,764 - root - DEBUG - [common.py:104] - Initializing OracleTriggerAnalyzer with 18805 characters of SQL
2025-08-22 05:52:08,764 - root - DEBUG - [OracleTriggerAnalyzer.py:68] - structured lines conversion 0 lines processed
2025-08-22 05:52:08,764 - root - DEBUG - [OracleTriggerAnalyzer.py:73] - SQL section parsing
2025-08-22 05:52:08,764 - root - DEBUG - [OracleTriggerAnalyzer.py:287] - structured lines conversion
2025-08-22 05:52:08,765 - root - DEBUG - [common.py:104] - Converting SQL content to structured lines
2025-08-22 05:52:08,766 - root - DEBUG - [common.py:104] - Structured lines conversion complete: 422 total, 89 with semicolons, 43 empty lines skipped
2025-08-22 05:52:08,766 - root - DEBUG - [OracleTriggerAnalyzer.py:289] - structured lines conversion
2025-08-22 05:52:08,768 - root - DEBUG - [OracleTriggerAnalyzer.py:218] - Block comment stripping complete: 6 comments extracted, 364 lines cleaned
2025-08-22 05:52:08,768 - root - DEBUG - [OracleTriggerAnalyzer.py:293] - Removed block comments from main section
2025-08-22 05:52:08,768 - root - DEBUG - [OracleTriggerAnalyzer.py:266] - Inline comment stripping complete: 67 comments extracted, 315 lines cleaned
2025-08-22 05:52:08,768 - root - DEBUG - [OracleTriggerAnalyzer.py:297] - Removed inline comments from main section
2025-08-22 05:52:08,768 - root - DEBUG - [OracleTriggerAnalyzer.py:310] - Found DECLARE at line 1
2025-08-22 05:52:08,768 - root - DEBUG - [OracleTriggerAnalyzer.py:314] - Found BEGIN at line 18
2025-08-22 05:52:08,768 - root - DEBUG - [OracleTriggerAnalyzer.py:318] - Found END at line 465
2025-08-22 05:52:08,768 - root - DEBUG - [OracleTriggerAnalyzer.py:324] - DECLARE section: lines 1-17
2025-08-22 05:52:08,769 - root - DEBUG - [OracleTriggerAnalyzer.py:331] - Main section: lines 18-465
2025-08-22 05:52:08,769 - root - DEBUG - [OracleTriggerAnalyzer.py:359] - Starting declaration parsing
2025-08-22 05:52:08,769 - root - DEBUG - [OracleTriggerAnalyzer.py:435] - Processed exception: ERR_MAP_EXISTS
2025-08-22 05:52:08,769 - root - DEBUG - [OracleTriggerAnalyzer.py:435] - Processed exception: ERR_MOLEC_ID_MISSING
2025-08-22 05:52:08,769 - root - DEBUG - [OracleTriggerAnalyzer.py:435] - Processed exception: ERR_NO_PORTF_MOLECULE_LEFT
2025-08-22 05:52:08,769 - root - DEBUG - [OracleTriggerAnalyzer.py:435] - Processed exception: ERR_UPD_INV_MAP
2025-08-22 05:52:08,769 - root - DEBUG - [OracleTriggerAnalyzer.py:435] - Processed exception: ERR_INS_INV_MAP
2025-08-22 05:52:08,769 - root - DEBUG - [OracleTriggerAnalyzer.py:435] - Processed exception: ERR_INV_MOL_SEQUENCE
2025-08-22 05:52:08,769 - root - DEBUG - [OracleTriggerAnalyzer.py:435] - Processed exception: UPDATE_UPD
2025-08-22 05:52:08,769 - root - DEBUG - [OracleTriggerAnalyzer.py:403] - Processed variable: V_COUNT_T_MAPPINGS
2025-08-22 05:52:08,769 - root - DEBUG - [OracleTriggerAnalyzer.py:403] - Processed variable: V_COUNT_T_MOL_MAP
2025-08-22 05:52:08,769 - root - DEBUG - [OracleTriggerAnalyzer.py:403] - Processed variable: V_MOLECULE_SEQ_NO
2025-08-22 05:52:08,769 - root - DEBUG - [OracleTriggerAnalyzer.py:403] - Processed variable: V_SEQ_NO_DUPLICATE_CNT
2025-08-22 05:52:08,769 - root - DEBUG - [OracleTriggerAnalyzer.py:403] - Processed variable: INVALID_MAPPING_EXISTS
2025-08-22 05:52:08,769 - root - DEBUG - [OracleTriggerAnalyzer.py:403] - Processed variable: V_MANUAL_SHORT_DESC
2025-08-22 05:52:08,769 - root - DEBUG - [common.py:104] - Processing main section from lines 18 to 465
2025-08-22 05:52:08,769 - root - DEBUG - [OracleTriggerAnalyzer.py:695] - Starting top-level BEGIN blocks parsing
2025-08-22 05:52:08,770 - root - DEBUG - [OracleTriggerAnalyzer.py:75] - SQL section parsing
2025-08-22 05:52:08,770 - root - DEBUG - [OracleTriggerAnalyzer.py:78] - OracleTriggerAnalyzer initialization 0.00564265251159668 seconds
2025-08-22 05:52:08,770 - root - DEBUG - [common.py:104] - OracleTriggerAnalyzer created successfully
2025-08-22 05:52:08,770 - root - DEBUG - [common.py:104] - Generating JSON analysis...
2025-08-22 05:52:08,770 - root - DEBUG - [OracleTriggerAnalyzer.py:882] - JSON conversion complete: 6 vars, 0 consts, 7 excs, 73 comments
2025-08-22 05:52:08,770 - root - DEBUG - [common.py:104] - JSON analysis generated successfully
2025-08-22 05:52:08,770 - root - DEBUG - [common.py:104] - Generated JSON with keys: ['declarations', 'main', 'sql_comments', 'rest_strings', 'conversion_stats', 'metadata']
2025-08-22 05:52:08,770 - root - DEBUG - [common.py:104] - Analysis statistics: 6 vars, 0 consts, 7 excs, 73 comments
2025-08-22 05:52:08,770 - root - DEBUG - [common.py:104] - Writing analysis JSON to: files/format_json\trigger2_analysis.json
2025-08-22 05:52:08,778 - root - DEBUG - [common.py:104] - Successfully wrote analysis JSON to files/format_json\trigger2_analysis.json
2025-08-22 05:52:08,778 - root - DEBUG - [common.py:104] - === SQL to JSON processing complete for trigger trigger2.sql ===
2025-08-22 05:52:08,778 - root - DEBUG - [common.py:104] - ✓ Created trigger2_analysis.json
2025-08-22 05:52:08,778 - root - DEBUG - [common.py:104] - === Processing file 5/8: trigger3.sql ===
2025-08-22 05:52:08,778 - root - DEBUG - [common.py:104] - Source path: files/oracle\trigger3.sql
2025-08-22 05:52:08,778 - root - DEBUG - [common.py:104] - Output path: files/format_json\trigger3_analysis.json
2025-08-22 05:52:08,778 - root - DEBUG - [common.py:104] - === SQL to JSON processing for trigger trigger3.sql ===
2025-08-22 05:52:08,778 - root - DEBUG - [common.py:104] - Reading SQL file: files/oracle\trigger3.sql
2025-08-22 05:52:08,779 - root - DEBUG - [common.py:104] - Successfully read 12985 characters from files/oracle\trigger3.sql
2025-08-22 05:52:08,779 - root - DEBUG - [common.py:104] - Creating OracleTriggerAnalyzer instance...
2025-08-22 05:52:08,779 - root - DEBUG - [common.py:104] - Initializing OracleTriggerAnalyzer with 12985 characters of SQL
2025-08-22 05:52:08,779 - root - DEBUG - [OracleTriggerAnalyzer.py:68] - structured lines conversion 0 lines processed
2025-08-22 05:52:08,779 - root - DEBUG - [OracleTriggerAnalyzer.py:73] - SQL section parsing
2025-08-22 05:52:08,779 - root - DEBUG - [OracleTriggerAnalyzer.py:287] - structured lines conversion
2025-08-22 05:52:08,779 - root - DEBUG - [common.py:104] - Converting SQL content to structured lines
2025-08-22 05:52:08,779 - root - DEBUG - [common.py:104] - Structured lines conversion complete: 244 total, 58 with semicolons, 21 empty lines skipped
2025-08-22 05:52:08,779 - root - DEBUG - [OracleTriggerAnalyzer.py:289] - structured lines conversion
2025-08-22 05:52:08,779 - root - DEBUG - [OracleTriggerAnalyzer.py:218] - Block comment stripping complete: 0 comments extracted, 244 lines cleaned
2025-08-22 05:52:08,779 - root - DEBUG - [OracleTriggerAnalyzer.py:293] - Removed block comments from main section
2025-08-22 05:52:08,780 - root - DEBUG - [OracleTriggerAnalyzer.py:266] - Inline comment stripping complete: 17 comments extracted, 227 lines cleaned
2025-08-22 05:52:08,780 - root - DEBUG - [OracleTriggerAnalyzer.py:297] - Removed inline comments from main section
2025-08-22 05:52:08,780 - root - DEBUG - [OracleTriggerAnalyzer.py:310] - Found DECLARE at line 1
2025-08-22 05:52:08,780 - root - DEBUG - [OracleTriggerAnalyzer.py:314] - Found BEGIN at line 14
2025-08-22 05:52:08,780 - root - DEBUG - [OracleTriggerAnalyzer.py:318] - Found END at line 20
2025-08-22 05:52:08,780 - root - DEBUG - [OracleTriggerAnalyzer.py:318] - Found END at line 265
2025-08-22 05:52:08,780 - root - DEBUG - [OracleTriggerAnalyzer.py:324] - DECLARE section: lines 1-13
2025-08-22 05:52:08,780 - root - DEBUG - [OracleTriggerAnalyzer.py:331] - Main section: lines 14-265
2025-08-22 05:52:08,780 - root - DEBUG - [OracleTriggerAnalyzer.py:359] - Starting declaration parsing
2025-08-22 05:52:08,780 - root - DEBUG - [OracleTriggerAnalyzer.py:403] - Processed variable: V_TRIGGER_NAME
2025-08-22 05:52:08,780 - root - DEBUG - [OracleTriggerAnalyzer.py:403] - Processed variable: CNTR
2025-08-22 05:52:08,780 - root - DEBUG - [OracleTriggerAnalyzer.py:435] - Processed exception: ERR_UPD
2025-08-22 05:52:08,780 - root - DEBUG - [OracleTriggerAnalyzer.py:435] - Processed exception: ERR_INS
2025-08-22 05:52:08,780 - root - DEBUG - [OracleTriggerAnalyzer.py:435] - Processed exception: ERR_CTRY_CHG
2025-08-22 05:52:08,780 - root - DEBUG - [OracleTriggerAnalyzer.py:435] - Processed exception: ERR_NOT_ALLOWED_TO_INVALIDATE
2025-08-22 05:52:08,780 - root - DEBUG - [OracleTriggerAnalyzer.py:403] - Processed variable: V_USERID
2025-08-22 05:52:08,780 - root - DEBUG - [OracleTriggerAnalyzer.py:435] - Processed exception: TEST_ERR
2025-08-22 05:52:08,780 - root - DEBUG - [OracleTriggerAnalyzer.py:403] - Processed variable: V_COUNTRY_CD
2025-08-22 05:52:08,780 - root - DEBUG - [OracleTriggerAnalyzer.py:403] - Processed variable: V_COMPANY_TYPE_CD
2025-08-22 05:52:08,781 - root - DEBUG - [OracleTriggerAnalyzer.py:435] - Processed exception: ERR_INS_LEGAL_ADDR
2025-08-22 05:52:08,781 - root - DEBUG - [OracleTriggerAnalyzer.py:403] - Processed variable: V_VALID_FROM
2025-08-22 05:52:08,781 - root - DEBUG - [common.py:104] - Processing main section from lines 14 to 265
2025-08-22 05:52:08,781 - root - DEBUG - [OracleTriggerAnalyzer.py:695] - Starting top-level BEGIN blocks parsing
2025-08-22 05:52:08,781 - root - DEBUG - [OracleTriggerAnalyzer.py:745] - Begin line: {'indent': 4, 'line': '    BEGIN', 'line_no': 15, 'is_end_semicolon': False} 0
2025-08-22 05:52:08,781 - root - DEBUG - [OracleTriggerAnalyzer.py:752] - Exception line: {'indent': 4, 'line': '    EXCEPTION', 'line_no': 17, 'is_end_semicolon': False} 2
2025-08-22 05:52:08,781 - root - DEBUG - [OracleTriggerAnalyzer.py:758] - End line: {'indent': 4, 'line': '    END;', 'line_no': 20, 'is_end_semicolon': True} 5
2025-08-22 05:52:08,781 - root - DEBUG - [OracleTriggerAnalyzer.py:75] - SQL section parsing
2025-08-22 05:52:08,781 - root - DEBUG - [OracleTriggerAnalyzer.py:78] - OracleTriggerAnalyzer initialization 0.0024971961975097656 seconds
2025-08-22 05:52:08,781 - root - DEBUG - [common.py:104] - OracleTriggerAnalyzer created successfully
2025-08-22 05:52:08,782 - root - DEBUG - [common.py:104] - Generating JSON analysis...
2025-08-22 05:52:08,782 - root - DEBUG - [OracleTriggerAnalyzer.py:882] - JSON conversion complete: 6 vars, 0 consts, 6 excs, 17 comments
2025-08-22 05:52:08,782 - root - DEBUG - [common.py:104] - JSON analysis generated successfully
2025-08-22 05:52:08,782 - root - DEBUG - [common.py:104] - Generated JSON with keys: ['declarations', 'main', 'sql_comments', 'rest_strings', 'conversion_stats', 'metadata']
2025-08-22 05:52:08,782 - root - DEBUG - [common.py:104] - Analysis statistics: 6 vars, 0 consts, 6 excs, 17 comments
2025-08-22 05:52:08,782 - root - DEBUG - [common.py:104] - Writing analysis JSON to: files/format_json\trigger3_analysis.json
2025-08-22 05:52:08,787 - root - DEBUG - [common.py:104] - Successfully wrote analysis JSON to files/format_json\trigger3_analysis.json
2025-08-22 05:52:08,788 - root - DEBUG - [common.py:104] - === SQL to JSON processing complete for trigger trigger3.sql ===
2025-08-22 05:52:08,788 - root - DEBUG - [common.py:104] - ✓ Created trigger3_analysis.json
2025-08-22 05:52:08,788 - root - DEBUG - [common.py:104] - === Processing file 6/8: trigger4.sql ===
2025-08-22 05:52:08,788 - root - DEBUG - [common.py:104] - Source path: files/oracle\trigger4.sql
2025-08-22 05:52:08,788 - root - DEBUG - [common.py:104] - Output path: files/format_json\trigger4_analysis.json
2025-08-22 05:52:08,788 - root - DEBUG - [common.py:104] - === SQL to JSON processing for trigger trigger4.sql ===
2025-08-22 05:52:08,788 - root - DEBUG - [common.py:104] - Reading SQL file: files/oracle\trigger4.sql
2025-08-22 05:52:08,789 - root - DEBUG - [common.py:104] - Successfully read 4077 characters from files/oracle\trigger4.sql
2025-08-22 05:52:08,789 - root - DEBUG - [common.py:104] - Creating OracleTriggerAnalyzer instance...
2025-08-22 05:52:08,789 - root - DEBUG - [common.py:104] - Initializing OracleTriggerAnalyzer with 4077 characters of SQL
2025-08-22 05:52:08,789 - root - DEBUG - [OracleTriggerAnalyzer.py:68] - structured lines conversion 0 lines processed
2025-08-22 05:52:08,789 - root - DEBUG - [OracleTriggerAnalyzer.py:73] - SQL section parsing
2025-08-22 05:52:08,789 - root - DEBUG - [OracleTriggerAnalyzer.py:287] - structured lines conversion
2025-08-22 05:52:08,789 - root - DEBUG - [common.py:104] - Converting SQL content to structured lines
2025-08-22 05:52:08,789 - root - DEBUG - [common.py:104] - Structured lines conversion complete: 22 total, 16 with semicolons, 1 empty lines skipped
2025-08-22 05:52:08,789 - root - DEBUG - [OracleTriggerAnalyzer.py:289] - structured lines conversion
2025-08-22 05:52:08,789 - root - DEBUG - [OracleTriggerAnalyzer.py:218] - Block comment stripping complete: 0 comments extracted, 22 lines cleaned
2025-08-22 05:52:08,789 - root - DEBUG - [OracleTriggerAnalyzer.py:293] - Removed block comments from main section
2025-08-22 05:52:08,789 - root - DEBUG - [OracleTriggerAnalyzer.py:266] - Inline comment stripping complete: 0 comments extracted, 22 lines cleaned
2025-08-22 05:52:08,790 - root - DEBUG - [OracleTriggerAnalyzer.py:297] - Removed inline comments from main section
2025-08-22 05:52:08,790 - root - DEBUG - [OracleTriggerAnalyzer.py:310] - Found DECLARE at line 1
2025-08-22 05:52:08,790 - root - DEBUG - [OracleTriggerAnalyzer.py:314] - Found BEGIN at line 9
2025-08-22 05:52:08,790 - root - DEBUG - [OracleTriggerAnalyzer.py:318] - Found END at line 23
2025-08-22 05:52:08,790 - root - DEBUG - [OracleTriggerAnalyzer.py:324] - DECLARE section: lines 1-8
2025-08-22 05:52:08,790 - root - DEBUG - [OracleTriggerAnalyzer.py:331] - Main section: lines 9-23
2025-08-22 05:52:08,790 - root - DEBUG - [OracleTriggerAnalyzer.py:359] - Starting declaration parsing
2025-08-22 05:52:08,790 - root - DEBUG - [OracleTriggerAnalyzer.py:403] - Processed variable: V_ACTION
2025-08-22 05:52:08,790 - root - DEBUG - [OracleTriggerAnalyzer.py:403] - Processed variable: COL_NAMES
2025-08-22 05:52:08,790 - root - DEBUG - [OracleTriggerAnalyzer.py:403] - Processed variable: COL_NEW_VALUES
2025-08-22 05:52:08,790 - root - DEBUG - [OracleTriggerAnalyzer.py:403] - Processed variable: COL_OLD_VALUES
2025-08-22 05:52:08,790 - root - DEBUG - [OracleTriggerAnalyzer.py:403] - Processed variable: V_TABLE_NAME
2025-08-22 05:52:08,790 - root - DEBUG - [OracleTriggerAnalyzer.py:403] - Processed variable: V_SCHEMA_NAME
2025-08-22 05:52:08,791 - root - DEBUG - [common.py:104] - Processing main section from lines 9 to 23
2025-08-22 05:52:08,791 - root - DEBUG - [OracleTriggerAnalyzer.py:695] - Starting top-level BEGIN blocks parsing
2025-08-22 05:52:08,791 - root - DEBUG - [OracleTriggerAnalyzer.py:75] - SQL section parsing
2025-08-22 05:52:08,791 - root - DEBUG - [OracleTriggerAnalyzer.py:78] - OracleTriggerAnalyzer initialization 0.0018870830535888672 seconds
2025-08-22 05:52:08,791 - root - DEBUG - [common.py:104] - OracleTriggerAnalyzer created successfully
2025-08-22 05:52:08,791 - root - DEBUG - [common.py:104] - Generating JSON analysis...
2025-08-22 05:52:08,791 - root - DEBUG - [OracleTriggerAnalyzer.py:882] - JSON conversion complete: 6 vars, 0 consts, 0 excs, 0 comments
2025-08-22 05:52:08,791 - root - DEBUG - [common.py:104] - JSON analysis generated successfully
2025-08-22 05:52:08,791 - root - DEBUG - [common.py:104] - Generated JSON with keys: ['declarations', 'main', 'sql_comments', 'rest_strings', 'conversion_stats', 'metadata']
2025-08-22 05:52:08,791 - root - DEBUG - [common.py:104] - Analysis statistics: 6 vars, 0 consts, 0 excs, 0 comments
2025-08-22 05:52:08,791 - root - DEBUG - [common.py:104] - Writing analysis JSON to: files/format_json\trigger4_analysis.json
2025-08-22 05:52:08,792 - root - DEBUG - [common.py:104] - Successfully wrote analysis JSON to files/format_json\trigger4_analysis.json
2025-08-22 05:52:08,792 - root - DEBUG - [common.py:104] - === SQL to JSON processing complete for trigger trigger4.sql ===
2025-08-22 05:52:08,792 - root - DEBUG - [common.py:104] - ✓ Created trigger4_analysis.json
2025-08-22 05:52:08,793 - root - DEBUG - [common.py:104] - === Processing file 7/8: trigger5.sql ===
2025-08-22 05:52:08,793 - root - DEBUG - [common.py:104] - Source path: files/oracle\trigger5.sql
2025-08-22 05:52:08,793 - root - DEBUG - [common.py:104] - Output path: files/format_json\trigger5_analysis.json
2025-08-22 05:52:08,793 - root - DEBUG - [common.py:104] - === SQL to JSON processing for trigger trigger5.sql ===
2025-08-22 05:52:08,793 - root - DEBUG - [common.py:104] - Reading SQL file: files/oracle\trigger5.sql
2025-08-22 05:52:08,793 - root - DEBUG - [common.py:104] - Successfully read 1503 characters from files/oracle\trigger5.sql
2025-08-22 05:52:08,793 - root - DEBUG - [common.py:104] - Creating OracleTriggerAnalyzer instance...
2025-08-22 05:52:08,793 - root - DEBUG - [common.py:104] - Initializing OracleTriggerAnalyzer with 1503 characters of SQL
2025-08-22 05:52:08,793 - root - DEBUG - [OracleTriggerAnalyzer.py:68] - structured lines conversion 0 lines processed
2025-08-22 05:52:08,793 - root - DEBUG - [OracleTriggerAnalyzer.py:73] - SQL section parsing
2025-08-22 05:52:08,793 - root - DEBUG - [OracleTriggerAnalyzer.py:287] - structured lines conversion
2025-08-22 05:52:08,793 - root - DEBUG - [common.py:104] - Converting SQL content to structured lines
2025-08-22 05:52:08,793 - root - DEBUG - [common.py:104] - Structured lines conversion complete: 34 total, 13 with semicolons, 2 empty lines skipped
2025-08-22 05:52:08,793 - root - DEBUG - [OracleTriggerAnalyzer.py:289] - structured lines conversion
2025-08-22 05:52:08,793 - root - DEBUG - [OracleTriggerAnalyzer.py:218] - Block comment stripping complete: 0 comments extracted, 34 lines cleaned
2025-08-22 05:52:08,793 - root - DEBUG - [OracleTriggerAnalyzer.py:293] - Removed block comments from main section
2025-08-22 05:52:08,794 - root - DEBUG - [OracleTriggerAnalyzer.py:266] - Inline comment stripping complete: 0 comments extracted, 34 lines cleaned
2025-08-22 05:52:08,794 - root - DEBUG - [OracleTriggerAnalyzer.py:297] - Removed inline comments from main section
2025-08-22 05:52:08,794 - root - DEBUG - [OracleTriggerAnalyzer.py:310] - Found DECLARE at line 1
2025-08-22 05:52:08,794 - root - DEBUG - [OracleTriggerAnalyzer.py:314] - Found BEGIN at line 4
2025-08-22 05:52:08,794 - root - DEBUG - [OracleTriggerAnalyzer.py:318] - Found END at line 36
2025-08-22 05:52:08,794 - root - DEBUG - [OracleTriggerAnalyzer.py:324] - DECLARE section: lines 1-3
2025-08-22 05:52:08,798 - root - DEBUG - [OracleTriggerAnalyzer.py:331] - Main section: lines 4-36
2025-08-22 05:52:08,798 - root - DEBUG - [OracleTriggerAnalyzer.py:359] - Starting declaration parsing
2025-08-22 05:52:08,798 - root - DEBUG - [OracleTriggerAnalyzer.py:403] - Processed variable: V_USERID
2025-08-22 05:52:08,798 - root - DEBUG - [OracleTriggerAnalyzer.py:403] - Processed variable: V_TRG_UPD_DATE_STR
2025-08-22 05:52:08,798 - root - DEBUG - [common.py:104] - Processing main section from lines 4 to 36
2025-08-22 05:52:08,798 - root - DEBUG - [OracleTriggerAnalyzer.py:695] - Starting top-level BEGIN blocks parsing
2025-08-22 05:52:08,798 - root - DEBUG - [OracleTriggerAnalyzer.py:75] - SQL section parsing
2025-08-22 05:52:08,799 - root - DEBUG - [OracleTriggerAnalyzer.py:78] - OracleTriggerAnalyzer initialization 0.0055272579193115234 seconds
2025-08-22 05:52:08,799 - root - DEBUG - [common.py:104] - OracleTriggerAnalyzer created successfully
2025-08-22 05:52:08,799 - root - DEBUG - [common.py:104] - Generating JSON analysis...
2025-08-22 05:52:08,799 - root - DEBUG - [OracleTriggerAnalyzer.py:882] - JSON conversion complete: 2 vars, 0 consts, 0 excs, 0 comments
2025-08-22 05:52:08,799 - root - DEBUG - [common.py:104] - JSON analysis generated successfully
2025-08-22 05:52:08,799 - root - DEBUG - [common.py:104] - Generated JSON with keys: ['declarations', 'main', 'sql_comments', 'rest_strings', 'conversion_stats', 'metadata']
2025-08-22 05:52:08,799 - root - DEBUG - [common.py:104] - Analysis statistics: 2 vars, 0 consts, 0 excs, 0 comments
2025-08-22 05:52:08,799 - root - DEBUG - [common.py:104] - Writing analysis JSON to: files/format_json\trigger5_analysis.json
2025-08-22 05:52:08,800 - root - DEBUG - [common.py:104] - Successfully wrote analysis JSON to files/format_json\trigger5_analysis.json
2025-08-22 05:52:08,800 - root - DEBUG - [common.py:104] - === SQL to JSON processing complete for trigger trigger5.sql ===
2025-08-22 05:52:08,800 - root - DEBUG - [common.py:104] - ✓ Created trigger5_analysis.json
2025-08-22 05:52:08,801 - root - DEBUG - [common.py:104] - === Processing file 8/8: trigger6.sql ===
2025-08-22 05:52:08,801 - root - DEBUG - [common.py:104] - Source path: files/oracle\trigger6.sql
2025-08-22 05:52:08,801 - root - DEBUG - [common.py:104] - Output path: files/format_json\trigger6_analysis.json
2025-08-22 05:52:08,801 - root - DEBUG - [common.py:104] - === SQL to JSON processing for trigger trigger6.sql ===
2025-08-22 05:52:08,801 - root - DEBUG - [common.py:104] - Reading SQL file: files/oracle\trigger6.sql
2025-08-22 05:52:08,801 - root - DEBUG - [common.py:104] - Successfully read 3810 characters from files/oracle\trigger6.sql
2025-08-22 05:52:08,801 - root - DEBUG - [common.py:104] - Creating OracleTriggerAnalyzer instance...
2025-08-22 05:52:08,801 - root - DEBUG - [common.py:104] - Initializing OracleTriggerAnalyzer with 3810 characters of SQL
2025-08-22 05:52:08,801 - root - DEBUG - [OracleTriggerAnalyzer.py:68] - structured lines conversion 0 lines processed
2025-08-22 05:52:08,801 - root - DEBUG - [OracleTriggerAnalyzer.py:73] - SQL section parsing
2025-08-22 05:52:08,801 - root - DEBUG - [OracleTriggerAnalyzer.py:287] - structured lines conversion
2025-08-22 05:52:08,802 - root - DEBUG - [common.py:104] - Converting SQL content to structured lines
2025-08-22 05:52:08,802 - root - DEBUG - [common.py:104] - Structured lines conversion complete: 81 total, 32 with semicolons, 8 empty lines skipped
2025-08-22 05:52:08,802 - root - DEBUG - [OracleTriggerAnalyzer.py:289] - structured lines conversion
2025-08-22 05:52:08,802 - root - DEBUG - [OracleTriggerAnalyzer.py:218] - Block comment stripping complete: 0 comments extracted, 81 lines cleaned
2025-08-22 05:52:08,802 - root - DEBUG - [OracleTriggerAnalyzer.py:293] - Removed block comments from main section
2025-08-22 05:52:08,802 - root - DEBUG - [OracleTriggerAnalyzer.py:266] - Inline comment stripping complete: 6 comments extracted, 75 lines cleaned
2025-08-22 05:52:08,802 - root - DEBUG - [OracleTriggerAnalyzer.py:297] - Removed inline comments from main section
2025-08-22 05:52:08,802 - root - DEBUG - [OracleTriggerAnalyzer.py:310] - Found DECLARE at line 1
2025-08-22 05:52:08,802 - root - DEBUG - [OracleTriggerAnalyzer.py:314] - Found BEGIN at line 12
2025-08-22 05:52:08,802 - root - DEBUG - [OracleTriggerAnalyzer.py:318] - Found END at line 89
2025-08-22 05:52:08,802 - root - DEBUG - [OracleTriggerAnalyzer.py:324] - DECLARE section: lines 1-11
2025-08-22 05:52:08,802 - root - DEBUG - [OracleTriggerAnalyzer.py:331] - Main section: lines 12-89
2025-08-22 05:52:08,802 - root - DEBUG - [OracleTriggerAnalyzer.py:359] - Starting declaration parsing
2025-08-22 05:52:08,802 - root - DEBUG - [OracleTriggerAnalyzer.py:403] - Processed variable: V_TRIGGER_NAME
2025-08-22 05:52:08,802 - root - DEBUG - [OracleTriggerAnalyzer.py:403] - Processed variable: V_EVOLVED_THEME_NO
2025-08-22 05:52:08,802 - root - DEBUG - [OracleTriggerAnalyzer.py:403] - Processed variable: V_PROPOSAL_ID
2025-08-22 05:52:08,803 - root - DEBUG - [OracleTriggerAnalyzer.py:403] - Processed variable: C_PROPOSAL_STATUS_ACTIVE
2025-08-22 05:52:08,803 - root - DEBUG - [OracleTriggerAnalyzer.py:403] - Processed variable: C_PROPOSAL_STATUS_EVOLVED
2025-08-22 05:52:08,803 - root - DEBUG - [OracleTriggerAnalyzer.py:403] - Processed variable: C_PROPOSAL_STATUS_TERMINATED
2025-08-22 05:52:08,803 - root - DEBUG - [OracleTriggerAnalyzer.py:435] - Processed exception: V_NO_UPDATE_TO_EVOLVED
2025-08-22 05:52:08,803 - root - DEBUG - [OracleTriggerAnalyzer.py:435] - Processed exception: V_NO_UPDATE_TERMINATED_TO_ACTIVE
2025-08-22 05:52:08,803 - root - DEBUG - [OracleTriggerAnalyzer.py:435] - Processed exception: V_NO_UPDATE_EVOLVED_TO_TERMINATED
2025-08-22 05:52:08,803 - root - DEBUG - [OracleTriggerAnalyzer.py:435] - Processed exception: V_EXPLORATORY_THEMENO_NOT_NULL
2025-08-22 05:52:08,803 - root - DEBUG - [common.py:104] - Processing main section from lines 12 to 89
2025-08-22 05:52:08,803 - root - DEBUG - [OracleTriggerAnalyzer.py:695] - Starting top-level BEGIN blocks parsing
2025-08-22 05:52:08,803 - root - DEBUG - [OracleTriggerAnalyzer.py:75] - SQL section parsing
2025-08-22 05:52:08,803 - root - DEBUG - [OracleTriggerAnalyzer.py:78] - OracleTriggerAnalyzer initialization 0.0018246173858642578 seconds
2025-08-22 05:52:08,803 - root - DEBUG - [common.py:104] - OracleTriggerAnalyzer created successfully
2025-08-22 05:52:08,803 - root - DEBUG - [common.py:104] - Generating JSON analysis...
2025-08-22 05:52:08,803 - root - DEBUG - [OracleTriggerAnalyzer.py:882] - JSON conversion complete: 6 vars, 0 consts, 4 excs, 6 comments
2025-08-22 05:52:08,803 - root - DEBUG - [common.py:104] - JSON analysis generated successfully
2025-08-22 05:52:08,803 - root - DEBUG - [common.py:104] - Generated JSON with keys: ['declarations', 'main', 'sql_comments', 'rest_strings', 'conversion_stats', 'metadata']
2025-08-22 05:52:08,803 - root - DEBUG - [common.py:104] - Analysis statistics: 6 vars, 0 consts, 4 excs, 6 comments
2025-08-22 05:52:08,803 - root - DEBUG - [common.py:104] - Writing analysis JSON to: files/format_json\trigger6_analysis.json
2025-08-22 05:52:08,806 - root - DEBUG - [common.py:104] - Successfully wrote analysis JSON to files/format_json\trigger6_analysis.json
2025-08-22 05:52:08,806 - root - DEBUG - [common.py:104] - === SQL to JSON processing complete for trigger trigger6.sql ===
2025-08-22 05:52:08,806 - root - DEBUG - [common.py:104] - ✓ Created trigger6_analysis.json
2025-08-22 05:52:08,807 - root - INFO - [common.py:109] - === File processing complete ===
2025-08-22 05:52:08,807 - root - INFO - [common.py:109] - Successfully processed: 8 files
2025-08-22 05:52:08,807 - root - INFO - [common.py:109] - === Oracle triggers to JSON conversion complete ===
2025-08-22 05:52:08,807 - root - DEBUG - [common.py:104] - Phase 1 complete: Oracle SQL files converted to JSON analysis structure
