2025-08-11 08:48:08,742 - root - INFO - Starting batch conversion: SQL -> JSON -> SQL (Logging to output\oracle_conversion_20250811_084808.log)
2025-08-11 08:48:08,742 - root - INFO - Processing files from 'files/oracle' to 'files/format_json'
2025-08-11 08:48:08,742 - root - DEBUG - Found 3 files matching pattern: ['trigger1.sql', 'trigger2.sql', 'trigger3.sql']
2025-08-11 08:48:08,743 - root - DEBUG - Processing file: trigger1.sql
2025-08-11 08:48:08,743 - root - DEBUG - Extracted trigger number: 1
2025-08-11 08:48:08,743 - root - DEBUG - Read 29058 characters from files/oracle\trigger1.sql
2025-08-11 08:48:08,743 - root - DEBUG - Initializing OracleTriggerAnalyzer with 29058 characters of SQL
2025-08-11 08:48:08,745 - root - DEBUG - Starting SQL section parsing
2025-08-11 08:48:08,745 - root - DEBUG - Converting SQL content to structured lines
2025-08-11 08:48:08,745 - root - DEBUG - Structured lines conversion complete: 750 total, 213 with semicolons, 69 empty lines skipped
2025-08-11 08:48:08,745 - root - DEBUG - Block comment stripping complete: 0 comments extracted, 750 lines cleaned
2025-08-11 08:48:08,745 - root - DEBUG - Removed block comments from main section
2025-08-11 08:48:08,746 - root - DEBUG - Inline comment stripping complete: 63 comments extracted, 697 lines cleaned
2025-08-11 08:48:08,746 - root - DEBUG - Removed inline comments from main section
2025-08-11 08:48:08,746 - root - DEBUG - Found DECLARE at line 1
2025-08-11 08:48:08,746 - root - DEBUG - Found BEGIN at line 51
2025-08-11 08:48:08,746 - root - DEBUG - DECLARE section: lines 1-50
2025-08-11 08:48:08,746 - root - DEBUG - Main section: lines 51
2025-08-11 08:48:08,746 - root - DEBUG - Starting declaration parsing
2025-08-11 08:48:08,746 - root - DEBUG - Processed exception: INVALID_THEME_NO
2025-08-11 08:48:08,746 - root - DEBUG - Processed exception: DELETE_NO_MORE_POSSIBLE
2025-08-11 08:48:08,746 - root - DEBUG - Processed exception: THEME_NO_ONLY_INSERT
2025-08-11 08:48:08,746 - root - DEBUG - Processed exception: DESCRIPTION_TOO_LONG
2025-08-11 08:48:08,746 - root - DEBUG - Processed exception: THEME_DESC_PROPOSAL_TOO_LONG
2025-08-11 08:48:08,746 - root - DEBUG - Processed exception: THEME_DESC_ALT_TOO_LONG
2025-08-11 08:48:08,746 - root - DEBUG - Processed exception: THEME_NO_CANNOT_BE_INSERTED
2025-08-11 08:48:08,746 - root - DEBUG - Processed exception: ONLYONEOFFICIALCHANGEPERDAY
2025-08-11 08:48:08,746 - root - DEBUG - Processed exception: INSERTSMUSTBEOFFICIAL
2025-08-11 08:48:08,746 - root - DEBUG - Processed exception: THEMEDESCRIPTIONMANDATORY
2025-08-11 08:48:08,747 - root - DEBUG - Processed exception: THEME_DESC_NOT_UNIQUE
2025-08-11 08:48:08,747 - root - DEBUG - Processed exception: IN_PREP_NOT_PORTF_PROJ
2025-08-11 08:48:08,747 - root - DEBUG - Processed exception: IN_PREP_NOT_CLOSED
2025-08-11 08:48:08,747 - root - DEBUG - Processed exception: INVALID_MOLECULE_ID
2025-08-11 08:48:08,747 - root - DEBUG - Processed exception: SEC_MOL_LIST_NOT_EMPTY
2025-08-11 08:48:08,747 - root - DEBUG - Processed exception: ADMIN_UPDATE_ONLY
2025-08-11 08:48:08,747 - root - DEBUG - Processed exception: PORTF_PROJ_MOL_CRE_ERR
2025-08-11 08:48:08,747 - root - DEBUG - Processed exception: DEBUGGING
2025-08-11 08:48:08,747 - root - DEBUG - Processed variable: V_COUNTER
2025-08-11 08:48:08,747 - root - DEBUG - Processed variable: V_CODE
2025-08-11 08:48:08,747 - root - DEBUG - Processed variable: V_ODG_NO
2025-08-11 08:48:08,747 - root - DEBUG - Processed variable: V_RESGRP_CD
2025-08-11 08:48:08,747 - root - DEBUG - Processed variable: V_RESLIN_CD
2025-08-11 08:48:08,747 - root - DEBUG - Processed variable: V_STATUS_CD
2025-08-11 08:48:08,747 - root - DEBUG - Processed variable: V_DBA_CD
2025-08-11 08:48:08,747 - root - DEBUG - Processed variable: V_PORTF_PROJ_CD
2025-08-11 08:48:08,747 - root - DEBUG - Processed variable: V_DESCRIPTION
2025-08-11 08:48:08,747 - root - DEBUG - Processed variable: V_RESLIN_DESC
2025-08-11 08:48:08,747 - root - DEBUG - Processed variable: V_THEME_DESC_LENGTH
2025-08-11 08:48:08,747 - root - DEBUG - Processed variable: V_D_REGISTRAT_DATE
2025-08-11 08:48:08,747 - root - DEBUG - Processed variable: V_D_INS_DATE
2025-08-11 08:48:08,747 - root - DEBUG - Processed variable: V_FUTURE_REGISTRAT
2025-08-11 08:48:08,747 - root - DEBUG - Processed variable: V_VALID_TO
2025-08-11 08:48:08,747 - root - DEBUG - Processed variable: V_USERID
2025-08-11 08:48:08,747 - root - DEBUG - Processed variable: V_IS_ADMIN_CNT
2025-08-11 08:48:08,747 - root - DEBUG - Processed variable: V_SEC_MOL_CNT
2025-08-11 08:48:08,748 - root - DEBUG - Processed variable: V_MOLECULE_ID
2025-08-11 08:48:08,748 - root - DEBUG - Processed variable: V_MOLECULE_RG_NO
2025-08-11 08:48:08,748 - root - DEBUG - Processed variable: V_MOLEC_IN_LIC_PRTNR
2025-08-11 08:48:08,748 - root - DEBUG - Processed variable: V_NEW_RG_NO
2025-08-11 08:48:08,748 - root - DEBUG - Processed variable: V_COMPARATOR_IND
2025-08-11 08:48:08,748 - root - DEBUG - Processed variable: V_THEME_DESC_PROPOSAL
2025-08-11 08:48:08,748 - root - DEBUG - Processed variable: V_SHORT_NAME
2025-08-11 08:48:08,748 - root - DEBUG - Processed constant: C_MOLECULE_TYPE_ID
2025-08-11 08:48:08,748 - root - DEBUG - Processed constant: C_PHARMACOLOGICAL_TYPE_ID
2025-08-11 08:48:08,748 - root - DEBUG - Processed variable: V_EVOLVED_NMP_CNT
2025-08-11 08:48:08,748 - root - DEBUG - Processed variable: V_TRADEMARK_NO
2025-08-11 08:48:08,748 - root - DEBUG - Processed variable: V_MOLECULE_TYPE_ID
2025-08-11 08:48:08,748 - root - DEBUG - Processed variable: V_PHARMACOLOGICAL_TYPE_ID
2025-08-11 08:48:08,748 - root - ERROR - Failed to process trigger1.sql: 'int' object is not subscriptable
Traceback (most recent call last):
  File "D:\DELOITTE\ORACALE_to_json\test1.py", line 1019, in process_files
    processor_func(src_path, out_path, trigger_num)
    ~~~~~~~~~~~~~~^^^^^^^^^^^^^^^^^^^^^^^^^^^^^^^^^
  File "D:\DELOITTE\ORACALE_to_json\test1.py", line 1034, in sql_to_json_processor
    analyzer = OracleTriggerAnalyzer(sql_content)
  File "D:\DELOITTE\ORACALE_to_json\test1.py", line 52, in __init__
    self._parse_sql()
    ~~~~~~~~~~~~~~~^^
  File "D:\DELOITTE\ORACALE_to_json\test1.py", line 309, in _parse_sql
    self._process_main_section()
    ~~~~~~~~~~~~~~~~~~~~~~~~~~^^
  File "D:\DELOITTE\ORACALE_to_json\test1.py", line 688, in _process_main_section
    self.main_section[0],
    ~~~~~~~~~~~~~~~~~^^^
TypeError: 'int' object is not subscriptable
2025-08-11 08:48:08,754 - root - DEBUG - Processing file: trigger2.sql
2025-08-11 08:48:08,755 - root - DEBUG - Extracted trigger number: 2
2025-08-11 08:48:08,755 - root - DEBUG - Read 18805 characters from files/oracle\trigger2.sql
2025-08-11 08:48:08,755 - root - DEBUG - Initializing OracleTriggerAnalyzer with 18805 characters of SQL
2025-08-11 08:48:08,755 - root - DEBUG - Starting SQL section parsing
2025-08-11 08:48:08,755 - root - DEBUG - Converting SQL content to structured lines
2025-08-11 08:48:08,755 - root - DEBUG - Structured lines conversion complete: 422 total, 89 with semicolons, 43 empty lines skipped
2025-08-11 08:48:08,756 - root - DEBUG - Block comment stripping complete: 6 comments extracted, 364 lines cleaned
2025-08-11 08:48:08,756 - root - DEBUG - Removed block comments from main section
2025-08-11 08:48:08,756 - root - DEBUG - Inline comment stripping complete: 67 comments extracted, 315 lines cleaned
2025-08-11 08:48:08,756 - root - DEBUG - Removed inline comments from main section
2025-08-11 08:48:08,756 - root - DEBUG - Found DECLARE at line 1
2025-08-11 08:48:08,756 - root - DEBUG - Found BEGIN at line 18
2025-08-11 08:48:08,756 - root - DEBUG - DECLARE section: lines 1-17
2025-08-11 08:48:08,757 - root - DEBUG - Main section: lines 18
2025-08-11 08:48:08,757 - root - DEBUG - Starting declaration parsing
2025-08-11 08:48:08,757 - root - DEBUG - Processed exception: ERR_MAP_EXISTS
2025-08-11 08:48:08,757 - root - DEBUG - Processed exception: ERR_MOLEC_ID_MISSING
2025-08-11 08:48:08,757 - root - DEBUG - Processed exception: ERR_NO_PORTF_MOLECULE_LEFT
2025-08-11 08:48:08,757 - root - DEBUG - Processed exception: ERR_UPD_INV_MAP
2025-08-11 08:48:08,757 - root - DEBUG - Processed exception: ERR_INS_INV_MAP
2025-08-11 08:48:08,757 - root - DEBUG - Processed exception: ERR_INV_MOL_SEQUENCE
2025-08-11 08:48:08,757 - root - DEBUG - Processed exception: UPDATE_UPD
2025-08-11 08:48:08,757 - root - DEBUG - Processed variable: V_COUNT_T_MAPPINGS
2025-08-11 08:48:08,757 - root - DEBUG - Processed variable: V_COUNT_T_MOL_MAP
2025-08-11 08:48:08,757 - root - DEBUG - Processed variable: V_MOLECULE_SEQ_NO
2025-08-11 08:48:08,757 - root - DEBUG - Processed variable: V_SEQ_NO_DUPLICATE_CNT
2025-08-11 08:48:08,757 - root - DEBUG - Processed variable: INVALID_MAPPING_EXISTS
2025-08-11 08:48:08,757 - root - DEBUG - Processed variable: V_MANUAL_SHORT_DESC
2025-08-11 08:48:08,757 - root - ERROR - Failed to process trigger2.sql: 'int' object is not subscriptable
Traceback (most recent call last):
  File "D:\DELOITTE\ORACALE_to_json\test1.py", line 1019, in process_files
    processor_func(src_path, out_path, trigger_num)
    ~~~~~~~~~~~~~~^^^^^^^^^^^^^^^^^^^^^^^^^^^^^^^^^
  File "D:\DELOITTE\ORACALE_to_json\test1.py", line 1034, in sql_to_json_processor
    analyzer = OracleTriggerAnalyzer(sql_content)
  File "D:\DELOITTE\ORACALE_to_json\test1.py", line 52, in __init__
    self._parse_sql()
    ~~~~~~~~~~~~~~~^^
  File "D:\DELOITTE\ORACALE_to_json\test1.py", line 309, in _parse_sql
    self._process_main_section()
    ~~~~~~~~~~~~~~~~~~~~~~~~~~^^
  File "D:\DELOITTE\ORACALE_to_json\test1.py", line 688, in _process_main_section
    self.main_section[0],
    ~~~~~~~~~~~~~~~~~^^^
TypeError: 'int' object is not subscriptable
2025-08-11 08:48:08,758 - root - DEBUG - Processing file: trigger3.sql
2025-08-11 08:48:08,759 - root - DEBUG - Extracted trigger number: 3
2025-08-11 08:48:08,759 - root - DEBUG - Read 12985 characters from files/oracle\trigger3.sql
2025-08-11 08:48:08,759 - root - DEBUG - Initializing OracleTriggerAnalyzer with 12985 characters of SQL
2025-08-11 08:48:08,759 - root - DEBUG - Starting SQL section parsing
2025-08-11 08:48:08,759 - root - DEBUG - Converting SQL content to structured lines
2025-08-11 08:48:08,759 - root - DEBUG - Structured lines conversion complete: 244 total, 58 with semicolons, 21 empty lines skipped
2025-08-11 08:48:08,759 - root - DEBUG - Block comment stripping complete: 0 comments extracted, 244 lines cleaned
2025-08-11 08:48:08,759 - root - DEBUG - Removed block comments from main section
2025-08-11 08:48:08,759 - root - DEBUG - Inline comment stripping complete: 17 comments extracted, 227 lines cleaned
2025-08-11 08:48:08,760 - root - DEBUG - Removed inline comments from main section
2025-08-11 08:48:08,760 - root - DEBUG - Found DECLARE at line 1
2025-08-11 08:48:08,760 - root - DEBUG - Found BEGIN at line 14
2025-08-11 08:48:08,760 - root - DEBUG - DECLARE section: lines 1-13
2025-08-11 08:48:08,760 - root - DEBUG - Main section: lines 14
2025-08-11 08:48:08,760 - root - DEBUG - Starting declaration parsing
2025-08-11 08:48:08,760 - root - DEBUG - Processed variable: V_TRIGGER_NAME
2025-08-11 08:48:08,760 - root - DEBUG - Processed variable: CNTR
2025-08-11 08:48:08,760 - root - DEBUG - Processed exception: ERR_UPD
2025-08-11 08:48:08,760 - root - DEBUG - Processed exception: ERR_INS
2025-08-11 08:48:08,760 - root - DEBUG - Processed exception: ERR_CTRY_CHG
2025-08-11 08:48:08,760 - root - DEBUG - Processed exception: ERR_NOT_ALLOWED_TO_INVALIDATE
2025-08-11 08:48:08,760 - root - DEBUG - Processed variable: V_USERID
2025-08-11 08:48:08,760 - root - DEBUG - Processed exception: TEST_ERR
2025-08-11 08:48:08,760 - root - DEBUG - Processed variable: V_COUNTRY_CD
2025-08-11 08:48:08,760 - root - DEBUG - Processed variable: V_COMPANY_TYPE_CD
2025-08-11 08:48:08,760 - root - DEBUG - Processed exception: ERR_INS_LEGAL_ADDR
2025-08-11 08:48:08,760 - root - DEBUG - Processed variable: V_VALID_FROM
2025-08-11 08:48:08,760 - root - ERROR - Failed to process trigger3.sql: 'int' object is not subscriptable
Traceback (most recent call last):
  File "D:\DELOITTE\ORACALE_to_json\test1.py", line 1019, in process_files
    processor_func(src_path, out_path, trigger_num)
    ~~~~~~~~~~~~~~^^^^^^^^^^^^^^^^^^^^^^^^^^^^^^^^^
  File "D:\DELOITTE\ORACALE_to_json\test1.py", line 1034, in sql_to_json_processor
    analyzer = OracleTriggerAnalyzer(sql_content)
  File "D:\DELOITTE\ORACALE_to_json\test1.py", line 52, in __init__
    self._parse_sql()
    ~~~~~~~~~~~~~~~^^
  File "D:\DELOITTE\ORACALE_to_json\test1.py", line 309, in _parse_sql
    self._process_main_section()
    ~~~~~~~~~~~~~~~~~~~~~~~~~~^^
  File "D:\DELOITTE\ORACALE_to_json\test1.py", line 688, in _process_main_section
    self.main_section[0],
    ~~~~~~~~~~~~~~~~~^^^
TypeError: 'int' object is not subscriptable
2025-08-11 08:48:08,761 - root - INFO - JSON conversion complete!
