2025-08-13 04:52:17,036 - root - DEBUG - [test.py:36] - :NEW.IN_PREP_IND = 'Y'
2025-08-13 04:52:17,036 - root - DEBUG - [test.py:36] - :NEW.PORTF_PROJ_CD <> 'Y'
2025-08-13 04:52:17,036 - root - DEBUG - [test.py:36] - :NEW.STATUS_DESC <> 'CLOSED' AND V_IS_ADMIN_CNT = 0
2025-08-13 04:52:17,036 - root - DEBUG - [test.py:36] - :NEW.MOLECULE_ID IS NULL
2025-08-13 04:52:17,036 - root - DEBUG - [test.py:36] - :NEW.MOLECULE_ID IS NOT NULL
2025-08-13 04:52:17,036 - root - DEBUG - [test.py:36] - V_MOLECULE_RG_NO IS NULL
2025-08-13 04:52:17,036 - root - DEBUG - [test.py:36] - V_COMPARATOR_IND = 'Y'
2025-08-13 04:52:17,036 - root - DEBUG - [test.py:36] - :NEW.STATUS_DESC IS NOT NULL
2025-08-13 04:52:17,038 - root - DEBUG - [test.py:36] - :NEW.DBA_DESC_CONCAT IS NOT NULL
2025-08-13 04:52:17,038 - root - DEBUG - [test.py:36] - :NEW.OFFICIAL_IND = 'N'
2025-08-13 04:52:17,038 - root - DEBUG - [test.py:36] - :NEW.MANUAL_SHORT_DESC IS NULL AND LENGTH(V_THEME_DESC_PROPOSAL) > 30
2025-08-13 04:52:17,038 - root - DEBUG - [test.py:36] - INSERTING
2025-08-13 04:52:17,038 - root - DEBUG - [test.py:36] - UPDATING
2025-08-13 04:52:17,038 - root - DEBUG - [test.py:36] - DELETING
2025-08-13 04:52:17,038 - root - DEBUG - [test.py:36] - :NEW.IN_PREP_IND = 'N' AND V_IS_ADMIN_CNT = 0
2025-08-13 04:52:17,038 - root - DEBUG - [test.py:36] - :NEW.PORTF_PROJ_CD = 'Y' AND :NEW.MOLECULE_ID IS NULL
2025-08-13 04:52:17,038 - root - DEBUG - [test.py:36] - NVL(:NEW.MANUAL_SHORT_DESC, :NEW.THEME_DESC_PROPOSAL) IS NULL
2025-08-13 04:52:17,039 - root - DEBUG - [test.py:36] - LENGTH(:NEW.THEME_NO)
2025-08-13 04:52:17,039 - root - DEBUG - [test.py:36] - 4
2025-08-13 04:52:17,039 - root - DEBUG - [test.py:36] - 5
2025-08-13 04:52:17,039 - root - DEBUG - [test.py:36] - SUBSTR(:NEW.THEME_NO, 1, 1) NOT BETWEEN 0 AND 9 OR SUBSTR(:NEW.THEME_NO, 2, 1) NOT BETWEEN 0 AND 9 OR SUBSTR(:NEW.THEME_NO, 3, 1) NOT BETWEEN 0 AND 9 OR SUBSTR(:NEW.THEME_NO, 4, 1) NOT BETWEEN 0 AND 9
2025-08-13 04:52:17,039 - root - DEBUG - [test.py:36] - SUBSTR(:NEW.THEME_NO, 1, 1) NOT BETWEEN 0 AND 9 OR SUBSTR(:NEW.THEME_NO, 2, 1) NOT BETWEEN 0 AND 9 OR SUBSTR(:NEW.THEME_NO, 3, 1) NOT BETWEEN 0 AND 9 OR SUBSTR(:NEW.THEME_NO, 4, 1) NOT BETWEEN 0 AND 9 OR SUBSTR(:NEW.THEME_NO, 5, 1) NOT BETWEEN 0 AND 9
2025-08-13 04:52:17,039 - root - DEBUG - [test.py:36] - V_COUNTER > 0
2025-08-13 04:52:17,039 - root - DEBUG - [test.py:36] - :NEW.OFFICIAL_IND = 'N'
2025-08-13 04:52:17,039 - root - DEBUG - [test.py:36] - UPPER(:NEW.PORTF_PROJ_CD) = 'N'
2025-08-13 04:52:17,039 - root - DEBUG - [test.py:36] - :NEW.THEME_DESC IS NULL OR LENGTH(:NEW.THEME_DESC) = 0
2025-08-13 04:52:17,039 - root - DEBUG - [test.py:36] - UPPER(:NEW.PORTF_PROJ_CD) = 'Y'
2025-08-13 04:52:17,039 - root - DEBUG - [test.py:36] - LENGTH(V_DESCRIPTION) > 90
2025-08-13 04:52:17,039 - root - DEBUG - [test.py:36] - V_COUNTER > 0
2025-08-13 04:52:17,039 - root - DEBUG - [test.py:36] - :OLD.MOLECULE_ID IS NULL AND :NEW.MOLECULE_ID IS NOT NULL
2025-08-13 04:52:17,039 - root - DEBUG - [test.py:36] - (:OLD.IN_PREP_IND = 'N' OR (:OLD.IN_PREP_IND = 'Y' AND :NEW.IN_PREP_IND = 'N')) AND V_IS_ADMIN_CNT = 0
2025-08-13 04:52:17,039 - root - DEBUG - [test.py:36] - :NEW.THEME_NO <> :OLD.THEME_NO
2025-08-13 04:52:17,039 - root - DEBUG - [test.py:36] - :NEW.OFFICIAL_IND = 'N'
2025-08-13 04:52:17,039 - root - DEBUG - [test.py:36] - UPPER(:NEW.PORTF_PROJ_CD) = 'Y' AND(V_STATUS_CD <> 'C' OR:NEW.IN_PREP_IND = 'Y')) UPPER(:NEW.PORTF_PROJ_CD
2025-08-13 04:52:17,039 - root - DEBUG - [test.py:36] - :NEW.THEME_DESC IS NULL OR LENGTH(:NEW.THEME_DESC) = 0
2025-08-13 04:52:17,039 - root - DEBUG - [test.py:36] - LENGTH(V_DESCRIPTION) > 90
2025-08-13 04:52:17,039 - root - DEBUG - [test.py:36] - V_COUNTER > 0
2025-08-13 04:52:17,039 - root - DEBUG - [test.py:36] - :NEW.OFFICIAL_IND = 'N'
2025-08-13 04:52:17,039 - root - DEBUG - [test.py:36] - V_COUNTER > 0
2025-08-13 04:52:17,039 - root - DEBUG - [test.py:36] - 
2025-08-13 04:52:17,039 - root - DEBUG - [test.py:36] - :OLD.MOLECULE_ID IS NULL AND :NEW.MOLECULE_ID IS NOT NULL
2025-08-13 04:52:17,039 - root - DEBUG - [test.py:36] - :OLD.MOLECULE_ID IS NOT NULL AND :NEW.MOLECULE_ID IS NOT NULL
2025-08-13 04:52:17,039 - root - DEBUG - [test.py:36] - :OLD.MOLECULE_ID IS NOT NULL AND :NEW.MOLECULE_ID IS NULL
2025-08-13 04:52:17,040 - root - DEBUG - [test.py:36] - V_SEC_MOL_CNT > 0
2025-08-13 04:52:17,040 - root - DEBUG - [test.py:36] - (:OLD.IN_PREP_IND = 'N') AND V_IS_ADMIN_CNT = 0
2025-08-13 04:52:17,040 - root - DEBUG - [test.py:36] - TRUNC(TO_DATE(:OLD.REGISTRAT_DATE, 'DD-MM-YYYY')) = TRUNC(SYSDATE)
2025-08-13 04:52:17,040 - root - DEBUG - [test.py:36] - INSERTING OR UPDATING
2025-08-13 04:52:17,040 - root - DEBUG - [test.py:36] - :NEW.PROPOSAL_ID IS NOT NULL AND :OLD.PROPOSAL_ID IS NULL
2025-08-13 04:52:17,040 - root - DEBUG - [test.py:36] - V_EVOLVED_NMP_CNT = 0
2025-08-13 04:52:17,040 - root - DEBUG - [test.py:36] - :NEW.PROPOSAL_ID IS NULL AND :OLD.PROPOSAL_ID IS NOT NULL
2025-08-13 04:52:17,040 - root - DEBUG - [test.py:36] - :NEW.PROPOSAL_ID IS NOT NULL AND :OLD.PROPOSAL_ID IS NOT NULL AND :NEW.PROPOSAL_ID <> :OLD.PROPOSAL_ID
2025-08-13 04:52:17,040 - root - DEBUG - [test.py:36] - NVL(:NEW.PROPOSAL_ID, 0) = NVL(:OLD.PROPOSAL_ID, 0) AND NVL(:OLD.SHORT_NAME, '-') <> NVL(V_SHORT_NAME, '-')
2025-08-13 04:52:17,040 - root - DEBUG - [test.py:36] - V_EVOLVED_NMP_CNT > 0
2025-08-13 04:52:17,040 - root - DEBUG - [test.py:36] - INSERTING AND :NEW.THEME_NO IS NOT NULL AND GMD_UTIL_THEMES.GET_THEMES_RANGE_AUTOMATIC_NMP(:NEW.THEME_NO) = 'Y'
2025-08-13 04:52:17,040 - root - DEBUG - [test.py:36] - :NEW.PROPOSAL_ID IS NOT NULL
2025-08-13 04:52:17,040 - root - DEBUG - [test.py:36] - :NEW.PROPOSAL_ID IS NULL OR (:NEW.PROPOSAL_ID IS NOT NULL AND V_EVOLVED_NMP_CNT = 0)
2025-08-13 04:52:17,040 - root - DEBUG - [test.py:36] - :NEW.MOLECULE_ID IS NOT NULL
2025-08-13 04:52:17,040 - root - DEBUG - [test.py:36] - :NEW.IN_PREP_IND = 'Y'
2025-08-13 04:52:17,040 - root - DEBUG - [test.py:36] - :NEW.PORTF_PROJ_CD <> 'Y'
2025-08-13 04:52:17,040 - root - DEBUG - [test.py:36] - :NEW.STATUS_DESC <> 'CLOSED' AND V_IS_ADMIN_CNT = 0
2025-08-13 04:52:17,040 - root - DEBUG - [test.py:36] - :NEW.MOLECULE_ID IS NULL
2025-08-13 04:52:17,040 - root - DEBUG - [test.py:36] - :NEW.MOLECULE_ID IS NOT NULL
2025-08-13 04:52:17,040 - root - DEBUG - [test.py:36] - V_MOLECULE_RG_NO IS NULL
2025-08-13 04:52:17,040 - root - DEBUG - [test.py:36] - V_COMPARATOR_IND = 'Y'
2025-08-13 04:52:17,040 - root - DEBUG - [test.py:36] - :NEW.STATUS_DESC IS NOT NULL
2025-08-13 04:52:17,041 - root - DEBUG - [test.py:36] - :NEW.DBA_DESC_CONCAT IS NOT NULL
2025-08-13 04:52:17,041 - root - DEBUG - [test.py:36] - :NEW.OFFICIAL_IND = 'N'
2025-08-13 04:52:17,041 - root - DEBUG - [test.py:36] - :NEW.MANUAL_SHORT_DESC IS NULL AND LENGTH(V_THEME_DESC_PROPOSAL) > 30
2025-08-13 04:52:17,041 - root - DEBUG - [test.py:36] - INSERTING
2025-08-13 04:52:17,041 - root - DEBUG - [test.py:36] - UPDATING
2025-08-13 04:52:17,041 - root - DEBUG - [test.py:36] - DELETING
2025-08-13 04:52:17,041 - root - DEBUG - [test.py:36] - :NEW.IN_PREP_IND = 'N' AND V_IS_ADMIN_CNT = 0
2025-08-13 04:52:17,041 - root - DEBUG - [test.py:36] - :NEW.PORTF_PROJ_CD = 'Y' AND :NEW.MOLECULE_ID IS NULL
2025-08-13 04:52:17,041 - root - DEBUG - [test.py:36] - NVL(:NEW.MANUAL_SHORT_DESC, :NEW.THEME_DESC_PROPOSAL) IS NULL
2025-08-13 04:52:17,041 - root - DEBUG - [test.py:36] - LENGTH(:NEW.THEME_NO)
2025-08-13 04:52:17,041 - root - DEBUG - [test.py:36] - 4
2025-08-13 04:52:17,041 - root - DEBUG - [test.py:36] - 5
2025-08-13 04:52:17,041 - root - DEBUG - [test.py:36] - SUBSTR(:NEW.THEME_NO, 1, 1) NOT BETWEEN 0 AND 9 OR SUBSTR(:NEW.THEME_NO, 2, 1) NOT BETWEEN 0 AND 9 OR SUBSTR(:NEW.THEME_NO, 3, 1) NOT BETWEEN 0 AND 9 OR SUBSTR(:NEW.THEME_NO, 4, 1) NOT BETWEEN 0 AND 9
2025-08-13 04:52:17,041 - root - DEBUG - [test.py:36] - SUBSTR(:NEW.THEME_NO, 1, 1) NOT BETWEEN 0 AND 9 OR SUBSTR(:NEW.THEME_NO, 2, 1) NOT BETWEEN 0 AND 9 OR SUBSTR(:NEW.THEME_NO, 3, 1) NOT BETWEEN 0 AND 9 OR SUBSTR(:NEW.THEME_NO, 4, 1) NOT BETWEEN 0 AND 9 OR SUBSTR(:NEW.THEME_NO, 5, 1) NOT BETWEEN 0 AND 9
2025-08-13 04:52:17,041 - root - DEBUG - [test.py:36] - V_COUNTER > 0
2025-08-13 04:52:17,041 - root - DEBUG - [test.py:36] - :NEW.OFFICIAL_IND = 'N'
2025-08-13 04:52:17,041 - root - DEBUG - [test.py:36] - UPPER(:NEW.PORTF_PROJ_CD) = 'N'
2025-08-13 04:52:17,041 - root - DEBUG - [test.py:36] - :NEW.THEME_DESC IS NULL OR LENGTH(:NEW.THEME_DESC) = 0
2025-08-13 04:52:17,041 - root - DEBUG - [test.py:36] - UPPER(:NEW.PORTF_PROJ_CD) = 'Y'
2025-08-13 04:52:17,041 - root - DEBUG - [test.py:36] - LENGTH(V_DESCRIPTION) > 90
2025-08-13 04:52:17,041 - root - DEBUG - [test.py:36] - V_COUNTER > 0
2025-08-13 04:52:17,041 - root - DEBUG - [test.py:36] - :OLD.MOLECULE_ID IS NULL AND :NEW.MOLECULE_ID IS NOT NULL
2025-08-13 04:52:17,041 - root - DEBUG - [test.py:36] - (:OLD.IN_PREP_IND = 'N' OR (:OLD.IN_PREP_IND = 'Y' AND :NEW.IN_PREP_IND = 'N')) AND V_IS_ADMIN_CNT = 0
2025-08-13 04:52:17,041 - root - DEBUG - [test.py:36] - :NEW.THEME_NO <> :OLD.THEME_NO
2025-08-13 04:52:17,041 - root - DEBUG - [test.py:36] - :NEW.OFFICIAL_IND = 'N'
2025-08-13 04:52:17,041 - root - DEBUG - [test.py:36] - UPPER(:NEW.PORTF_PROJ_CD) = 'Y' AND(V_STATUS_CD <> 'C' OR:NEW.IN_PREP_IND = 'Y')) UPPER(:NEW.PORTF_PROJ_CD
2025-08-13 04:52:17,041 - root - DEBUG - [test.py:36] - :NEW.THEME_DESC IS NULL OR LENGTH(:NEW.THEME_DESC) = 0
2025-08-13 04:52:17,042 - root - DEBUG - [test.py:36] - LENGTH(V_DESCRIPTION) > 90
2025-08-13 04:52:17,042 - root - DEBUG - [test.py:36] - V_COUNTER > 0
2025-08-13 04:52:17,042 - root - DEBUG - [test.py:36] - :NEW.OFFICIAL_IND = 'N'
2025-08-13 04:52:17,042 - root - DEBUG - [test.py:36] - V_COUNTER > 0
2025-08-13 04:52:17,042 - root - DEBUG - [test.py:36] - 
2025-08-13 04:52:17,042 - root - DEBUG - [test.py:36] - :OLD.MOLECULE_ID IS NULL AND :NEW.MOLECULE_ID IS NOT NULL
2025-08-13 04:52:17,042 - root - DEBUG - [test.py:36] - :OLD.MOLECULE_ID IS NOT NULL AND :NEW.MOLECULE_ID IS NOT NULL
2025-08-13 04:52:17,042 - root - DEBUG - [test.py:36] - :OLD.MOLECULE_ID IS NOT NULL AND :NEW.MOLECULE_ID IS NULL
2025-08-13 04:52:17,042 - root - DEBUG - [test.py:36] - V_SEC_MOL_CNT > 0
2025-08-13 04:52:17,042 - root - DEBUG - [test.py:36] - (:OLD.IN_PREP_IND = 'N') AND V_IS_ADMIN_CNT = 0
2025-08-13 04:52:17,042 - root - DEBUG - [test.py:36] - TRUNC(TO_DATE(:OLD.REGISTRAT_DATE, 'DD-MM-YYYY')) = TRUNC(SYSDATE)
2025-08-13 04:52:17,042 - root - DEBUG - [test.py:36] - INSERTING OR UPDATING
2025-08-13 04:52:17,042 - root - DEBUG - [test.py:36] - :NEW.PROPOSAL_ID IS NOT NULL AND :OLD.PROPOSAL_ID IS NULL
2025-08-13 04:52:17,042 - root - DEBUG - [test.py:36] - V_EVOLVED_NMP_CNT = 0
2025-08-13 04:52:17,042 - root - DEBUG - [test.py:36] - :NEW.PROPOSAL_ID IS NULL AND :OLD.PROPOSAL_ID IS NOT NULL
2025-08-13 04:52:17,042 - root - DEBUG - [test.py:36] - :NEW.PROPOSAL_ID IS NOT NULL AND :OLD.PROPOSAL_ID IS NOT NULL AND :NEW.PROPOSAL_ID <> :OLD.PROPOSAL_ID
2025-08-13 04:52:17,042 - root - DEBUG - [test.py:36] - NVL(:NEW.PROPOSAL_ID, 0) = NVL(:OLD.PROPOSAL_ID, 0) AND NVL(:OLD.SHORT_NAME, '-') <> NVL(V_SHORT_NAME, '-')
2025-08-13 04:52:17,042 - root - DEBUG - [test.py:36] - V_EVOLVED_NMP_CNT > 0
2025-08-13 04:52:17,042 - root - DEBUG - [test.py:36] - INSERTING AND :NEW.THEME_NO IS NOT NULL AND GMD_UTIL_THEMES.GET_THEMES_RANGE_AUTOMATIC_NMP(:NEW.THEME_NO) = 'Y'
2025-08-13 04:52:17,042 - root - DEBUG - [test.py:36] - :NEW.PROPOSAL_ID IS NOT NULL
2025-08-13 04:52:17,042 - root - DEBUG - [test.py:36] - :NEW.PROPOSAL_ID IS NULL OR (:NEW.PROPOSAL_ID IS NOT NULL AND V_EVOLVED_NMP_CNT = 0)
2025-08-13 04:52:17,042 - root - DEBUG - [test.py:36] - :NEW.MOLECULE_ID IS NOT NULL
2025-08-13 04:52:17,042 - root - DEBUG - [test.py:36] - :NEW.IN_PREP_IND = 'Y'
2025-08-13 04:52:17,042 - root - DEBUG - [test.py:36] - :NEW.PORTF_PROJ_CD <> 'Y'
2025-08-13 04:52:17,042 - root - DEBUG - [test.py:36] - :NEW.STATUS_DESC <> 'CLOSED' AND V_IS_ADMIN_CNT = 0
2025-08-13 04:52:17,042 - root - DEBUG - [test.py:36] - :NEW.MOLECULE_ID IS NULL
2025-08-13 04:52:17,042 - root - DEBUG - [test.py:36] - :NEW.MOLECULE_ID IS NOT NULL
2025-08-13 04:52:17,042 - root - DEBUG - [test.py:36] - V_MOLECULE_RG_NO IS NULL
2025-08-13 04:52:17,043 - root - DEBUG - [test.py:36] - V_COMPARATOR_IND = 'Y'
2025-08-13 04:52:17,043 - root - DEBUG - [test.py:36] - :NEW.STATUS_DESC IS NOT NULL
2025-08-13 04:52:17,043 - root - DEBUG - [test.py:36] - :NEW.DBA_DESC_CONCAT IS NOT NULL
2025-08-13 04:52:17,043 - root - DEBUG - [test.py:36] - :NEW.OFFICIAL_IND = 'N'
2025-08-13 04:52:17,043 - root - DEBUG - [test.py:36] - :NEW.MANUAL_SHORT_DESC IS NULL AND LENGTH(V_THEME_DESC_PROPOSAL) > 30
2025-08-13 04:52:17,043 - root - DEBUG - [test.py:36] - INSERTING
2025-08-13 04:52:17,043 - root - DEBUG - [test.py:36] - UPDATING
2025-08-13 04:52:17,043 - root - DEBUG - [test.py:36] - DELETING
2025-08-13 04:52:17,043 - root - DEBUG - [test.py:36] - :NEW.IN_PREP_IND = 'N' AND V_IS_ADMIN_CNT = 0
2025-08-13 04:52:17,043 - root - DEBUG - [test.py:36] - :NEW.PORTF_PROJ_CD = 'Y' AND :NEW.MOLECULE_ID IS NULL
2025-08-13 04:52:17,043 - root - DEBUG - [test.py:36] - NVL(:NEW.MANUAL_SHORT_DESC, :NEW.THEME_DESC_PROPOSAL) IS NULL
2025-08-13 04:52:17,043 - root - DEBUG - [test.py:36] - LENGTH(:NEW.THEME_NO)
2025-08-13 04:52:17,043 - root - DEBUG - [test.py:36] - 4
2025-08-13 04:52:17,043 - root - DEBUG - [test.py:36] - 5
2025-08-13 04:52:17,043 - root - DEBUG - [test.py:36] - SUBSTR(:NEW.THEME_NO, 1, 1) NOT BETWEEN 0 AND 9 OR SUBSTR(:NEW.THEME_NO, 2, 1) NOT BETWEEN 0 AND 9 OR SUBSTR(:NEW.THEME_NO, 3, 1) NOT BETWEEN 0 AND 9 OR SUBSTR(:NEW.THEME_NO, 4, 1) NOT BETWEEN 0 AND 9
2025-08-13 04:52:17,043 - root - DEBUG - [test.py:36] - SUBSTR(:NEW.THEME_NO, 1, 1) NOT BETWEEN 0 AND 9 OR SUBSTR(:NEW.THEME_NO, 2, 1) NOT BETWEEN 0 AND 9 OR SUBSTR(:NEW.THEME_NO, 3, 1) NOT BETWEEN 0 AND 9 OR SUBSTR(:NEW.THEME_NO, 4, 1) NOT BETWEEN 0 AND 9 OR SUBSTR(:NEW.THEME_NO, 5, 1) NOT BETWEEN 0 AND 9
2025-08-13 04:52:17,043 - root - DEBUG - [test.py:36] - V_COUNTER > 0
2025-08-13 04:52:17,043 - root - DEBUG - [test.py:36] - :NEW.OFFICIAL_IND = 'N'
2025-08-13 04:52:17,043 - root - DEBUG - [test.py:36] - UPPER(:NEW.PORTF_PROJ_CD) = 'N'
2025-08-13 04:52:17,043 - root - DEBUG - [test.py:36] - :NEW.THEME_DESC IS NULL OR LENGTH(:NEW.THEME_DESC) = 0
2025-08-13 04:52:17,043 - root - DEBUG - [test.py:36] - UPPER(:NEW.PORTF_PROJ_CD) = 'Y'
2025-08-13 04:52:17,043 - root - DEBUG - [test.py:36] - LENGTH(V_DESCRIPTION) > 90
2025-08-13 04:52:17,043 - root - DEBUG - [test.py:36] - V_COUNTER > 0
2025-08-13 04:52:17,043 - root - DEBUG - [test.py:36] - :OLD.MOLECULE_ID IS NULL AND :NEW.MOLECULE_ID IS NOT NULL
2025-08-13 04:52:17,043 - root - DEBUG - [test.py:36] - (:OLD.IN_PREP_IND = 'N' OR (:OLD.IN_PREP_IND = 'Y' AND :NEW.IN_PREP_IND = 'N')) AND V_IS_ADMIN_CNT = 0
2025-08-13 04:52:17,043 - root - DEBUG - [test.py:36] - :NEW.THEME_NO <> :OLD.THEME_NO
2025-08-13 04:52:17,043 - root - DEBUG - [test.py:36] - :NEW.OFFICIAL_IND = 'N'
2025-08-13 04:52:17,043 - root - DEBUG - [test.py:36] - UPPER(:NEW.PORTF_PROJ_CD) = 'Y' AND(V_STATUS_CD <> 'C' OR:NEW.IN_PREP_IND = 'Y')) UPPER(:NEW.PORTF_PROJ_CD
2025-08-13 04:52:17,044 - root - DEBUG - [test.py:36] - :NEW.THEME_DESC IS NULL OR LENGTH(:NEW.THEME_DESC) = 0
2025-08-13 04:52:17,044 - root - DEBUG - [test.py:36] - LENGTH(V_DESCRIPTION) > 90
2025-08-13 04:52:17,044 - root - DEBUG - [test.py:36] - V_COUNTER > 0
2025-08-13 04:52:17,044 - root - DEBUG - [test.py:36] - :NEW.OFFICIAL_IND = 'N'
2025-08-13 04:52:17,044 - root - DEBUG - [test.py:36] - V_COUNTER > 0
2025-08-13 04:52:17,044 - root - DEBUG - [test.py:36] - 
2025-08-13 04:52:17,044 - root - DEBUG - [test.py:36] - :OLD.MOLECULE_ID IS NULL AND :NEW.MOLECULE_ID IS NOT NULL
2025-08-13 04:52:17,044 - root - DEBUG - [test.py:36] - :OLD.MOLECULE_ID IS NOT NULL AND :NEW.MOLECULE_ID IS NOT NULL
2025-08-13 04:52:17,044 - root - DEBUG - [test.py:36] - :OLD.MOLECULE_ID IS NOT NULL AND :NEW.MOLECULE_ID IS NULL
2025-08-13 04:52:17,044 - root - DEBUG - [test.py:36] - V_SEC_MOL_CNT > 0
2025-08-13 04:52:17,044 - root - DEBUG - [test.py:36] - (:OLD.IN_PREP_IND = 'N') AND V_IS_ADMIN_CNT = 0
2025-08-13 04:52:17,044 - root - DEBUG - [test.py:36] - TRUNC(TO_DATE(:OLD.REGISTRAT_DATE, 'DD-MM-YYYY')) = TRUNC(SYSDATE)
2025-08-13 04:52:17,044 - root - DEBUG - [test.py:36] - INSERTING OR UPDATING
2025-08-13 04:52:17,044 - root - DEBUG - [test.py:36] - :NEW.PROPOSAL_ID IS NOT NULL AND :OLD.PROPOSAL_ID IS NULL
2025-08-13 04:52:17,044 - root - DEBUG - [test.py:36] - V_EVOLVED_NMP_CNT = 0
2025-08-13 04:52:17,044 - root - DEBUG - [test.py:36] - :NEW.PROPOSAL_ID IS NULL AND :OLD.PROPOSAL_ID IS NOT NULL
2025-08-13 04:52:17,044 - root - DEBUG - [test.py:36] - :NEW.PROPOSAL_ID IS NOT NULL AND :OLD.PROPOSAL_ID IS NOT NULL AND :NEW.PROPOSAL_ID <> :OLD.PROPOSAL_ID
2025-08-13 04:52:17,044 - root - DEBUG - [test.py:36] - NVL(:NEW.PROPOSAL_ID, 0) = NVL(:OLD.PROPOSAL_ID, 0) AND NVL(:OLD.SHORT_NAME, '-') <> NVL(V_SHORT_NAME, '-')
2025-08-13 04:52:17,044 - root - DEBUG - [test.py:36] - V_EVOLVED_NMP_CNT > 0
2025-08-13 04:52:17,044 - root - DEBUG - [test.py:36] - INSERTING AND :NEW.THEME_NO IS NOT NULL AND GMD_UTIL_THEMES.GET_THEMES_RANGE_AUTOMATIC_NMP(:NEW.THEME_NO) = 'Y'
2025-08-13 04:52:17,044 - root - DEBUG - [test.py:36] - :NEW.PROPOSAL_ID IS NOT NULL
2025-08-13 04:52:17,044 - root - DEBUG - [test.py:36] - :NEW.PROPOSAL_ID IS NULL OR (:NEW.PROPOSAL_ID IS NOT NULL AND V_EVOLVED_NMP_CNT = 0)
2025-08-13 04:52:17,044 - root - DEBUG - [test.py:36] - :NEW.MOLECULE_ID IS NOT NULL
2025-08-13 04:52:17,046 - root - DEBUG - [test.py:36] - :NEW.IN_PREP_IND = 'Y'
2025-08-13 04:52:17,046 - root - DEBUG - [test.py:36] - :NEW.PORTF_PROJ_CD <> 'Y'
2025-08-13 04:52:17,046 - root - DEBUG - [test.py:36] - :NEW.STATUS_DESC <> 'CLOSED' AND V_IS_ADMIN_CNT = 0
2025-08-13 04:52:17,046 - root - DEBUG - [test.py:36] - :NEW.MOLECULE_ID IS NULL
2025-08-13 04:52:17,046 - root - DEBUG - [test.py:36] - :NEW.MOLECULE_ID IS NOT NULL
2025-08-13 04:52:17,046 - root - DEBUG - [test.py:36] - V_MOLECULE_RG_NO IS NULL
2025-08-13 04:52:17,046 - root - DEBUG - [test.py:36] - V_COMPARATOR_IND = 'Y'
2025-08-13 04:52:17,046 - root - DEBUG - [test.py:36] - :NEW.STATUS_DESC IS NOT NULL
2025-08-13 04:52:17,046 - root - DEBUG - [test.py:36] - :NEW.DBA_DESC_CONCAT IS NOT NULL
2025-08-13 04:52:17,046 - root - DEBUG - [test.py:36] - :NEW.OFFICIAL_IND = 'N'
2025-08-13 04:52:17,046 - root - DEBUG - [test.py:36] - :NEW.MANUAL_SHORT_DESC IS NULL AND LENGTH(V_THEME_DESC_PROPOSAL) > 30
2025-08-13 04:52:17,046 - root - DEBUG - [test.py:36] - INSERTING
2025-08-13 04:52:17,046 - root - DEBUG - [test.py:36] - UPDATING
2025-08-13 04:52:17,046 - root - DEBUG - [test.py:36] - DELETING
2025-08-13 04:52:17,046 - root - DEBUG - [test.py:36] - :NEW.IN_PREP_IND = 'N' AND V_IS_ADMIN_CNT = 0
2025-08-13 04:52:17,046 - root - DEBUG - [test.py:36] - :NEW.PORTF_PROJ_CD = 'Y' AND :NEW.MOLECULE_ID IS NULL
2025-08-13 04:52:17,046 - root - DEBUG - [test.py:36] - NVL(:NEW.MANUAL_SHORT_DESC, :NEW.THEME_DESC_PROPOSAL) IS NULL
2025-08-13 04:52:17,046 - root - DEBUG - [test.py:36] - LENGTH(:NEW.THEME_NO)
2025-08-13 04:52:17,046 - root - DEBUG - [test.py:36] - 4
2025-08-13 04:52:17,046 - root - DEBUG - [test.py:36] - 5
2025-08-13 04:52:17,046 - root - DEBUG - [test.py:36] - SUBSTR(:NEW.THEME_NO, 1, 1) NOT BETWEEN 0 AND 9 OR SUBSTR(:NEW.THEME_NO, 2, 1) NOT BETWEEN 0 AND 9 OR SUBSTR(:NEW.THEME_NO, 3, 1) NOT BETWEEN 0 AND 9 OR SUBSTR(:NEW.THEME_NO, 4, 1) NOT BETWEEN 0 AND 9
2025-08-13 04:52:17,046 - root - DEBUG - [test.py:36] - SUBSTR(:NEW.THEME_NO, 1, 1) NOT BETWEEN 0 AND 9 OR SUBSTR(:NEW.THEME_NO, 2, 1) NOT BETWEEN 0 AND 9 OR SUBSTR(:NEW.THEME_NO, 3, 1) NOT BETWEEN 0 AND 9 OR SUBSTR(:NEW.THEME_NO, 4, 1) NOT BETWEEN 0 AND 9 OR SUBSTR(:NEW.THEME_NO, 5, 1) NOT BETWEEN 0 AND 9
2025-08-13 04:52:17,047 - root - DEBUG - [test.py:36] - V_COUNTER > 0
2025-08-13 04:52:17,047 - root - DEBUG - [test.py:36] - :NEW.OFFICIAL_IND = 'N'
2025-08-13 04:52:17,047 - root - DEBUG - [test.py:36] - UPPER(:NEW.PORTF_PROJ_CD) = 'N'
2025-08-13 04:52:17,047 - root - DEBUG - [test.py:36] - :NEW.THEME_DESC IS NULL OR LENGTH(:NEW.THEME_DESC) = 0
2025-08-13 04:52:17,047 - root - DEBUG - [test.py:36] - UPPER(:NEW.PORTF_PROJ_CD) = 'Y'
2025-08-13 04:52:17,047 - root - DEBUG - [test.py:36] - LENGTH(V_DESCRIPTION) > 90
2025-08-13 04:52:17,047 - root - DEBUG - [test.py:36] - V_COUNTER > 0
2025-08-13 04:52:17,047 - root - DEBUG - [test.py:36] - :OLD.MOLECULE_ID IS NULL AND :NEW.MOLECULE_ID IS NOT NULL
2025-08-13 04:52:17,047 - root - DEBUG - [test.py:36] - (:OLD.IN_PREP_IND = 'N' OR (:OLD.IN_PREP_IND = 'Y' AND :NEW.IN_PREP_IND = 'N')) AND V_IS_ADMIN_CNT = 0
2025-08-13 04:52:17,047 - root - DEBUG - [test.py:36] - :NEW.THEME_NO <> :OLD.THEME_NO
2025-08-13 04:52:17,047 - root - DEBUG - [test.py:36] - :NEW.OFFICIAL_IND = 'N'
2025-08-13 04:52:17,047 - root - DEBUG - [test.py:36] - UPPER(:NEW.PORTF_PROJ_CD) = 'Y' AND(V_STATUS_CD <> 'C' OR:NEW.IN_PREP_IND = 'Y')) UPPER(:NEW.PORTF_PROJ_CD
2025-08-13 04:52:17,047 - root - DEBUG - [test.py:36] - :NEW.THEME_DESC IS NULL OR LENGTH(:NEW.THEME_DESC) = 0
2025-08-13 04:52:17,047 - root - DEBUG - [test.py:36] - LENGTH(V_DESCRIPTION) > 90
2025-08-13 04:52:17,047 - root - DEBUG - [test.py:36] - V_COUNTER > 0
2025-08-13 04:52:17,047 - root - DEBUG - [test.py:36] - :NEW.OFFICIAL_IND = 'N'
2025-08-13 04:52:17,047 - root - DEBUG - [test.py:36] - V_COUNTER > 0
2025-08-13 04:52:17,047 - root - DEBUG - [test.py:36] - 
2025-08-13 04:52:17,047 - root - DEBUG - [test.py:36] - :OLD.MOLECULE_ID IS NULL AND :NEW.MOLECULE_ID IS NOT NULL
2025-08-13 04:52:17,047 - root - DEBUG - [test.py:36] - :OLD.MOLECULE_ID IS NOT NULL AND :NEW.MOLECULE_ID IS NOT NULL
2025-08-13 04:52:17,047 - root - DEBUG - [test.py:36] - :OLD.MOLECULE_ID IS NOT NULL AND :NEW.MOLECULE_ID IS NULL
2025-08-13 04:52:17,047 - root - DEBUG - [test.py:36] - V_SEC_MOL_CNT > 0
2025-08-13 04:52:17,047 - root - DEBUG - [test.py:36] - (:OLD.IN_PREP_IND = 'N') AND V_IS_ADMIN_CNT = 0
2025-08-13 04:52:17,047 - root - DEBUG - [test.py:36] - TRUNC(TO_DATE(:OLD.REGISTRAT_DATE, 'DD-MM-YYYY')) = TRUNC(SYSDATE)
2025-08-13 04:52:17,047 - root - DEBUG - [test.py:36] - INSERTING OR UPDATING
2025-08-13 04:52:17,047 - root - DEBUG - [test.py:36] - :NEW.PROPOSAL_ID IS NOT NULL AND :OLD.PROPOSAL_ID IS NULL
2025-08-13 04:52:17,047 - root - DEBUG - [test.py:36] - V_EVOLVED_NMP_CNT = 0
2025-08-13 04:52:17,048 - root - DEBUG - [test.py:36] - :NEW.PROPOSAL_ID IS NULL AND :OLD.PROPOSAL_ID IS NOT NULL
2025-08-13 04:52:17,048 - root - DEBUG - [test.py:36] - :NEW.PROPOSAL_ID IS NOT NULL AND :OLD.PROPOSAL_ID IS NOT NULL AND :NEW.PROPOSAL_ID <> :OLD.PROPOSAL_ID
2025-08-13 04:52:17,048 - root - DEBUG - [test.py:36] - NVL(:NEW.PROPOSAL_ID, 0) = NVL(:OLD.PROPOSAL_ID, 0) AND NVL(:OLD.SHORT_NAME, '-') <> NVL(V_SHORT_NAME, '-')
2025-08-13 04:52:17,048 - root - DEBUG - [test.py:36] - V_EVOLVED_NMP_CNT > 0
2025-08-13 04:52:17,048 - root - DEBUG - [test.py:36] - INSERTING AND :NEW.THEME_NO IS NOT NULL AND GMD_UTIL_THEMES.GET_THEMES_RANGE_AUTOMATIC_NMP(:NEW.THEME_NO) = 'Y'
2025-08-13 04:52:17,048 - root - DEBUG - [test.py:36] - :NEW.PROPOSAL_ID IS NOT NULL
2025-08-13 04:52:17,048 - root - DEBUG - [test.py:36] - :NEW.PROPOSAL_ID IS NULL OR (:NEW.PROPOSAL_ID IS NOT NULL AND V_EVOLVED_NMP_CNT = 0)
2025-08-13 04:52:17,048 - root - DEBUG - [test.py:36] - :NEW.MOLECULE_ID IS NOT NULL
2025-08-13 04:52:17,048 - root - DEBUG - [test.py:36] - :NEW.IN_PREP_IND = 'Y'
2025-08-13 04:52:17,048 - root - DEBUG - [test.py:36] - :NEW.PORTF_PROJ_CD <> 'Y'
2025-08-13 04:52:17,048 - root - DEBUG - [test.py:36] - :NEW.STATUS_DESC <> 'CLOSED' AND V_IS_ADMIN_CNT = 0
2025-08-13 04:52:17,048 - root - DEBUG - [test.py:36] - :NEW.MOLECULE_ID IS NULL
2025-08-13 04:52:17,048 - root - DEBUG - [test.py:36] - :NEW.MOLECULE_ID IS NOT NULL
2025-08-13 04:52:17,048 - root - DEBUG - [test.py:36] - V_MOLECULE_RG_NO IS NULL
2025-08-13 04:52:17,048 - root - DEBUG - [test.py:36] - V_COMPARATOR_IND = 'Y'
2025-08-13 04:52:17,048 - root - DEBUG - [test.py:36] - :NEW.STATUS_DESC IS NOT NULL
2025-08-13 04:52:17,048 - root - DEBUG - [test.py:36] - :NEW.DBA_DESC_CONCAT IS NOT NULL
2025-08-13 04:52:17,048 - root - DEBUG - [test.py:36] - :NEW.OFFICIAL_IND = 'N'
2025-08-13 04:52:17,048 - root - DEBUG - [test.py:36] - :NEW.MANUAL_SHORT_DESC IS NULL AND LENGTH(V_THEME_DESC_PROPOSAL) > 30
2025-08-13 04:52:17,048 - root - DEBUG - [test.py:36] - INSERTING
2025-08-13 04:52:17,048 - root - DEBUG - [test.py:36] - UPDATING
2025-08-13 04:52:17,048 - root - DEBUG - [test.py:36] - DELETING
2025-08-13 04:52:17,048 - root - DEBUG - [test.py:36] - :NEW.IN_PREP_IND = 'N' AND V_IS_ADMIN_CNT = 0
2025-08-13 04:52:17,048 - root - DEBUG - [test.py:36] - :NEW.PORTF_PROJ_CD = 'Y' AND :NEW.MOLECULE_ID IS NULL
2025-08-13 04:52:17,049 - root - DEBUG - [test.py:36] - NVL(:NEW.MANUAL_SHORT_DESC, :NEW.THEME_DESC_PROPOSAL) IS NULL
2025-08-13 04:52:17,049 - root - DEBUG - [test.py:36] - LENGTH(:NEW.THEME_NO)
2025-08-13 04:52:17,049 - root - DEBUG - [test.py:36] - 4
2025-08-13 04:52:17,049 - root - DEBUG - [test.py:36] - 5
2025-08-13 04:52:17,049 - root - DEBUG - [test.py:36] - SUBSTR(:NEW.THEME_NO, 1, 1) NOT BETWEEN 0 AND 9 OR SUBSTR(:NEW.THEME_NO, 2, 1) NOT BETWEEN 0 AND 9 OR SUBSTR(:NEW.THEME_NO, 3, 1) NOT BETWEEN 0 AND 9 OR SUBSTR(:NEW.THEME_NO, 4, 1) NOT BETWEEN 0 AND 9
2025-08-13 04:52:17,049 - root - DEBUG - [test.py:36] - SUBSTR(:NEW.THEME_NO, 1, 1) NOT BETWEEN 0 AND 9 OR SUBSTR(:NEW.THEME_NO, 2, 1) NOT BETWEEN 0 AND 9 OR SUBSTR(:NEW.THEME_NO, 3, 1) NOT BETWEEN 0 AND 9 OR SUBSTR(:NEW.THEME_NO, 4, 1) NOT BETWEEN 0 AND 9 OR SUBSTR(:NEW.THEME_NO, 5, 1) NOT BETWEEN 0 AND 9
2025-08-13 04:52:17,049 - root - DEBUG - [test.py:36] - V_COUNTER > 0
2025-08-13 04:52:17,049 - root - DEBUG - [test.py:36] - :NEW.OFFICIAL_IND = 'N'
2025-08-13 04:52:17,049 - root - DEBUG - [test.py:36] - UPPER(:NEW.PORTF_PROJ_CD) = 'N'
2025-08-13 04:52:17,049 - root - DEBUG - [test.py:36] - :NEW.THEME_DESC IS NULL OR LENGTH(:NEW.THEME_DESC) = 0
2025-08-13 04:52:17,049 - root - DEBUG - [test.py:36] - UPPER(:NEW.PORTF_PROJ_CD) = 'Y'
2025-08-13 04:52:17,049 - root - DEBUG - [test.py:36] - LENGTH(V_DESCRIPTION) > 90
2025-08-13 04:52:17,049 - root - DEBUG - [test.py:36] - V_COUNTER > 0
2025-08-13 04:52:17,049 - root - DEBUG - [test.py:36] - :OLD.MOLECULE_ID IS NULL AND :NEW.MOLECULE_ID IS NOT NULL
2025-08-13 04:52:17,049 - root - DEBUG - [test.py:36] - (:OLD.IN_PREP_IND = 'N' OR (:OLD.IN_PREP_IND = 'Y' AND :NEW.IN_PREP_IND = 'N')) AND V_IS_ADMIN_CNT = 0
2025-08-13 04:52:17,049 - root - DEBUG - [test.py:36] - :NEW.THEME_NO <> :OLD.THEME_NO
2025-08-13 04:52:17,049 - root - DEBUG - [test.py:36] - :NEW.OFFICIAL_IND = 'N'
2025-08-13 04:52:17,049 - root - DEBUG - [test.py:36] - UPPER(:NEW.PORTF_PROJ_CD) = 'Y' AND(V_STATUS_CD <> 'C' OR:NEW.IN_PREP_IND = 'Y')) UPPER(:NEW.PORTF_PROJ_CD
2025-08-13 04:52:17,049 - root - DEBUG - [test.py:36] - :NEW.THEME_DESC IS NULL OR LENGTH(:NEW.THEME_DESC) = 0
2025-08-13 04:52:17,049 - root - DEBUG - [test.py:36] - LENGTH(V_DESCRIPTION) > 90
2025-08-13 04:52:17,049 - root - DEBUG - [test.py:36] - V_COUNTER > 0
2025-08-13 04:52:17,049 - root - DEBUG - [test.py:36] - :NEW.OFFICIAL_IND = 'N'
2025-08-13 04:52:17,049 - root - DEBUG - [test.py:36] - V_COUNTER > 0
2025-08-13 04:52:17,049 - root - DEBUG - [test.py:36] - 
2025-08-13 04:52:17,049 - root - DEBUG - [test.py:36] - :OLD.MOLECULE_ID IS NULL AND :NEW.MOLECULE_ID IS NOT NULL
2025-08-13 04:52:17,049 - root - DEBUG - [test.py:36] - :OLD.MOLECULE_ID IS NOT NULL AND :NEW.MOLECULE_ID IS NOT NULL
2025-08-13 04:52:17,049 - root - DEBUG - [test.py:36] - :OLD.MOLECULE_ID IS NOT NULL AND :NEW.MOLECULE_ID IS NULL
2025-08-13 04:52:17,049 - root - DEBUG - [test.py:36] - V_SEC_MOL_CNT > 0
2025-08-13 04:52:17,049 - root - DEBUG - [test.py:36] - (:OLD.IN_PREP_IND = 'N') AND V_IS_ADMIN_CNT = 0
2025-08-13 04:52:17,050 - root - DEBUG - [test.py:36] - TRUNC(TO_DATE(:OLD.REGISTRAT_DATE, 'DD-MM-YYYY')) = TRUNC(SYSDATE)
2025-08-13 04:52:17,050 - root - DEBUG - [test.py:36] - INSERTING OR UPDATING
2025-08-13 04:52:17,050 - root - DEBUG - [test.py:36] - :NEW.PROPOSAL_ID IS NOT NULL AND :OLD.PROPOSAL_ID IS NULL
2025-08-13 04:52:17,050 - root - DEBUG - [test.py:36] - V_EVOLVED_NMP_CNT = 0
2025-08-13 04:52:17,050 - root - DEBUG - [test.py:36] - :NEW.PROPOSAL_ID IS NULL AND :OLD.PROPOSAL_ID IS NOT NULL
2025-08-13 04:52:17,050 - root - DEBUG - [test.py:36] - :NEW.PROPOSAL_ID IS NOT NULL AND :OLD.PROPOSAL_ID IS NOT NULL AND :NEW.PROPOSAL_ID <> :OLD.PROPOSAL_ID
2025-08-13 04:52:17,050 - root - DEBUG - [test.py:36] - NVL(:NEW.PROPOSAL_ID, 0) = NVL(:OLD.PROPOSAL_ID, 0) AND NVL(:OLD.SHORT_NAME, '-') <> NVL(V_SHORT_NAME, '-')
2025-08-13 04:52:17,050 - root - DEBUG - [test.py:36] - V_EVOLVED_NMP_CNT > 0
2025-08-13 04:52:17,050 - root - DEBUG - [test.py:36] - INSERTING AND :NEW.THEME_NO IS NOT NULL AND GMD_UTIL_THEMES.GET_THEMES_RANGE_AUTOMATIC_NMP(:NEW.THEME_NO) = 'Y'
2025-08-13 04:52:17,050 - root - DEBUG - [test.py:36] - :NEW.PROPOSAL_ID IS NOT NULL
2025-08-13 04:52:17,050 - root - DEBUG - [test.py:36] - :NEW.PROPOSAL_ID IS NULL OR (:NEW.PROPOSAL_ID IS NOT NULL AND V_EVOLVED_NMP_CNT = 0)
2025-08-13 04:52:17,050 - root - DEBUG - [test.py:36] - :NEW.MOLECULE_ID IS NOT NULL
2025-08-13 04:52:17,050 - root - DEBUG - [test.py:36] - :NEW.IN_PREP_IND = 'Y'
2025-08-13 04:52:17,050 - root - DEBUG - [test.py:36] - :NEW.PORTF_PROJ_CD <> 'Y'
2025-08-13 04:52:17,050 - root - DEBUG - [test.py:36] - :NEW.STATUS_DESC <> 'CLOSED' AND V_IS_ADMIN_CNT = 0
2025-08-13 04:52:17,050 - root - DEBUG - [test.py:36] - :NEW.MOLECULE_ID IS NULL
2025-08-13 04:52:17,050 - root - DEBUG - [test.py:36] - :NEW.MOLECULE_ID IS NOT NULL
2025-08-13 04:52:17,050 - root - DEBUG - [test.py:36] - V_MOLECULE_RG_NO IS NULL
2025-08-13 04:52:17,050 - root - DEBUG - [test.py:36] - V_COMPARATOR_IND = 'Y'
2025-08-13 04:52:17,050 - root - DEBUG - [test.py:36] - :NEW.STATUS_DESC IS NOT NULL
2025-08-13 04:52:17,050 - root - DEBUG - [test.py:36] - :NEW.DBA_DESC_CONCAT IS NOT NULL
2025-08-13 04:52:17,050 - root - DEBUG - [test.py:36] - :NEW.OFFICIAL_IND = 'N'
2025-08-13 04:52:17,050 - root - DEBUG - [test.py:36] - :NEW.MANUAL_SHORT_DESC IS NULL AND LENGTH(V_THEME_DESC_PROPOSAL) > 30
2025-08-13 04:52:17,050 - root - DEBUG - [test.py:36] - INSERTING
2025-08-13 04:52:17,050 - root - DEBUG - [test.py:36] - UPDATING
2025-08-13 04:52:17,050 - root - DEBUG - [test.py:36] - DELETING
2025-08-13 04:52:17,051 - root - DEBUG - [test.py:36] - :NEW.IN_PREP_IND = 'N' AND V_IS_ADMIN_CNT = 0
2025-08-13 04:52:17,051 - root - DEBUG - [test.py:36] - :NEW.PORTF_PROJ_CD = 'Y' AND :NEW.MOLECULE_ID IS NULL
2025-08-13 04:52:17,051 - root - DEBUG - [test.py:36] - NVL(:NEW.MANUAL_SHORT_DESC, :NEW.THEME_DESC_PROPOSAL) IS NULL
2025-08-13 04:52:17,051 - root - DEBUG - [test.py:36] - LENGTH(:NEW.THEME_NO)
2025-08-13 04:52:17,051 - root - DEBUG - [test.py:36] - 4
2025-08-13 04:52:17,051 - root - DEBUG - [test.py:36] - 5
2025-08-13 04:52:17,051 - root - DEBUG - [test.py:36] - SUBSTR(:NEW.THEME_NO, 1, 1) NOT BETWEEN 0 AND 9 OR SUBSTR(:NEW.THEME_NO, 2, 1) NOT BETWEEN 0 AND 9 OR SUBSTR(:NEW.THEME_NO, 3, 1) NOT BETWEEN 0 AND 9 OR SUBSTR(:NEW.THEME_NO, 4, 1) NOT BETWEEN 0 AND 9
2025-08-13 04:52:17,051 - root - DEBUG - [test.py:36] - SUBSTR(:NEW.THEME_NO, 1, 1) NOT BETWEEN 0 AND 9 OR SUBSTR(:NEW.THEME_NO, 2, 1) NOT BETWEEN 0 AND 9 OR SUBSTR(:NEW.THEME_NO, 3, 1) NOT BETWEEN 0 AND 9 OR SUBSTR(:NEW.THEME_NO, 4, 1) NOT BETWEEN 0 AND 9 OR SUBSTR(:NEW.THEME_NO, 5, 1) NOT BETWEEN 0 AND 9
2025-08-13 04:52:17,051 - root - DEBUG - [test.py:36] - V_COUNTER > 0
2025-08-13 04:52:17,051 - root - DEBUG - [test.py:36] - :NEW.OFFICIAL_IND = 'N'
2025-08-13 04:52:17,051 - root - DEBUG - [test.py:36] - UPPER(:NEW.PORTF_PROJ_CD) = 'N'
2025-08-13 04:52:17,051 - root - DEBUG - [test.py:36] - :NEW.THEME_DESC IS NULL OR LENGTH(:NEW.THEME_DESC) = 0
2025-08-13 04:52:17,051 - root - DEBUG - [test.py:36] - UPPER(:NEW.PORTF_PROJ_CD) = 'Y'
2025-08-13 04:52:17,051 - root - DEBUG - [test.py:36] - LENGTH(V_DESCRIPTION) > 90
2025-08-13 04:52:17,051 - root - DEBUG - [test.py:36] - V_COUNTER > 0
2025-08-13 04:52:17,051 - root - DEBUG - [test.py:36] - :OLD.MOLECULE_ID IS NULL AND :NEW.MOLECULE_ID IS NOT NULL
2025-08-13 04:52:17,051 - root - DEBUG - [test.py:36] - (:OLD.IN_PREP_IND = 'N' OR (:OLD.IN_PREP_IND = 'Y' AND :NEW.IN_PREP_IND = 'N')) AND V_IS_ADMIN_CNT = 0
2025-08-13 04:52:17,051 - root - DEBUG - [test.py:36] - :NEW.THEME_NO <> :OLD.THEME_NO
2025-08-13 04:52:17,051 - root - DEBUG - [test.py:36] - :NEW.OFFICIAL_IND = 'N'
2025-08-13 04:52:17,051 - root - DEBUG - [test.py:36] - UPPER(:NEW.PORTF_PROJ_CD) = 'Y' AND(V_STATUS_CD <> 'C' OR:NEW.IN_PREP_IND = 'Y')) UPPER(:NEW.PORTF_PROJ_CD
2025-08-13 04:52:17,051 - root - DEBUG - [test.py:36] - :NEW.THEME_DESC IS NULL OR LENGTH(:NEW.THEME_DESC) = 0
2025-08-13 04:52:17,051 - root - DEBUG - [test.py:36] - LENGTH(V_DESCRIPTION) > 90
2025-08-13 04:52:17,051 - root - DEBUG - [test.py:36] - V_COUNTER > 0
2025-08-13 04:52:17,051 - root - DEBUG - [test.py:36] - :NEW.OFFICIAL_IND = 'N'
2025-08-13 04:52:17,051 - root - DEBUG - [test.py:36] - V_COUNTER > 0
2025-08-13 04:52:17,051 - root - DEBUG - [test.py:36] - 
2025-08-13 04:52:17,051 - root - DEBUG - [test.py:36] - :OLD.MOLECULE_ID IS NULL AND :NEW.MOLECULE_ID IS NOT NULL
2025-08-13 04:52:17,052 - root - DEBUG - [test.py:36] - :OLD.MOLECULE_ID IS NOT NULL AND :NEW.MOLECULE_ID IS NOT NULL
2025-08-13 04:52:17,052 - root - DEBUG - [test.py:36] - :OLD.MOLECULE_ID IS NOT NULL AND :NEW.MOLECULE_ID IS NULL
2025-08-13 04:52:17,052 - root - DEBUG - [test.py:36] - V_SEC_MOL_CNT > 0
2025-08-13 04:52:17,052 - root - DEBUG - [test.py:36] - (:OLD.IN_PREP_IND = 'N') AND V_IS_ADMIN_CNT = 0
2025-08-13 04:52:17,052 - root - DEBUG - [test.py:36] - TRUNC(TO_DATE(:OLD.REGISTRAT_DATE, 'DD-MM-YYYY')) = TRUNC(SYSDATE)
2025-08-13 04:52:17,052 - root - DEBUG - [test.py:36] - INSERTING OR UPDATING
2025-08-13 04:52:17,052 - root - DEBUG - [test.py:36] - :NEW.PROPOSAL_ID IS NOT NULL AND :OLD.PROPOSAL_ID IS NULL
2025-08-13 04:52:17,052 - root - DEBUG - [test.py:36] - V_EVOLVED_NMP_CNT = 0
2025-08-13 04:52:17,052 - root - DEBUG - [test.py:36] - :NEW.PROPOSAL_ID IS NULL AND :OLD.PROPOSAL_ID IS NOT NULL
2025-08-13 04:52:17,052 - root - DEBUG - [test.py:36] - :NEW.PROPOSAL_ID IS NOT NULL AND :OLD.PROPOSAL_ID IS NOT NULL AND :NEW.PROPOSAL_ID <> :OLD.PROPOSAL_ID
2025-08-13 04:52:17,052 - root - DEBUG - [test.py:36] - NVL(:NEW.PROPOSAL_ID, 0) = NVL(:OLD.PROPOSAL_ID, 0) AND NVL(:OLD.SHORT_NAME, '-') <> NVL(V_SHORT_NAME, '-')
2025-08-13 04:52:17,052 - root - DEBUG - [test.py:36] - V_EVOLVED_NMP_CNT > 0
2025-08-13 04:52:17,052 - root - DEBUG - [test.py:36] - INSERTING AND :NEW.THEME_NO IS NOT NULL AND GMD_UTIL_THEMES.GET_THEMES_RANGE_AUTOMATIC_NMP(:NEW.THEME_NO) = 'Y'
2025-08-13 04:52:17,052 - root - DEBUG - [test.py:36] - :NEW.PROPOSAL_ID IS NOT NULL
2025-08-13 04:52:17,052 - root - DEBUG - [test.py:36] - :NEW.PROPOSAL_ID IS NULL OR (:NEW.PROPOSAL_ID IS NOT NULL AND V_EVOLVED_NMP_CNT = 0)
2025-08-13 04:52:17,052 - root - DEBUG - [test.py:36] - :NEW.MOLECULE_ID IS NOT NULL
2025-08-13 04:52:17,055 - root - DEBUG - [test.py:36] - DELETING
2025-08-13 04:52:17,055 - root - DEBUG - [test.py:36] - INSERTING OR UPDATING
2025-08-13 04:52:17,055 - root - DEBUG - [test.py:36] - :NEW.MOLECULE_ID IS NULL
2025-08-13 04:52:17,055 - root - DEBUG - [test.py:36] - UPDATING
2025-08-13 04:52:17,055 - root - DEBUG - [test.py:36] - :NEW.MOLECULE_SEQ_NO > V_COUNT_T_MAPPINGS
2025-08-13 04:52:17,055 - root - DEBUG - [test.py:36] - :NEW.MOLECULE_ID <> NVL (:OLD.MOLECULE_ID, '-1')
2025-08-13 04:52:17,055 - root - DEBUG - [test.py:36] - V_COUNT_T_MOL_MAP > 0
2025-08-13 04:52:17,055 - root - DEBUG - [test.py:36] - V_COUNT_T_MOL_MAP > 0
2025-08-13 04:52:17,055 - root - DEBUG - [test.py:36] - INSERTING
2025-08-13 04:52:17,055 - root - DEBUG - [test.py:36] - 
2025-08-13 04:52:17,055 - root - DEBUG - [test.py:36] - :NEW.MOLECULE_SEQ_NO = V_COUNT_T_MAPPINGS + 1
2025-08-13 04:52:17,055 - root - DEBUG - [test.py:36] - :NEW.MOLECULE_SEQ_NO < V_COUNT_T_MAPPINGS + 1
2025-08-13 04:52:17,055 - root - DEBUG - [test.py:36] - INVALID_MAPPING_EXISTS
2025-08-13 04:52:17,055 - root - DEBUG - [test.py:36] - INVALID_MAPPING_EXISTS
2025-08-13 04:52:17,055 - root - DEBUG - [test.py:36] - UPDATING
2025-08-13 04:52:17,055 - root - DEBUG - [test.py:36] - :NEW.MOLECULE_ID IS NOT NULL
2025-08-13 04:52:17,055 - root - DEBUG - [test.py:36] - :NEW.MOLECULE_ID = :OLD.MOLECULE_ID AND :NEW.MOLECULE_SEQ_NO = :OLD.MOLECULE_SEQ_NO AND :NEW.MOLECULE_MAP_CHAR <> :OLD.MOLECULE_MAP_CHAR
2025-08-13 04:52:17,056 - root - DEBUG - [test.py:36] - :NEW.MOLECULE_ID = :OLD.MOLECULE_ID AND :NEW.MOLECULE_SEQ_NO <> :OLD.MOLECULE_SEQ_NO
2025-08-13 04:52:17,056 - root - DEBUG - [test.py:36] - :OLD.MOLECULE_SEQ_NO < :NEW.MOLECULE_SEQ_NO
2025-08-13 04:52:17,056 - root - DEBUG - [test.py:36] - INVALID_MAPPING_EXISTS
2025-08-13 04:52:17,056 - root - DEBUG - [test.py:36] - :NEW.MOLECULE_ID <> :OLD.MOLECULE_ID AND :NEW.MOLECULE_SEQ_NO <> :OLD.MOLECULE_SEQ_NO
2025-08-13 04:52:17,056 - root - DEBUG - [test.py:36] - INVALID_MAPPING_EXISTS
2025-08-13 04:52:17,056 - root - DEBUG - [test.py:36] - (:NEW.MOLECULE_ID <> :OLD.MOLECULE_ID) AND :NEW.MOLECULE_SEQ_NO = :OLD.MOLECULE_SEQ_NO
2025-08-13 04:52:17,056 - root - DEBUG - [test.py:36] - INVALID_MAPPING_EXISTS
2025-08-13 04:52:17,056 - root - DEBUG - [test.py:36] - V_SEQ_NO_DUPLICATE_CNT > 0
2025-08-13 04:52:17,056 - root - DEBUG - [test.py:36] - DELETING
2025-08-13 04:52:17,056 - root - DEBUG - [test.py:36] - INSERTING OR UPDATING
2025-08-13 04:52:17,056 - root - DEBUG - [test.py:36] - :NEW.MOLECULE_ID IS NULL
2025-08-13 04:52:17,056 - root - DEBUG - [test.py:36] - UPDATING
2025-08-13 04:52:17,056 - root - DEBUG - [test.py:36] - :NEW.MOLECULE_SEQ_NO > V_COUNT_T_MAPPINGS
2025-08-13 04:52:17,056 - root - DEBUG - [test.py:36] - :NEW.MOLECULE_ID <> NVL (:OLD.MOLECULE_ID, '-1')
2025-08-13 04:52:17,056 - root - DEBUG - [test.py:36] - V_COUNT_T_MOL_MAP > 0
2025-08-13 04:52:17,056 - root - DEBUG - [test.py:36] - V_COUNT_T_MOL_MAP > 0
2025-08-13 04:52:17,056 - root - DEBUG - [test.py:36] - INSERTING
2025-08-13 04:52:17,056 - root - DEBUG - [test.py:36] - 
2025-08-13 04:52:17,056 - root - DEBUG - [test.py:36] - :NEW.MOLECULE_SEQ_NO = V_COUNT_T_MAPPINGS + 1
2025-08-13 04:52:17,056 - root - DEBUG - [test.py:36] - :NEW.MOLECULE_SEQ_NO < V_COUNT_T_MAPPINGS + 1
2025-08-13 04:52:17,056 - root - DEBUG - [test.py:36] - INVALID_MAPPING_EXISTS
2025-08-13 04:52:17,057 - root - DEBUG - [test.py:36] - INVALID_MAPPING_EXISTS
2025-08-13 04:52:17,057 - root - DEBUG - [test.py:36] - UPDATING
2025-08-13 04:52:17,057 - root - DEBUG - [test.py:36] - :NEW.MOLECULE_ID IS NOT NULL
2025-08-13 04:52:17,057 - root - DEBUG - [test.py:36] - :NEW.MOLECULE_ID = :OLD.MOLECULE_ID AND :NEW.MOLECULE_SEQ_NO = :OLD.MOLECULE_SEQ_NO AND :NEW.MOLECULE_MAP_CHAR <> :OLD.MOLECULE_MAP_CHAR
2025-08-13 04:52:17,057 - root - DEBUG - [test.py:36] - :NEW.MOLECULE_ID = :OLD.MOLECULE_ID AND :NEW.MOLECULE_SEQ_NO <> :OLD.MOLECULE_SEQ_NO
2025-08-13 04:52:17,057 - root - DEBUG - [test.py:36] - :OLD.MOLECULE_SEQ_NO < :NEW.MOLECULE_SEQ_NO
2025-08-13 04:52:17,057 - root - DEBUG - [test.py:36] - INVALID_MAPPING_EXISTS
2025-08-13 04:52:17,057 - root - DEBUG - [test.py:36] - :NEW.MOLECULE_ID <> :OLD.MOLECULE_ID AND :NEW.MOLECULE_SEQ_NO <> :OLD.MOLECULE_SEQ_NO
2025-08-13 04:52:17,057 - root - DEBUG - [test.py:36] - INVALID_MAPPING_EXISTS
2025-08-13 04:52:17,057 - root - DEBUG - [test.py:36] - (:NEW.MOLECULE_ID <> :OLD.MOLECULE_ID) AND :NEW.MOLECULE_SEQ_NO = :OLD.MOLECULE_SEQ_NO
2025-08-13 04:52:17,057 - root - DEBUG - [test.py:36] - INVALID_MAPPING_EXISTS
2025-08-13 04:52:17,057 - root - DEBUG - [test.py:36] - V_SEQ_NO_DUPLICATE_CNT > 0
2025-08-13 04:52:17,057 - root - DEBUG - [test.py:36] - DELETING
2025-08-13 04:52:17,057 - root - DEBUG - [test.py:36] - INSERTING OR UPDATING
2025-08-13 04:52:17,057 - root - DEBUG - [test.py:36] - :NEW.MOLECULE_ID IS NULL
2025-08-13 04:52:17,057 - root - DEBUG - [test.py:36] - UPDATING
2025-08-13 04:52:17,057 - root - DEBUG - [test.py:36] - :NEW.MOLECULE_SEQ_NO > V_COUNT_T_MAPPINGS
2025-08-13 04:52:17,057 - root - DEBUG - [test.py:36] - :NEW.MOLECULE_ID <> NVL (:OLD.MOLECULE_ID, '-1')
2025-08-13 04:52:17,057 - root - DEBUG - [test.py:36] - V_COUNT_T_MOL_MAP > 0
2025-08-13 04:52:17,057 - root - DEBUG - [test.py:36] - V_COUNT_T_MOL_MAP > 0
2025-08-13 04:52:17,057 - root - DEBUG - [test.py:36] - INSERTING
2025-08-13 04:52:17,057 - root - DEBUG - [test.py:36] - 
2025-08-13 04:52:17,057 - root - DEBUG - [test.py:36] - :NEW.MOLECULE_SEQ_NO = V_COUNT_T_MAPPINGS + 1
2025-08-13 04:52:17,057 - root - DEBUG - [test.py:36] - :NEW.MOLECULE_SEQ_NO < V_COUNT_T_MAPPINGS + 1
2025-08-13 04:52:17,057 - root - DEBUG - [test.py:36] - INVALID_MAPPING_EXISTS
2025-08-13 04:52:17,057 - root - DEBUG - [test.py:36] - INVALID_MAPPING_EXISTS
2025-08-13 04:52:17,057 - root - DEBUG - [test.py:36] - UPDATING
2025-08-13 04:52:17,057 - root - DEBUG - [test.py:36] - :NEW.MOLECULE_ID IS NOT NULL
2025-08-13 04:52:17,057 - root - DEBUG - [test.py:36] - :NEW.MOLECULE_ID = :OLD.MOLECULE_ID AND :NEW.MOLECULE_SEQ_NO = :OLD.MOLECULE_SEQ_NO AND :NEW.MOLECULE_MAP_CHAR <> :OLD.MOLECULE_MAP_CHAR
2025-08-13 04:52:17,058 - root - DEBUG - [test.py:36] - :NEW.MOLECULE_ID = :OLD.MOLECULE_ID AND :NEW.MOLECULE_SEQ_NO <> :OLD.MOLECULE_SEQ_NO
2025-08-13 04:52:17,058 - root - DEBUG - [test.py:36] - :OLD.MOLECULE_SEQ_NO < :NEW.MOLECULE_SEQ_NO
2025-08-13 04:52:17,058 - root - DEBUG - [test.py:36] - INVALID_MAPPING_EXISTS
2025-08-13 04:52:17,058 - root - DEBUG - [test.py:36] - :NEW.MOLECULE_ID <> :OLD.MOLECULE_ID AND :NEW.MOLECULE_SEQ_NO <> :OLD.MOLECULE_SEQ_NO
2025-08-13 04:52:17,058 - root - DEBUG - [test.py:36] - INVALID_MAPPING_EXISTS
2025-08-13 04:52:17,058 - root - DEBUG - [test.py:36] - (:NEW.MOLECULE_ID <> :OLD.MOLECULE_ID) AND :NEW.MOLECULE_SEQ_NO = :OLD.MOLECULE_SEQ_NO
2025-08-13 04:52:17,058 - root - DEBUG - [test.py:36] - INVALID_MAPPING_EXISTS
2025-08-13 04:52:17,058 - root - DEBUG - [test.py:36] - V_SEQ_NO_DUPLICATE_CNT > 0
2025-08-13 04:52:17,060 - root - DEBUG - [test.py:36] - DELETING
2025-08-13 04:52:17,060 - root - DEBUG - [test.py:36] - INSERTING OR UPDATING
2025-08-13 04:52:17,060 - root - DEBUG - [test.py:36] - :NEW.MOLECULE_ID IS NULL
2025-08-13 04:52:17,060 - root - DEBUG - [test.py:36] - UPDATING
2025-08-13 04:52:17,060 - root - DEBUG - [test.py:36] - :NEW.MOLECULE_SEQ_NO > V_COUNT_T_MAPPINGS
2025-08-13 04:52:17,060 - root - DEBUG - [test.py:36] - :NEW.MOLECULE_ID <> NVL (:OLD.MOLECULE_ID, '-1')
2025-08-13 04:52:17,060 - root - DEBUG - [test.py:36] - V_COUNT_T_MOL_MAP > 0
2025-08-13 04:52:17,060 - root - DEBUG - [test.py:36] - V_COUNT_T_MOL_MAP > 0
2025-08-13 04:52:17,061 - root - DEBUG - [test.py:36] - INSERTING
2025-08-13 04:52:17,061 - root - DEBUG - [test.py:36] - 
2025-08-13 04:52:17,061 - root - DEBUG - [test.py:36] - :NEW.MOLECULE_SEQ_NO = V_COUNT_T_MAPPINGS + 1
2025-08-13 04:52:17,061 - root - DEBUG - [test.py:36] - :NEW.MOLECULE_SEQ_NO < V_COUNT_T_MAPPINGS + 1
2025-08-13 04:52:17,061 - root - DEBUG - [test.py:36] - INVALID_MAPPING_EXISTS
2025-08-13 04:52:17,061 - root - DEBUG - [test.py:36] - INVALID_MAPPING_EXISTS
2025-08-13 04:52:17,061 - root - DEBUG - [test.py:36] - UPDATING
2025-08-13 04:52:17,061 - root - DEBUG - [test.py:36] - :NEW.MOLECULE_ID IS NOT NULL
2025-08-13 04:52:17,061 - root - DEBUG - [test.py:36] - :NEW.MOLECULE_ID = :OLD.MOLECULE_ID AND :NEW.MOLECULE_SEQ_NO = :OLD.MOLECULE_SEQ_NO AND :NEW.MOLECULE_MAP_CHAR <> :OLD.MOLECULE_MAP_CHAR
2025-08-13 04:52:17,061 - root - DEBUG - [test.py:36] - :NEW.MOLECULE_ID = :OLD.MOLECULE_ID AND :NEW.MOLECULE_SEQ_NO <> :OLD.MOLECULE_SEQ_NO
2025-08-13 04:52:17,061 - root - DEBUG - [test.py:36] - :OLD.MOLECULE_SEQ_NO < :NEW.MOLECULE_SEQ_NO
2025-08-13 04:52:17,061 - root - DEBUG - [test.py:36] - INVALID_MAPPING_EXISTS
2025-08-13 04:52:17,061 - root - DEBUG - [test.py:36] - :NEW.MOLECULE_ID <> :OLD.MOLECULE_ID AND :NEW.MOLECULE_SEQ_NO <> :OLD.MOLECULE_SEQ_NO
2025-08-13 04:52:17,061 - root - DEBUG - [test.py:36] - INVALID_MAPPING_EXISTS
2025-08-13 04:52:17,061 - root - DEBUG - [test.py:36] - (:NEW.MOLECULE_ID <> :OLD.MOLECULE_ID) AND :NEW.MOLECULE_SEQ_NO = :OLD.MOLECULE_SEQ_NO
2025-08-13 04:52:17,061 - root - DEBUG - [test.py:36] - INVALID_MAPPING_EXISTS
2025-08-13 04:52:17,061 - root - DEBUG - [test.py:36] - V_SEQ_NO_DUPLICATE_CNT > 0
2025-08-13 04:52:17,061 - root - DEBUG - [test.py:36] - DELETING
2025-08-13 04:52:17,061 - root - DEBUG - [test.py:36] - INSERTING OR UPDATING
2025-08-13 04:52:17,061 - root - DEBUG - [test.py:36] - :NEW.MOLECULE_ID IS NULL
2025-08-13 04:52:17,061 - root - DEBUG - [test.py:36] - UPDATING
2025-08-13 04:52:17,061 - root - DEBUG - [test.py:36] - :NEW.MOLECULE_SEQ_NO > V_COUNT_T_MAPPINGS
2025-08-13 04:52:17,061 - root - DEBUG - [test.py:36] - :NEW.MOLECULE_ID <> NVL (:OLD.MOLECULE_ID, '-1')
2025-08-13 04:52:17,062 - root - DEBUG - [test.py:36] - V_COUNT_T_MOL_MAP > 0
2025-08-13 04:52:17,062 - root - DEBUG - [test.py:36] - V_COUNT_T_MOL_MAP > 0
2025-08-13 04:52:17,062 - root - DEBUG - [test.py:36] - INSERTING
2025-08-13 04:52:17,062 - root - DEBUG - [test.py:36] - 
2025-08-13 04:52:17,062 - root - DEBUG - [test.py:36] - :NEW.MOLECULE_SEQ_NO = V_COUNT_T_MAPPINGS + 1
2025-08-13 04:52:17,062 - root - DEBUG - [test.py:36] - :NEW.MOLECULE_SEQ_NO < V_COUNT_T_MAPPINGS + 1
2025-08-13 04:52:17,062 - root - DEBUG - [test.py:36] - INVALID_MAPPING_EXISTS
2025-08-13 04:52:17,062 - root - DEBUG - [test.py:36] - INVALID_MAPPING_EXISTS
2025-08-13 04:52:17,062 - root - DEBUG - [test.py:36] - UPDATING
2025-08-13 04:52:17,062 - root - DEBUG - [test.py:36] - :NEW.MOLECULE_ID IS NOT NULL
2025-08-13 04:52:17,062 - root - DEBUG - [test.py:36] - :NEW.MOLECULE_ID = :OLD.MOLECULE_ID AND :NEW.MOLECULE_SEQ_NO = :OLD.MOLECULE_SEQ_NO AND :NEW.MOLECULE_MAP_CHAR <> :OLD.MOLECULE_MAP_CHAR
2025-08-13 04:52:17,062 - root - DEBUG - [test.py:36] - :NEW.MOLECULE_ID = :OLD.MOLECULE_ID AND :NEW.MOLECULE_SEQ_NO <> :OLD.MOLECULE_SEQ_NO
2025-08-13 04:52:17,062 - root - DEBUG - [test.py:36] - :OLD.MOLECULE_SEQ_NO < :NEW.MOLECULE_SEQ_NO
2025-08-13 04:52:17,062 - root - DEBUG - [test.py:36] - INVALID_MAPPING_EXISTS
2025-08-13 04:52:17,062 - root - DEBUG - [test.py:36] - :NEW.MOLECULE_ID <> :OLD.MOLECULE_ID AND :NEW.MOLECULE_SEQ_NO <> :OLD.MOLECULE_SEQ_NO
2025-08-13 04:52:17,062 - root - DEBUG - [test.py:36] - INVALID_MAPPING_EXISTS
2025-08-13 04:52:17,062 - root - DEBUG - [test.py:36] - (:NEW.MOLECULE_ID <> :OLD.MOLECULE_ID) AND :NEW.MOLECULE_SEQ_NO = :OLD.MOLECULE_SEQ_NO
2025-08-13 04:52:17,062 - root - DEBUG - [test.py:36] - INVALID_MAPPING_EXISTS
2025-08-13 04:52:17,062 - root - DEBUG - [test.py:36] - V_SEQ_NO_DUPLICATE_CNT > 0
2025-08-13 04:52:17,062 - root - DEBUG - [test.py:36] - DELETING
2025-08-13 04:52:17,062 - root - DEBUG - [test.py:36] - INSERTING OR UPDATING
2025-08-13 04:52:17,062 - root - DEBUG - [test.py:36] - :NEW.MOLECULE_ID IS NULL
2025-08-13 04:52:17,062 - root - DEBUG - [test.py:36] - UPDATING
2025-08-13 04:52:17,063 - root - DEBUG - [test.py:36] - :NEW.MOLECULE_SEQ_NO > V_COUNT_T_MAPPINGS
2025-08-13 04:52:17,063 - root - DEBUG - [test.py:36] - :NEW.MOLECULE_ID <> NVL (:OLD.MOLECULE_ID, '-1')
2025-08-13 04:52:17,063 - root - DEBUG - [test.py:36] - V_COUNT_T_MOL_MAP > 0
2025-08-13 04:52:17,063 - root - DEBUG - [test.py:36] - V_COUNT_T_MOL_MAP > 0
2025-08-13 04:52:17,063 - root - DEBUG - [test.py:36] - INSERTING
2025-08-13 04:52:17,063 - root - DEBUG - [test.py:36] - 
2025-08-13 04:52:17,063 - root - DEBUG - [test.py:36] - :NEW.MOLECULE_SEQ_NO = V_COUNT_T_MAPPINGS + 1
2025-08-13 04:52:17,063 - root - DEBUG - [test.py:36] - :NEW.MOLECULE_SEQ_NO < V_COUNT_T_MAPPINGS + 1
2025-08-13 04:52:17,063 - root - DEBUG - [test.py:36] - INVALID_MAPPING_EXISTS
2025-08-13 04:52:17,063 - root - DEBUG - [test.py:36] - INVALID_MAPPING_EXISTS
2025-08-13 04:52:17,063 - root - DEBUG - [test.py:36] - UPDATING
2025-08-13 04:52:17,063 - root - DEBUG - [test.py:36] - :NEW.MOLECULE_ID IS NOT NULL
2025-08-13 04:52:17,063 - root - DEBUG - [test.py:36] - :NEW.MOLECULE_ID = :OLD.MOLECULE_ID AND :NEW.MOLECULE_SEQ_NO = :OLD.MOLECULE_SEQ_NO AND :NEW.MOLECULE_MAP_CHAR <> :OLD.MOLECULE_MAP_CHAR
2025-08-13 04:52:17,063 - root - DEBUG - [test.py:36] - :NEW.MOLECULE_ID = :OLD.MOLECULE_ID AND :NEW.MOLECULE_SEQ_NO <> :OLD.MOLECULE_SEQ_NO
2025-08-13 04:52:17,063 - root - DEBUG - [test.py:36] - :OLD.MOLECULE_SEQ_NO < :NEW.MOLECULE_SEQ_NO
2025-08-13 04:52:17,063 - root - DEBUG - [test.py:36] - INVALID_MAPPING_EXISTS
2025-08-13 04:52:17,063 - root - DEBUG - [test.py:36] - :NEW.MOLECULE_ID <> :OLD.MOLECULE_ID AND :NEW.MOLECULE_SEQ_NO <> :OLD.MOLECULE_SEQ_NO
2025-08-13 04:52:17,063 - root - DEBUG - [test.py:36] - INVALID_MAPPING_EXISTS
2025-08-13 04:52:17,063 - root - DEBUG - [test.py:36] - (:NEW.MOLECULE_ID <> :OLD.MOLECULE_ID) AND :NEW.MOLECULE_SEQ_NO = :OLD.MOLECULE_SEQ_NO
2025-08-13 04:52:17,063 - root - DEBUG - [test.py:36] - INVALID_MAPPING_EXISTS
2025-08-13 04:52:17,063 - root - DEBUG - [test.py:36] - V_SEQ_NO_DUPLICATE_CNT > 0
2025-08-13 04:52:17,065 - root - DEBUG - [test.py:36] - INSERTING
2025-08-13 04:52:17,065 - root - DEBUG - [test.py:36] - CNTR > 0
2025-08-13 04:52:17,065 - root - DEBUG - [test.py:36] - INSERTING OR UPDATING
2025-08-13 04:52:17,065 - root - DEBUG - [test.py:36] - V_COMPANY_TYPE_CD NOT IN ('L', 'A') AND NVL(:NEW.ADDRESS_TYPE_CD, :OLD.ADDRESS_TYPE_CD) IN ('L')
2025-08-13 04:52:17,065 - root - DEBUG - [test.py:36] - NVL(:NEW.ADDRESS_TYPE_CD, :OLD.ADDRESS_TYPE_CD) IN ( 'P', 'L')
2025-08-13 04:52:17,065 - root - DEBUG - [test.py:36] - NVL(:OLD.VALID_FROM, TRUNC(SYSDATE)) = NVL(:NEW.VALID_FROM, TRUNC(SYSDATE)) AND :OLD.COUNTRY_ID <> :NEW.COUNTRY_ID
2025-08-13 04:52:17,065 - root - DEBUG - [test.py:36] - CNTR = 0
2025-08-13 04:52:17,065 - root - DEBUG - [test.py:36] - NVL(:OLD.VALID_FROM, TRUNC(SYSDATE)) <> NVL(:NEW.VALID_FROM, TRUNC(SYSDATE)) AND :OLD.COUNTRY_ID <> :NEW.COUNTRY_ID
2025-08-13 04:52:17,065 - root - DEBUG - [test.py:36] - :NEW.ADDRESS_TYPE_CD = 'P' AND CNTR > 0
2025-08-13 04:52:17,065 - root - DEBUG - [test.py:36] - TO_CHAR(:NEW.VALID_FROM, 'dd.mm') = '01.01'
2025-08-13 04:52:17,065 - root - DEBUG - [test.py:36] - V_COMPANY_TYPE_CD = 'L'
2025-08-13 04:52:17,066 - root - DEBUG - [test.py:36] - NVL(:NEW.ADDRESS_TYPE_CD, :OLD.ADDRESS_TYPE_CD) NOT IN ( 'P', 'L')
2025-08-13 04:52:17,066 - root - DEBUG - [test.py:36] - CNTR = 0
2025-08-13 04:52:17,066 - root - DEBUG - [test.py:36] - DELETING
2025-08-13 04:52:17,066 - root - DEBUG - [test.py:36] - NVL(:NEW.ADDRESS_TYPE_CD, :OLD.ADDRESS_TYPE_CD) IN ('L', 'P')
2025-08-13 04:52:17,066 - root - DEBUG - [test.py:36] - INSERTING
2025-08-13 04:52:17,066 - root - DEBUG - [test.py:36] - CNTR > 0
2025-08-13 04:52:17,066 - root - DEBUG - [test.py:36] - INSERTING OR UPDATING
2025-08-13 04:52:17,066 - root - DEBUG - [test.py:36] - V_COMPANY_TYPE_CD NOT IN ('L', 'A') AND NVL(:NEW.ADDRESS_TYPE_CD, :OLD.ADDRESS_TYPE_CD) IN ('L')
2025-08-13 04:52:17,066 - root - DEBUG - [test.py:36] - NVL(:NEW.ADDRESS_TYPE_CD, :OLD.ADDRESS_TYPE_CD) IN ( 'P', 'L')
2025-08-13 04:52:17,066 - root - DEBUG - [test.py:36] - NVL(:OLD.VALID_FROM, TRUNC(SYSDATE)) = NVL(:NEW.VALID_FROM, TRUNC(SYSDATE)) AND :OLD.COUNTRY_ID <> :NEW.COUNTRY_ID
2025-08-13 04:52:17,066 - root - DEBUG - [test.py:36] - CNTR = 0
2025-08-13 04:52:17,066 - root - DEBUG - [test.py:36] - NVL(:OLD.VALID_FROM, TRUNC(SYSDATE)) <> NVL(:NEW.VALID_FROM, TRUNC(SYSDATE)) AND :OLD.COUNTRY_ID <> :NEW.COUNTRY_ID
2025-08-13 04:52:17,066 - root - DEBUG - [test.py:36] - :NEW.ADDRESS_TYPE_CD = 'P' AND CNTR > 0
2025-08-13 04:52:17,066 - root - DEBUG - [test.py:36] - TO_CHAR(:NEW.VALID_FROM, 'dd.mm') = '01.01'
2025-08-13 04:52:17,066 - root - DEBUG - [test.py:36] - V_COMPANY_TYPE_CD = 'L'
2025-08-13 04:52:17,066 - root - DEBUG - [test.py:36] - NVL(:NEW.ADDRESS_TYPE_CD, :OLD.ADDRESS_TYPE_CD) NOT IN ( 'P', 'L')
2025-08-13 04:52:17,066 - root - DEBUG - [test.py:36] - CNTR = 0
2025-08-13 04:52:17,066 - root - DEBUG - [test.py:36] - DELETING
2025-08-13 04:52:17,066 - root - DEBUG - [test.py:36] - NVL(:NEW.ADDRESS_TYPE_CD, :OLD.ADDRESS_TYPE_CD) IN ('L', 'P')
2025-08-13 04:52:17,066 - root - DEBUG - [test.py:36] - INSERTING
2025-08-13 04:52:17,066 - root - DEBUG - [test.py:36] - CNTR > 0
2025-08-13 04:52:17,066 - root - DEBUG - [test.py:36] - INSERTING OR UPDATING
2025-08-13 04:52:17,066 - root - DEBUG - [test.py:36] - V_COMPANY_TYPE_CD NOT IN ('L', 'A') AND NVL(:NEW.ADDRESS_TYPE_CD, :OLD.ADDRESS_TYPE_CD) IN ('L')
2025-08-13 04:52:17,066 - root - DEBUG - [test.py:36] - NVL(:NEW.ADDRESS_TYPE_CD, :OLD.ADDRESS_TYPE_CD) IN ( 'P', 'L')
2025-08-13 04:52:17,066 - root - DEBUG - [test.py:36] - NVL(:OLD.VALID_FROM, TRUNC(SYSDATE)) = NVL(:NEW.VALID_FROM, TRUNC(SYSDATE)) AND :OLD.COUNTRY_ID <> :NEW.COUNTRY_ID
2025-08-13 04:52:17,066 - root - DEBUG - [test.py:36] - CNTR = 0
2025-08-13 04:52:17,067 - root - DEBUG - [test.py:36] - NVL(:OLD.VALID_FROM, TRUNC(SYSDATE)) <> NVL(:NEW.VALID_FROM, TRUNC(SYSDATE)) AND :OLD.COUNTRY_ID <> :NEW.COUNTRY_ID
2025-08-13 04:52:17,067 - root - DEBUG - [test.py:36] - :NEW.ADDRESS_TYPE_CD = 'P' AND CNTR > 0
2025-08-13 04:52:17,067 - root - DEBUG - [test.py:36] - TO_CHAR(:NEW.VALID_FROM, 'dd.mm') = '01.01'
2025-08-13 04:52:17,067 - root - DEBUG - [test.py:36] - V_COMPANY_TYPE_CD = 'L'
2025-08-13 04:52:17,067 - root - DEBUG - [test.py:36] - NVL(:NEW.ADDRESS_TYPE_CD, :OLD.ADDRESS_TYPE_CD) NOT IN ( 'P', 'L')
2025-08-13 04:52:17,067 - root - DEBUG - [test.py:36] - CNTR = 0
2025-08-13 04:52:17,067 - root - DEBUG - [test.py:36] - DELETING
2025-08-13 04:52:17,067 - root - DEBUG - [test.py:36] - NVL(:NEW.ADDRESS_TYPE_CD, :OLD.ADDRESS_TYPE_CD) IN ('L', 'P')
2025-08-13 04:52:17,067 - root - DEBUG - [test.py:36] - INSERTING
2025-08-13 04:52:17,068 - root - DEBUG - [test.py:36] - CNTR > 0
2025-08-13 04:52:17,068 - root - DEBUG - [test.py:36] - INSERTING OR UPDATING
2025-08-13 04:52:17,068 - root - DEBUG - [test.py:36] - V_COMPANY_TYPE_CD NOT IN ('L', 'A') AND NVL(:NEW.ADDRESS_TYPE_CD, :OLD.ADDRESS_TYPE_CD) IN ('L')
2025-08-13 04:52:17,068 - root - DEBUG - [test.py:36] - NVL(:NEW.ADDRESS_TYPE_CD, :OLD.ADDRESS_TYPE_CD) IN ( 'P', 'L')
2025-08-13 04:52:17,068 - root - DEBUG - [test.py:36] - NVL(:OLD.VALID_FROM, TRUNC(SYSDATE)) = NVL(:NEW.VALID_FROM, TRUNC(SYSDATE)) AND :OLD.COUNTRY_ID <> :NEW.COUNTRY_ID
2025-08-13 04:52:17,068 - root - DEBUG - [test.py:36] - CNTR = 0
2025-08-13 04:52:17,068 - root - DEBUG - [test.py:36] - NVL(:OLD.VALID_FROM, TRUNC(SYSDATE)) <> NVL(:NEW.VALID_FROM, TRUNC(SYSDATE)) AND :OLD.COUNTRY_ID <> :NEW.COUNTRY_ID
2025-08-13 04:52:17,068 - root - DEBUG - [test.py:36] - :NEW.ADDRESS_TYPE_CD = 'P' AND CNTR > 0
2025-08-13 04:52:17,068 - root - DEBUG - [test.py:36] - TO_CHAR(:NEW.VALID_FROM, 'dd.mm') = '01.01'
2025-08-13 04:52:17,068 - root - DEBUG - [test.py:36] - V_COMPANY_TYPE_CD = 'L'
2025-08-13 04:52:17,068 - root - DEBUG - [test.py:36] - NVL(:NEW.ADDRESS_TYPE_CD, :OLD.ADDRESS_TYPE_CD) NOT IN ( 'P', 'L')
2025-08-13 04:52:17,068 - root - DEBUG - [test.py:36] - CNTR = 0
2025-08-13 04:52:17,068 - root - DEBUG - [test.py:36] - DELETING
2025-08-13 04:52:17,068 - root - DEBUG - [test.py:36] - NVL(:NEW.ADDRESS_TYPE_CD, :OLD.ADDRESS_TYPE_CD) IN ('L', 'P')
2025-08-13 04:52:17,068 - root - DEBUG - [test.py:36] - INSERTING
2025-08-13 04:52:17,068 - root - DEBUG - [test.py:36] - CNTR > 0
2025-08-13 04:52:17,068 - root - DEBUG - [test.py:36] - INSERTING OR UPDATING
2025-08-13 04:52:17,068 - root - DEBUG - [test.py:36] - V_COMPANY_TYPE_CD NOT IN ('L', 'A') AND NVL(:NEW.ADDRESS_TYPE_CD, :OLD.ADDRESS_TYPE_CD) IN ('L')
2025-08-13 04:52:17,068 - root - DEBUG - [test.py:36] - NVL(:NEW.ADDRESS_TYPE_CD, :OLD.ADDRESS_TYPE_CD) IN ( 'P', 'L')
2025-08-13 04:52:17,068 - root - DEBUG - [test.py:36] - NVL(:OLD.VALID_FROM, TRUNC(SYSDATE)) = NVL(:NEW.VALID_FROM, TRUNC(SYSDATE)) AND :OLD.COUNTRY_ID <> :NEW.COUNTRY_ID
2025-08-13 04:52:17,068 - root - DEBUG - [test.py:36] - CNTR = 0
2025-08-13 04:52:17,069 - root - DEBUG - [test.py:36] - NVL(:OLD.VALID_FROM, TRUNC(SYSDATE)) <> NVL(:NEW.VALID_FROM, TRUNC(SYSDATE)) AND :OLD.COUNTRY_ID <> :NEW.COUNTRY_ID
2025-08-13 04:52:17,069 - root - DEBUG - [test.py:36] - :NEW.ADDRESS_TYPE_CD = 'P' AND CNTR > 0
2025-08-13 04:52:17,069 - root - DEBUG - [test.py:36] - TO_CHAR(:NEW.VALID_FROM, 'dd.mm') = '01.01'
2025-08-13 04:52:17,069 - root - DEBUG - [test.py:36] - V_COMPANY_TYPE_CD = 'L'
2025-08-13 04:52:17,069 - root - DEBUG - [test.py:36] - NVL(:NEW.ADDRESS_TYPE_CD, :OLD.ADDRESS_TYPE_CD) NOT IN ( 'P', 'L')
2025-08-13 04:52:17,069 - root - DEBUG - [test.py:36] - CNTR = 0
2025-08-13 04:52:17,069 - root - DEBUG - [test.py:36] - DELETING
2025-08-13 04:52:17,069 - root - DEBUG - [test.py:36] - NVL(:NEW.ADDRESS_TYPE_CD, :OLD.ADDRESS_TYPE_CD) IN ('L', 'P')
2025-08-13 04:52:17,069 - root - DEBUG - [test.py:36] - INSERTING
2025-08-13 04:52:17,069 - root - DEBUG - [test.py:36] - CNTR > 0
2025-08-13 04:52:17,069 - root - DEBUG - [test.py:36] - INSERTING OR UPDATING
2025-08-13 04:52:17,069 - root - DEBUG - [test.py:36] - V_COMPANY_TYPE_CD NOT IN ('L', 'A') AND NVL(:NEW.ADDRESS_TYPE_CD, :OLD.ADDRESS_TYPE_CD) IN ('L')
2025-08-13 04:52:17,069 - root - DEBUG - [test.py:36] - NVL(:NEW.ADDRESS_TYPE_CD, :OLD.ADDRESS_TYPE_CD) IN ( 'P', 'L')
2025-08-13 04:52:17,069 - root - DEBUG - [test.py:36] - NVL(:OLD.VALID_FROM, TRUNC(SYSDATE)) = NVL(:NEW.VALID_FROM, TRUNC(SYSDATE)) AND :OLD.COUNTRY_ID <> :NEW.COUNTRY_ID
2025-08-13 04:52:17,069 - root - DEBUG - [test.py:36] - CNTR = 0
2025-08-13 04:52:17,069 - root - DEBUG - [test.py:36] - NVL(:OLD.VALID_FROM, TRUNC(SYSDATE)) <> NVL(:NEW.VALID_FROM, TRUNC(SYSDATE)) AND :OLD.COUNTRY_ID <> :NEW.COUNTRY_ID
2025-08-13 04:52:17,069 - root - DEBUG - [test.py:36] - :NEW.ADDRESS_TYPE_CD = 'P' AND CNTR > 0
2025-08-13 04:52:17,069 - root - DEBUG - [test.py:36] - TO_CHAR(:NEW.VALID_FROM, 'dd.mm') = '01.01'
2025-08-13 04:52:17,069 - root - DEBUG - [test.py:36] - V_COMPANY_TYPE_CD = 'L'
2025-08-13 04:52:17,069 - root - DEBUG - [test.py:36] - NVL(:NEW.ADDRESS_TYPE_CD, :OLD.ADDRESS_TYPE_CD) NOT IN ( 'P', 'L')
2025-08-13 04:52:17,069 - root - DEBUG - [test.py:36] - CNTR = 0
2025-08-13 04:52:17,069 - root - DEBUG - [test.py:36] - DELETING
2025-08-13 04:52:17,069 - root - DEBUG - [test.py:36] - NVL(:NEW.ADDRESS_TYPE_CD, :OLD.ADDRESS_TYPE_CD) IN ('L', 'P')
2025-08-13 04:52:17,071 - root - DEBUG - [test.py:36] - TG_OP = 'INSERT'
2025-08-13 04:52:17,071 - root - DEBUG - [test.py:36] - TG_OP = 'UPDATE'
2025-08-13 04:52:17,071 - root - DEBUG - [test.py:36] - TG_OP = 'DELETE'
2025-08-13 04:52:17,071 - root - DEBUG - [test.py:36] - TG_OP = 'INSERT'
2025-08-13 04:52:17,071 - root - DEBUG - [test.py:36] - TG_OP = 'UPDATE'
2025-08-13 04:52:17,071 - root - DEBUG - [test.py:36] - TG_OP = 'DELETE'
2025-08-13 04:52:17,071 - root - DEBUG - [test.py:36] - TG_OP = 'INSERT'
2025-08-13 04:52:17,071 - root - DEBUG - [test.py:36] - TG_OP = 'UPDATE'
2025-08-13 04:52:17,071 - root - DEBUG - [test.py:36] - TG_OP = 'DELETE'
2025-08-13 04:52:17,072 - root - DEBUG - [test.py:36] - TG_OP = 'INSERT'
2025-08-13 04:52:17,072 - root - DEBUG - [test.py:36] - TG_OP = 'UPDATE'
2025-08-13 04:52:17,072 - root - DEBUG - [test.py:36] - TG_OP = 'DELETE'
2025-08-13 04:52:17,072 - root - DEBUG - [test.py:36] - TG_OP = 'INSERT'
2025-08-13 04:52:17,072 - root - DEBUG - [test.py:36] - TG_OP = 'UPDATE'
2025-08-13 04:52:17,072 - root - DEBUG - [test.py:36] - TG_OP = 'DELETE'
2025-08-13 04:52:17,072 - root - DEBUG - [test.py:36] - TG_OP = 'INSERT'
2025-08-13 04:52:17,072 - root - DEBUG - [test.py:36] - TG_OP = 'UPDATE'
2025-08-13 04:52:17,072 - root - DEBUG - [test.py:36] - TG_OP = 'DELETE'
2025-08-13 04:52:17,073 - root - DEBUG - [test.py:36] - TG_OP = 'UPDATE'
2025-08-13 04:52:17,073 - root - DEBUG - [test.py:36] - COALESCE (OLD.PROD_FAM_NAME_STATUS_CD, 'X') <> COALESCE (NEW.PROD_FAM_NAME_STATUS_CD, 'X') OR OLD.PROD_FAM_NAME <> NEW.PROD_FAM_NAME OR COALESCE(OLD.ACT_SUBSTANCE_NAME, 'X') <> COALESCE(NEW.ACT_SUBSTANCE_NAME, 'X')
2025-08-13 04:52:17,073 - root - DEBUG - [test.py:36] - 
2025-08-13 04:52:17,073 - root - DEBUG - [test.py:36] - NEW.PROD_FAM_NAME_STATUS_CD IN ('T', 'R')
2025-08-13 04:52:17,073 - root - DEBUG - [test.py:36] - NEW.PROD_FAM_NAME_STATUS_CD IN ('G', 'I')
2025-08-13 04:52:17,073 - root - DEBUG - [test.py:36] - TG_OP = 'UPDATE'
2025-08-13 04:52:17,073 - root - DEBUG - [test.py:36] - COALESCE (OLD.PROD_FAM_NAME_STATUS_CD, 'X') <> COALESCE (NEW.PROD_FAM_NAME_STATUS_CD, 'X') OR OLD.PROD_FAM_NAME <> NEW.PROD_FAM_NAME OR COALESCE(OLD.ACT_SUBSTANCE_NAME, 'X') <> COALESCE(NEW.ACT_SUBSTANCE_NAME, 'X')
2025-08-13 04:52:17,073 - root - DEBUG - [test.py:36] - 
2025-08-13 04:52:17,074 - root - DEBUG - [test.py:36] - NEW.PROD_FAM_NAME_STATUS_CD IN ('T', 'R')
2025-08-13 04:52:17,074 - root - DEBUG - [test.py:36] - NEW.PROD_FAM_NAME_STATUS_CD IN ('G', 'I')
2025-08-13 04:52:17,074 - root - DEBUG - [test.py:36] - TG_OP = 'UPDATE'
2025-08-13 04:52:17,074 - root - DEBUG - [test.py:36] - COALESCE (OLD.PROD_FAM_NAME_STATUS_CD, 'X') <> COALESCE (NEW.PROD_FAM_NAME_STATUS_CD, 'X') OR OLD.PROD_FAM_NAME <> NEW.PROD_FAM_NAME OR COALESCE(OLD.ACT_SUBSTANCE_NAME, 'X') <> COALESCE(NEW.ACT_SUBSTANCE_NAME, 'X')
2025-08-13 04:52:17,074 - root - DEBUG - [test.py:36] - 
2025-08-13 04:52:17,074 - root - DEBUG - [test.py:36] - NEW.PROD_FAM_NAME_STATUS_CD IN ('T', 'R')
2025-08-13 04:52:17,074 - root - DEBUG - [test.py:36] - NEW.PROD_FAM_NAME_STATUS_CD IN ('G', 'I')
2025-08-13 04:52:17,074 - root - DEBUG - [test.py:36] - TG_OP = 'UPDATE'
2025-08-13 04:52:17,074 - root - DEBUG - [test.py:36] - COALESCE (OLD.PROD_FAM_NAME_STATUS_CD, 'X') <> COALESCE (NEW.PROD_FAM_NAME_STATUS_CD, 'X') OR OLD.PROD_FAM_NAME <> NEW.PROD_FAM_NAME OR COALESCE(OLD.ACT_SUBSTANCE_NAME, 'X') <> COALESCE(NEW.ACT_SUBSTANCE_NAME, 'X')
2025-08-13 04:52:17,074 - root - DEBUG - [test.py:36] - 
2025-08-13 04:52:17,074 - root - DEBUG - [test.py:36] - NEW.PROD_FAM_NAME_STATUS_CD IN ('T', 'R')
2025-08-13 04:52:17,075 - root - DEBUG - [test.py:36] - NEW.PROD_FAM_NAME_STATUS_CD IN ('G', 'I')
2025-08-13 04:52:17,075 - root - DEBUG - [test.py:36] - TG_OP = 'UPDATE'
2025-08-13 04:52:17,075 - root - DEBUG - [test.py:36] - COALESCE (OLD.PROD_FAM_NAME_STATUS_CD, 'X') <> COALESCE (NEW.PROD_FAM_NAME_STATUS_CD, 'X') OR OLD.PROD_FAM_NAME <> NEW.PROD_FAM_NAME OR COALESCE(OLD.ACT_SUBSTANCE_NAME, 'X') <> COALESCE(NEW.ACT_SUBSTANCE_NAME, 'X')
2025-08-13 04:52:17,075 - root - DEBUG - [test.py:36] - 
2025-08-13 04:52:17,075 - root - DEBUG - [test.py:36] - NEW.PROD_FAM_NAME_STATUS_CD IN ('T', 'R')
2025-08-13 04:52:17,075 - root - DEBUG - [test.py:36] - NEW.PROD_FAM_NAME_STATUS_CD IN ('G', 'I')
2025-08-13 04:52:17,075 - root - DEBUG - [test.py:36] - TG_OP = 'UPDATE'
2025-08-13 04:52:17,075 - root - DEBUG - [test.py:36] - COALESCE (OLD.PROD_FAM_NAME_STATUS_CD, 'X') <> COALESCE (NEW.PROD_FAM_NAME_STATUS_CD, 'X') OR OLD.PROD_FAM_NAME <> NEW.PROD_FAM_NAME OR COALESCE(OLD.ACT_SUBSTANCE_NAME, 'X') <> COALESCE(NEW.ACT_SUBSTANCE_NAME, 'X')
2025-08-13 04:52:17,075 - root - DEBUG - [test.py:36] - 
2025-08-13 04:52:17,075 - root - DEBUG - [test.py:36] - NEW.PROD_FAM_NAME_STATUS_CD IN ('T', 'R')
2025-08-13 04:52:17,075 - root - DEBUG - [test.py:36] - NEW.PROD_FAM_NAME_STATUS_CD IN ('G', 'I')
2025-08-13 04:52:17,207 - root - DEBUG - [test.py:36] - :NEW.PROPOSAL_STATUS_CD = C_PROPOSAL_STATUS_EVOLVED AND(:NEW.EVOLVED_THEME_NO IS NULL OR :NEW.EVOLVED_THEME_NO = :OLD.EVOLVED_THEME_NO) AND :NEW.MOLECULE_TYPE_ID = :OLD.MOLECULE_TYPE_ID AND :NEW.PHARMACOLOGICAL_TYPE_ID = :OLD.PHARMACOLOGICAL_TYPE_ID AND :NEW.PROPOSAL_NAME = :OLD.PROPOSAL_NAME
2025-08-13 04:52:17,207 - root - DEBUG - [test.py:36] - :NEW.PROPOSAL_STATUS_CD = C_PROPOSAL_STATUS_TERMINATED AND :OLD.PROPOSAL_STATUS_CD = C_PROPOSAL_STATUS_EVOLVED
2025-08-13 04:52:17,207 - root - DEBUG - [test.py:36] - :NEW.PROPOSAL_STATUS_CD = C_PROPOSAL_STATUS_ACTIVE AND :OLD.EVOLVED_THEME_NO IS NOT NULL
2025-08-13 04:52:17,207 - root - DEBUG - [test.py:36] - :NEW.EXPLORATORY_THEME_NO IS NULL AND :OLD.EXPLORATORY_THEME_NO IS NOT NULL
2025-08-13 04:52:17,207 - root - DEBUG - [test.py:36] - INSERTING
2025-08-13 04:52:17,207 - root - DEBUG - [test.py:36] - UPDATING
2025-08-13 04:52:17,207 - root - DEBUG - [test.py:36] - :NEW.PARTNER_ID IS NOT NULL
2025-08-13 04:52:17,207 - root - DEBUG - [test.py:36] - NVL(:OLD.PARTNER_ID, 'NULL') <> NVL(:NEW.PARTNER_ID, 'NULL')
2025-08-13 04:52:17,207 - root - DEBUG - [test.py:36] - :NEW.PROPOSAL_STATUS_CD = C_PROPOSAL_STATUS_EVOLVED AND(:NEW.EVOLVED_THEME_NO IS NULL OR :NEW.EVOLVED_THEME_NO = :OLD.EVOLVED_THEME_NO) AND :NEW.MOLECULE_TYPE_ID = :OLD.MOLECULE_TYPE_ID AND :NEW.PHARMACOLOGICAL_TYPE_ID = :OLD.PHARMACOLOGICAL_TYPE_ID AND :NEW.PROPOSAL_NAME = :OLD.PROPOSAL_NAME
2025-08-13 04:52:17,207 - root - DEBUG - [test.py:36] - :NEW.PROPOSAL_STATUS_CD = C_PROPOSAL_STATUS_TERMINATED AND :OLD.PROPOSAL_STATUS_CD = C_PROPOSAL_STATUS_EVOLVED
2025-08-13 04:52:17,207 - root - DEBUG - [test.py:36] - :NEW.PROPOSAL_STATUS_CD = C_PROPOSAL_STATUS_ACTIVE AND :OLD.EVOLVED_THEME_NO IS NOT NULL
2025-08-13 04:52:17,207 - root - DEBUG - [test.py:36] - :NEW.EXPLORATORY_THEME_NO IS NULL AND :OLD.EXPLORATORY_THEME_NO IS NOT NULL
2025-08-13 04:52:17,207 - root - DEBUG - [test.py:36] - INSERTING
2025-08-13 04:52:17,207 - root - DEBUG - [test.py:36] - UPDATING
2025-08-13 04:52:17,207 - root - DEBUG - [test.py:36] - :NEW.PARTNER_ID IS NOT NULL
2025-08-13 04:52:17,207 - root - DEBUG - [test.py:36] - NVL(:OLD.PARTNER_ID, 'NULL') <> NVL(:NEW.PARTNER_ID, 'NULL')
2025-08-13 04:52:17,207 - root - DEBUG - [test.py:36] - :NEW.PROPOSAL_STATUS_CD = C_PROPOSAL_STATUS_EVOLVED AND(:NEW.EVOLVED_THEME_NO IS NULL OR :NEW.EVOLVED_THEME_NO = :OLD.EVOLVED_THEME_NO) AND :NEW.MOLECULE_TYPE_ID = :OLD.MOLECULE_TYPE_ID AND :NEW.PHARMACOLOGICAL_TYPE_ID = :OLD.PHARMACOLOGICAL_TYPE_ID AND :NEW.PROPOSAL_NAME = :OLD.PROPOSAL_NAME
2025-08-13 04:52:17,208 - root - DEBUG - [test.py:36] - :NEW.PROPOSAL_STATUS_CD = C_PROPOSAL_STATUS_TERMINATED AND :OLD.PROPOSAL_STATUS_CD = C_PROPOSAL_STATUS_EVOLVED
2025-08-13 04:52:17,208 - root - DEBUG - [test.py:36] - :NEW.PROPOSAL_STATUS_CD = C_PROPOSAL_STATUS_ACTIVE AND :OLD.EVOLVED_THEME_NO IS NOT NULL
2025-08-13 04:52:17,208 - root - DEBUG - [test.py:36] - :NEW.EXPLORATORY_THEME_NO IS NULL AND :OLD.EXPLORATORY_THEME_NO IS NOT NULL
2025-08-13 04:52:17,208 - root - DEBUG - [test.py:36] - INSERTING
2025-08-13 04:52:17,208 - root - DEBUG - [test.py:36] - UPDATING
2025-08-13 04:52:17,208 - root - DEBUG - [test.py:36] - :NEW.PARTNER_ID IS NOT NULL
2025-08-13 04:52:17,208 - root - DEBUG - [test.py:36] - NVL(:OLD.PARTNER_ID, 'NULL') <> NVL(:NEW.PARTNER_ID, 'NULL')
2025-08-13 04:52:17,208 - root - DEBUG - [test.py:36] - :NEW.PROPOSAL_STATUS_CD = C_PROPOSAL_STATUS_EVOLVED AND(:NEW.EVOLVED_THEME_NO IS NULL OR :NEW.EVOLVED_THEME_NO = :OLD.EVOLVED_THEME_NO) AND :NEW.MOLECULE_TYPE_ID = :OLD.MOLECULE_TYPE_ID AND :NEW.PHARMACOLOGICAL_TYPE_ID = :OLD.PHARMACOLOGICAL_TYPE_ID AND :NEW.PROPOSAL_NAME = :OLD.PROPOSAL_NAME
2025-08-13 04:52:17,208 - root - DEBUG - [test.py:36] - :NEW.PROPOSAL_STATUS_CD = C_PROPOSAL_STATUS_TERMINATED AND :OLD.PROPOSAL_STATUS_CD = C_PROPOSAL_STATUS_EVOLVED
2025-08-13 04:52:17,208 - root - DEBUG - [test.py:36] - :NEW.PROPOSAL_STATUS_CD = C_PROPOSAL_STATUS_ACTIVE AND :OLD.EVOLVED_THEME_NO IS NOT NULL
2025-08-13 04:52:17,208 - root - DEBUG - [test.py:36] - :NEW.EXPLORATORY_THEME_NO IS NULL AND :OLD.EXPLORATORY_THEME_NO IS NOT NULL
2025-08-13 04:52:17,208 - root - DEBUG - [test.py:36] - INSERTING
2025-08-13 04:52:17,208 - root - DEBUG - [test.py:36] - UPDATING
2025-08-13 04:52:17,208 - root - DEBUG - [test.py:36] - :NEW.PARTNER_ID IS NOT NULL
2025-08-13 04:52:17,208 - root - DEBUG - [test.py:36] - NVL(:OLD.PARTNER_ID, 'NULL') <> NVL(:NEW.PARTNER_ID, 'NULL')
2025-08-13 04:52:17,208 - root - DEBUG - [test.py:36] - :NEW.PROPOSAL_STATUS_CD = C_PROPOSAL_STATUS_EVOLVED AND(:NEW.EVOLVED_THEME_NO IS NULL OR :NEW.EVOLVED_THEME_NO = :OLD.EVOLVED_THEME_NO) AND :NEW.MOLECULE_TYPE_ID = :OLD.MOLECULE_TYPE_ID AND :NEW.PHARMACOLOGICAL_TYPE_ID = :OLD.PHARMACOLOGICAL_TYPE_ID AND :NEW.PROPOSAL_NAME = :OLD.PROPOSAL_NAME
2025-08-13 04:52:17,208 - root - DEBUG - [test.py:36] - :NEW.PROPOSAL_STATUS_CD = C_PROPOSAL_STATUS_TERMINATED AND :OLD.PROPOSAL_STATUS_CD = C_PROPOSAL_STATUS_EVOLVED
2025-08-13 04:52:17,208 - root - DEBUG - [test.py:36] - :NEW.PROPOSAL_STATUS_CD = C_PROPOSAL_STATUS_ACTIVE AND :OLD.EVOLVED_THEME_NO IS NOT NULL
2025-08-13 04:52:17,208 - root - DEBUG - [test.py:36] - :NEW.EXPLORATORY_THEME_NO IS NULL AND :OLD.EXPLORATORY_THEME_NO IS NOT NULL
2025-08-13 04:52:17,208 - root - DEBUG - [test.py:36] - INSERTING
2025-08-13 04:52:17,209 - root - DEBUG - [test.py:36] - UPDATING
2025-08-13 04:52:17,209 - root - DEBUG - [test.py:36] - :NEW.PARTNER_ID IS NOT NULL
2025-08-13 04:52:17,209 - root - DEBUG - [test.py:36] - NVL(:OLD.PARTNER_ID, 'NULL') <> NVL(:NEW.PARTNER_ID, 'NULL')
2025-08-13 04:52:17,209 - root - DEBUG - [test.py:36] - :NEW.PROPOSAL_STATUS_CD = C_PROPOSAL_STATUS_EVOLVED AND(:NEW.EVOLVED_THEME_NO IS NULL OR :NEW.EVOLVED_THEME_NO = :OLD.EVOLVED_THEME_NO) AND :NEW.MOLECULE_TYPE_ID = :OLD.MOLECULE_TYPE_ID AND :NEW.PHARMACOLOGICAL_TYPE_ID = :OLD.PHARMACOLOGICAL_TYPE_ID AND :NEW.PROPOSAL_NAME = :OLD.PROPOSAL_NAME
2025-08-13 04:52:17,209 - root - DEBUG - [test.py:36] - :NEW.PROPOSAL_STATUS_CD = C_PROPOSAL_STATUS_TERMINATED AND :OLD.PROPOSAL_STATUS_CD = C_PROPOSAL_STATUS_EVOLVED
2025-08-13 04:52:17,209 - root - DEBUG - [test.py:36] - :NEW.PROPOSAL_STATUS_CD = C_PROPOSAL_STATUS_ACTIVE AND :OLD.EVOLVED_THEME_NO IS NOT NULL
2025-08-13 04:52:17,209 - root - DEBUG - [test.py:36] - :NEW.EXPLORATORY_THEME_NO IS NULL AND :OLD.EXPLORATORY_THEME_NO IS NOT NULL
2025-08-13 04:52:17,209 - root - DEBUG - [test.py:36] - INSERTING
2025-08-13 04:52:17,209 - root - DEBUG - [test.py:36] - UPDATING
2025-08-13 04:52:17,209 - root - DEBUG - [test.py:36] - :NEW.PARTNER_ID IS NOT NULL
2025-08-13 04:52:17,209 - root - DEBUG - [test.py:36] - NVL(:OLD.PARTNER_ID, 'NULL') <> NVL(:NEW.PARTNER_ID, 'NULL')
