2025-08-13 05:24:33,868 - root - DEBUG - [test.py:44] - Insert--INSERTING
2025-08-13 05:24:33,868 - root - DEBUG - [test.py:46] - Update--UPDATING
2025-08-13 05:24:33,868 - root - DEBUG - [test.py:48] - Delete--DELETING
2025-08-13 05:24:33,868 - root - DEBUG - [test.py:44] - Insert--INSERTING OR UPDATING
2025-08-13 05:24:33,868 - root - DEBUG - [test.py:44] - Insert--INSERTING AND :NEW.THEME_NO IS NOT NULL AND GMD_UTIL_THEMES.GET_THEMES_RANGE_AUTOMATIC_NMP(:NEW.THEME_NO) = 'Y'
2025-08-13 05:24:33,869 - root - DEBUG - [test.py:44] - Insert--INSERTING
2025-08-13 05:24:33,869 - root - DEBUG - [test.py:46] - Update--UPDATING
2025-08-13 05:24:33,869 - root - DEBUG - [test.py:48] - Delete--DELETING
2025-08-13 05:24:33,870 - root - DEBUG - [test.py:44] - Insert--INSERTING OR UPDATING
2025-08-13 05:24:33,870 - root - DEBUG - [test.py:44] - Insert--INSERTING AND :NEW.THEME_NO IS NOT NULL AND GMD_UTIL_THEMES.GET_THEMES_RANGE_AUTOMATIC_NMP(:NEW.THEME_NO) = 'Y'
2025-08-13 05:24:33,870 - root - DEBUG - [test.py:44] - Insert--INSERTING
2025-08-13 05:24:33,870 - root - DEBUG - [test.py:46] - Update--UPDATING
2025-08-13 05:24:33,870 - root - DEBUG - [test.py:48] - Delete--DELETING
2025-08-13 05:24:33,870 - root - DEBUG - [test.py:44] - Insert--INSERTING OR UPDATING
2025-08-13 05:24:33,870 - root - DEBUG - [test.py:44] - Insert--INSERTING AND :NEW.THEME_NO IS NOT NULL AND GMD_UTIL_THEMES.GET_THEMES_RANGE_AUTOMATIC_NMP(:NEW.THEME_NO) = 'Y'
2025-08-13 05:24:33,872 - root - DEBUG - [test.py:44] - Insert--INSERTING
2025-08-13 05:24:33,872 - root - DEBUG - [test.py:46] - Update--UPDATING
2025-08-13 05:24:33,872 - root - DEBUG - [test.py:48] - Delete--DELETING
2025-08-13 05:24:33,872 - root - DEBUG - [test.py:44] - Insert--INSERTING OR UPDATING
2025-08-13 05:24:33,872 - root - DEBUG - [test.py:44] - Insert--INSERTING AND :NEW.THEME_NO IS NOT NULL AND GMD_UTIL_THEMES.GET_THEMES_RANGE_AUTOMATIC_NMP(:NEW.THEME_NO) = 'Y'
2025-08-13 05:24:33,872 - root - DEBUG - [test.py:44] - Insert--INSERTING
2025-08-13 05:24:33,872 - root - DEBUG - [test.py:46] - Update--UPDATING
2025-08-13 05:24:33,872 - root - DEBUG - [test.py:48] - Delete--DELETING
2025-08-13 05:24:33,873 - root - DEBUG - [test.py:44] - Insert--INSERTING OR UPDATING
2025-08-13 05:24:33,873 - root - DEBUG - [test.py:44] - Insert--INSERTING AND :NEW.THEME_NO IS NOT NULL AND GMD_UTIL_THEMES.GET_THEMES_RANGE_AUTOMATIC_NMP(:NEW.THEME_NO) = 'Y'
2025-08-13 05:24:33,873 - root - DEBUG - [test.py:44] - Insert--INSERTING
2025-08-13 05:24:33,873 - root - DEBUG - [test.py:46] - Update--UPDATING
2025-08-13 05:24:33,873 - root - DEBUG - [test.py:48] - Delete--DELETING
2025-08-13 05:24:33,873 - root - DEBUG - [test.py:44] - Insert--INSERTING OR UPDATING
2025-08-13 05:24:33,873 - root - DEBUG - [test.py:44] - Insert--INSERTING AND :NEW.THEME_NO IS NOT NULL AND GMD_UTIL_THEMES.GET_THEMES_RANGE_AUTOMATIC_NMP(:NEW.THEME_NO) = 'Y'
2025-08-13 05:24:33,876 - root - DEBUG - [test.py:48] - Delete--DELETING
2025-08-13 05:24:33,876 - root - DEBUG - [test.py:44] - Insert--INSERTING OR UPDATING
2025-08-13 05:24:33,876 - root - DEBUG - [test.py:46] - Update--UPDATING
2025-08-13 05:24:33,876 - root - DEBUG - [test.py:44] - Insert--INSERTING
2025-08-13 05:24:33,876 - root - DEBUG - [test.py:46] - Update--UPDATING
2025-08-13 05:24:33,877 - root - DEBUG - [test.py:48] - Delete--DELETING
2025-08-13 05:24:33,877 - root - DEBUG - [test.py:44] - Insert--INSERTING OR UPDATING
2025-08-13 05:24:33,877 - root - DEBUG - [test.py:46] - Update--UPDATING
2025-08-13 05:24:33,877 - root - DEBUG - [test.py:44] - Insert--INSERTING
2025-08-13 05:24:33,877 - root - DEBUG - [test.py:46] - Update--UPDATING
2025-08-13 05:24:33,877 - root - DEBUG - [test.py:48] - Delete--DELETING
2025-08-13 05:24:33,877 - root - DEBUG - [test.py:44] - Insert--INSERTING OR UPDATING
2025-08-13 05:24:33,877 - root - DEBUG - [test.py:46] - Update--UPDATING
2025-08-13 05:24:33,877 - root - DEBUG - [test.py:44] - Insert--INSERTING
2025-08-13 05:24:33,877 - root - DEBUG - [test.py:46] - Update--UPDATING
2025-08-13 05:24:33,878 - root - DEBUG - [test.py:48] - Delete--DELETING
2025-08-13 05:24:33,878 - root - DEBUG - [test.py:44] - Insert--INSERTING OR UPDATING
2025-08-13 05:24:33,878 - root - DEBUG - [test.py:46] - Update--UPDATING
2025-08-13 05:24:33,878 - root - DEBUG - [test.py:44] - Insert--INSERTING
2025-08-13 05:24:33,878 - root - DEBUG - [test.py:46] - Update--UPDATING
2025-08-13 05:24:33,878 - root - DEBUG - [test.py:48] - Delete--DELETING
2025-08-13 05:24:33,878 - root - DEBUG - [test.py:44] - Insert--INSERTING OR UPDATING
2025-08-13 05:24:33,878 - root - DEBUG - [test.py:46] - Update--UPDATING
2025-08-13 05:24:33,878 - root - DEBUG - [test.py:44] - Insert--INSERTING
2025-08-13 05:24:33,878 - root - DEBUG - [test.py:46] - Update--UPDATING
2025-08-13 05:24:33,878 - root - DEBUG - [test.py:48] - Delete--DELETING
2025-08-13 05:24:33,878 - root - DEBUG - [test.py:44] - Insert--INSERTING OR UPDATING
2025-08-13 05:24:33,878 - root - DEBUG - [test.py:46] - Update--UPDATING
2025-08-13 05:24:33,878 - root - DEBUG - [test.py:44] - Insert--INSERTING
2025-08-13 05:24:33,878 - root - DEBUG - [test.py:46] - Update--UPDATING
2025-08-13 05:24:33,880 - root - DEBUG - [test.py:44] - Insert--INSERTING
2025-08-13 05:24:33,880 - root - DEBUG - [test.py:44] - Insert--INSERTING OR UPDATING
2025-08-13 05:24:33,880 - root - DEBUG - [test.py:48] - Delete--DELETING
2025-08-13 05:24:33,880 - root - DEBUG - [test.py:44] - Insert--INSERTING
2025-08-13 05:24:33,880 - root - DEBUG - [test.py:44] - Insert--INSERTING OR UPDATING
2025-08-13 05:24:33,880 - root - DEBUG - [test.py:48] - Delete--DELETING
2025-08-13 05:24:33,880 - root - DEBUG - [test.py:44] - Insert--INSERTING
2025-08-13 05:24:33,880 - root - DEBUG - [test.py:44] - Insert--INSERTING OR UPDATING
2025-08-13 05:24:33,880 - root - DEBUG - [test.py:48] - Delete--DELETING
2025-08-13 05:24:33,881 - root - DEBUG - [test.py:44] - Insert--INSERTING
2025-08-13 05:24:33,881 - root - DEBUG - [test.py:44] - Insert--INSERTING OR UPDATING
2025-08-13 05:24:33,881 - root - DEBUG - [test.py:48] - Delete--DELETING
2025-08-13 05:24:33,881 - root - DEBUG - [test.py:44] - Insert--INSERTING
2025-08-13 05:24:33,881 - root - DEBUG - [test.py:44] - Insert--INSERTING OR UPDATING
2025-08-13 05:24:33,881 - root - DEBUG - [test.py:48] - Delete--DELETING
2025-08-13 05:24:33,881 - root - DEBUG - [test.py:44] - Insert--INSERTING
2025-08-13 05:24:33,881 - root - DEBUG - [test.py:44] - Insert--INSERTING OR UPDATING
2025-08-13 05:24:33,881 - root - DEBUG - [test.py:48] - Delete--DELETING
2025-08-13 05:24:33,883 - root - DEBUG - [test.py:44] - Insert--TG_OP = 'INSERT'
2025-08-13 05:24:33,883 - root - DEBUG - [test.py:46] - Update--TG_OP = 'UPDATE'
2025-08-13 05:24:33,883 - root - DEBUG - [test.py:48] - Delete--TG_OP = 'DELETE'
2025-08-13 05:24:33,883 - root - DEBUG - [test.py:44] - Insert--TG_OP = 'INSERT'
2025-08-13 05:24:33,883 - root - DEBUG - [test.py:46] - Update--TG_OP = 'UPDATE'
2025-08-13 05:24:33,883 - root - DEBUG - [test.py:48] - Delete--TG_OP = 'DELETE'
2025-08-13 05:24:33,883 - root - DEBUG - [test.py:44] - Insert--TG_OP = 'INSERT'
2025-08-13 05:24:33,883 - root - DEBUG - [test.py:46] - Update--TG_OP = 'UPDATE'
2025-08-13 05:24:33,883 - root - DEBUG - [test.py:48] - Delete--TG_OP = 'DELETE'
2025-08-13 05:24:33,883 - root - DEBUG - [test.py:44] - Insert--TG_OP = 'INSERT'
2025-08-13 05:24:33,883 - root - DEBUG - [test.py:46] - Update--TG_OP = 'UPDATE'
2025-08-13 05:24:33,883 - root - DEBUG - [test.py:48] - Delete--TG_OP = 'DELETE'
2025-08-13 05:24:33,883 - root - DEBUG - [test.py:44] - Insert--TG_OP = 'INSERT'
2025-08-13 05:24:33,883 - root - DEBUG - [test.py:46] - Update--TG_OP = 'UPDATE'
2025-08-13 05:24:33,883 - root - DEBUG - [test.py:48] - Delete--TG_OP = 'DELETE'
2025-08-13 05:24:33,883 - root - DEBUG - [test.py:44] - Insert--TG_OP = 'INSERT'
2025-08-13 05:24:33,883 - root - DEBUG - [test.py:46] - Update--TG_OP = 'UPDATE'
2025-08-13 05:24:33,883 - root - DEBUG - [test.py:48] - Delete--TG_OP = 'DELETE'
2025-08-13 05:24:33,884 - root - DEBUG - [test.py:46] - Update--TG_OP = 'UPDATE'
2025-08-13 05:24:33,884 - root - DEBUG - [test.py:46] - Update--TG_OP = 'UPDATE'
2025-08-13 05:24:33,885 - root - DEBUG - [test.py:46] - Update--TG_OP = 'UPDATE'
2025-08-13 05:24:33,885 - root - DEBUG - [test.py:46] - Update--TG_OP = 'UPDATE'
2025-08-13 05:24:33,885 - root - DEBUG - [test.py:46] - Update--TG_OP = 'UPDATE'
2025-08-13 05:24:33,885 - root - DEBUG - [test.py:46] - Update--TG_OP = 'UPDATE'
2025-08-13 05:24:33,886 - root - DEBUG - [test.py:44] - Insert--INSERTING
2025-08-13 05:24:33,886 - root - DEBUG - [test.py:46] - Update--UPDATING
2025-08-13 05:24:33,886 - root - DEBUG - [test.py:44] - Insert--INSERTING
2025-08-13 05:24:33,886 - root - DEBUG - [test.py:46] - Update--UPDATING
2025-08-13 05:24:33,886 - root - DEBUG - [test.py:44] - Insert--INSERTING
2025-08-13 05:24:33,886 - root - DEBUG - [test.py:46] - Update--UPDATING
2025-08-13 05:24:33,887 - root - DEBUG - [test.py:44] - Insert--INSERTING
2025-08-13 05:24:33,887 - root - DEBUG - [test.py:46] - Update--UPDATING
2025-08-13 05:24:33,887 - root - DEBUG - [test.py:44] - Insert--INSERTING
2025-08-13 05:24:33,887 - root - DEBUG - [test.py:46] - Update--UPDATING
2025-08-13 05:24:33,887 - root - DEBUG - [test.py:44] - Insert--INSERTING
2025-08-13 05:24:33,887 - root - DEBUG - [test.py:46] - Update--UPDATING
