2025-09-03 00:17:32,959 - root - DEBUG - [common.py:105] - Starting main conversion workflow
2025-09-03 00:17:32,959 - root - INFO - [common.py:110] - === Starting Oracle Trigger Conversion Process ===
2025-09-03 00:17:32,960 - root - INFO - [common.py:110] - Logging to: output\oracle_conversion_20250903_001732.log
2025-09-03 00:17:32,960 - root - DEBUG - [common.py:105] - Logging system initialized
2025-09-03 00:17:32,960 - root - INFO - [common.py:110] - Step 1: Converting Oracle SQL files to JSON analysis...
2025-09-03 00:17:32,960 - root - DEBUG - [common.py:105] - Starting Step 1: Oracle SQL → JSON conversion
2025-09-03 00:17:32,960 - root - INFO - [common.py:110] - === Starting Oracle triggers to JSON conversion ===
2025-09-03 00:17:32,961 - root - DEBUG - [common.py:105] - Workflow Phase 1: Convert Oracle SQL files to JSON analysis structure
2025-09-03 00:17:32,961 - root - DEBUG - [common.py:105] - Source directory: files/oracle
2025-09-03 00:17:32,961 - root - DEBUG - [common.py:105] - Target directory: files/format_json
2025-09-03 00:17:32,961 - root - DEBUG - [common.py:105] - File details will be included in metadata for each processed file
2025-09-03 00:17:32,962 - root - INFO - [common.py:110] - === Starting file processing ===
2025-09-03 00:17:32,962 - root - INFO - [common.py:110] - Source directory: 'files/oracle'
2025-09-03 00:17:32,962 - root - INFO - [common.py:110] - Target directory: 'files/format_json'
2025-09-03 00:17:32,962 - root - INFO - [common.py:110] - File pattern: '.sql'
2025-09-03 00:17:32,962 - root - INFO - [common.py:110] - Output suffix: '_analysis.json'
2025-09-03 00:17:32,963 - root - DEBUG - [common.py:105] - Ensuring target directory exists...
2025-09-03 00:17:32,963 - root - DEBUG - [common.py:105] - Directory already exists: files/format_json
2025-09-03 00:17:32,963 - root - DEBUG - [common.py:105] - Found 1 files in source directory
2025-09-03 00:17:32,963 - root - DEBUG - [common.py:105] - Files matching pattern '.sql': ['zzz.sql']
2025-09-03 00:17:32,963 - root - DEBUG - [common.py:105] - === Processing file 1/1: zzz.sql ===
2025-09-03 00:17:32,963 - root - DEBUG - [common.py:105] - Source path: files/oracle\zzz.sql
2025-09-03 00:17:32,963 - root - DEBUG - [common.py:105] - Output path: files/format_json\zzz_analysis.json
2025-09-03 00:17:32,963 - root - DEBUG - [common.py:105] - === SQL to JSON processing for trigger zzz.sql ===
2025-09-03 00:17:32,963 - root - DEBUG - [common.py:105] - Creating OracleTriggerAnalyzer instance from file...
2025-09-03 00:17:32,963 - root - DEBUG - [common.py:105] - Initializing OracleTriggerAnalyzer with 20 characters of SQL
2025-09-03 00:17:32,964 - root - DEBUG - [OracleTriggerAnalyzer.py:106] - structured lines conversion 0 lines processed
2025-09-03 00:17:32,964 - root - DEBUG - [OracleTriggerAnalyzer.py:109] - SQL section parsing
2025-09-03 00:17:32,964 - root - DEBUG - [OracleTriggerAnalyzer.py:322] - structured lines conversion
2025-09-03 00:17:32,964 - root - DEBUG - [common.py:105] - Converting SQL content to structured lines
2025-09-03 00:17:32,964 - root - DEBUG - [common.py:105] - Structured lines conversion complete: 60 total, 13 with semicolons, 1 empty lines skipped
2025-09-03 00:17:32,964 - root - DEBUG - [OracleTriggerAnalyzer.py:324] - structured lines conversion
2025-09-03 00:17:32,964 - root - DEBUG - [OracleTriggerAnalyzer.py:261] - Block comment stripping complete: 0 comments extracted, 60 lines cleaned
2025-09-03 00:17:32,964 - root - DEBUG - [OracleTriggerAnalyzer.py:328] - Removed block comments from main section
2025-09-03 00:17:32,964 - root - DEBUG - [OracleTriggerAnalyzer.py:305] - Inline comment stripping complete: 0 comments extracted, 60 lines cleaned
2025-09-03 00:17:32,964 - root - DEBUG - [OracleTriggerAnalyzer.py:332] - Removed inline comments from main section
2025-09-03 00:17:32,964 - root - DEBUG - [OracleTriggerAnalyzer.py:344] - Found DECLARE at line 3
2025-09-03 00:17:32,964 - root - DEBUG - [OracleTriggerAnalyzer.py:348] - Found BEGIN at line 7
2025-09-03 00:17:32,965 - root - DEBUG - [OracleTriggerAnalyzer.py:358] - DECLARE section: lines 3-6
2025-09-03 00:17:32,965 - root - DEBUG - [OracleTriggerAnalyzer.py:386] - Starting declaration parsing
2025-09-03 00:17:32,965 - root - DEBUG - [OracleTriggerAnalyzer.py:430] - Processed variable: V_TRIGGER_NAME
2025-09-03 00:17:32,965 - root - DEBUG - [OracleTriggerAnalyzer.py:464] - Processed exception: ERR_UPD
2025-09-03 00:17:32,965 - root - DEBUG - [OracleTriggerAnalyzer.py:464] - Processed exception: ERR_DEL
2025-09-03 00:17:32,965 - root - DEBUG - [OracleTriggerAnalyzer.py:1549] - Starting top-level BEGIN blocks parsing
2025-09-03 00:17:32,965 - root - DEBUG - [OracleTriggerAnalyzer.py:1734] - exception_handler: [{'type': 'exception_handler', 'exception_name': 'ERR_UPD', 'when_line_no': 55, 'when_indent': 4, 'then_line_no': 55, 'exception_statements': [{'indent': 8, 'line': '        RAISE_APPLICATION_ERROR (-20105, V_TRIGGER_NAME);', 'line_no': 56}]}, {'type': 'exception_handler', 'exception_name': 'ERR_DEL', 'when_line_no': 57, 'when_indent': 4, 'then_line_no': 57, 'exception_statements': [{'indent': 8, 'line': '        RAISE_APPLICATION_ERROR (-20110, V_TRIGGER_NAME);', 'line_no': 58}]}]
2025-09-03 00:17:32,965 - root - DEBUG - [OracleTriggerAnalyzer.py:1594] - Begin line: {'indent': 8, 'line': '        BEGIN', 'line_no': 9} 1
2025-09-03 00:17:32,965 - root - DEBUG - [OracleTriggerAnalyzer.py:1604] - End line: {'indent': 8, 'line': '        END;', 'line_no': 33} 25
2025-09-03 00:17:32,965 - root - DEBUG - [OracleTriggerAnalyzer.py:1170] - item: {'indent': 4, 'line': '    IF INSERTING THEN', 'line_no': 8}
2025-09-03 00:17:32,966 - root - DEBUG - [OracleTriggerAnalyzer.py:1174] - if_indent: 8
2025-09-03 00:17:32,966 - root - DEBUG - [OracleTriggerAnalyzer.py:1180] - if_i: 8 i: 53
2025-09-03 00:17:32,966 - root - DEBUG - [OracleTriggerAnalyzer.py:1181] - if_elses working_lines lenght: 22
2025-09-03 00:17:32,966 - root - DEBUG - [OracleTriggerAnalyzer.py:1279] - then_statements: 0 2
2025-09-03 00:17:32,966 - root - DEBUG - [OracleTriggerAnalyzer.py:1285] - line_info: {'indent': 8, 'line': '        IF :NEW.GS1_COMP_PREFIX_NO <> :OLD.GS1_COMP_PREFIX_NO THEN', 'line_no': 35}
2025-09-03 00:17:32,966 - root - DEBUG - [OracleTriggerAnalyzer.py:1285] - line_info: {'indent': 12, 'line': '            RAISE ERR_UPD;', 'line_no': 36}
2025-09-03 00:17:32,966 - root - DEBUG - [OracleTriggerAnalyzer.py:1285] - line_info: {'indent': 8, 'line': '        END IF;', 'line_no': 37}
2025-09-03 00:17:32,966 - root - DEBUG - [OracleTriggerAnalyzer.py:1285] - line_info: {'indent': 8, 'line': '        UPDATE V_GLOBAL_CPY_PREFIXES', 'line_no': 38}
2025-09-03 00:17:32,966 - root - DEBUG - [OracleTriggerAnalyzer.py:1285] - line_info: {'indent': 8, 'line': '        SET', 'line_no': 39}
2025-09-03 00:17:32,966 - root - DEBUG - [OracleTriggerAnalyzer.py:1285] - line_info: {'indent': 12, 'line': '            GS1_ORG_COUNTRY_CD = :NEW.GS1_ORG_COUNTRY_CD,', 'line_no': 40}
2025-09-03 00:17:32,966 - root - DEBUG - [OracleTriggerAnalyzer.py:1285] - line_info: {'indent': 12, 'line': '            GCP_OWNER_COMP_CD = :NEW.GCP_OWNER_COMP_CD,', 'line_no': 41}
2025-09-03 00:17:32,966 - root - DEBUG - [OracleTriggerAnalyzer.py:1285] - line_info: {'indent': 12, 'line': '            GTIN_ALLOC_TYPE_PRIM_CD = :NEW.GTIN_ALLOC_TYPE_PRIM_CD,', 'line_no': 42}
2025-09-03 00:17:32,966 - root - DEBUG - [OracleTriggerAnalyzer.py:1285] - line_info: {'indent': 12, 'line': '            GTIN_ALLOC_TYPE_SEC_CD = :NEW.GTIN_ALLOC_TYPE_SEC_CD,', 'line_no': 43}
2025-09-03 00:17:32,966 - root - DEBUG - [OracleTriggerAnalyzer.py:1285] - line_info: {'indent': 12, 'line': '            GTIN_ALLOC_TYPE_TER_CD = :NEW.GTIN_ALLOC_TYPE_TER_CD,', 'line_no': 44}
2025-09-03 00:17:32,966 - root - DEBUG - [OracleTriggerAnalyzer.py:1285] - line_info: {'indent': 12, 'line': '            SSCC_RELEVANCY_IND = :NEW.SSCC_RELEVANCY_IND,', 'line_no': 45}
2025-09-03 00:17:32,966 - root - DEBUG - [OracleTriggerAnalyzer.py:1285] - line_info: {'indent': 12, 'line': '            GLOBAL_CHANGE_ID = :NEW.GLOBAL_CHANGE_ID,', 'line_no': 46}
2025-09-03 00:17:32,966 - root - DEBUG - [OracleTriggerAnalyzer.py:1285] - line_info: {'indent': 12, 'line': '            REASON_FOR_CHANGE = :NEW.REASON_FOR_CHANGE,', 'line_no': 47}
2025-09-03 00:17:32,966 - root - DEBUG - [OracleTriggerAnalyzer.py:1285] - line_info: {'indent': 12, 'line': '            VALID_IND = :NEW.VALID_IND', 'line_no': 48}
2025-09-03 00:17:32,966 - root - DEBUG - [OracleTriggerAnalyzer.py:1285] - line_info: {'indent': 8, 'line': '        WHERE', 'line_no': 49}
2025-09-03 00:17:32,967 - root - DEBUG - [OracleTriggerAnalyzer.py:1285] - line_info: {'indent': 12, 'line': '            GS1_COMP_PREFIX_NO = :NEW.GS1_COMP_PREFIX_NO;', 'line_no': 50}
2025-09-03 00:17:32,967 - root - DEBUG - [OracleTriggerAnalyzer.py:1285] - line_info: {'indent': 4, 'line': '    ELSIF DELETING THEN', 'line_no': 51}
2025-09-03 00:17:32,967 - root - DEBUG - [OracleTriggerAnalyzer.py:1289] - {'indent': 4, 'line': '    ELSIF UPDATING THEN', 'line_no': 34}
2025-09-03 00:17:32,967 - root - DEBUG - [OracleTriggerAnalyzer.py:1328] - [{'indent': 4, 'line': '    ELSIF UPDATING THEN', 'line_no': 34}, {'indent': 8, 'line': '        IF :NEW.GS1_COMP_PREFIX_NO <> :OLD.GS1_COMP_PREFIX_NO THEN', 'line_no': 35}, {'indent': 12, 'line': '            RAISE ERR_UPD;', 'line_no': 36}, {'indent': 8, 'line': '        END IF;', 'line_no': 37}, {'indent': 8, 'line': '        UPDATE V_GLOBAL_CPY_PREFIXES', 'line_no': 38}, {'indent': 8, 'line': '        SET', 'line_no': 39}, {'indent': 12, 'line': '            GS1_ORG_COUNTRY_CD = :NEW.GS1_ORG_COUNTRY_CD,', 'line_no': 40}, {'indent': 12, 'line': '            GCP_OWNER_COMP_CD = :NEW.GCP_OWNER_COMP_CD,', 'line_no': 41}, {'indent': 12, 'line': '            GTIN_ALLOC_TYPE_PRIM_CD = :NEW.GTIN_ALLOC_TYPE_PRIM_CD,', 'line_no': 42}, {'indent': 12, 'line': '            GTIN_ALLOC_TYPE_SEC_CD = :NEW.GTIN_ALLOC_TYPE_SEC_CD,', 'line_no': 43}, {'indent': 12, 'line': '            GTIN_ALLOC_TYPE_TER_CD = :NEW.GTIN_ALLOC_TYPE_TER_CD,', 'line_no': 44}, {'indent': 12, 'line': '            SSCC_RELEVANCY_IND = :NEW.SSCC_RELEVANCY_IND,', 'line_no': 45}, {'indent': 12, 'line': '            GLOBAL_CHANGE_ID = :NEW.GLOBAL_CHANGE_ID,', 'line_no': 46}, {'indent': 12, 'line': '            REASON_FOR_CHANGE = :NEW.REASON_FOR_CHANGE,', 'line_no': 47}, {'indent': 12, 'line': '            VALID_IND = :NEW.VALID_IND', 'line_no': 48}, {'indent': 8, 'line': '        WHERE', 'line_no': 49}, {'indent': 12, 'line': '            GS1_COMP_PREFIX_NO = :NEW.GS1_COMP_PREFIX_NO;', 'line_no': 50}]
2025-09-03 00:17:32,967 - root - DEBUG - [OracleTriggerAnalyzer.py:1331] - elif_else_then_statements[0]: {'indent': 4, 'line': '    ELSIF UPDATING THEN', 'line_no': 34}
2025-09-03 00:17:32,967 - root - DEBUG - [OracleTriggerAnalyzer.py:1358] - elif_else_then_statements 0: 34 then_i: 34
2025-09-03 00:17:32,967 - root - DEBUG - [OracleTriggerAnalyzer.py:1359] - case_when_then_statements: [{'indent': 4, 'line': '    ELSIF UPDATING THEN', 'line_no': 34}, {'indent': 8, 'line': '        IF :NEW.GS1_COMP_PREFIX_NO <> :OLD.GS1_COMP_PREFIX_NO THEN', 'line_no': 35}, {'indent': 12, 'line': '            RAISE ERR_UPD;', 'line_no': 36}, {'indent': 8, 'line': '        END IF;', 'line_no': 37}, {'indent': 8, 'line': '        UPDATE V_GLOBAL_CPY_PREFIXES', 'line_no': 38}, {'indent': 8, 'line': '        SET', 'line_no': 39}, {'indent': 12, 'line': '            GS1_ORG_COUNTRY_CD = :NEW.GS1_ORG_COUNTRY_CD,', 'line_no': 40}, {'indent': 12, 'line': '            GCP_OWNER_COMP_CD = :NEW.GCP_OWNER_COMP_CD,', 'line_no': 41}, {'indent': 12, 'line': '            GTIN_ALLOC_TYPE_PRIM_CD = :NEW.GTIN_ALLOC_TYPE_PRIM_CD,', 'line_no': 42}, {'indent': 12, 'line': '            GTIN_ALLOC_TYPE_SEC_CD = :NEW.GTIN_ALLOC_TYPE_SEC_CD,', 'line_no': 43}, {'indent': 12, 'line': '            GTIN_ALLOC_TYPE_TER_CD = :NEW.GTIN_ALLOC_TYPE_TER_CD,', 'line_no': 44}, {'indent': 12, 'line': '            SSCC_RELEVANCY_IND = :NEW.SSCC_RELEVANCY_IND,', 'line_no': 45}, {'indent': 12, 'line': '            GLOBAL_CHANGE_ID = :NEW.GLOBAL_CHANGE_ID,', 'line_no': 46}, {'indent': 12, 'line': '            REASON_FOR_CHANGE = :NEW.REASON_FOR_CHANGE,', 'line_no': 47}, {'indent': 12, 'line': '            VALID_IND = :NEW.VALID_IND', 'line_no': 48}, {'indent': 8, 'line': '        WHERE', 'line_no': 49}, {'indent': 12, 'line': '            GS1_COMP_PREFIX_NO = :NEW.GS1_COMP_PREFIX_NO;', 'line_no': 50}]
2025-09-03 00:17:32,967 - root - DEBUG - [OracleTriggerAnalyzer.py:1360] - elif_else_then_statements[0]['indent']: 4
2025-09-03 00:17:32,967 - root - DEBUG - [OracleTriggerAnalyzer.py:1285] - line_info: {'indent': 8, 'line': '        RAISE ERR_DEL;', 'line_no': 52}
2025-09-03 00:17:32,967 - root - DEBUG - [OracleTriggerAnalyzer.py:1285] - line_info: {'indent': 4, 'line': '    END IF;', 'line_no': 53}
2025-09-03 00:17:32,967 - root - DEBUG - [OracleTriggerAnalyzer.py:1300] - {'indent': 4, 'line': '    ELSIF DELETING THEN', 'line_no': 51}
2025-09-03 00:17:32,967 - root - DEBUG - [OracleTriggerAnalyzer.py:1328] - [{'indent': 4, 'line': '    ELSIF DELETING THEN', 'line_no': 51}, {'indent': 8, 'line': '        RAISE ERR_DEL;', 'line_no': 52}]
2025-09-03 00:17:32,967 - root - DEBUG - [OracleTriggerAnalyzer.py:1331] - elif_else_then_statements[0]: {'indent': 4, 'line': '    ELSIF DELETING THEN', 'line_no': 51}
2025-09-03 00:17:32,967 - root - DEBUG - [OracleTriggerAnalyzer.py:1358] - elif_else_then_statements 0: 51 then_i: 51
2025-09-03 00:17:32,967 - root - DEBUG - [OracleTriggerAnalyzer.py:1359] - case_when_then_statements: [{'indent': 4, 'line': '    ELSIF DELETING THEN', 'line_no': 51}, {'indent': 8, 'line': '        RAISE ERR_DEL;', 'line_no': 52}]
2025-09-03 00:17:32,967 - root - DEBUG - [OracleTriggerAnalyzer.py:1360] - elif_else_then_statements[0]['indent']: 4
2025-09-03 00:17:32,967 - root - DEBUG - [OracleTriggerAnalyzer.py:1317] - if_else_statements: {'condition': ' INSERTING ', 'type': 'if_else', 'if_line_no': 8, 'then_line_no': 8, 'if_indent': 4, 'end_if_line_no': 53, 'then_statements': [{'type': 'begin_end', 'begin_line_no': 9, 'begin_indent': 8, 'begin_end_statements': [{'indent': 12, 'line': '            INSERT INTO V_GLOBAL_CPY_PREFIXES (', 'line_no': 10}, {'indent': 16, 'line': '                GS1_COMP_PREFIX_NO,', 'line_no': 11}, {'indent': 16, 'line': '                GS1_ORG_COUNTRY_CD,', 'line_no': 12}, {'indent': 16, 'line': '                GCP_OWNER_COMP_CD,', 'line_no': 13}, {'indent': 16, 'line': '                GTIN_ALLOC_TYPE_PRIM_CD,', 'line_no': 14}, {'indent': 16, 'line': '                GTIN_ALLOC_TYPE_SEC_CD,', 'line_no': 15}, {'indent': 16, 'line': '                GTIN_ALLOC_TYPE_TER_CD,', 'line_no': 16}, {'indent': 16, 'line': '                SSCC_RELEVANCY_IND,', 'line_no': 17}, {'indent': 16, 'line': '                GLOBAL_CHANGE_ID,', 'line_no': 18}, {'indent': 16, 'line': '                REASON_FOR_CHANGE,', 'line_no': 19}, {'indent': 16, 'line': '                VALID_IND', 'line_no': 20}, {'indent': 12, 'line': '            ) VALUES (', 'line_no': 21}, {'indent': 16, 'line': '                :NEW.GS1_COMP_PREFIX_NO,', 'line_no': 22}, {'indent': 16, 'line': '                :NEW.GS1_ORG_COUNTRY_CD,', 'line_no': 23}, {'indent': 16, 'line': '                :NEW.GCP_OWNER_COMP_CD,', 'line_no': 24}, {'indent': 16, 'line': '                :NEW.GTIN_ALLOC_TYPE_PRIM_CD,', 'line_no': 25}, {'indent': 16, 'line': '                :NEW.GTIN_ALLOC_TYPE_SEC_CD,', 'line_no': 26}, {'indent': 16, 'line': '                :NEW.GTIN_ALLOC_TYPE_TER_CD,', 'line_no': 27}, {'indent': 16, 'line': '                :NEW.SSCC_RELEVANCY_IND,', 'line_no': 28}, {'indent': 16, 'line': '                :NEW.GLOBAL_CHANGE_ID,', 'line_no': 29}, {'indent': 16, 'line': '                :NEW.REASON_FOR_CHANGE,', 'line_no': 30}, {'indent': 16, 'line': '                :NEW.VALID_IND', 'line_no': 31}, {'indent': 12, 'line': '            );', 'line_no': 32}], 'exception_handlers': [], 'exception_line_no': -1, 'end_line_no': 33}], 'if_elses': [{'type': 'elif_statement', 'elif_line_no': 34, 'elif_indent': 4, 'condition': 'UPDATING', 'then_line_no': 34, 'then_statements': [{'indent': 8, 'line': '        IF :NEW.GS1_COMP_PREFIX_NO <> :OLD.GS1_COMP_PREFIX_NO THEN', 'line_no': 35}, {'indent': 12, 'line': '            RAISE ERR_UPD;', 'line_no': 36}, {'indent': 8, 'line': '        END IF;', 'line_no': 37}, {'indent': 8, 'line': '        UPDATE V_GLOBAL_CPY_PREFIXES', 'line_no': 38}, {'indent': 8, 'line': '        SET', 'line_no': 39}, {'indent': 12, 'line': '            GS1_ORG_COUNTRY_CD = :NEW.GS1_ORG_COUNTRY_CD,', 'line_no': 40}, {'indent': 12, 'line': '            GCP_OWNER_COMP_CD = :NEW.GCP_OWNER_COMP_CD,', 'line_no': 41}, {'indent': 12, 'line': '            GTIN_ALLOC_TYPE_PRIM_CD = :NEW.GTIN_ALLOC_TYPE_PRIM_CD,', 'line_no': 42}, {'indent': 12, 'line': '            GTIN_ALLOC_TYPE_SEC_CD = :NEW.GTIN_ALLOC_TYPE_SEC_CD,', 'line_no': 43}, {'indent': 12, 'line': '            GTIN_ALLOC_TYPE_TER_CD = :NEW.GTIN_ALLOC_TYPE_TER_CD,', 'line_no': 44}, {'indent': 12, 'line': '            SSCC_RELEVANCY_IND = :NEW.SSCC_RELEVANCY_IND,', 'line_no': 45}, {'indent': 12, 'line': '            GLOBAL_CHANGE_ID = :NEW.GLOBAL_CHANGE_ID,', 'line_no': 46}, {'indent': 12, 'line': '            REASON_FOR_CHANGE = :NEW.REASON_FOR_CHANGE,', 'line_no': 47}, {'indent': 12, 'line': '            VALID_IND = :NEW.VALID_IND', 'line_no': 48}, {'indent': 8, 'line': '        WHERE', 'line_no': 49}, {'indent': 12, 'line': '            GS1_COMP_PREFIX_NO = :NEW.GS1_COMP_PREFIX_NO;', 'line_no': 50}]}, {'type': 'elif_statement', 'elif_line_no': 51, 'elif_indent': 4, 'condition': 'DELETING', 'then_line_no': 51, 'then_statements': [{'indent': 8, 'line': '        RAISE ERR_DEL;', 'line_no': 52}]}], 'else_statements': []}
2025-09-03 00:17:32,968 - root - DEBUG - [OracleTriggerAnalyzer.py:1170] - item: {'type': 'begin_end', 'begin_line_no': 9, 'begin_indent': 8, 'begin_end_statements': [{'indent': 12, 'line': '            INSERT INTO V_GLOBAL_CPY_PREFIXES (', 'line_no': 10}, {'indent': 16, 'line': '                GS1_COMP_PREFIX_NO,', 'line_no': 11}, {'indent': 16, 'line': '                GS1_ORG_COUNTRY_CD,', 'line_no': 12}, {'indent': 16, 'line': '                GCP_OWNER_COMP_CD,', 'line_no': 13}, {'indent': 16, 'line': '                GTIN_ALLOC_TYPE_PRIM_CD,', 'line_no': 14}, {'indent': 16, 'line': '                GTIN_ALLOC_TYPE_SEC_CD,', 'line_no': 15}, {'indent': 16, 'line': '                GTIN_ALLOC_TYPE_TER_CD,', 'line_no': 16}, {'indent': 16, 'line': '                SSCC_RELEVANCY_IND,', 'line_no': 17}, {'indent': 16, 'line': '                GLOBAL_CHANGE_ID,', 'line_no': 18}, {'indent': 16, 'line': '                REASON_FOR_CHANGE,', 'line_no': 19}, {'indent': 16, 'line': '                VALID_IND', 'line_no': 20}, {'indent': 12, 'line': '            ) VALUES (', 'line_no': 21}, {'indent': 16, 'line': '                :NEW.GS1_COMP_PREFIX_NO,', 'line_no': 22}, {'indent': 16, 'line': '                :NEW.GS1_ORG_COUNTRY_CD,', 'line_no': 23}, {'indent': 16, 'line': '                :NEW.GCP_OWNER_COMP_CD,', 'line_no': 24}, {'indent': 16, 'line': '                :NEW.GTIN_ALLOC_TYPE_PRIM_CD,', 'line_no': 25}, {'indent': 16, 'line': '                :NEW.GTIN_ALLOC_TYPE_SEC_CD,', 'line_no': 26}, {'indent': 16, 'line': '                :NEW.GTIN_ALLOC_TYPE_TER_CD,', 'line_no': 27}, {'indent': 16, 'line': '                :NEW.SSCC_RELEVANCY_IND,', 'line_no': 28}, {'indent': 16, 'line': '                :NEW.GLOBAL_CHANGE_ID,', 'line_no': 29}, {'indent': 16, 'line': '                :NEW.REASON_FOR_CHANGE,', 'line_no': 30}, {'indent': 16, 'line': '                :NEW.VALID_IND', 'line_no': 31}, {'indent': 12, 'line': '            );', 'line_no': 32}], 'exception_handlers': [], 'exception_line_no': -1, 'end_line_no': 33}
2025-09-03 00:17:32,968 - root - DEBUG - [OracleTriggerAnalyzer.py:1170] - item: {'indent': 12, 'line': '            INSERT INTO V_GLOBAL_CPY_PREFIXES (', 'line_no': 10}
2025-09-03 00:17:32,968 - root - DEBUG - [OracleTriggerAnalyzer.py:1170] - item: {'indent': 16, 'line': '                GS1_COMP_PREFIX_NO,', 'line_no': 11}
2025-09-03 00:17:32,968 - root - DEBUG - [OracleTriggerAnalyzer.py:1170] - item: {'indent': 16, 'line': '                GS1_ORG_COUNTRY_CD,', 'line_no': 12}
2025-09-03 00:17:32,968 - root - DEBUG - [OracleTriggerAnalyzer.py:1170] - item: {'indent': 16, 'line': '                GCP_OWNER_COMP_CD,', 'line_no': 13}
2025-09-03 00:17:32,968 - root - DEBUG - [OracleTriggerAnalyzer.py:1170] - item: {'indent': 16, 'line': '                GTIN_ALLOC_TYPE_PRIM_CD,', 'line_no': 14}
2025-09-03 00:17:32,968 - root - DEBUG - [OracleTriggerAnalyzer.py:1170] - item: {'indent': 16, 'line': '                GTIN_ALLOC_TYPE_SEC_CD,', 'line_no': 15}
2025-09-03 00:17:32,968 - root - DEBUG - [OracleTriggerAnalyzer.py:1170] - item: {'indent': 16, 'line': '                GTIN_ALLOC_TYPE_TER_CD,', 'line_no': 16}
2025-09-03 00:17:32,968 - root - DEBUG - [OracleTriggerAnalyzer.py:1170] - item: {'indent': 16, 'line': '                SSCC_RELEVANCY_IND,', 'line_no': 17}
2025-09-03 00:17:32,968 - root - DEBUG - [OracleTriggerAnalyzer.py:1170] - item: {'indent': 16, 'line': '                GLOBAL_CHANGE_ID,', 'line_no': 18}
2025-09-03 00:17:32,968 - root - DEBUG - [OracleTriggerAnalyzer.py:1170] - item: {'indent': 16, 'line': '                REASON_FOR_CHANGE,', 'line_no': 19}
2025-09-03 00:17:32,968 - root - DEBUG - [OracleTriggerAnalyzer.py:1170] - item: {'indent': 16, 'line': '                VALID_IND', 'line_no': 20}
2025-09-03 00:17:32,968 - root - DEBUG - [OracleTriggerAnalyzer.py:1170] - item: {'indent': 12, 'line': '            ) VALUES (', 'line_no': 21}
2025-09-03 00:17:32,968 - root - DEBUG - [OracleTriggerAnalyzer.py:1170] - item: {'indent': 16, 'line': '                :NEW.GS1_COMP_PREFIX_NO,', 'line_no': 22}
2025-09-03 00:17:32,969 - root - DEBUG - [OracleTriggerAnalyzer.py:1170] - item: {'indent': 16, 'line': '                :NEW.GS1_ORG_COUNTRY_CD,', 'line_no': 23}
2025-09-03 00:17:32,969 - root - DEBUG - [OracleTriggerAnalyzer.py:1170] - item: {'indent': 16, 'line': '                :NEW.GCP_OWNER_COMP_CD,', 'line_no': 24}
2025-09-03 00:17:32,969 - root - DEBUG - [OracleTriggerAnalyzer.py:1170] - item: {'indent': 16, 'line': '                :NEW.GTIN_ALLOC_TYPE_PRIM_CD,', 'line_no': 25}
2025-09-03 00:17:32,969 - root - DEBUG - [OracleTriggerAnalyzer.py:1170] - item: {'indent': 16, 'line': '                :NEW.GTIN_ALLOC_TYPE_SEC_CD,', 'line_no': 26}
2025-09-03 00:17:32,969 - root - DEBUG - [OracleTriggerAnalyzer.py:1170] - item: {'indent': 16, 'line': '                :NEW.GTIN_ALLOC_TYPE_TER_CD,', 'line_no': 27}
2025-09-03 00:17:32,969 - root - DEBUG - [OracleTriggerAnalyzer.py:1170] - item: {'indent': 16, 'line': '                :NEW.SSCC_RELEVANCY_IND,', 'line_no': 28}
2025-09-03 00:17:32,969 - root - DEBUG - [OracleTriggerAnalyzer.py:1170] - item: {'indent': 16, 'line': '                :NEW.GLOBAL_CHANGE_ID,', 'line_no': 29}
2025-09-03 00:17:32,969 - root - DEBUG - [OracleTriggerAnalyzer.py:1170] - item: {'indent': 16, 'line': '                :NEW.REASON_FOR_CHANGE,', 'line_no': 30}
2025-09-03 00:17:32,969 - root - DEBUG - [OracleTriggerAnalyzer.py:1170] - item: {'indent': 16, 'line': '                :NEW.VALID_IND', 'line_no': 31}
2025-09-03 00:17:32,969 - root - DEBUG - [OracleTriggerAnalyzer.py:1170] - item: {'indent': 12, 'line': '            );', 'line_no': 32}
2025-09-03 00:17:32,969 - root - DEBUG - [OracleTriggerAnalyzer.py:1170] - item: {'indent': 8, 'line': '        IF :NEW.GS1_COMP_PREFIX_NO <> :OLD.GS1_COMP_PREFIX_NO THEN', 'line_no': 35}
2025-09-03 00:17:32,969 - root - DEBUG - [OracleTriggerAnalyzer.py:1174] - if_indent: 35
2025-09-03 00:17:32,969 - root - DEBUG - [OracleTriggerAnalyzer.py:1180] - if_i: 35 i: 37
2025-09-03 00:17:32,969 - root - DEBUG - [OracleTriggerAnalyzer.py:1181] - if_elses working_lines lenght: 3
2025-09-03 00:17:32,969 - root - DEBUG - [OracleTriggerAnalyzer.py:1314] - else_i: -1 elif_i: -1 then_statements: [{'indent': 12, 'line': '            RAISE ERR_UPD;', 'line_no': 36}]
2025-09-03 00:17:32,969 - root - DEBUG - [OracleTriggerAnalyzer.py:1317] - if_else_statements: {'condition': ' :NEW.GS1_COMP_PREFIX_NO <> :OLD.GS1_COMP_PREFIX_NO ', 'type': 'if_else', 'if_line_no': 35, 'then_line_no': 35, 'if_indent': 8, 'end_if_line_no': 37, 'then_statements': [{'indent': 12, 'line': '            RAISE ERR_UPD;', 'line_no': 36}], 'if_elses': [], 'else_statements': []}
2025-09-03 00:17:32,969 - root - DEBUG - [OracleTriggerAnalyzer.py:1170] - item: {'indent': 12, 'line': '            RAISE ERR_UPD;', 'line_no': 36}
2025-09-03 00:17:32,969 - root - DEBUG - [OracleTriggerAnalyzer.py:1170] - item: {'indent': 8, 'line': '        UPDATE V_GLOBAL_CPY_PREFIXES', 'line_no': 38}
2025-09-03 00:17:32,969 - root - DEBUG - [OracleTriggerAnalyzer.py:1170] - item: {'indent': 8, 'line': '        SET', 'line_no': 39}
2025-09-03 00:17:32,970 - root - DEBUG - [OracleTriggerAnalyzer.py:1170] - item: {'indent': 12, 'line': '            GS1_ORG_COUNTRY_CD = :NEW.GS1_ORG_COUNTRY_CD,', 'line_no': 40}
2025-09-03 00:17:32,970 - root - DEBUG - [OracleTriggerAnalyzer.py:1170] - item: {'indent': 12, 'line': '            GCP_OWNER_COMP_CD = :NEW.GCP_OWNER_COMP_CD,', 'line_no': 41}
2025-09-03 00:17:32,970 - root - DEBUG - [OracleTriggerAnalyzer.py:1170] - item: {'indent': 12, 'line': '            GTIN_ALLOC_TYPE_PRIM_CD = :NEW.GTIN_ALLOC_TYPE_PRIM_CD,', 'line_no': 42}
2025-09-03 00:17:32,970 - root - DEBUG - [OracleTriggerAnalyzer.py:1170] - item: {'indent': 12, 'line': '            GTIN_ALLOC_TYPE_SEC_CD = :NEW.GTIN_ALLOC_TYPE_SEC_CD,', 'line_no': 43}
2025-09-03 00:17:32,970 - root - DEBUG - [OracleTriggerAnalyzer.py:1170] - item: {'indent': 12, 'line': '            GTIN_ALLOC_TYPE_TER_CD = :NEW.GTIN_ALLOC_TYPE_TER_CD,', 'line_no': 44}
2025-09-03 00:17:32,970 - root - DEBUG - [OracleTriggerAnalyzer.py:1170] - item: {'indent': 12, 'line': '            SSCC_RELEVANCY_IND = :NEW.SSCC_RELEVANCY_IND,', 'line_no': 45}
2025-09-03 00:17:32,970 - root - DEBUG - [OracleTriggerAnalyzer.py:1170] - item: {'indent': 12, 'line': '            GLOBAL_CHANGE_ID = :NEW.GLOBAL_CHANGE_ID,', 'line_no': 46}
2025-09-03 00:17:32,970 - root - DEBUG - [OracleTriggerAnalyzer.py:1170] - item: {'indent': 12, 'line': '            REASON_FOR_CHANGE = :NEW.REASON_FOR_CHANGE,', 'line_no': 47}
2025-09-03 00:17:32,970 - root - DEBUG - [OracleTriggerAnalyzer.py:1170] - item: {'indent': 12, 'line': '            VALID_IND = :NEW.VALID_IND', 'line_no': 48}
2025-09-03 00:17:32,970 - root - DEBUG - [OracleTriggerAnalyzer.py:1170] - item: {'indent': 8, 'line': '        WHERE', 'line_no': 49}
2025-09-03 00:17:32,970 - root - DEBUG - [OracleTriggerAnalyzer.py:1170] - item: {'indent': 12, 'line': '            GS1_COMP_PREFIX_NO = :NEW.GS1_COMP_PREFIX_NO;', 'line_no': 50}
2025-09-03 00:17:32,970 - root - DEBUG - [OracleTriggerAnalyzer.py:1170] - item: {'indent': 8, 'line': '        RAISE ERR_DEL;', 'line_no': 52}
2025-09-03 00:17:32,970 - root - DEBUG - [OracleTriggerAnalyzer.py:1170] - item: {'indent': 8, 'line': '        RAISE_APPLICATION_ERROR (-20105, V_TRIGGER_NAME);', 'line_no': 56}
2025-09-03 00:17:32,970 - root - DEBUG - [OracleTriggerAnalyzer.py:1170] - item: {'indent': 8, 'line': '        RAISE_APPLICATION_ERROR (-20110, V_TRIGGER_NAME);', 'line_no': 58}
2025-09-03 00:17:33,256 - root - DEBUG - [OracleTriggerAnalyzer.py:759] - working_lines: [{'condition': ' INSERTING ', 'type': 'if_else', 'if_line_no': 8, 'then_line_no': 8, 'if_indent': 4, 'end_if_line_no': 53, 'then_statements': [{'type': 'begin_end', 'begin_line_no': 9, 'begin_indent': 8, 'begin_end_statements': [{'indent': 12, 'line': '            INSERT INTO V_GLOBAL_CPY_PREFIXES (', 'line_no': 10}, {'indent': 16, 'line': '                GS1_COMP_PREFIX_NO,', 'line_no': 11}, {'indent': 16, 'line': '                GS1_ORG_COUNTRY_CD,', 'line_no': 12}, {'indent': 16, 'line': '                GCP_OWNER_COMP_CD,', 'line_no': 13}, {'indent': 16, 'line': '                GTIN_ALLOC_TYPE_PRIM_CD,', 'line_no': 14}, {'indent': 16, 'line': '                GTIN_ALLOC_TYPE_SEC_CD,', 'line_no': 15}, {'indent': 16, 'line': '                GTIN_ALLOC_TYPE_TER_CD,', 'line_no': 16}, {'indent': 16, 'line': '                SSCC_RELEVANCY_IND,', 'line_no': 17}, {'indent': 16, 'line': '                GLOBAL_CHANGE_ID,', 'line_no': 18}, {'indent': 16, 'line': '                REASON_FOR_CHANGE,', 'line_no': 19}, {'indent': 16, 'line': '                VALID_IND', 'line_no': 20}, {'indent': 12, 'line': '            ) VALUES (', 'line_no': 21}, {'indent': 16, 'line': '                :NEW.GS1_COMP_PREFIX_NO,', 'line_no': 22}, {'indent': 16, 'line': '                :NEW.GS1_ORG_COUNTRY_CD,', 'line_no': 23}, {'indent': 16, 'line': '                :NEW.GCP_OWNER_COMP_CD,', 'line_no': 24}, {'indent': 16, 'line': '                :NEW.GTIN_ALLOC_TYPE_PRIM_CD,', 'line_no': 25}, {'indent': 16, 'line': '                :NEW.GTIN_ALLOC_TYPE_SEC_CD,', 'line_no': 26}, {'indent': 16, 'line': '                :NEW.GTIN_ALLOC_TYPE_TER_CD,', 'line_no': 27}, {'indent': 16, 'line': '                :NEW.SSCC_RELEVANCY_IND,', 'line_no': 28}, {'indent': 16, 'line': '                :NEW.GLOBAL_CHANGE_ID,', 'line_no': 29}, {'indent': 16, 'line': '                :NEW.REASON_FOR_CHANGE,', 'line_no': 30}, {'indent': 16, 'line': '                :NEW.VALID_IND', 'line_no': 31}, {'indent': 12, 'line': '            );', 'line_no': 32}], 'exception_handlers': [], 'exception_line_no': -1, 'end_line_no': 33}], 'if_elses': [{'type': 'elif_statement', 'elif_line_no': 34, 'elif_indent': 4, 'condition': 'UPDATING', 'then_line_no': 34, 'then_statements': [{'condition': ' :NEW.GS1_COMP_PREFIX_NO <> :OLD.GS1_COMP_PREFIX_NO ', 'type': 'if_else', 'if_line_no': 35, 'then_line_no': 35, 'if_indent': 8, 'end_if_line_no': 37, 'then_statements': [{'indent': 12, 'line': '            RAISE ERR_UPD;', 'line_no': 36}], 'if_elses': [], 'else_statements': []}, {'indent': 8, 'line': '        UPDATE V_GLOBAL_CPY_PREFIXES', 'line_no': 38}, {'indent': 8, 'line': '        SET', 'line_no': 39}, {'indent': 12, 'line': '            GS1_ORG_COUNTRY_CD = :NEW.GS1_ORG_COUNTRY_CD,', 'line_no': 40}, {'indent': 12, 'line': '            GCP_OWNER_COMP_CD = :NEW.GCP_OWNER_COMP_CD,', 'line_no': 41}, {'indent': 12, 'line': '            GTIN_ALLOC_TYPE_PRIM_CD = :NEW.GTIN_ALLOC_TYPE_PRIM_CD,', 'line_no': 42}, {'indent': 12, 'line': '            GTIN_ALLOC_TYPE_SEC_CD = :NEW.GTIN_ALLOC_TYPE_SEC_CD,', 'line_no': 43}, {'indent': 12, 'line': '            GTIN_ALLOC_TYPE_TER_CD = :NEW.GTIN_ALLOC_TYPE_TER_CD,', 'line_no': 44}, {'indent': 12, 'line': '            SSCC_RELEVANCY_IND = :NEW.SSCC_RELEVANCY_IND,', 'line_no': 45}, {'indent': 12, 'line': '            GLOBAL_CHANGE_ID = :NEW.GLOBAL_CHANGE_ID,', 'line_no': 46}, {'indent': 12, 'line': '            REASON_FOR_CHANGE = :NEW.REASON_FOR_CHANGE,', 'line_no': 47}, {'indent': 12, 'line': '            VALID_IND = :NEW.VALID_IND', 'line_no': 48}, {'indent': 8, 'line': '        WHERE', 'line_no': 49}, {'indent': 12, 'line': '            GS1_COMP_PREFIX_NO = :NEW.GS1_COMP_PREFIX_NO;', 'line_no': 50}]}, {'type': 'elif_statement', 'elif_line_no': 51, 'elif_indent': 4, 'condition': 'DELETING', 'then_line_no': 51, 'then_statements': [{'indent': 8, 'line': '        RAISE ERR_DEL;', 'line_no': 52}]}], 'else_statements': []}]
2025-09-03 00:17:33,257 - root - DEBUG - [OracleTriggerAnalyzer.py:765] - i: 0
2025-09-03 00:17:33,271 - root - DEBUG - [OracleTriggerAnalyzer.py:759] - working_lines: [{'type': 'begin_end', 'begin_line_no': 9, 'begin_indent': 8, 'begin_end_statements': [{'indent': 12, 'line': '            INSERT INTO V_GLOBAL_CPY_PREFIXES (', 'line_no': 10}, {'indent': 16, 'line': '                GS1_COMP_PREFIX_NO,', 'line_no': 11}, {'indent': 16, 'line': '                GS1_ORG_COUNTRY_CD,', 'line_no': 12}, {'indent': 16, 'line': '                GCP_OWNER_COMP_CD,', 'line_no': 13}, {'indent': 16, 'line': '                GTIN_ALLOC_TYPE_PRIM_CD,', 'line_no': 14}, {'indent': 16, 'line': '                GTIN_ALLOC_TYPE_SEC_CD,', 'line_no': 15}, {'indent': 16, 'line': '                GTIN_ALLOC_TYPE_TER_CD,', 'line_no': 16}, {'indent': 16, 'line': '                SSCC_RELEVANCY_IND,', 'line_no': 17}, {'indent': 16, 'line': '                GLOBAL_CHANGE_ID,', 'line_no': 18}, {'indent': 16, 'line': '                REASON_FOR_CHANGE,', 'line_no': 19}, {'indent': 16, 'line': '                VALID_IND', 'line_no': 20}, {'indent': 12, 'line': '            ) VALUES (', 'line_no': 21}, {'indent': 16, 'line': '                :NEW.GS1_COMP_PREFIX_NO,', 'line_no': 22}, {'indent': 16, 'line': '                :NEW.GS1_ORG_COUNTRY_CD,', 'line_no': 23}, {'indent': 16, 'line': '                :NEW.GCP_OWNER_COMP_CD,', 'line_no': 24}, {'indent': 16, 'line': '                :NEW.GTIN_ALLOC_TYPE_PRIM_CD,', 'line_no': 25}, {'indent': 16, 'line': '                :NEW.GTIN_ALLOC_TYPE_SEC_CD,', 'line_no': 26}, {'indent': 16, 'line': '                :NEW.GTIN_ALLOC_TYPE_TER_CD,', 'line_no': 27}, {'indent': 16, 'line': '                :NEW.SSCC_RELEVANCY_IND,', 'line_no': 28}, {'indent': 16, 'line': '                :NEW.GLOBAL_CHANGE_ID,', 'line_no': 29}, {'indent': 16, 'line': '                :NEW.REASON_FOR_CHANGE,', 'line_no': 30}, {'indent': 16, 'line': '                :NEW.VALID_IND', 'line_no': 31}, {'indent': 12, 'line': '            );', 'line_no': 32}], 'exception_handlers': [], 'exception_line_no': -1, 'end_line_no': 33}]
2025-09-03 00:17:33,271 - root - DEBUG - [OracleTriggerAnalyzer.py:765] - i: 0
2025-09-03 00:17:33,286 - root - DEBUG - [OracleTriggerAnalyzer.py:759] - working_lines: [{'indent': 12, 'line': '            INSERT INTO V_GLOBAL_CPY_PREFIXES (', 'line_no': 10}, {'indent': 16, 'line': '                GS1_COMP_PREFIX_NO,', 'line_no': 11}, {'indent': 16, 'line': '                GS1_ORG_COUNTRY_CD,', 'line_no': 12}, {'indent': 16, 'line': '                GCP_OWNER_COMP_CD,', 'line_no': 13}, {'indent': 16, 'line': '                GTIN_ALLOC_TYPE_PRIM_CD,', 'line_no': 14}, {'indent': 16, 'line': '                GTIN_ALLOC_TYPE_SEC_CD,', 'line_no': 15}, {'indent': 16, 'line': '                GTIN_ALLOC_TYPE_TER_CD,', 'line_no': 16}, {'indent': 16, 'line': '                SSCC_RELEVANCY_IND,', 'line_no': 17}, {'indent': 16, 'line': '                GLOBAL_CHANGE_ID,', 'line_no': 18}, {'indent': 16, 'line': '                REASON_FOR_CHANGE,', 'line_no': 19}, {'indent': 16, 'line': '                VALID_IND', 'line_no': 20}, {'indent': 12, 'line': '            ) VALUES (', 'line_no': 21}, {'indent': 16, 'line': '                :NEW.GS1_COMP_PREFIX_NO,', 'line_no': 22}, {'indent': 16, 'line': '                :NEW.GS1_ORG_COUNTRY_CD,', 'line_no': 23}, {'indent': 16, 'line': '                :NEW.GCP_OWNER_COMP_CD,', 'line_no': 24}, {'indent': 16, 'line': '                :NEW.GTIN_ALLOC_TYPE_PRIM_CD,', 'line_no': 25}, {'indent': 16, 'line': '                :NEW.GTIN_ALLOC_TYPE_SEC_CD,', 'line_no': 26}, {'indent': 16, 'line': '                :NEW.GTIN_ALLOC_TYPE_TER_CD,', 'line_no': 27}, {'indent': 16, 'line': '                :NEW.SSCC_RELEVANCY_IND,', 'line_no': 28}, {'indent': 16, 'line': '                :NEW.GLOBAL_CHANGE_ID,', 'line_no': 29}, {'indent': 16, 'line': '                :NEW.REASON_FOR_CHANGE,', 'line_no': 30}, {'indent': 16, 'line': '                :NEW.VALID_IND', 'line_no': 31}, {'indent': 12, 'line': '            );', 'line_no': 32}]
2025-09-03 00:17:33,286 - root - DEBUG - [OracleTriggerAnalyzer.py:765] - i: 0
2025-09-03 00:17:33,286 - root - DEBUG - [OracleTriggerAnalyzer.py:768] - item: {'indent': 12, 'line': '            INSERT INTO V_GLOBAL_CPY_PREFIXES (', 'line_no': 10}
2025-09-03 00:17:33,286 - root - DEBUG - [OracleTriggerAnalyzer.py:765] - i: 1
2025-09-03 00:17:33,286 - root - DEBUG - [OracleTriggerAnalyzer.py:768] - item: {'indent': 16, 'line': '                GS1_COMP_PREFIX_NO,', 'line_no': 11}
2025-09-03 00:17:33,286 - root - DEBUG - [OracleTriggerAnalyzer.py:765] - i: 2
2025-09-03 00:17:33,286 - root - DEBUG - [OracleTriggerAnalyzer.py:768] - item: {'indent': 16, 'line': '                GS1_ORG_COUNTRY_CD,', 'line_no': 12}
2025-09-03 00:17:33,286 - root - DEBUG - [OracleTriggerAnalyzer.py:765] - i: 3
2025-09-03 00:17:33,286 - root - DEBUG - [OracleTriggerAnalyzer.py:768] - item: {'indent': 16, 'line': '                GCP_OWNER_COMP_CD,', 'line_no': 13}
2025-09-03 00:17:33,286 - root - DEBUG - [OracleTriggerAnalyzer.py:765] - i: 4
2025-09-03 00:17:33,286 - root - DEBUG - [OracleTriggerAnalyzer.py:768] - item: {'indent': 16, 'line': '                GTIN_ALLOC_TYPE_PRIM_CD,', 'line_no': 14}
2025-09-03 00:17:33,286 - root - DEBUG - [OracleTriggerAnalyzer.py:765] - i: 5
2025-09-03 00:17:33,287 - root - DEBUG - [OracleTriggerAnalyzer.py:768] - item: {'indent': 16, 'line': '                GTIN_ALLOC_TYPE_SEC_CD,', 'line_no': 15}
2025-09-03 00:17:33,287 - root - DEBUG - [OracleTriggerAnalyzer.py:765] - i: 6
2025-09-03 00:17:33,287 - root - DEBUG - [OracleTriggerAnalyzer.py:768] - item: {'indent': 16, 'line': '                GTIN_ALLOC_TYPE_TER_CD,', 'line_no': 16}
2025-09-03 00:17:33,287 - root - DEBUG - [OracleTriggerAnalyzer.py:765] - i: 7
2025-09-03 00:17:33,287 - root - DEBUG - [OracleTriggerAnalyzer.py:768] - item: {'indent': 16, 'line': '                SSCC_RELEVANCY_IND,', 'line_no': 17}
2025-09-03 00:17:33,287 - root - DEBUG - [OracleTriggerAnalyzer.py:765] - i: 8
2025-09-03 00:17:33,287 - root - DEBUG - [OracleTriggerAnalyzer.py:768] - item: {'indent': 16, 'line': '                GLOBAL_CHANGE_ID,', 'line_no': 18}
2025-09-03 00:17:33,287 - root - DEBUG - [OracleTriggerAnalyzer.py:765] - i: 9
2025-09-03 00:17:33,287 - root - DEBUG - [OracleTriggerAnalyzer.py:768] - item: {'indent': 16, 'line': '                REASON_FOR_CHANGE,', 'line_no': 19}
2025-09-03 00:17:33,287 - root - DEBUG - [OracleTriggerAnalyzer.py:765] - i: 10
2025-09-03 00:17:33,287 - root - DEBUG - [OracleTriggerAnalyzer.py:768] - item: {'indent': 16, 'line': '                VALID_IND', 'line_no': 20}
2025-09-03 00:17:33,287 - root - DEBUG - [OracleTriggerAnalyzer.py:765] - i: 11
2025-09-03 00:17:33,287 - root - DEBUG - [OracleTriggerAnalyzer.py:768] - item: {'indent': 12, 'line': '            ) VALUES (', 'line_no': 21}
2025-09-03 00:17:33,287 - root - DEBUG - [OracleTriggerAnalyzer.py:765] - i: 12
2025-09-03 00:17:33,287 - root - DEBUG - [OracleTriggerAnalyzer.py:768] - item: {'indent': 16, 'line': '                :NEW.GS1_COMP_PREFIX_NO,', 'line_no': 22}
2025-09-03 00:17:33,287 - root - DEBUG - [OracleTriggerAnalyzer.py:765] - i: 13
2025-09-03 00:17:33,287 - root - DEBUG - [OracleTriggerAnalyzer.py:768] - item: {'indent': 16, 'line': '                :NEW.GS1_ORG_COUNTRY_CD,', 'line_no': 23}
2025-09-03 00:17:33,287 - root - DEBUG - [OracleTriggerAnalyzer.py:765] - i: 14
2025-09-03 00:17:33,287 - root - DEBUG - [OracleTriggerAnalyzer.py:768] - item: {'indent': 16, 'line': '                :NEW.GCP_OWNER_COMP_CD,', 'line_no': 24}
2025-09-03 00:17:33,287 - root - DEBUG - [OracleTriggerAnalyzer.py:765] - i: 15
2025-09-03 00:17:33,287 - root - DEBUG - [OracleTriggerAnalyzer.py:768] - item: {'indent': 16, 'line': '                :NEW.GTIN_ALLOC_TYPE_PRIM_CD,', 'line_no': 25}
2025-09-03 00:17:33,288 - root - DEBUG - [OracleTriggerAnalyzer.py:765] - i: 16
2025-09-03 00:17:33,288 - root - DEBUG - [OracleTriggerAnalyzer.py:768] - item: {'indent': 16, 'line': '                :NEW.GTIN_ALLOC_TYPE_SEC_CD,', 'line_no': 26}
2025-09-03 00:17:33,288 - root - DEBUG - [OracleTriggerAnalyzer.py:765] - i: 17
2025-09-03 00:17:33,288 - root - DEBUG - [OracleTriggerAnalyzer.py:768] - item: {'indent': 16, 'line': '                :NEW.GTIN_ALLOC_TYPE_TER_CD,', 'line_no': 27}
2025-09-03 00:17:33,288 - root - DEBUG - [OracleTriggerAnalyzer.py:765] - i: 18
2025-09-03 00:17:33,288 - root - DEBUG - [OracleTriggerAnalyzer.py:768] - item: {'indent': 16, 'line': '                :NEW.SSCC_RELEVANCY_IND,', 'line_no': 28}
2025-09-03 00:17:33,288 - root - DEBUG - [OracleTriggerAnalyzer.py:765] - i: 19
2025-09-03 00:17:33,288 - root - DEBUG - [OracleTriggerAnalyzer.py:768] - item: {'indent': 16, 'line': '                :NEW.GLOBAL_CHANGE_ID,', 'line_no': 29}
2025-09-03 00:17:33,288 - root - DEBUG - [OracleTriggerAnalyzer.py:765] - i: 20
2025-09-03 00:17:33,288 - root - DEBUG - [OracleTriggerAnalyzer.py:768] - item: {'indent': 16, 'line': '                :NEW.REASON_FOR_CHANGE,', 'line_no': 30}
2025-09-03 00:17:33,288 - root - DEBUG - [OracleTriggerAnalyzer.py:765] - i: 21
2025-09-03 00:17:33,288 - root - DEBUG - [OracleTriggerAnalyzer.py:768] - item: {'indent': 16, 'line': '                :NEW.VALID_IND', 'line_no': 31}
2025-09-03 00:17:33,288 - root - DEBUG - [OracleTriggerAnalyzer.py:765] - i: 22
2025-09-03 00:17:33,288 - root - DEBUG - [OracleTriggerAnalyzer.py:768] - item: {'indent': 12, 'line': '            );', 'line_no': 32}
2025-09-03 00:17:33,302 - root - DEBUG - [OracleTriggerAnalyzer.py:759] - working_lines: [{'condition': ' :NEW.GS1_COMP_PREFIX_NO <> :OLD.GS1_COMP_PREFIX_NO ', 'type': 'if_else', 'if_line_no': 35, 'then_line_no': 35, 'if_indent': 8, 'end_if_line_no': 37, 'then_statements': [{'indent': 12, 'line': '            RAISE ERR_UPD;', 'line_no': 36}], 'if_elses': [], 'else_statements': []}, {'indent': 8, 'line': '        UPDATE V_GLOBAL_CPY_PREFIXES', 'line_no': 38}, {'indent': 8, 'line': '        SET', 'line_no': 39}, {'indent': 12, 'line': '            GS1_ORG_COUNTRY_CD = :NEW.GS1_ORG_COUNTRY_CD,', 'line_no': 40}, {'indent': 12, 'line': '            GCP_OWNER_COMP_CD = :NEW.GCP_OWNER_COMP_CD,', 'line_no': 41}, {'indent': 12, 'line': '            GTIN_ALLOC_TYPE_PRIM_CD = :NEW.GTIN_ALLOC_TYPE_PRIM_CD,', 'line_no': 42}, {'indent': 12, 'line': '            GTIN_ALLOC_TYPE_SEC_CD = :NEW.GTIN_ALLOC_TYPE_SEC_CD,', 'line_no': 43}, {'indent': 12, 'line': '            GTIN_ALLOC_TYPE_TER_CD = :NEW.GTIN_ALLOC_TYPE_TER_CD,', 'line_no': 44}, {'indent': 12, 'line': '            SSCC_RELEVANCY_IND = :NEW.SSCC_RELEVANCY_IND,', 'line_no': 45}, {'indent': 12, 'line': '            GLOBAL_CHANGE_ID = :NEW.GLOBAL_CHANGE_ID,', 'line_no': 46}, {'indent': 12, 'line': '            REASON_FOR_CHANGE = :NEW.REASON_FOR_CHANGE,', 'line_no': 47}, {'indent': 12, 'line': '            VALID_IND = :NEW.VALID_IND', 'line_no': 48}, {'indent': 8, 'line': '        WHERE', 'line_no': 49}, {'indent': 12, 'line': '            GS1_COMP_PREFIX_NO = :NEW.GS1_COMP_PREFIX_NO;', 'line_no': 50}]
2025-09-03 00:17:33,302 - root - DEBUG - [OracleTriggerAnalyzer.py:765] - i: 0
2025-09-03 00:17:33,314 - root - DEBUG - [OracleTriggerAnalyzer.py:759] - working_lines: [{'indent': 12, 'line': '            RAISE ERR_UPD;', 'line_no': 36}]
2025-09-03 00:17:33,314 - root - DEBUG - [OracleTriggerAnalyzer.py:765] - i: 0
2025-09-03 00:17:33,315 - root - DEBUG - [OracleTriggerAnalyzer.py:768] - item: {'indent': 12, 'line': '            RAISE ERR_UPD;', 'line_no': 36}
2025-09-03 00:17:33,327 - root - DEBUG - [OracleTriggerAnalyzer.py:759] - working_lines: []
2025-09-03 00:17:33,328 - root - DEBUG - [OracleTriggerAnalyzer.py:765] - i: 1
2025-09-03 00:17:33,328 - root - DEBUG - [OracleTriggerAnalyzer.py:768] - item: {'indent': 8, 'line': '        UPDATE V_GLOBAL_CPY_PREFIXES', 'line_no': 38}
2025-09-03 00:17:33,328 - root - DEBUG - [OracleTriggerAnalyzer.py:765] - i: 2
2025-09-03 00:17:33,328 - root - DEBUG - [OracleTriggerAnalyzer.py:768] - item: {'indent': 8, 'line': '        SET', 'line_no': 39}
2025-09-03 00:17:33,328 - root - DEBUG - [OracleTriggerAnalyzer.py:765] - i: 3
2025-09-03 00:17:33,328 - root - DEBUG - [OracleTriggerAnalyzer.py:768] - item: {'indent': 12, 'line': '            GS1_ORG_COUNTRY_CD = :NEW.GS1_ORG_COUNTRY_CD,', 'line_no': 40}
2025-09-03 00:17:33,328 - root - DEBUG - [OracleTriggerAnalyzer.py:765] - i: 4
2025-09-03 00:17:33,328 - root - DEBUG - [OracleTriggerAnalyzer.py:768] - item: {'indent': 12, 'line': '            GCP_OWNER_COMP_CD = :NEW.GCP_OWNER_COMP_CD,', 'line_no': 41}
2025-09-03 00:17:33,328 - root - DEBUG - [OracleTriggerAnalyzer.py:765] - i: 5
2025-09-03 00:17:33,328 - root - DEBUG - [OracleTriggerAnalyzer.py:768] - item: {'indent': 12, 'line': '            GTIN_ALLOC_TYPE_PRIM_CD = :NEW.GTIN_ALLOC_TYPE_PRIM_CD,', 'line_no': 42}
2025-09-03 00:17:33,328 - root - DEBUG - [OracleTriggerAnalyzer.py:765] - i: 6
2025-09-03 00:17:33,328 - root - DEBUG - [OracleTriggerAnalyzer.py:768] - item: {'indent': 12, 'line': '            GTIN_ALLOC_TYPE_SEC_CD = :NEW.GTIN_ALLOC_TYPE_SEC_CD,', 'line_no': 43}
2025-09-03 00:17:33,328 - root - DEBUG - [OracleTriggerAnalyzer.py:765] - i: 7
2025-09-03 00:17:33,328 - root - DEBUG - [OracleTriggerAnalyzer.py:768] - item: {'indent': 12, 'line': '            GTIN_ALLOC_TYPE_TER_CD = :NEW.GTIN_ALLOC_TYPE_TER_CD,', 'line_no': 44}
2025-09-03 00:17:33,329 - root - DEBUG - [OracleTriggerAnalyzer.py:765] - i: 8
2025-09-03 00:17:33,329 - root - DEBUG - [OracleTriggerAnalyzer.py:768] - item: {'indent': 12, 'line': '            SSCC_RELEVANCY_IND = :NEW.SSCC_RELEVANCY_IND,', 'line_no': 45}
2025-09-03 00:17:33,329 - root - DEBUG - [OracleTriggerAnalyzer.py:765] - i: 9
2025-09-03 00:17:33,329 - root - DEBUG - [OracleTriggerAnalyzer.py:768] - item: {'indent': 12, 'line': '            GLOBAL_CHANGE_ID = :NEW.GLOBAL_CHANGE_ID,', 'line_no': 46}
2025-09-03 00:17:33,329 - root - DEBUG - [OracleTriggerAnalyzer.py:765] - i: 10
2025-09-03 00:17:33,329 - root - DEBUG - [OracleTriggerAnalyzer.py:768] - item: {'indent': 12, 'line': '            REASON_FOR_CHANGE = :NEW.REASON_FOR_CHANGE,', 'line_no': 47}
2025-09-03 00:17:33,329 - root - DEBUG - [OracleTriggerAnalyzer.py:765] - i: 11
2025-09-03 00:17:33,329 - root - DEBUG - [OracleTriggerAnalyzer.py:768] - item: {'indent': 12, 'line': '            VALID_IND = :NEW.VALID_IND', 'line_no': 48}
2025-09-03 00:17:33,329 - root - DEBUG - [OracleTriggerAnalyzer.py:765] - i: 12
2025-09-03 00:17:33,329 - root - DEBUG - [OracleTriggerAnalyzer.py:768] - item: {'indent': 8, 'line': '        WHERE', 'line_no': 49}
2025-09-03 00:17:33,329 - root - DEBUG - [OracleTriggerAnalyzer.py:765] - i: 13
2025-09-03 00:17:33,329 - root - DEBUG - [OracleTriggerAnalyzer.py:768] - item: {'indent': 12, 'line': '            GS1_COMP_PREFIX_NO = :NEW.GS1_COMP_PREFIX_NO;', 'line_no': 50}
2025-09-03 00:17:33,342 - root - DEBUG - [OracleTriggerAnalyzer.py:759] - working_lines: [{'indent': 8, 'line': '        RAISE ERR_DEL;', 'line_no': 52}]
2025-09-03 00:17:33,343 - root - DEBUG - [OracleTriggerAnalyzer.py:765] - i: 0
2025-09-03 00:17:33,343 - root - DEBUG - [OracleTriggerAnalyzer.py:768] - item: {'indent': 8, 'line': '        RAISE ERR_DEL;', 'line_no': 52}
2025-09-03 00:17:33,356 - root - DEBUG - [OracleTriggerAnalyzer.py:759] - working_lines: []
2025-09-03 00:17:33,369 - root - DEBUG - [OracleTriggerAnalyzer.py:759] - working_lines: [{'indent': 8, 'line': '        RAISE_APPLICATION_ERROR (-20105, V_TRIGGER_NAME);', 'line_no': 56}]
2025-09-03 00:17:33,369 - root - DEBUG - [OracleTriggerAnalyzer.py:765] - i: 0
2025-09-03 00:17:33,369 - root - DEBUG - [OracleTriggerAnalyzer.py:768] - item: {'indent': 8, 'line': '        RAISE_APPLICATION_ERROR (-20105, V_TRIGGER_NAME);', 'line_no': 56}
2025-09-03 00:17:33,370 - root - DEBUG - [OracleTriggerAnalyzer.py:801] - item: RAISE_APPLICATION_ERROR (-20105, V_TRIGGER_NAME);
2025-09-03 00:17:33,370 - root - DEBUG - [OracleTriggerAnalyzer.py:802] - function calling start: 56
2025-09-03 00:17:33,370 - root - DEBUG - [OracleTriggerAnalyzer.py:804] - function calling end: 56
2025-09-03 00:17:33,370 - root - DEBUG - [OracleTriggerAnalyzer.py:1752] - combined_line: RAISE_APPLICATION_ERROR (-20105, V_TRIGGER_NAME);
2025-09-03 00:17:33,384 - root - DEBUG - [OracleTriggerAnalyzer.py:759] - working_lines: [{'indent': 8, 'line': '        RAISE_APPLICATION_ERROR (-20110, V_TRIGGER_NAME);', 'line_no': 58}]
2025-09-03 00:17:33,384 - root - DEBUG - [OracleTriggerAnalyzer.py:765] - i: 0
2025-09-03 00:17:33,384 - root - DEBUG - [OracleTriggerAnalyzer.py:768] - item: {'indent': 8, 'line': '        RAISE_APPLICATION_ERROR (-20110, V_TRIGGER_NAME);', 'line_no': 58}
2025-09-03 00:17:33,384 - root - DEBUG - [OracleTriggerAnalyzer.py:801] - item: RAISE_APPLICATION_ERROR (-20110, V_TRIGGER_NAME);
2025-09-03 00:17:33,384 - root - DEBUG - [OracleTriggerAnalyzer.py:802] - function calling start: 58
2025-09-03 00:17:33,384 - root - DEBUG - [OracleTriggerAnalyzer.py:804] - function calling end: 58
2025-09-03 00:17:33,384 - root - DEBUG - [OracleTriggerAnalyzer.py:1752] - combined_line: RAISE_APPLICATION_ERROR (-20110, V_TRIGGER_NAME);
2025-09-03 00:17:33,391 - root - ERROR - [common.py:120] - Failed to create OracleTriggerAnalyzer: name 'dataframe_rest_strings' is not defined
2025-09-03 00:17:33,391 - root - ERROR - [common.py:120] - Failed to process zzz.sql: name 'dataframe_rest_strings' is not defined
2025-09-03 00:17:33,391 - root - CRITICAL - [common.py:125] - Fatal error during conversion: name 'dataframe_rest_strings' is not defined
2025-09-03 00:17:33,391 - root - CRITICAL - [common.py:125] - Process failed after 0.43 seconds
2025-09-03 00:17:33,392 - root - DEBUG - [common.py:105] - Fatal error details: NameError: name 'dataframe_rest_strings' is not defined
2025-09-03 00:17:33,394 - root - DEBUG - [common.py:105] - Error traceback: Traceback (most recent call last):
  File "D:\DELOITTE\ORACALE_to_json\main.py", line 1174, in main
    read_oracle_triggers_to_json()
    ~~~~~~~~~~~~~~~~~~~~~~~~~~~~^^
  File "D:\DELOITTE\ORACALE_to_json\main.py", line 324, in read_oracle_triggers_to_json
    process_files(
    ~~~~~~~~~~~~~^
        source_dir="files/oracle",
        ^^^^^^^^^^^^^^^^^^^^^^^^^^
    ...<3 lines>...
        processor_func=sql_to_json_processor,
        ^^^^^^^^^^^^^^^^^^^^^^^^^^^^^^^^^^^^^
    )
    ^
  File "D:\DELOITTE\ORACALE_to_json\main.py", line 196, in process_files
    processor_func(src_path, out_path, file_name)
    ~~~~~~~~~~~~~~^^^^^^^^^^^^^^^^^^^^^^^^^^^^^^^
  File "D:\DELOITTE\ORACALE_to_json\main.py", line 246, in sql_to_json_processor
    analyzer = OracleTriggerAnalyzer(src_path)
  File "D:\DELOITTE\ORACALE_to_json\utilities\OracleTriggerAnalyzer.py", line 110, in __init__
    self._parse_sql()
    ~~~~~~~~~~~~~~~^^
  File "D:\DELOITTE\ORACALE_to_json\utilities\OracleTriggerAnalyzer.py", line 369, in _parse_sql
    self._process_main_section()
    ~~~~~~~~~~~~~~~~~~~~~~~~~~^^
  File "D:\DELOITTE\ORACALE_to_json\utilities\OracleTriggerAnalyzer.py", line 643, in _process_main_section
    self.rest_strings()
    ~~~~~~~~~~~~~~~~~^^
  File "D:\DELOITTE\ORACALE_to_json\utilities\OracleTriggerAnalyzer.py", line 2132, in rest_strings
    dataframe_rest_strings.to_csv("utilities/rest_list.csv",mode='a',header=False)
    ^^^^^^^^^^^^^^^^^^^^^^
NameError: name 'dataframe_rest_strings' is not defined

